Assembler report for ROB
Wed May 03 09:38:19 2017
Quartus Prime Version 16.1.0 Build 196 10/24/2016 SJ Lite Edition


---------------------
; Table of Contents ;
---------------------
  1. Legal Notice
  2. Assembler Summary
  3. Assembler Settings
  4. Assembler Generated Files
  5. Assembler Device Options: C:/Users/dell/Desktop/GIT/Superscalar Processor Deisgn/ROB/output_files/ROB.sof
  6. Assembler Messages



----------------
; Legal Notice ;
----------------
Copyright (C) 2016  Intel Corporation. All rights reserved.
Your use of Intel Corporation's design tools, logic functions 
and other software and tools, and its AMPP partner logic 
functions, and any output files from any of the foregoing 
(including device programming or simulation files), and any 
associated documentation or information are expressly subject 
to the terms and conditions of the Intel Program License 
Subscription Agreement, the Intel Quartus Prime License Agreement,
the Intel MegaCore Function License Agreement, or other 
applicable license agreement, including, without limitation, 
that your use is for the sole purpose of programming logic 
devices manufactured by Intel and sold by Intel or its 
authorized distributors.  Please refer to the applicable 
agreement for further details.



+---------------------------------------------------------------+
; Assembler Summary                                             ;
+-----------------------+---------------------------------------+
; Assembler Status      ; Successful - Wed May 03 09:38:19 2017 ;
; Revision Name         ; ROB                                   ;
; Top-level Entity Name ; ROB                                   ;
; Family                ; Cyclone IV E                          ;
; Device                ; EP4CE15F23C6                          ;
+-----------------------+---------------------------------------+


+----------------------------------+
; Assembler Settings               ;
+--------+---------+---------------+
; Option ; Setting ; Default Value ;
+--------+---------+---------------+


+---------------------------------------------------------------------------------+
; Assembler Generated Files                                                       ;
+---------------------------------------------------------------------------------+
; File Name                                                                       ;
+---------------------------------------------------------------------------------+
; C:/Users/dell/Desktop/GIT/Superscalar Processor Deisgn/ROB/output_files/ROB.sof ;
+---------------------------------------------------------------------------------+


+-----------------------------------------------------------------------------------------------------------+
; Assembler Device Options: C:/Users/dell/Desktop/GIT/Superscalar Processor Deisgn/ROB/output_files/ROB.sof ;
+----------------+------------------------------------------------------------------------------------------+
; Option         ; Setting                                                                                  ;
+----------------+------------------------------------------------------------------------------------------+
; Device         ; EP4CE15F23C6                                                                             ;
; JTAG usercode  ; 0x000C66E0                                                                               ;
; Checksum       ; 0x000C66E0                                                                               ;
+----------------+------------------------------------------------------------------------------------------+


+--------------------+
; Assembler Messages ;
+--------------------+
Info: *******************************************************************
Info: Running Quartus Prime Assembler
    Info: Version 16.1.0 Build 196 10/24/2016 SJ Lite Edition
    Info: Processing started: Wed May 03 09:38:18 2017
Info: Command: quartus_asm --read_settings_files=off --write_settings_files=off ROB -c ROB
Info (115031): Writing out detailed assembly data for power analysis
Info (115030): Assembler is generating device programming files
Info: Quartus Prime Assembler was successful. 0 errors, 0 warnings
    Info: Peak virtual memory: 564 megabytes
    Info: Processing ended: Wed May 03 09:38:19 2017
    Info: Elapsed time: 00:00:01
    Info: Total CPU time (on all processors): 00:00:01


