Analysis & Synthesis report for execute_complete
Thu Jun 01 18:56:26 2017
Quartus Prime Version 17.0.0 Build 595 04/25/2017 SJ Lite Edition


---------------------
; Table of Contents ;
---------------------
  1. Legal Notice
  2. Analysis & Synthesis Summary
  3. Analysis & Synthesis Settings
  4. Parallel Compilation
  5. Analysis & Synthesis Source Files Read
  6. Analysis & Synthesis Resource Usage Summary
  7. Analysis & Synthesis Resource Utilization by Entity
  8. General Register Statistics
  9. Post-Synthesis Netlist Statistics for Top Partition
 10. Elapsed Time Per Partition
 11. Analysis & Synthesis Messages



----------------
; Legal Notice ;
----------------
Copyright (C) 2017  Intel Corporation. All rights reserved.
Your use of Intel Corporation's design tools, logic functions 
and other software and tools, and its AMPP partner logic 
functions, and any output files from any of the foregoing 
(including device programming or simulation files), and any 
associated documentation or information are expressly subject 
to the terms and conditions of the Intel Program License 
Subscription Agreement, the Intel Quartus Prime License Agreement,
the Intel MegaCore Function License Agreement, or other 
applicable license agreement, including, without limitation, 
that your use is for the sole purpose of programming logic 
devices manufactured by Intel and sold by Intel or its 
authorized distributors.  Please refer to the applicable 
agreement for further details.



+----------------------------------------------------------------------------------+
; Analysis & Synthesis Summary                                                     ;
+------------------------------------+---------------------------------------------+
; Analysis & Synthesis Status        ; Successful - Thu Jun 01 18:56:26 2017       ;
; Quartus Prime Version              ; 17.0.0 Build 595 04/25/2017 SJ Lite Edition ;
; Revision Name                      ; execute_complete                            ;
; Top-level Entity Name              ; execute_complete                            ;
; Family                             ; Cyclone IV E                                ;
; Total logic elements               ; 0                                           ;
;     Total combinational functions  ; 0                                           ;
;     Dedicated logic registers      ; 0                                           ;
; Total registers                    ; 0                                           ;
; Total pins                         ; 345                                         ;
; Total virtual pins                 ; 0                                           ;
; Total memory bits                  ; 0                                           ;
; Embedded Multiplier 9-bit elements ; 0                                           ;
; Total PLLs                         ; 0                                           ;
+------------------------------------+---------------------------------------------+


+----------------------------------------------------------------------------------------------------------------------+
; Analysis & Synthesis Settings                                                                                        ;
+----------------------------------------------------------------------------+--------------------+--------------------+
; Option                                                                     ; Setting            ; Default Value      ;
+----------------------------------------------------------------------------+--------------------+--------------------+
; Top-level entity name                                                      ; execute_complete   ; execute_complete   ;
; Family name                                                                ; Cyclone IV E       ; Cyclone V          ;
; VHDL Show LMF Mapping Messages                                             ; Off                ;                    ;
; VHDL Version                                                               ; VHDL_2008          ; VHDL_1993          ;
; Use smart compilation                                                      ; Off                ; Off                ;
; Enable parallel Assembler and TimeQuest Timing Analyzer during compilation ; On                 ; On                 ;
; Enable compact report table                                                ; Off                ; Off                ;
; Restructure Multiplexers                                                   ; Auto               ; Auto               ;
; Create Debugging Nodes for IP Cores                                        ; Off                ; Off                ;
; Preserve fewer node names                                                  ; On                 ; On                 ;
; OpenCore Plus hardware evaluation                                          ; Enable             ; Enable             ;
; Verilog Version                                                            ; Verilog_2001       ; Verilog_2001       ;
; State Machine Processing                                                   ; Auto               ; Auto               ;
; Safe State Machine                                                         ; Off                ; Off                ;
; Extract Verilog State Machines                                             ; On                 ; On                 ;
; Extract VHDL State Machines                                                ; On                 ; On                 ;
; Ignore Verilog initial constructs                                          ; Off                ; Off                ;
; Iteration limit for constant Verilog loops                                 ; 5000               ; 5000               ;
; Iteration limit for non-constant Verilog loops                             ; 250                ; 250                ;
; Add Pass-Through Logic to Inferred RAMs                                    ; On                 ; On                 ;
; Infer RAMs from Raw Logic                                                  ; On                 ; On                 ;
; Parallel Synthesis                                                         ; On                 ; On                 ;
; DSP Block Balancing                                                        ; Auto               ; Auto               ;
; NOT Gate Push-Back                                                         ; On                 ; On                 ;
; Power-Up Don't Care                                                        ; On                 ; On                 ;
; Remove Redundant Logic Cells                                               ; Off                ; Off                ;
; Remove Duplicate Registers                                                 ; On                 ; On                 ;
; Ignore CARRY Buffers                                                       ; Off                ; Off                ;
; Ignore CASCADE Buffers                                                     ; Off                ; Off                ;
; Ignore GLOBAL Buffers                                                      ; Off                ; Off                ;
; Ignore ROW GLOBAL Buffers                                                  ; Off                ; Off                ;
; Ignore LCELL Buffers                                                       ; Off                ; Off                ;
; Ignore SOFT Buffers                                                        ; On                 ; On                 ;
; Limit AHDL Integers to 32 Bits                                             ; Off                ; Off                ;
; Optimization Technique                                                     ; Balanced           ; Balanced           ;
; Carry Chain Length                                                         ; 70                 ; 70                 ;
; Auto Carry Chains                                                          ; On                 ; On                 ;
; Auto Open-Drain Pins                                                       ; On                 ; On                 ;
; Perform WYSIWYG Primitive Resynthesis                                      ; Off                ; Off                ;
; Auto ROM Replacement                                                       ; On                 ; On                 ;
; Auto RAM Replacement                                                       ; On                 ; On                 ;
; Auto DSP Block Replacement                                                 ; On                 ; On                 ;
; Auto Shift Register Replacement                                            ; Auto               ; Auto               ;
; Allow Shift Register Merging across Hierarchies                            ; Auto               ; Auto               ;
; Auto Clock Enable Replacement                                              ; On                 ; On                 ;
; Strict RAM Replacement                                                     ; Off                ; Off                ;
; Allow Synchronous Control Signals                                          ; On                 ; On                 ;
; Force Use of Synchronous Clear Signals                                     ; Off                ; Off                ;
; Auto RAM Block Balancing                                                   ; On                 ; On                 ;
; Auto RAM to Logic Cell Conversion                                          ; Off                ; Off                ;
; Auto Resource Sharing                                                      ; Off                ; Off                ;
; Allow Any RAM Size For Recognition                                         ; Off                ; Off                ;
; Allow Any ROM Size For Recognition                                         ; Off                ; Off                ;
; Allow Any Shift Register Size For Recognition                              ; Off                ; Off                ;
; Use LogicLock Constraints during Resource Balancing                        ; On                 ; On                 ;
; Ignore translate_off and synthesis_off directives                          ; Off                ; Off                ;
; Timing-Driven Synthesis                                                    ; On                 ; On                 ;
; Report Parameter Settings                                                  ; On                 ; On                 ;
; Report Source Assignments                                                  ; On                 ; On                 ;
; Report Connectivity Checks                                                 ; On                 ; On                 ;
; Ignore Maximum Fan-Out Assignments                                         ; Off                ; Off                ;
; Synchronization Register Chain Length                                      ; 2                  ; 2                  ;
; PowerPlay Power Optimization During Synthesis                              ; Normal compilation ; Normal compilation ;
; HDL message level                                                          ; Level2             ; Level2             ;
; Suppress Register Optimization Related Messages                            ; Off                ; Off                ;
; Number of Removed Registers Reported in Synthesis Report                   ; 5000               ; 5000               ;
; Number of Swept Nodes Reported in Synthesis Report                         ; 5000               ; 5000               ;
; Number of Inverted Registers Reported in Synthesis Report                  ; 100                ; 100                ;
; Clock MUX Protection                                                       ; On                 ; On                 ;
; Auto Gated Clock Conversion                                                ; Off                ; Off                ;
; Block Design Naming                                                        ; Auto               ; Auto               ;
; SDC constraint protection                                                  ; Off                ; Off                ;
; Synthesis Effort                                                           ; Auto               ; Auto               ;
; Shift Register Replacement - Allow Asynchronous Clear Signal               ; On                 ; On                 ;
; Pre-Mapping Resynthesis Optimization                                       ; Off                ; Off                ;
; Analysis & Synthesis Message Level                                         ; Medium             ; Medium             ;
; Disable Register Merging Across Hierarchies                                ; Auto               ; Auto               ;
; Resource Aware Inference For Block RAM                                     ; On                 ; On                 ;
+----------------------------------------------------------------------------+--------------------+--------------------+


+------------------------------------------+
; Parallel Compilation                     ;
+----------------------------+-------------+
; Processors                 ; Number      ;
+----------------------------+-------------+
; Number detected on machine ; 4           ;
; Maximum allowed            ; 2           ;
;                            ;             ;
; Average used               ; 1.00        ;
; Maximum used               ; 1           ;
;                            ;             ;
; Usage by Processor         ; % Time Used ;
;     Processor 1            ; 100.0%      ;
+----------------------------+-------------+


+-----------------------------------------------------------------------------------------------------------------------------------------------------------------------------------+
; Analysis & Synthesis Source Files Read                                                                                                                                            ;
+----------------------------------------+-----------------+-----------------+--------------------------------------------------------------------------------------------+---------+
; File Name with User-Entered Path       ; Used in Netlist ; File Type       ; File Name with Absolute Path                                                               ; Library ;
+----------------------------------------+-----------------+-----------------+--------------------------------------------------------------------------------------------+---------+
; ../ALL Code Files/lst_unit.vhd         ; yes             ; User VHDL File  ; C:/Users/dell/Desktop/GIT/Superscalar Processor Deisgn/ALL Code Files/lst_unit.vhd         ;         ;
; ../ALL Code Files/bch_unit.vhd         ; yes             ; User VHDL File  ; C:/Users/dell/Desktop/GIT/Superscalar Processor Deisgn/ALL Code Files/bch_unit.vhd         ;         ;
; ../ALL Code Files/alu_unit.vhd         ; yes             ; User VHDL File  ; C:/Users/dell/Desktop/GIT/Superscalar Processor Deisgn/ALL Code Files/alu_unit.vhd         ;         ;
; ../ALL Code Files/components.vhd       ; yes             ; User VHDL File  ; C:/Users/dell/Desktop/GIT/Superscalar Processor Deisgn/ALL Code Files/components.vhd       ;         ;
; ../ALL Code Files/execute_complete.vhd ; yes             ; User VHDL File  ; C:/Users/dell/Desktop/GIT/Superscalar Processor Deisgn/ALL Code Files/execute_complete.vhd ;         ;
+----------------------------------------+-----------------+-----------------+--------------------------------------------------------------------------------------------+---------+


+-----------------------------------------------------+
; Analysis & Synthesis Resource Usage Summary         ;
+---------------------------------------------+-------+
; Resource                                    ; Usage ;
+---------------------------------------------+-------+
;                                             ;       ;
; Total combinational functions               ; 0     ;
; Logic element usage by number of LUT inputs ;       ;
;     -- 4 input functions                    ; 0     ;
;     -- 3 input functions                    ; 0     ;
;     -- <=2 input functions                  ; 0     ;
;                                             ;       ;
; Logic elements by mode                      ;       ;
;     -- normal mode                          ; 0     ;
;     -- arithmetic mode                      ; 0     ;
;                                             ;       ;
; Total registers                             ; 0     ;
;     -- Dedicated logic registers            ; 0     ;
;     -- I/O registers                        ; 0     ;
;                                             ;       ;
; I/O pins                                    ; 345   ;
;                                             ;       ;
; Embedded Multiplier 9-bit elements          ; 0     ;
;                                             ;       ;
; Maximum fan-out node                        ; clk   ;
; Maximum fan-out                             ; 1     ;
; Total fan-out                               ; 345   ;
; Average fan-out                             ; 0.50  ;
+---------------------------------------------+-------+


+---------------------------------------------------------------------------------------------------------------------------------------------------------------------------------------------------------------+
; Analysis & Synthesis Resource Utilization by Entity                                                                                                                                                           ;
+----------------------------+---------------------+---------------------------+-------------+--------------+---------+-----------+------+--------------+---------------------+------------------+--------------+
; Compilation Hierarchy Node ; Combinational ALUTs ; Dedicated Logic Registers ; Memory Bits ; DSP Elements ; DSP 9x9 ; DSP 18x18 ; Pins ; Virtual Pins ; Full Hierarchy Name ; Entity Name      ; Library Name ;
+----------------------------+---------------------+---------------------------+-------------+--------------+---------+-----------+------+--------------+---------------------+------------------+--------------+
; |execute_complete          ; 0 (0)               ; 0 (0)                     ; 0           ; 0            ; 0       ; 0         ; 345  ; 0            ; |execute_complete   ; execute_complete ; work         ;
+----------------------------+---------------------+---------------------------+-------------+--------------+---------+-----------+------+--------------+---------------------+------------------+--------------+
Note: For table entries with two numbers listed, the numbers in parentheses indicate the number of resources of the given type used by the specific entity alone. The numbers listed outside of parentheses indicate the total resources of the given type used by the specific entity and all of its sub-entities in the hierarchy.


+------------------------------------------------------+
; General Register Statistics                          ;
+----------------------------------------------+-------+
; Statistic                                    ; Value ;
+----------------------------------------------+-------+
; Total registers                              ; 0     ;
; Number of registers using Synchronous Clear  ; 0     ;
; Number of registers using Synchronous Load   ; 0     ;
; Number of registers using Asynchronous Clear ; 0     ;
; Number of registers using Asynchronous Load  ; 0     ;
; Number of registers using Clock Enable       ; 0     ;
; Number of registers using Preset             ; 0     ;
+----------------------------------------------+-------+


+-----------------------------------------------------+
; Post-Synthesis Netlist Statistics for Top Partition ;
+-----------------------+-----------------------------+
; Type                  ; Count                       ;
+-----------------------+-----------------------------+
; boundary_port         ; 345                         ;
; cycloneiii_lcell_comb ; 1                           ;
;     normal            ; 1                           ;
;         0 data inputs ; 1                           ;
;                       ;                             ;
; Max LUT depth         ; 0.00                        ;
; Average LUT depth     ; 0.00                        ;
+-----------------------+-----------------------------+


+-------------------------------+
; Elapsed Time Per Partition    ;
+----------------+--------------+
; Partition Name ; Elapsed Time ;
+----------------+--------------+
; Top            ; 00:00:00     ;
+----------------+--------------+


+-------------------------------+
; Analysis & Synthesis Messages ;
+-------------------------------+
Info: *******************************************************************
Info: Running Quartus Prime Analysis & Synthesis
    Info: Version 17.0.0 Build 595 04/25/2017 SJ Lite Edition
    Info: Processing started: Thu Jun 01 18:56:09 2017
Info: Command: quartus_map --read_settings_files=on --write_settings_files=off execute_complete -c execute_complete
Warning (18236): Number of processors has not been specified which may cause overloading on shared machines.  Set the global assignment NUM_PARALLEL_PROCESSORS in your QSF to an appropriate value for best performance.
Info (20030): Parallel compilation is enabled and will use 2 of the 2 processors detected
Info (12021): Found 2 design units, including 1 entities, in source file /users/dell/desktop/git/superscalar processor deisgn/all code files/lst_unit.vhd
    Info (12022): Found design unit 1: lst_unit-lst_arch File: C:/Users/dell/Desktop/GIT/Superscalar Processor Deisgn/ALL Code Files/lst_unit.vhd Line: 17
    Info (12023): Found entity 1: lst_unit File: C:/Users/dell/Desktop/GIT/Superscalar Processor Deisgn/ALL Code Files/lst_unit.vhd Line: 8
Info (12021): Found 2 design units, including 1 entities, in source file /users/dell/desktop/git/superscalar processor deisgn/all code files/bch_unit.vhd
    Info (12022): Found design unit 1: bch_unit-bch_arch File: C:/Users/dell/Desktop/GIT/Superscalar Processor Deisgn/ALL Code Files/bch_unit.vhd Line: 17
    Info (12023): Found entity 1: bch_unit File: C:/Users/dell/Desktop/GIT/Superscalar Processor Deisgn/ALL Code Files/bch_unit.vhd Line: 8
Info (12021): Found 2 design units, including 1 entities, in source file /users/dell/desktop/git/superscalar processor deisgn/all code files/alu_unit.vhd
    Info (12022): Found design unit 1: alu_unit-alu_arch File: C:/Users/dell/Desktop/GIT/Superscalar Processor Deisgn/ALL Code Files/alu_unit.vhd Line: 17
    Info (12023): Found entity 1: alu_unit File: C:/Users/dell/Desktop/GIT/Superscalar Processor Deisgn/ALL Code Files/alu_unit.vhd Line: 8
Info (12021): Found 1 design units, including 0 entities, in source file /users/dell/desktop/git/superscalar processor deisgn/all code files/components.vhd
    Info (12022): Found design unit 1: components File: C:/Users/dell/Desktop/GIT/Superscalar Processor Deisgn/ALL Code Files/components.vhd Line: 5
Info (12021): Found 2 design units, including 1 entities, in source file /users/dell/desktop/git/superscalar processor deisgn/all code files/execute_complete.vhd
    Info (12022): Found design unit 1: execute_complete-ex_comp File: C:/Users/dell/Desktop/GIT/Superscalar Processor Deisgn/ALL Code Files/execute_complete.vhd Line: 34
    Info (12023): Found entity 1: execute_complete File: C:/Users/dell/Desktop/GIT/Superscalar Processor Deisgn/ALL Code Files/execute_complete.vhd Line: 8
Info (12127): Elaborating entity "execute_complete" for the top level hierarchy
Info (12128): Elaborating entity "alu_unit" for hierarchy "alu_unit:alu_unit1" File: C:/Users/dell/Desktop/GIT/Superscalar Processor Deisgn/ALL Code Files/execute_complete.vhd Line: 40
Warning (10541): VHDL Signal Declaration warning at alu_unit.vhd(13): used implicit default value for signal "output" because signal was never assigned a value or an explicit default value. Use of implicit default value may introduce unintended design optimizations. File: C:/Users/dell/Desktop/GIT/Superscalar Processor Deisgn/ALL Code Files/alu_unit.vhd Line: 13
Info (12128): Elaborating entity "bch_unit" for hierarchy "bch_unit:bch_unit0" File: C:/Users/dell/Desktop/GIT/Superscalar Processor Deisgn/ALL Code Files/execute_complete.vhd Line: 50
Warning (10541): VHDL Signal Declaration warning at bch_unit.vhd(13): used implicit default value for signal "output" because signal was never assigned a value or an explicit default value. Use of implicit default value may introduce unintended design optimizations. File: C:/Users/dell/Desktop/GIT/Superscalar Processor Deisgn/ALL Code Files/bch_unit.vhd Line: 13
Info (12128): Elaborating entity "lst_unit" for hierarchy "lst_unit:lst_unit1" File: C:/Users/dell/Desktop/GIT/Superscalar Processor Deisgn/ALL Code Files/execute_complete.vhd Line: 55
Warning (10541): VHDL Signal Declaration warning at lst_unit.vhd(13): used implicit default value for signal "output" because signal was never assigned a value or an explicit default value. Use of implicit default value may introduce unintended design optimizations. File: C:/Users/dell/Desktop/GIT/Superscalar Processor Deisgn/ALL Code Files/lst_unit.vhd Line: 13
Warning (13024): Output pins are stuck at VCC or GND
    Warning (13410): Pin "broadcast[4][0]" is stuck at GND File: C:/Users/dell/Desktop/GIT/Superscalar Processor Deisgn/ALL Code Files/execute_complete.vhd Line: 25
    Warning (13410): Pin "broadcast[4][1]" is stuck at GND File: C:/Users/dell/Desktop/GIT/Superscalar Processor Deisgn/ALL Code Files/execute_complete.vhd Line: 25
    Warning (13410): Pin "broadcast[4][2]" is stuck at GND File: C:/Users/dell/Desktop/GIT/Superscalar Processor Deisgn/ALL Code Files/execute_complete.vhd Line: 25
    Warning (13410): Pin "broadcast[4][3]" is stuck at GND File: C:/Users/dell/Desktop/GIT/Superscalar Processor Deisgn/ALL Code Files/execute_complete.vhd Line: 25
    Warning (13410): Pin "broadcast[4][4]" is stuck at GND File: C:/Users/dell/Desktop/GIT/Superscalar Processor Deisgn/ALL Code Files/execute_complete.vhd Line: 25
    Warning (13410): Pin "broadcast[4][5]" is stuck at GND File: C:/Users/dell/Desktop/GIT/Superscalar Processor Deisgn/ALL Code Files/execute_complete.vhd Line: 25
    Warning (13410): Pin "broadcast[4][6]" is stuck at GND File: C:/Users/dell/Desktop/GIT/Superscalar Processor Deisgn/ALL Code Files/execute_complete.vhd Line: 25
    Warning (13410): Pin "broadcast[4][7]" is stuck at GND File: C:/Users/dell/Desktop/GIT/Superscalar Processor Deisgn/ALL Code Files/execute_complete.vhd Line: 25
    Warning (13410): Pin "broadcast[4][8]" is stuck at GND File: C:/Users/dell/Desktop/GIT/Superscalar Processor Deisgn/ALL Code Files/execute_complete.vhd Line: 25
    Warning (13410): Pin "broadcast[4][9]" is stuck at GND File: C:/Users/dell/Desktop/GIT/Superscalar Processor Deisgn/ALL Code Files/execute_complete.vhd Line: 25
    Warning (13410): Pin "broadcast[4][10]" is stuck at GND File: C:/Users/dell/Desktop/GIT/Superscalar Processor Deisgn/ALL Code Files/execute_complete.vhd Line: 25
    Warning (13410): Pin "broadcast[4][11]" is stuck at GND File: C:/Users/dell/Desktop/GIT/Superscalar Processor Deisgn/ALL Code Files/execute_complete.vhd Line: 25
    Warning (13410): Pin "broadcast[4][12]" is stuck at GND File: C:/Users/dell/Desktop/GIT/Superscalar Processor Deisgn/ALL Code Files/execute_complete.vhd Line: 25
    Warning (13410): Pin "broadcast[4][13]" is stuck at GND File: C:/Users/dell/Desktop/GIT/Superscalar Processor Deisgn/ALL Code Files/execute_complete.vhd Line: 25
    Warning (13410): Pin "broadcast[4][14]" is stuck at GND File: C:/Users/dell/Desktop/GIT/Superscalar Processor Deisgn/ALL Code Files/execute_complete.vhd Line: 25
    Warning (13410): Pin "broadcast[4][15]" is stuck at GND File: C:/Users/dell/Desktop/GIT/Superscalar Processor Deisgn/ALL Code Files/execute_complete.vhd Line: 25
    Warning (13410): Pin "broadcast[4][16]" is stuck at GND File: C:/Users/dell/Desktop/GIT/Superscalar Processor Deisgn/ALL Code Files/execute_complete.vhd Line: 25
    Warning (13410): Pin "broadcast[4][17]" is stuck at GND File: C:/Users/dell/Desktop/GIT/Superscalar Processor Deisgn/ALL Code Files/execute_complete.vhd Line: 25
    Warning (13410): Pin "broadcast[4][18]" is stuck at GND File: C:/Users/dell/Desktop/GIT/Superscalar Processor Deisgn/ALL Code Files/execute_complete.vhd Line: 25
    Warning (13410): Pin "broadcast[4][19]" is stuck at GND File: C:/Users/dell/Desktop/GIT/Superscalar Processor Deisgn/ALL Code Files/execute_complete.vhd Line: 25
    Warning (13410): Pin "broadcast[4][20]" is stuck at GND File: C:/Users/dell/Desktop/GIT/Superscalar Processor Deisgn/ALL Code Files/execute_complete.vhd Line: 25
    Warning (13410): Pin "broadcast[4][21]" is stuck at GND File: C:/Users/dell/Desktop/GIT/Superscalar Processor Deisgn/ALL Code Files/execute_complete.vhd Line: 25
    Warning (13410): Pin "broadcast[3][0]" is stuck at GND File: C:/Users/dell/Desktop/GIT/Superscalar Processor Deisgn/ALL Code Files/execute_complete.vhd Line: 25
    Warning (13410): Pin "broadcast[3][1]" is stuck at GND File: C:/Users/dell/Desktop/GIT/Superscalar Processor Deisgn/ALL Code Files/execute_complete.vhd Line: 25
    Warning (13410): Pin "broadcast[3][2]" is stuck at GND File: C:/Users/dell/Desktop/GIT/Superscalar Processor Deisgn/ALL Code Files/execute_complete.vhd Line: 25
    Warning (13410): Pin "broadcast[3][3]" is stuck at GND File: C:/Users/dell/Desktop/GIT/Superscalar Processor Deisgn/ALL Code Files/execute_complete.vhd Line: 25
    Warning (13410): Pin "broadcast[3][4]" is stuck at GND File: C:/Users/dell/Desktop/GIT/Superscalar Processor Deisgn/ALL Code Files/execute_complete.vhd Line: 25
    Warning (13410): Pin "broadcast[3][5]" is stuck at GND File: C:/Users/dell/Desktop/GIT/Superscalar Processor Deisgn/ALL Code Files/execute_complete.vhd Line: 25
    Warning (13410): Pin "broadcast[3][6]" is stuck at GND File: C:/Users/dell/Desktop/GIT/Superscalar Processor Deisgn/ALL Code Files/execute_complete.vhd Line: 25
    Warning (13410): Pin "broadcast[3][7]" is stuck at GND File: C:/Users/dell/Desktop/GIT/Superscalar Processor Deisgn/ALL Code Files/execute_complete.vhd Line: 25
    Warning (13410): Pin "broadcast[3][8]" is stuck at GND File: C:/Users/dell/Desktop/GIT/Superscalar Processor Deisgn/ALL Code Files/execute_complete.vhd Line: 25
    Warning (13410): Pin "broadcast[3][9]" is stuck at GND File: C:/Users/dell/Desktop/GIT/Superscalar Processor Deisgn/ALL Code Files/execute_complete.vhd Line: 25
    Warning (13410): Pin "broadcast[3][10]" is stuck at GND File: C:/Users/dell/Desktop/GIT/Superscalar Processor Deisgn/ALL Code Files/execute_complete.vhd Line: 25
    Warning (13410): Pin "broadcast[3][11]" is stuck at GND File: C:/Users/dell/Desktop/GIT/Superscalar Processor Deisgn/ALL Code Files/execute_complete.vhd Line: 25
    Warning (13410): Pin "broadcast[3][12]" is stuck at GND File: C:/Users/dell/Desktop/GIT/Superscalar Processor Deisgn/ALL Code Files/execute_complete.vhd Line: 25
    Warning (13410): Pin "broadcast[3][13]" is stuck at GND File: C:/Users/dell/Desktop/GIT/Superscalar Processor Deisgn/ALL Code Files/execute_complete.vhd Line: 25
    Warning (13410): Pin "broadcast[3][14]" is stuck at GND File: C:/Users/dell/Desktop/GIT/Superscalar Processor Deisgn/ALL Code Files/execute_complete.vhd Line: 25
    Warning (13410): Pin "broadcast[3][15]" is stuck at GND File: C:/Users/dell/Desktop/GIT/Superscalar Processor Deisgn/ALL Code Files/execute_complete.vhd Line: 25
    Warning (13410): Pin "broadcast[3][16]" is stuck at GND File: C:/Users/dell/Desktop/GIT/Superscalar Processor Deisgn/ALL Code Files/execute_complete.vhd Line: 25
    Warning (13410): Pin "broadcast[3][17]" is stuck at GND File: C:/Users/dell/Desktop/GIT/Superscalar Processor Deisgn/ALL Code Files/execute_complete.vhd Line: 25
    Warning (13410): Pin "broadcast[3][18]" is stuck at GND File: C:/Users/dell/Desktop/GIT/Superscalar Processor Deisgn/ALL Code Files/execute_complete.vhd Line: 25
    Warning (13410): Pin "broadcast[3][19]" is stuck at GND File: C:/Users/dell/Desktop/GIT/Superscalar Processor Deisgn/ALL Code Files/execute_complete.vhd Line: 25
    Warning (13410): Pin "broadcast[3][20]" is stuck at GND File: C:/Users/dell/Desktop/GIT/Superscalar Processor Deisgn/ALL Code Files/execute_complete.vhd Line: 25
    Warning (13410): Pin "broadcast[3][21]" is stuck at GND File: C:/Users/dell/Desktop/GIT/Superscalar Processor Deisgn/ALL Code Files/execute_complete.vhd Line: 25
    Warning (13410): Pin "broadcast[2][0]" is stuck at GND File: C:/Users/dell/Desktop/GIT/Superscalar Processor Deisgn/ALL Code Files/execute_complete.vhd Line: 25
    Warning (13410): Pin "broadcast[2][1]" is stuck at GND File: C:/Users/dell/Desktop/GIT/Superscalar Processor Deisgn/ALL Code Files/execute_complete.vhd Line: 25
    Warning (13410): Pin "broadcast[2][2]" is stuck at GND File: C:/Users/dell/Desktop/GIT/Superscalar Processor Deisgn/ALL Code Files/execute_complete.vhd Line: 25
    Warning (13410): Pin "broadcast[2][3]" is stuck at GND File: C:/Users/dell/Desktop/GIT/Superscalar Processor Deisgn/ALL Code Files/execute_complete.vhd Line: 25
    Warning (13410): Pin "broadcast[2][4]" is stuck at GND File: C:/Users/dell/Desktop/GIT/Superscalar Processor Deisgn/ALL Code Files/execute_complete.vhd Line: 25
    Warning (13410): Pin "broadcast[2][5]" is stuck at GND File: C:/Users/dell/Desktop/GIT/Superscalar Processor Deisgn/ALL Code Files/execute_complete.vhd Line: 25
    Warning (13410): Pin "broadcast[2][6]" is stuck at GND File: C:/Users/dell/Desktop/GIT/Superscalar Processor Deisgn/ALL Code Files/execute_complete.vhd Line: 25
    Warning (13410): Pin "broadcast[2][7]" is stuck at GND File: C:/Users/dell/Desktop/GIT/Superscalar Processor Deisgn/ALL Code Files/execute_complete.vhd Line: 25
    Warning (13410): Pin "broadcast[2][8]" is stuck at GND File: C:/Users/dell/Desktop/GIT/Superscalar Processor Deisgn/ALL Code Files/execute_complete.vhd Line: 25
    Warning (13410): Pin "broadcast[2][9]" is stuck at GND File: C:/Users/dell/Desktop/GIT/Superscalar Processor Deisgn/ALL Code Files/execute_complete.vhd Line: 25
    Warning (13410): Pin "broadcast[2][10]" is stuck at GND File: C:/Users/dell/Desktop/GIT/Superscalar Processor Deisgn/ALL Code Files/execute_complete.vhd Line: 25
    Warning (13410): Pin "broadcast[2][11]" is stuck at GND File: C:/Users/dell/Desktop/GIT/Superscalar Processor Deisgn/ALL Code Files/execute_complete.vhd Line: 25
    Warning (13410): Pin "broadcast[2][12]" is stuck at GND File: C:/Users/dell/Desktop/GIT/Superscalar Processor Deisgn/ALL Code Files/execute_complete.vhd Line: 25
    Warning (13410): Pin "broadcast[2][13]" is stuck at GND File: C:/Users/dell/Desktop/GIT/Superscalar Processor Deisgn/ALL Code Files/execute_complete.vhd Line: 25
    Warning (13410): Pin "broadcast[2][14]" is stuck at GND File: C:/Users/dell/Desktop/GIT/Superscalar Processor Deisgn/ALL Code Files/execute_complete.vhd Line: 25
    Warning (13410): Pin "broadcast[2][15]" is stuck at GND File: C:/Users/dell/Desktop/GIT/Superscalar Processor Deisgn/ALL Code Files/execute_complete.vhd Line: 25
    Warning (13410): Pin "broadcast[2][16]" is stuck at GND File: C:/Users/dell/Desktop/GIT/Superscalar Processor Deisgn/ALL Code Files/execute_complete.vhd Line: 25
    Warning (13410): Pin "broadcast[2][17]" is stuck at GND File: C:/Users/dell/Desktop/GIT/Superscalar Processor Deisgn/ALL Code Files/execute_complete.vhd Line: 25
    Warning (13410): Pin "broadcast[2][18]" is stuck at GND File: C:/Users/dell/Desktop/GIT/Superscalar Processor Deisgn/ALL Code Files/execute_complete.vhd Line: 25
    Warning (13410): Pin "broadcast[2][19]" is stuck at GND File: C:/Users/dell/Desktop/GIT/Superscalar Processor Deisgn/ALL Code Files/execute_complete.vhd Line: 25
    Warning (13410): Pin "broadcast[2][20]" is stuck at GND File: C:/Users/dell/Desktop/GIT/Superscalar Processor Deisgn/ALL Code Files/execute_complete.vhd Line: 25
    Warning (13410): Pin "broadcast[2][21]" is stuck at GND File: C:/Users/dell/Desktop/GIT/Superscalar Processor Deisgn/ALL Code Files/execute_complete.vhd Line: 25
    Warning (13410): Pin "broadcast[1][0]" is stuck at GND File: C:/Users/dell/Desktop/GIT/Superscalar Processor Deisgn/ALL Code Files/execute_complete.vhd Line: 25
    Warning (13410): Pin "broadcast[1][1]" is stuck at GND File: C:/Users/dell/Desktop/GIT/Superscalar Processor Deisgn/ALL Code Files/execute_complete.vhd Line: 25
    Warning (13410): Pin "broadcast[1][2]" is stuck at GND File: C:/Users/dell/Desktop/GIT/Superscalar Processor Deisgn/ALL Code Files/execute_complete.vhd Line: 25
    Warning (13410): Pin "broadcast[1][3]" is stuck at GND File: C:/Users/dell/Desktop/GIT/Superscalar Processor Deisgn/ALL Code Files/execute_complete.vhd Line: 25
    Warning (13410): Pin "broadcast[1][4]" is stuck at GND File: C:/Users/dell/Desktop/GIT/Superscalar Processor Deisgn/ALL Code Files/execute_complete.vhd Line: 25
    Warning (13410): Pin "broadcast[1][5]" is stuck at GND File: C:/Users/dell/Desktop/GIT/Superscalar Processor Deisgn/ALL Code Files/execute_complete.vhd Line: 25
    Warning (13410): Pin "broadcast[1][6]" is stuck at GND File: C:/Users/dell/Desktop/GIT/Superscalar Processor Deisgn/ALL Code Files/execute_complete.vhd Line: 25
    Warning (13410): Pin "broadcast[1][7]" is stuck at GND File: C:/Users/dell/Desktop/GIT/Superscalar Processor Deisgn/ALL Code Files/execute_complete.vhd Line: 25
    Warning (13410): Pin "broadcast[1][8]" is stuck at GND File: C:/Users/dell/Desktop/GIT/Superscalar Processor Deisgn/ALL Code Files/execute_complete.vhd Line: 25
    Warning (13410): Pin "broadcast[1][9]" is stuck at GND File: C:/Users/dell/Desktop/GIT/Superscalar Processor Deisgn/ALL Code Files/execute_complete.vhd Line: 25
    Warning (13410): Pin "broadcast[1][10]" is stuck at GND File: C:/Users/dell/Desktop/GIT/Superscalar Processor Deisgn/ALL Code Files/execute_complete.vhd Line: 25
    Warning (13410): Pin "broadcast[1][11]" is stuck at GND File: C:/Users/dell/Desktop/GIT/Superscalar Processor Deisgn/ALL Code Files/execute_complete.vhd Line: 25
    Warning (13410): Pin "broadcast[1][12]" is stuck at GND File: C:/Users/dell/Desktop/GIT/Superscalar Processor Deisgn/ALL Code Files/execute_complete.vhd Line: 25
    Warning (13410): Pin "broadcast[1][13]" is stuck at GND File: C:/Users/dell/Desktop/GIT/Superscalar Processor Deisgn/ALL Code Files/execute_complete.vhd Line: 25
    Warning (13410): Pin "broadcast[1][14]" is stuck at GND File: C:/Users/dell/Desktop/GIT/Superscalar Processor Deisgn/ALL Code Files/execute_complete.vhd Line: 25
    Warning (13410): Pin "broadcast[1][15]" is stuck at GND File: C:/Users/dell/Desktop/GIT/Superscalar Processor Deisgn/ALL Code Files/execute_complete.vhd Line: 25
    Warning (13410): Pin "broadcast[1][16]" is stuck at GND File: C:/Users/dell/Desktop/GIT/Superscalar Processor Deisgn/ALL Code Files/execute_complete.vhd Line: 25
    Warning (13410): Pin "broadcast[1][17]" is stuck at GND File: C:/Users/dell/Desktop/GIT/Superscalar Processor Deisgn/ALL Code Files/execute_complete.vhd Line: 25
    Warning (13410): Pin "broadcast[1][18]" is stuck at GND File: C:/Users/dell/Desktop/GIT/Superscalar Processor Deisgn/ALL Code Files/execute_complete.vhd Line: 25
    Warning (13410): Pin "broadcast[1][19]" is stuck at GND File: C:/Users/dell/Desktop/GIT/Superscalar Processor Deisgn/ALL Code Files/execute_complete.vhd Line: 25
    Warning (13410): Pin "broadcast[1][20]" is stuck at GND File: C:/Users/dell/Desktop/GIT/Superscalar Processor Deisgn/ALL Code Files/execute_complete.vhd Line: 25
    Warning (13410): Pin "broadcast[1][21]" is stuck at GND File: C:/Users/dell/Desktop/GIT/Superscalar Processor Deisgn/ALL Code Files/execute_complete.vhd Line: 25
    Warning (13410): Pin "broadcast[0][0]" is stuck at GND File: C:/Users/dell/Desktop/GIT/Superscalar Processor Deisgn/ALL Code Files/execute_complete.vhd Line: 25
    Warning (13410): Pin "broadcast[0][1]" is stuck at GND File: C:/Users/dell/Desktop/GIT/Superscalar Processor Deisgn/ALL Code Files/execute_complete.vhd Line: 25
    Warning (13410): Pin "broadcast[0][2]" is stuck at GND File: C:/Users/dell/Desktop/GIT/Superscalar Processor Deisgn/ALL Code Files/execute_complete.vhd Line: 25
    Warning (13410): Pin "broadcast[0][3]" is stuck at GND File: C:/Users/dell/Desktop/GIT/Superscalar Processor Deisgn/ALL Code Files/execute_complete.vhd Line: 25
    Warning (13410): Pin "broadcast[0][4]" is stuck at GND File: C:/Users/dell/Desktop/GIT/Superscalar Processor Deisgn/ALL Code Files/execute_complete.vhd Line: 25
    Warning (13410): Pin "broadcast[0][5]" is stuck at GND File: C:/Users/dell/Desktop/GIT/Superscalar Processor Deisgn/ALL Code Files/execute_complete.vhd Line: 25
    Warning (13410): Pin "broadcast[0][6]" is stuck at GND File: C:/Users/dell/Desktop/GIT/Superscalar Processor Deisgn/ALL Code Files/execute_complete.vhd Line: 25
    Warning (13410): Pin "broadcast[0][7]" is stuck at GND File: C:/Users/dell/Desktop/GIT/Superscalar Processor Deisgn/ALL Code Files/execute_complete.vhd Line: 25
    Warning (13410): Pin "broadcast[0][8]" is stuck at GND File: C:/Users/dell/Desktop/GIT/Superscalar Processor Deisgn/ALL Code Files/execute_complete.vhd Line: 25
    Warning (13410): Pin "broadcast[0][9]" is stuck at GND File: C:/Users/dell/Desktop/GIT/Superscalar Processor Deisgn/ALL Code Files/execute_complete.vhd Line: 25
    Warning (13410): Pin "broadcast[0][10]" is stuck at GND File: C:/Users/dell/Desktop/GIT/Superscalar Processor Deisgn/ALL Code Files/execute_complete.vhd Line: 25
    Warning (13410): Pin "broadcast[0][11]" is stuck at GND File: C:/Users/dell/Desktop/GIT/Superscalar Processor Deisgn/ALL Code Files/execute_complete.vhd Line: 25
    Warning (13410): Pin "broadcast[0][12]" is stuck at GND File: C:/Users/dell/Desktop/GIT/Superscalar Processor Deisgn/ALL Code Files/execute_complete.vhd Line: 25
    Warning (13410): Pin "broadcast[0][13]" is stuck at GND File: C:/Users/dell/Desktop/GIT/Superscalar Processor Deisgn/ALL Code Files/execute_complete.vhd Line: 25
    Warning (13410): Pin "broadcast[0][14]" is stuck at GND File: C:/Users/dell/Desktop/GIT/Superscalar Processor Deisgn/ALL Code Files/execute_complete.vhd Line: 25
    Warning (13410): Pin "broadcast[0][15]" is stuck at GND File: C:/Users/dell/Desktop/GIT/Superscalar Processor Deisgn/ALL Code Files/execute_complete.vhd Line: 25
    Warning (13410): Pin "broadcast[0][16]" is stuck at GND File: C:/Users/dell/Desktop/GIT/Superscalar Processor Deisgn/ALL Code Files/execute_complete.vhd Line: 25
    Warning (13410): Pin "broadcast[0][17]" is stuck at GND File: C:/Users/dell/Desktop/GIT/Superscalar Processor Deisgn/ALL Code Files/execute_complete.vhd Line: 25
    Warning (13410): Pin "broadcast[0][18]" is stuck at GND File: C:/Users/dell/Desktop/GIT/Superscalar Processor Deisgn/ALL Code Files/execute_complete.vhd Line: 25
    Warning (13410): Pin "broadcast[0][19]" is stuck at GND File: C:/Users/dell/Desktop/GIT/Superscalar Processor Deisgn/ALL Code Files/execute_complete.vhd Line: 25
    Warning (13410): Pin "broadcast[0][20]" is stuck at GND File: C:/Users/dell/Desktop/GIT/Superscalar Processor Deisgn/ALL Code Files/execute_complete.vhd Line: 25
    Warning (13410): Pin "broadcast[0][21]" is stuck at GND File: C:/Users/dell/Desktop/GIT/Superscalar Processor Deisgn/ALL Code Files/execute_complete.vhd Line: 25
Info (16010): Generating hard_block partition "hard_block:auto_generated_inst"
    Info (16011): Adding 0 node(s), including 0 DDIO, 0 PLL, 0 transceiver and 0 LCELL
Warning (21074): Design contains 235 input pin(s) that do not drive logic
    Warning (15610): No output dependent on input pin "clk" File: C:/Users/dell/Desktop/GIT/Superscalar Processor Deisgn/ALL Code Files/execute_complete.vhd Line: 10
    Warning (15610): No output dependent on input pin "reset" File: C:/Users/dell/Desktop/GIT/Superscalar Processor Deisgn/ALL Code Files/execute_complete.vhd Line: 11
    Warning (15610): No output dependent on input pin "alu_inst1[0]" File: C:/Users/dell/Desktop/GIT/Superscalar Processor Deisgn/ALL Code Files/execute_complete.vhd Line: 14
    Warning (15610): No output dependent on input pin "alu_inst1[1]" File: C:/Users/dell/Desktop/GIT/Superscalar Processor Deisgn/ALL Code Files/execute_complete.vhd Line: 14
    Warning (15610): No output dependent on input pin "alu_inst1[2]" File: C:/Users/dell/Desktop/GIT/Superscalar Processor Deisgn/ALL Code Files/execute_complete.vhd Line: 14
    Warning (15610): No output dependent on input pin "alu_inst1[3]" File: C:/Users/dell/Desktop/GIT/Superscalar Processor Deisgn/ALL Code Files/execute_complete.vhd Line: 14
    Warning (15610): No output dependent on input pin "alu_inst1[4]" File: C:/Users/dell/Desktop/GIT/Superscalar Processor Deisgn/ALL Code Files/execute_complete.vhd Line: 14
    Warning (15610): No output dependent on input pin "alu_inst1[5]" File: C:/Users/dell/Desktop/GIT/Superscalar Processor Deisgn/ALL Code Files/execute_complete.vhd Line: 14
    Warning (15610): No output dependent on input pin "alu_inst1[6]" File: C:/Users/dell/Desktop/GIT/Superscalar Processor Deisgn/ALL Code Files/execute_complete.vhd Line: 14
    Warning (15610): No output dependent on input pin "alu_inst1[7]" File: C:/Users/dell/Desktop/GIT/Superscalar Processor Deisgn/ALL Code Files/execute_complete.vhd Line: 14
    Warning (15610): No output dependent on input pin "alu_inst1[8]" File: C:/Users/dell/Desktop/GIT/Superscalar Processor Deisgn/ALL Code Files/execute_complete.vhd Line: 14
    Warning (15610): No output dependent on input pin "alu_inst1[9]" File: C:/Users/dell/Desktop/GIT/Superscalar Processor Deisgn/ALL Code Files/execute_complete.vhd Line: 14
    Warning (15610): No output dependent on input pin "alu_inst1[10]" File: C:/Users/dell/Desktop/GIT/Superscalar Processor Deisgn/ALL Code Files/execute_complete.vhd Line: 14
    Warning (15610): No output dependent on input pin "alu_inst1[11]" File: C:/Users/dell/Desktop/GIT/Superscalar Processor Deisgn/ALL Code Files/execute_complete.vhd Line: 14
    Warning (15610): No output dependent on input pin "alu_inst1[12]" File: C:/Users/dell/Desktop/GIT/Superscalar Processor Deisgn/ALL Code Files/execute_complete.vhd Line: 14
    Warning (15610): No output dependent on input pin "alu_inst1[13]" File: C:/Users/dell/Desktop/GIT/Superscalar Processor Deisgn/ALL Code Files/execute_complete.vhd Line: 14
    Warning (15610): No output dependent on input pin "alu_inst1[14]" File: C:/Users/dell/Desktop/GIT/Superscalar Processor Deisgn/ALL Code Files/execute_complete.vhd Line: 14
    Warning (15610): No output dependent on input pin "alu_inst1[15]" File: C:/Users/dell/Desktop/GIT/Superscalar Processor Deisgn/ALL Code Files/execute_complete.vhd Line: 14
    Warning (15610): No output dependent on input pin "alu_inst1[16]" File: C:/Users/dell/Desktop/GIT/Superscalar Processor Deisgn/ALL Code Files/execute_complete.vhd Line: 14
    Warning (15610): No output dependent on input pin "alu_inst1[17]" File: C:/Users/dell/Desktop/GIT/Superscalar Processor Deisgn/ALL Code Files/execute_complete.vhd Line: 14
    Warning (15610): No output dependent on input pin "alu_inst1[18]" File: C:/Users/dell/Desktop/GIT/Superscalar Processor Deisgn/ALL Code Files/execute_complete.vhd Line: 14
    Warning (15610): No output dependent on input pin "alu_inst1[19]" File: C:/Users/dell/Desktop/GIT/Superscalar Processor Deisgn/ALL Code Files/execute_complete.vhd Line: 14
    Warning (15610): No output dependent on input pin "alu_inst1[20]" File: C:/Users/dell/Desktop/GIT/Superscalar Processor Deisgn/ALL Code Files/execute_complete.vhd Line: 14
    Warning (15610): No output dependent on input pin "alu_inst1[21]" File: C:/Users/dell/Desktop/GIT/Superscalar Processor Deisgn/ALL Code Files/execute_complete.vhd Line: 14
    Warning (15610): No output dependent on input pin "alu_inst1[22]" File: C:/Users/dell/Desktop/GIT/Superscalar Processor Deisgn/ALL Code Files/execute_complete.vhd Line: 14
    Warning (15610): No output dependent on input pin "alu_inst1[23]" File: C:/Users/dell/Desktop/GIT/Superscalar Processor Deisgn/ALL Code Files/execute_complete.vhd Line: 14
    Warning (15610): No output dependent on input pin "alu_inst1[24]" File: C:/Users/dell/Desktop/GIT/Superscalar Processor Deisgn/ALL Code Files/execute_complete.vhd Line: 14
    Warning (15610): No output dependent on input pin "alu_inst1[25]" File: C:/Users/dell/Desktop/GIT/Superscalar Processor Deisgn/ALL Code Files/execute_complete.vhd Line: 14
    Warning (15610): No output dependent on input pin "alu_inst1[26]" File: C:/Users/dell/Desktop/GIT/Superscalar Processor Deisgn/ALL Code Files/execute_complete.vhd Line: 14
    Warning (15610): No output dependent on input pin "alu_inst1[27]" File: C:/Users/dell/Desktop/GIT/Superscalar Processor Deisgn/ALL Code Files/execute_complete.vhd Line: 14
    Warning (15610): No output dependent on input pin "alu_inst1[28]" File: C:/Users/dell/Desktop/GIT/Superscalar Processor Deisgn/ALL Code Files/execute_complete.vhd Line: 14
    Warning (15610): No output dependent on input pin "alu_inst1[29]" File: C:/Users/dell/Desktop/GIT/Superscalar Processor Deisgn/ALL Code Files/execute_complete.vhd Line: 14
    Warning (15610): No output dependent on input pin "alu_inst1[30]" File: C:/Users/dell/Desktop/GIT/Superscalar Processor Deisgn/ALL Code Files/execute_complete.vhd Line: 14
    Warning (15610): No output dependent on input pin "alu_inst1[31]" File: C:/Users/dell/Desktop/GIT/Superscalar Processor Deisgn/ALL Code Files/execute_complete.vhd Line: 14
    Warning (15610): No output dependent on input pin "alu_inst1[32]" File: C:/Users/dell/Desktop/GIT/Superscalar Processor Deisgn/ALL Code Files/execute_complete.vhd Line: 14
    Warning (15610): No output dependent on input pin "alu_inst1[33]" File: C:/Users/dell/Desktop/GIT/Superscalar Processor Deisgn/ALL Code Files/execute_complete.vhd Line: 14
    Warning (15610): No output dependent on input pin "alu_inst1[34]" File: C:/Users/dell/Desktop/GIT/Superscalar Processor Deisgn/ALL Code Files/execute_complete.vhd Line: 14
    Warning (15610): No output dependent on input pin "alu_inst1[35]" File: C:/Users/dell/Desktop/GIT/Superscalar Processor Deisgn/ALL Code Files/execute_complete.vhd Line: 14
    Warning (15610): No output dependent on input pin "alu_inst1[36]" File: C:/Users/dell/Desktop/GIT/Superscalar Processor Deisgn/ALL Code Files/execute_complete.vhd Line: 14
    Warning (15610): No output dependent on input pin "alu_inst1[37]" File: C:/Users/dell/Desktop/GIT/Superscalar Processor Deisgn/ALL Code Files/execute_complete.vhd Line: 14
    Warning (15610): No output dependent on input pin "alu_inst1[38]" File: C:/Users/dell/Desktop/GIT/Superscalar Processor Deisgn/ALL Code Files/execute_complete.vhd Line: 14
    Warning (15610): No output dependent on input pin "alu_inst1[39]" File: C:/Users/dell/Desktop/GIT/Superscalar Processor Deisgn/ALL Code Files/execute_complete.vhd Line: 14
    Warning (15610): No output dependent on input pin "alu_inst1[40]" File: C:/Users/dell/Desktop/GIT/Superscalar Processor Deisgn/ALL Code Files/execute_complete.vhd Line: 14
    Warning (15610): No output dependent on input pin "alu_inst1[41]" File: C:/Users/dell/Desktop/GIT/Superscalar Processor Deisgn/ALL Code Files/execute_complete.vhd Line: 14
    Warning (15610): No output dependent on input pin "alu_inst1[42]" File: C:/Users/dell/Desktop/GIT/Superscalar Processor Deisgn/ALL Code Files/execute_complete.vhd Line: 14
    Warning (15610): No output dependent on input pin "alu_inst1[43]" File: C:/Users/dell/Desktop/GIT/Superscalar Processor Deisgn/ALL Code Files/execute_complete.vhd Line: 14
    Warning (15610): No output dependent on input pin "alu_inst2[0]" File: C:/Users/dell/Desktop/GIT/Superscalar Processor Deisgn/ALL Code Files/execute_complete.vhd Line: 15
    Warning (15610): No output dependent on input pin "alu_inst2[1]" File: C:/Users/dell/Desktop/GIT/Superscalar Processor Deisgn/ALL Code Files/execute_complete.vhd Line: 15
    Warning (15610): No output dependent on input pin "alu_inst2[2]" File: C:/Users/dell/Desktop/GIT/Superscalar Processor Deisgn/ALL Code Files/execute_complete.vhd Line: 15
    Warning (15610): No output dependent on input pin "alu_inst2[3]" File: C:/Users/dell/Desktop/GIT/Superscalar Processor Deisgn/ALL Code Files/execute_complete.vhd Line: 15
    Warning (15610): No output dependent on input pin "alu_inst2[4]" File: C:/Users/dell/Desktop/GIT/Superscalar Processor Deisgn/ALL Code Files/execute_complete.vhd Line: 15
    Warning (15610): No output dependent on input pin "alu_inst2[5]" File: C:/Users/dell/Desktop/GIT/Superscalar Processor Deisgn/ALL Code Files/execute_complete.vhd Line: 15
    Warning (15610): No output dependent on input pin "alu_inst2[6]" File: C:/Users/dell/Desktop/GIT/Superscalar Processor Deisgn/ALL Code Files/execute_complete.vhd Line: 15
    Warning (15610): No output dependent on input pin "alu_inst2[7]" File: C:/Users/dell/Desktop/GIT/Superscalar Processor Deisgn/ALL Code Files/execute_complete.vhd Line: 15
    Warning (15610): No output dependent on input pin "alu_inst2[8]" File: C:/Users/dell/Desktop/GIT/Superscalar Processor Deisgn/ALL Code Files/execute_complete.vhd Line: 15
    Warning (15610): No output dependent on input pin "alu_inst2[9]" File: C:/Users/dell/Desktop/GIT/Superscalar Processor Deisgn/ALL Code Files/execute_complete.vhd Line: 15
    Warning (15610): No output dependent on input pin "alu_inst2[10]" File: C:/Users/dell/Desktop/GIT/Superscalar Processor Deisgn/ALL Code Files/execute_complete.vhd Line: 15
    Warning (15610): No output dependent on input pin "alu_inst2[11]" File: C:/Users/dell/Desktop/GIT/Superscalar Processor Deisgn/ALL Code Files/execute_complete.vhd Line: 15
    Warning (15610): No output dependent on input pin "alu_inst2[12]" File: C:/Users/dell/Desktop/GIT/Superscalar Processor Deisgn/ALL Code Files/execute_complete.vhd Line: 15
    Warning (15610): No output dependent on input pin "alu_inst2[13]" File: C:/Users/dell/Desktop/GIT/Superscalar Processor Deisgn/ALL Code Files/execute_complete.vhd Line: 15
    Warning (15610): No output dependent on input pin "alu_inst2[14]" File: C:/Users/dell/Desktop/GIT/Superscalar Processor Deisgn/ALL Code Files/execute_complete.vhd Line: 15
    Warning (15610): No output dependent on input pin "alu_inst2[15]" File: C:/Users/dell/Desktop/GIT/Superscalar Processor Deisgn/ALL Code Files/execute_complete.vhd Line: 15
    Warning (15610): No output dependent on input pin "alu_inst2[16]" File: C:/Users/dell/Desktop/GIT/Superscalar Processor Deisgn/ALL Code Files/execute_complete.vhd Line: 15
    Warning (15610): No output dependent on input pin "alu_inst2[17]" File: C:/Users/dell/Desktop/GIT/Superscalar Processor Deisgn/ALL Code Files/execute_complete.vhd Line: 15
    Warning (15610): No output dependent on input pin "alu_inst2[18]" File: C:/Users/dell/Desktop/GIT/Superscalar Processor Deisgn/ALL Code Files/execute_complete.vhd Line: 15
    Warning (15610): No output dependent on input pin "alu_inst2[19]" File: C:/Users/dell/Desktop/GIT/Superscalar Processor Deisgn/ALL Code Files/execute_complete.vhd Line: 15
    Warning (15610): No output dependent on input pin "alu_inst2[20]" File: C:/Users/dell/Desktop/GIT/Superscalar Processor Deisgn/ALL Code Files/execute_complete.vhd Line: 15
    Warning (15610): No output dependent on input pin "alu_inst2[21]" File: C:/Users/dell/Desktop/GIT/Superscalar Processor Deisgn/ALL Code Files/execute_complete.vhd Line: 15
    Warning (15610): No output dependent on input pin "alu_inst2[22]" File: C:/Users/dell/Desktop/GIT/Superscalar Processor Deisgn/ALL Code Files/execute_complete.vhd Line: 15
    Warning (15610): No output dependent on input pin "alu_inst2[23]" File: C:/Users/dell/Desktop/GIT/Superscalar Processor Deisgn/ALL Code Files/execute_complete.vhd Line: 15
    Warning (15610): No output dependent on input pin "alu_inst2[24]" File: C:/Users/dell/Desktop/GIT/Superscalar Processor Deisgn/ALL Code Files/execute_complete.vhd Line: 15
    Warning (15610): No output dependent on input pin "alu_inst2[25]" File: C:/Users/dell/Desktop/GIT/Superscalar Processor Deisgn/ALL Code Files/execute_complete.vhd Line: 15
    Warning (15610): No output dependent on input pin "alu_inst2[26]" File: C:/Users/dell/Desktop/GIT/Superscalar Processor Deisgn/ALL Code Files/execute_complete.vhd Line: 15
    Warning (15610): No output dependent on input pin "alu_inst2[27]" File: C:/Users/dell/Desktop/GIT/Superscalar Processor Deisgn/ALL Code Files/execute_complete.vhd Line: 15
    Warning (15610): No output dependent on input pin "alu_inst2[28]" File: C:/Users/dell/Desktop/GIT/Superscalar Processor Deisgn/ALL Code Files/execute_complete.vhd Line: 15
    Warning (15610): No output dependent on input pin "alu_inst2[29]" File: C:/Users/dell/Desktop/GIT/Superscalar Processor Deisgn/ALL Code Files/execute_complete.vhd Line: 15
    Warning (15610): No output dependent on input pin "alu_inst2[30]" File: C:/Users/dell/Desktop/GIT/Superscalar Processor Deisgn/ALL Code Files/execute_complete.vhd Line: 15
    Warning (15610): No output dependent on input pin "alu_inst2[31]" File: C:/Users/dell/Desktop/GIT/Superscalar Processor Deisgn/ALL Code Files/execute_complete.vhd Line: 15
    Warning (15610): No output dependent on input pin "alu_inst2[32]" File: C:/Users/dell/Desktop/GIT/Superscalar Processor Deisgn/ALL Code Files/execute_complete.vhd Line: 15
    Warning (15610): No output dependent on input pin "alu_inst2[33]" File: C:/Users/dell/Desktop/GIT/Superscalar Processor Deisgn/ALL Code Files/execute_complete.vhd Line: 15
    Warning (15610): No output dependent on input pin "alu_inst2[34]" File: C:/Users/dell/Desktop/GIT/Superscalar Processor Deisgn/ALL Code Files/execute_complete.vhd Line: 15
    Warning (15610): No output dependent on input pin "alu_inst2[35]" File: C:/Users/dell/Desktop/GIT/Superscalar Processor Deisgn/ALL Code Files/execute_complete.vhd Line: 15
    Warning (15610): No output dependent on input pin "alu_inst2[36]" File: C:/Users/dell/Desktop/GIT/Superscalar Processor Deisgn/ALL Code Files/execute_complete.vhd Line: 15
    Warning (15610): No output dependent on input pin "alu_inst2[37]" File: C:/Users/dell/Desktop/GIT/Superscalar Processor Deisgn/ALL Code Files/execute_complete.vhd Line: 15
    Warning (15610): No output dependent on input pin "alu_inst2[38]" File: C:/Users/dell/Desktop/GIT/Superscalar Processor Deisgn/ALL Code Files/execute_complete.vhd Line: 15
    Warning (15610): No output dependent on input pin "alu_inst2[39]" File: C:/Users/dell/Desktop/GIT/Superscalar Processor Deisgn/ALL Code Files/execute_complete.vhd Line: 15
    Warning (15610): No output dependent on input pin "alu_inst2[40]" File: C:/Users/dell/Desktop/GIT/Superscalar Processor Deisgn/ALL Code Files/execute_complete.vhd Line: 15
    Warning (15610): No output dependent on input pin "alu_inst2[41]" File: C:/Users/dell/Desktop/GIT/Superscalar Processor Deisgn/ALL Code Files/execute_complete.vhd Line: 15
    Warning (15610): No output dependent on input pin "alu_inst2[42]" File: C:/Users/dell/Desktop/GIT/Superscalar Processor Deisgn/ALL Code Files/execute_complete.vhd Line: 15
    Warning (15610): No output dependent on input pin "alu_inst2[43]" File: C:/Users/dell/Desktop/GIT/Superscalar Processor Deisgn/ALL Code Files/execute_complete.vhd Line: 15
    Warning (15610): No output dependent on input pin "bch_inst1[0]" File: C:/Users/dell/Desktop/GIT/Superscalar Processor Deisgn/ALL Code Files/execute_complete.vhd Line: 18
    Warning (15610): No output dependent on input pin "bch_inst1[1]" File: C:/Users/dell/Desktop/GIT/Superscalar Processor Deisgn/ALL Code Files/execute_complete.vhd Line: 18
    Warning (15610): No output dependent on input pin "bch_inst1[2]" File: C:/Users/dell/Desktop/GIT/Superscalar Processor Deisgn/ALL Code Files/execute_complete.vhd Line: 18
    Warning (15610): No output dependent on input pin "bch_inst1[3]" File: C:/Users/dell/Desktop/GIT/Superscalar Processor Deisgn/ALL Code Files/execute_complete.vhd Line: 18
    Warning (15610): No output dependent on input pin "bch_inst1[4]" File: C:/Users/dell/Desktop/GIT/Superscalar Processor Deisgn/ALL Code Files/execute_complete.vhd Line: 18
    Warning (15610): No output dependent on input pin "bch_inst1[5]" File: C:/Users/dell/Desktop/GIT/Superscalar Processor Deisgn/ALL Code Files/execute_complete.vhd Line: 18
    Warning (15610): No output dependent on input pin "bch_inst1[6]" File: C:/Users/dell/Desktop/GIT/Superscalar Processor Deisgn/ALL Code Files/execute_complete.vhd Line: 18
    Warning (15610): No output dependent on input pin "bch_inst1[7]" File: C:/Users/dell/Desktop/GIT/Superscalar Processor Deisgn/ALL Code Files/execute_complete.vhd Line: 18
    Warning (15610): No output dependent on input pin "bch_inst1[8]" File: C:/Users/dell/Desktop/GIT/Superscalar Processor Deisgn/ALL Code Files/execute_complete.vhd Line: 18
    Warning (15610): No output dependent on input pin "bch_inst1[9]" File: C:/Users/dell/Desktop/GIT/Superscalar Processor Deisgn/ALL Code Files/execute_complete.vhd Line: 18
    Warning (15610): No output dependent on input pin "bch_inst1[10]" File: C:/Users/dell/Desktop/GIT/Superscalar Processor Deisgn/ALL Code Files/execute_complete.vhd Line: 18
    Warning (15610): No output dependent on input pin "bch_inst1[11]" File: C:/Users/dell/Desktop/GIT/Superscalar Processor Deisgn/ALL Code Files/execute_complete.vhd Line: 18
    Warning (15610): No output dependent on input pin "bch_inst1[12]" File: C:/Users/dell/Desktop/GIT/Superscalar Processor Deisgn/ALL Code Files/execute_complete.vhd Line: 18
    Warning (15610): No output dependent on input pin "bch_inst1[13]" File: C:/Users/dell/Desktop/GIT/Superscalar Processor Deisgn/ALL Code Files/execute_complete.vhd Line: 18
    Warning (15610): No output dependent on input pin "bch_inst1[14]" File: C:/Users/dell/Desktop/GIT/Superscalar Processor Deisgn/ALL Code Files/execute_complete.vhd Line: 18
    Warning (15610): No output dependent on input pin "bch_inst1[15]" File: C:/Users/dell/Desktop/GIT/Superscalar Processor Deisgn/ALL Code Files/execute_complete.vhd Line: 18
    Warning (15610): No output dependent on input pin "bch_inst1[16]" File: C:/Users/dell/Desktop/GIT/Superscalar Processor Deisgn/ALL Code Files/execute_complete.vhd Line: 18
    Warning (15610): No output dependent on input pin "bch_inst1[17]" File: C:/Users/dell/Desktop/GIT/Superscalar Processor Deisgn/ALL Code Files/execute_complete.vhd Line: 18
    Warning (15610): No output dependent on input pin "bch_inst1[18]" File: C:/Users/dell/Desktop/GIT/Superscalar Processor Deisgn/ALL Code Files/execute_complete.vhd Line: 18
    Warning (15610): No output dependent on input pin "bch_inst1[19]" File: C:/Users/dell/Desktop/GIT/Superscalar Processor Deisgn/ALL Code Files/execute_complete.vhd Line: 18
    Warning (15610): No output dependent on input pin "bch_inst1[20]" File: C:/Users/dell/Desktop/GIT/Superscalar Processor Deisgn/ALL Code Files/execute_complete.vhd Line: 18
    Warning (15610): No output dependent on input pin "bch_inst1[21]" File: C:/Users/dell/Desktop/GIT/Superscalar Processor Deisgn/ALL Code Files/execute_complete.vhd Line: 18
    Warning (15610): No output dependent on input pin "bch_inst1[22]" File: C:/Users/dell/Desktop/GIT/Superscalar Processor Deisgn/ALL Code Files/execute_complete.vhd Line: 18
    Warning (15610): No output dependent on input pin "bch_inst1[23]" File: C:/Users/dell/Desktop/GIT/Superscalar Processor Deisgn/ALL Code Files/execute_complete.vhd Line: 18
    Warning (15610): No output dependent on input pin "bch_inst1[24]" File: C:/Users/dell/Desktop/GIT/Superscalar Processor Deisgn/ALL Code Files/execute_complete.vhd Line: 18
    Warning (15610): No output dependent on input pin "bch_inst1[25]" File: C:/Users/dell/Desktop/GIT/Superscalar Processor Deisgn/ALL Code Files/execute_complete.vhd Line: 18
    Warning (15610): No output dependent on input pin "bch_inst1[26]" File: C:/Users/dell/Desktop/GIT/Superscalar Processor Deisgn/ALL Code Files/execute_complete.vhd Line: 18
    Warning (15610): No output dependent on input pin "bch_inst1[27]" File: C:/Users/dell/Desktop/GIT/Superscalar Processor Deisgn/ALL Code Files/execute_complete.vhd Line: 18
    Warning (15610): No output dependent on input pin "bch_inst1[28]" File: C:/Users/dell/Desktop/GIT/Superscalar Processor Deisgn/ALL Code Files/execute_complete.vhd Line: 18
    Warning (15610): No output dependent on input pin "bch_inst1[29]" File: C:/Users/dell/Desktop/GIT/Superscalar Processor Deisgn/ALL Code Files/execute_complete.vhd Line: 18
    Warning (15610): No output dependent on input pin "bch_inst1[30]" File: C:/Users/dell/Desktop/GIT/Superscalar Processor Deisgn/ALL Code Files/execute_complete.vhd Line: 18
    Warning (15610): No output dependent on input pin "bch_inst1[31]" File: C:/Users/dell/Desktop/GIT/Superscalar Processor Deisgn/ALL Code Files/execute_complete.vhd Line: 18
    Warning (15610): No output dependent on input pin "bch_inst1[32]" File: C:/Users/dell/Desktop/GIT/Superscalar Processor Deisgn/ALL Code Files/execute_complete.vhd Line: 18
    Warning (15610): No output dependent on input pin "bch_inst1[33]" File: C:/Users/dell/Desktop/GIT/Superscalar Processor Deisgn/ALL Code Files/execute_complete.vhd Line: 18
    Warning (15610): No output dependent on input pin "bch_inst1[34]" File: C:/Users/dell/Desktop/GIT/Superscalar Processor Deisgn/ALL Code Files/execute_complete.vhd Line: 18
    Warning (15610): No output dependent on input pin "bch_inst1[35]" File: C:/Users/dell/Desktop/GIT/Superscalar Processor Deisgn/ALL Code Files/execute_complete.vhd Line: 18
    Warning (15610): No output dependent on input pin "bch_inst1[36]" File: C:/Users/dell/Desktop/GIT/Superscalar Processor Deisgn/ALL Code Files/execute_complete.vhd Line: 18
    Warning (15610): No output dependent on input pin "bch_inst1[37]" File: C:/Users/dell/Desktop/GIT/Superscalar Processor Deisgn/ALL Code Files/execute_complete.vhd Line: 18
    Warning (15610): No output dependent on input pin "bch_inst1[38]" File: C:/Users/dell/Desktop/GIT/Superscalar Processor Deisgn/ALL Code Files/execute_complete.vhd Line: 18
    Warning (15610): No output dependent on input pin "bch_inst1[39]" File: C:/Users/dell/Desktop/GIT/Superscalar Processor Deisgn/ALL Code Files/execute_complete.vhd Line: 18
    Warning (15610): No output dependent on input pin "bch_inst1[40]" File: C:/Users/dell/Desktop/GIT/Superscalar Processor Deisgn/ALL Code Files/execute_complete.vhd Line: 18
    Warning (15610): No output dependent on input pin "bch_inst1[41]" File: C:/Users/dell/Desktop/GIT/Superscalar Processor Deisgn/ALL Code Files/execute_complete.vhd Line: 18
    Warning (15610): No output dependent on input pin "bch_inst1[42]" File: C:/Users/dell/Desktop/GIT/Superscalar Processor Deisgn/ALL Code Files/execute_complete.vhd Line: 18
    Warning (15610): No output dependent on input pin "bch_inst1[43]" File: C:/Users/dell/Desktop/GIT/Superscalar Processor Deisgn/ALL Code Files/execute_complete.vhd Line: 18
    Warning (15610): No output dependent on input pin "bch_inst1[44]" File: C:/Users/dell/Desktop/GIT/Superscalar Processor Deisgn/ALL Code Files/execute_complete.vhd Line: 18
    Warning (15610): No output dependent on input pin "bch_inst1[45]" File: C:/Users/dell/Desktop/GIT/Superscalar Processor Deisgn/ALL Code Files/execute_complete.vhd Line: 18
    Warning (15610): No output dependent on input pin "bch_inst1[46]" File: C:/Users/dell/Desktop/GIT/Superscalar Processor Deisgn/ALL Code Files/execute_complete.vhd Line: 18
    Warning (15610): No output dependent on input pin "bch_inst1[47]" File: C:/Users/dell/Desktop/GIT/Superscalar Processor Deisgn/ALL Code Files/execute_complete.vhd Line: 18
    Warning (15610): No output dependent on input pin "bch_inst1[48]" File: C:/Users/dell/Desktop/GIT/Superscalar Processor Deisgn/ALL Code Files/execute_complete.vhd Line: 18
    Warning (15610): No output dependent on input pin "bch_inst1[49]" File: C:/Users/dell/Desktop/GIT/Superscalar Processor Deisgn/ALL Code Files/execute_complete.vhd Line: 18
    Warning (15610): No output dependent on input pin "bch_inst1[50]" File: C:/Users/dell/Desktop/GIT/Superscalar Processor Deisgn/ALL Code Files/execute_complete.vhd Line: 18
    Warning (15610): No output dependent on input pin "bch_inst1[51]" File: C:/Users/dell/Desktop/GIT/Superscalar Processor Deisgn/ALL Code Files/execute_complete.vhd Line: 18
    Warning (15610): No output dependent on input pin "bch_inst1[52]" File: C:/Users/dell/Desktop/GIT/Superscalar Processor Deisgn/ALL Code Files/execute_complete.vhd Line: 18
    Warning (15610): No output dependent on input pin "bch_inst1[53]" File: C:/Users/dell/Desktop/GIT/Superscalar Processor Deisgn/ALL Code Files/execute_complete.vhd Line: 18
    Warning (15610): No output dependent on input pin "bch_inst1[54]" File: C:/Users/dell/Desktop/GIT/Superscalar Processor Deisgn/ALL Code Files/execute_complete.vhd Line: 18
    Warning (15610): No output dependent on input pin "bch_inst1[55]" File: C:/Users/dell/Desktop/GIT/Superscalar Processor Deisgn/ALL Code Files/execute_complete.vhd Line: 18
    Warning (15610): No output dependent on input pin "bch_inst1[56]" File: C:/Users/dell/Desktop/GIT/Superscalar Processor Deisgn/ALL Code Files/execute_complete.vhd Line: 18
    Warning (15610): No output dependent on input pin "bch_inst1[57]" File: C:/Users/dell/Desktop/GIT/Superscalar Processor Deisgn/ALL Code Files/execute_complete.vhd Line: 18
    Warning (15610): No output dependent on input pin "bch_inst1[58]" File: C:/Users/dell/Desktop/GIT/Superscalar Processor Deisgn/ALL Code Files/execute_complete.vhd Line: 18
    Warning (15610): No output dependent on input pin "lst_inst1[0]" File: C:/Users/dell/Desktop/GIT/Superscalar Processor Deisgn/ALL Code Files/execute_complete.vhd Line: 21
    Warning (15610): No output dependent on input pin "lst_inst1[1]" File: C:/Users/dell/Desktop/GIT/Superscalar Processor Deisgn/ALL Code Files/execute_complete.vhd Line: 21
    Warning (15610): No output dependent on input pin "lst_inst1[2]" File: C:/Users/dell/Desktop/GIT/Superscalar Processor Deisgn/ALL Code Files/execute_complete.vhd Line: 21
    Warning (15610): No output dependent on input pin "lst_inst1[3]" File: C:/Users/dell/Desktop/GIT/Superscalar Processor Deisgn/ALL Code Files/execute_complete.vhd Line: 21
    Warning (15610): No output dependent on input pin "lst_inst1[4]" File: C:/Users/dell/Desktop/GIT/Superscalar Processor Deisgn/ALL Code Files/execute_complete.vhd Line: 21
    Warning (15610): No output dependent on input pin "lst_inst1[5]" File: C:/Users/dell/Desktop/GIT/Superscalar Processor Deisgn/ALL Code Files/execute_complete.vhd Line: 21
    Warning (15610): No output dependent on input pin "lst_inst1[6]" File: C:/Users/dell/Desktop/GIT/Superscalar Processor Deisgn/ALL Code Files/execute_complete.vhd Line: 21
    Warning (15610): No output dependent on input pin "lst_inst1[7]" File: C:/Users/dell/Desktop/GIT/Superscalar Processor Deisgn/ALL Code Files/execute_complete.vhd Line: 21
    Warning (15610): No output dependent on input pin "lst_inst1[8]" File: C:/Users/dell/Desktop/GIT/Superscalar Processor Deisgn/ALL Code Files/execute_complete.vhd Line: 21
    Warning (15610): No output dependent on input pin "lst_inst1[9]" File: C:/Users/dell/Desktop/GIT/Superscalar Processor Deisgn/ALL Code Files/execute_complete.vhd Line: 21
    Warning (15610): No output dependent on input pin "lst_inst1[10]" File: C:/Users/dell/Desktop/GIT/Superscalar Processor Deisgn/ALL Code Files/execute_complete.vhd Line: 21
    Warning (15610): No output dependent on input pin "lst_inst1[11]" File: C:/Users/dell/Desktop/GIT/Superscalar Processor Deisgn/ALL Code Files/execute_complete.vhd Line: 21
    Warning (15610): No output dependent on input pin "lst_inst1[12]" File: C:/Users/dell/Desktop/GIT/Superscalar Processor Deisgn/ALL Code Files/execute_complete.vhd Line: 21
    Warning (15610): No output dependent on input pin "lst_inst1[13]" File: C:/Users/dell/Desktop/GIT/Superscalar Processor Deisgn/ALL Code Files/execute_complete.vhd Line: 21
    Warning (15610): No output dependent on input pin "lst_inst1[14]" File: C:/Users/dell/Desktop/GIT/Superscalar Processor Deisgn/ALL Code Files/execute_complete.vhd Line: 21
    Warning (15610): No output dependent on input pin "lst_inst1[15]" File: C:/Users/dell/Desktop/GIT/Superscalar Processor Deisgn/ALL Code Files/execute_complete.vhd Line: 21
    Warning (15610): No output dependent on input pin "lst_inst1[16]" File: C:/Users/dell/Desktop/GIT/Superscalar Processor Deisgn/ALL Code Files/execute_complete.vhd Line: 21
    Warning (15610): No output dependent on input pin "lst_inst1[17]" File: C:/Users/dell/Desktop/GIT/Superscalar Processor Deisgn/ALL Code Files/execute_complete.vhd Line: 21
    Warning (15610): No output dependent on input pin "lst_inst1[18]" File: C:/Users/dell/Desktop/GIT/Superscalar Processor Deisgn/ALL Code Files/execute_complete.vhd Line: 21
    Warning (15610): No output dependent on input pin "lst_inst1[19]" File: C:/Users/dell/Desktop/GIT/Superscalar Processor Deisgn/ALL Code Files/execute_complete.vhd Line: 21
    Warning (15610): No output dependent on input pin "lst_inst1[20]" File: C:/Users/dell/Desktop/GIT/Superscalar Processor Deisgn/ALL Code Files/execute_complete.vhd Line: 21
    Warning (15610): No output dependent on input pin "lst_inst1[21]" File: C:/Users/dell/Desktop/GIT/Superscalar Processor Deisgn/ALL Code Files/execute_complete.vhd Line: 21
    Warning (15610): No output dependent on input pin "lst_inst1[22]" File: C:/Users/dell/Desktop/GIT/Superscalar Processor Deisgn/ALL Code Files/execute_complete.vhd Line: 21
    Warning (15610): No output dependent on input pin "lst_inst1[23]" File: C:/Users/dell/Desktop/GIT/Superscalar Processor Deisgn/ALL Code Files/execute_complete.vhd Line: 21
    Warning (15610): No output dependent on input pin "lst_inst1[24]" File: C:/Users/dell/Desktop/GIT/Superscalar Processor Deisgn/ALL Code Files/execute_complete.vhd Line: 21
    Warning (15610): No output dependent on input pin "lst_inst1[25]" File: C:/Users/dell/Desktop/GIT/Superscalar Processor Deisgn/ALL Code Files/execute_complete.vhd Line: 21
    Warning (15610): No output dependent on input pin "lst_inst1[26]" File: C:/Users/dell/Desktop/GIT/Superscalar Processor Deisgn/ALL Code Files/execute_complete.vhd Line: 21
    Warning (15610): No output dependent on input pin "lst_inst1[27]" File: C:/Users/dell/Desktop/GIT/Superscalar Processor Deisgn/ALL Code Files/execute_complete.vhd Line: 21
    Warning (15610): No output dependent on input pin "lst_inst1[28]" File: C:/Users/dell/Desktop/GIT/Superscalar Processor Deisgn/ALL Code Files/execute_complete.vhd Line: 21
    Warning (15610): No output dependent on input pin "lst_inst1[29]" File: C:/Users/dell/Desktop/GIT/Superscalar Processor Deisgn/ALL Code Files/execute_complete.vhd Line: 21
    Warning (15610): No output dependent on input pin "lst_inst1[30]" File: C:/Users/dell/Desktop/GIT/Superscalar Processor Deisgn/ALL Code Files/execute_complete.vhd Line: 21
    Warning (15610): No output dependent on input pin "lst_inst1[31]" File: C:/Users/dell/Desktop/GIT/Superscalar Processor Deisgn/ALL Code Files/execute_complete.vhd Line: 21
    Warning (15610): No output dependent on input pin "lst_inst1[32]" File: C:/Users/dell/Desktop/GIT/Superscalar Processor Deisgn/ALL Code Files/execute_complete.vhd Line: 21
    Warning (15610): No output dependent on input pin "lst_inst1[33]" File: C:/Users/dell/Desktop/GIT/Superscalar Processor Deisgn/ALL Code Files/execute_complete.vhd Line: 21
    Warning (15610): No output dependent on input pin "lst_inst1[34]" File: C:/Users/dell/Desktop/GIT/Superscalar Processor Deisgn/ALL Code Files/execute_complete.vhd Line: 21
    Warning (15610): No output dependent on input pin "lst_inst1[35]" File: C:/Users/dell/Desktop/GIT/Superscalar Processor Deisgn/ALL Code Files/execute_complete.vhd Line: 21
    Warning (15610): No output dependent on input pin "lst_inst1[36]" File: C:/Users/dell/Desktop/GIT/Superscalar Processor Deisgn/ALL Code Files/execute_complete.vhd Line: 21
    Warning (15610): No output dependent on input pin "lst_inst1[37]" File: C:/Users/dell/Desktop/GIT/Superscalar Processor Deisgn/ALL Code Files/execute_complete.vhd Line: 21
    Warning (15610): No output dependent on input pin "lst_inst1[38]" File: C:/Users/dell/Desktop/GIT/Superscalar Processor Deisgn/ALL Code Files/execute_complete.vhd Line: 21
    Warning (15610): No output dependent on input pin "lst_inst1[39]" File: C:/Users/dell/Desktop/GIT/Superscalar Processor Deisgn/ALL Code Files/execute_complete.vhd Line: 21
    Warning (15610): No output dependent on input pin "lst_inst1[40]" File: C:/Users/dell/Desktop/GIT/Superscalar Processor Deisgn/ALL Code Files/execute_complete.vhd Line: 21
    Warning (15610): No output dependent on input pin "lst_inst1[41]" File: C:/Users/dell/Desktop/GIT/Superscalar Processor Deisgn/ALL Code Files/execute_complete.vhd Line: 21
    Warning (15610): No output dependent on input pin "lst_inst1[42]" File: C:/Users/dell/Desktop/GIT/Superscalar Processor Deisgn/ALL Code Files/execute_complete.vhd Line: 21
    Warning (15610): No output dependent on input pin "lst_inst2[0]" File: C:/Users/dell/Desktop/GIT/Superscalar Processor Deisgn/ALL Code Files/execute_complete.vhd Line: 22
    Warning (15610): No output dependent on input pin "lst_inst2[1]" File: C:/Users/dell/Desktop/GIT/Superscalar Processor Deisgn/ALL Code Files/execute_complete.vhd Line: 22
    Warning (15610): No output dependent on input pin "lst_inst2[2]" File: C:/Users/dell/Desktop/GIT/Superscalar Processor Deisgn/ALL Code Files/execute_complete.vhd Line: 22
    Warning (15610): No output dependent on input pin "lst_inst2[3]" File: C:/Users/dell/Desktop/GIT/Superscalar Processor Deisgn/ALL Code Files/execute_complete.vhd Line: 22
    Warning (15610): No output dependent on input pin "lst_inst2[4]" File: C:/Users/dell/Desktop/GIT/Superscalar Processor Deisgn/ALL Code Files/execute_complete.vhd Line: 22
    Warning (15610): No output dependent on input pin "lst_inst2[5]" File: C:/Users/dell/Desktop/GIT/Superscalar Processor Deisgn/ALL Code Files/execute_complete.vhd Line: 22
    Warning (15610): No output dependent on input pin "lst_inst2[6]" File: C:/Users/dell/Desktop/GIT/Superscalar Processor Deisgn/ALL Code Files/execute_complete.vhd Line: 22
    Warning (15610): No output dependent on input pin "lst_inst2[7]" File: C:/Users/dell/Desktop/GIT/Superscalar Processor Deisgn/ALL Code Files/execute_complete.vhd Line: 22
    Warning (15610): No output dependent on input pin "lst_inst2[8]" File: C:/Users/dell/Desktop/GIT/Superscalar Processor Deisgn/ALL Code Files/execute_complete.vhd Line: 22
    Warning (15610): No output dependent on input pin "lst_inst2[9]" File: C:/Users/dell/Desktop/GIT/Superscalar Processor Deisgn/ALL Code Files/execute_complete.vhd Line: 22
    Warning (15610): No output dependent on input pin "lst_inst2[10]" File: C:/Users/dell/Desktop/GIT/Superscalar Processor Deisgn/ALL Code Files/execute_complete.vhd Line: 22
    Warning (15610): No output dependent on input pin "lst_inst2[11]" File: C:/Users/dell/Desktop/GIT/Superscalar Processor Deisgn/ALL Code Files/execute_complete.vhd Line: 22
    Warning (15610): No output dependent on input pin "lst_inst2[12]" File: C:/Users/dell/Desktop/GIT/Superscalar Processor Deisgn/ALL Code Files/execute_complete.vhd Line: 22
    Warning (15610): No output dependent on input pin "lst_inst2[13]" File: C:/Users/dell/Desktop/GIT/Superscalar Processor Deisgn/ALL Code Files/execute_complete.vhd Line: 22
    Warning (15610): No output dependent on input pin "lst_inst2[14]" File: C:/Users/dell/Desktop/GIT/Superscalar Processor Deisgn/ALL Code Files/execute_complete.vhd Line: 22
    Warning (15610): No output dependent on input pin "lst_inst2[15]" File: C:/Users/dell/Desktop/GIT/Superscalar Processor Deisgn/ALL Code Files/execute_complete.vhd Line: 22
    Warning (15610): No output dependent on input pin "lst_inst2[16]" File: C:/Users/dell/Desktop/GIT/Superscalar Processor Deisgn/ALL Code Files/execute_complete.vhd Line: 22
    Warning (15610): No output dependent on input pin "lst_inst2[17]" File: C:/Users/dell/Desktop/GIT/Superscalar Processor Deisgn/ALL Code Files/execute_complete.vhd Line: 22
    Warning (15610): No output dependent on input pin "lst_inst2[18]" File: C:/Users/dell/Desktop/GIT/Superscalar Processor Deisgn/ALL Code Files/execute_complete.vhd Line: 22
    Warning (15610): No output dependent on input pin "lst_inst2[19]" File: C:/Users/dell/Desktop/GIT/Superscalar Processor Deisgn/ALL Code Files/execute_complete.vhd Line: 22
    Warning (15610): No output dependent on input pin "lst_inst2[20]" File: C:/Users/dell/Desktop/GIT/Superscalar Processor Deisgn/ALL Code Files/execute_complete.vhd Line: 22
    Warning (15610): No output dependent on input pin "lst_inst2[21]" File: C:/Users/dell/Desktop/GIT/Superscalar Processor Deisgn/ALL Code Files/execute_complete.vhd Line: 22
    Warning (15610): No output dependent on input pin "lst_inst2[22]" File: C:/Users/dell/Desktop/GIT/Superscalar Processor Deisgn/ALL Code Files/execute_complete.vhd Line: 22
    Warning (15610): No output dependent on input pin "lst_inst2[23]" File: C:/Users/dell/Desktop/GIT/Superscalar Processor Deisgn/ALL Code Files/execute_complete.vhd Line: 22
    Warning (15610): No output dependent on input pin "lst_inst2[24]" File: C:/Users/dell/Desktop/GIT/Superscalar Processor Deisgn/ALL Code Files/execute_complete.vhd Line: 22
    Warning (15610): No output dependent on input pin "lst_inst2[25]" File: C:/Users/dell/Desktop/GIT/Superscalar Processor Deisgn/ALL Code Files/execute_complete.vhd Line: 22
    Warning (15610): No output dependent on input pin "lst_inst2[26]" File: C:/Users/dell/Desktop/GIT/Superscalar Processor Deisgn/ALL Code Files/execute_complete.vhd Line: 22
    Warning (15610): No output dependent on input pin "lst_inst2[27]" File: C:/Users/dell/Desktop/GIT/Superscalar Processor Deisgn/ALL Code Files/execute_complete.vhd Line: 22
    Warning (15610): No output dependent on input pin "lst_inst2[28]" File: C:/Users/dell/Desktop/GIT/Superscalar Processor Deisgn/ALL Code Files/execute_complete.vhd Line: 22
    Warning (15610): No output dependent on input pin "lst_inst2[29]" File: C:/Users/dell/Desktop/GIT/Superscalar Processor Deisgn/ALL Code Files/execute_complete.vhd Line: 22
    Warning (15610): No output dependent on input pin "lst_inst2[30]" File: C:/Users/dell/Desktop/GIT/Superscalar Processor Deisgn/ALL Code Files/execute_complete.vhd Line: 22
    Warning (15610): No output dependent on input pin "lst_inst2[31]" File: C:/Users/dell/Desktop/GIT/Superscalar Processor Deisgn/ALL Code Files/execute_complete.vhd Line: 22
    Warning (15610): No output dependent on input pin "lst_inst2[32]" File: C:/Users/dell/Desktop/GIT/Superscalar Processor Deisgn/ALL Code Files/execute_complete.vhd Line: 22
    Warning (15610): No output dependent on input pin "lst_inst2[33]" File: C:/Users/dell/Desktop/GIT/Superscalar Processor Deisgn/ALL Code Files/execute_complete.vhd Line: 22
    Warning (15610): No output dependent on input pin "lst_inst2[34]" File: C:/Users/dell/Desktop/GIT/Superscalar Processor Deisgn/ALL Code Files/execute_complete.vhd Line: 22
    Warning (15610): No output dependent on input pin "lst_inst2[35]" File: C:/Users/dell/Desktop/GIT/Superscalar Processor Deisgn/ALL Code Files/execute_complete.vhd Line: 22
    Warning (15610): No output dependent on input pin "lst_inst2[36]" File: C:/Users/dell/Desktop/GIT/Superscalar Processor Deisgn/ALL Code Files/execute_complete.vhd Line: 22
    Warning (15610): No output dependent on input pin "lst_inst2[37]" File: C:/Users/dell/Desktop/GIT/Superscalar Processor Deisgn/ALL Code Files/execute_complete.vhd Line: 22
    Warning (15610): No output dependent on input pin "lst_inst2[38]" File: C:/Users/dell/Desktop/GIT/Superscalar Processor Deisgn/ALL Code Files/execute_complete.vhd Line: 22
    Warning (15610): No output dependent on input pin "lst_inst2[39]" File: C:/Users/dell/Desktop/GIT/Superscalar Processor Deisgn/ALL Code Files/execute_complete.vhd Line: 22
    Warning (15610): No output dependent on input pin "lst_inst2[40]" File: C:/Users/dell/Desktop/GIT/Superscalar Processor Deisgn/ALL Code Files/execute_complete.vhd Line: 22
    Warning (15610): No output dependent on input pin "lst_inst2[41]" File: C:/Users/dell/Desktop/GIT/Superscalar Processor Deisgn/ALL Code Files/execute_complete.vhd Line: 22
    Warning (15610): No output dependent on input pin "lst_inst2[42]" File: C:/Users/dell/Desktop/GIT/Superscalar Processor Deisgn/ALL Code Files/execute_complete.vhd Line: 22
Info (21057): Implemented 345 device resources after synthesis - the final resource count might be different
    Info (21058): Implemented 235 input pins
    Info (21059): Implemented 110 output pins
Info: Quartus Prime Analysis & Synthesis was successful. 0 errors, 351 warnings
    Info: Peak virtual memory: 683 megabytes
    Info: Processing ended: Thu Jun 01 18:56:26 2017
    Info: Elapsed time: 00:00:17
    Info: Total CPU time (on all processors): 00:00:36


