Assembler report for para_final
Sun Jun 04 07:17:36 2017
Quartus Prime Version 17.0.0 Build 595 04/25/2017 SJ Lite Edition


---------------------
; Table of Contents ;
---------------------
  1. Legal Notice
  2. Assembler Summary
  3. Assembler Settings
  4. Assembler Generated Files
  5. Assembler Device Options: C:/Users/dell/Desktop/GIT/Superscalar Processor Deisgn/RS+Ex + (F+D+RF)/output_files/para_final.sof
  6. Assembler Messages



----------------
; Legal Notice ;
----------------
Copyright (C) 2017  Intel Corporation. All rights reserved.
Your use of Intel Corporation's design tools, logic functions 
and other software and tools, and its AMPP partner logic 
functions, and any output files from any of the foregoing 
(including device programming or simulation files), and any 
associated documentation or information are expressly subject 
to the terms and conditions of the Intel Program License 
Subscription Agreement, the Intel Quartus Prime License Agreement,
the Intel MegaCore Function License Agreement, or other 
applicable license agreement, including, without limitation, 
that your use is for the sole purpose of programming logic 
devices manufactured by Intel and sold by Intel or its 
authorized distributors.  Please refer to the applicable 
agreement for further details.



+---------------------------------------------------------------+
; Assembler Summary                                             ;
+-----------------------+---------------------------------------+
; Assembler Status      ; Successful - Sun Jun 04 07:17:36 2017 ;
; Revision Name         ; para_final                            ;
; Top-level Entity Name ; para_final                            ;
; Family                ; Cyclone IV E                          ;
; Device                ; EP4CE6F17C6                           ;
+-----------------------+---------------------------------------+


+----------------------------------+
; Assembler Settings               ;
+--------+---------+---------------+
; Option ; Setting ; Default Value ;
+--------+---------+---------------+


+-----------------------------------------------------------------------------------------------------+
; Assembler Generated Files                                                                           ;
+-----------------------------------------------------------------------------------------------------+
; File Name                                                                                           ;
+-----------------------------------------------------------------------------------------------------+
; C:/Users/dell/Desktop/GIT/Superscalar Processor Deisgn/RS+Ex + (F+D+RF)/output_files/para_final.sof ;
+-----------------------------------------------------------------------------------------------------+


+-------------------------------------------------------------------------------------------------------------------------------+
; Assembler Device Options: C:/Users/dell/Desktop/GIT/Superscalar Processor Deisgn/RS+Ex + (F+D+RF)/output_files/para_final.sof ;
+----------------+--------------------------------------------------------------------------------------------------------------+
; Option         ; Setting                                                                                                      ;
+----------------+--------------------------------------------------------------------------------------------------------------+
; JTAG usercode  ; 0x00089F05                                                                                                   ;
; Checksum       ; 0x00089F05                                                                                                   ;
+----------------+--------------------------------------------------------------------------------------------------------------+


+--------------------+
; Assembler Messages ;
+--------------------+
Info: *******************************************************************
Info: Running Quartus Prime Assembler
    Info: Version 17.0.0 Build 595 04/25/2017 SJ Lite Edition
    Info: Processing started: Sun Jun 04 07:17:35 2017
Info: Command: quartus_asm --read_settings_files=off --write_settings_files=off para_final -c para_final
Info (115031): Writing out detailed assembly data for power analysis
Info (115030): Assembler is generating device programming files
Info: Quartus Prime Assembler was successful. 0 errors, 0 warnings
    Info: Peak virtual memory: 562 megabytes
    Info: Processing ended: Sun Jun 04 07:17:36 2017
    Info: Elapsed time: 00:00:01
    Info: Total CPU time (on all processors): 00:00:01


