Analysis & Synthesis report for ARF
Wed Apr 26 14:31:32 2017
Quartus Prime Version 16.1.0 Build 196 10/24/2016 SJ Lite Edition


---------------------
; Table of Contents ;
---------------------
  1. Legal Notice
  2. Analysis & Synthesis Summary
  3. Analysis & Synthesis Settings
  4. Parallel Compilation
  5. Analysis & Synthesis Source Files Read
  6. Analysis & Synthesis Resource Usage Summary
  7. Analysis & Synthesis Resource Utilization by Entity
  8. Registers Removed During Synthesis
  9. General Register Statistics
 10. Parameter Settings for User Entity Instance: registers:\GEN_REG:0:REGX
 11. Parameter Settings for User Entity Instance: registers:\GEN_REG:0:VALD
 12. Parameter Settings for User Entity Instance: registers:\GEN_REG:1:REGX
 13. Parameter Settings for User Entity Instance: registers:\GEN_REG:1:VALD
 14. Parameter Settings for User Entity Instance: registers:\GEN_REG:2:REGX
 15. Parameter Settings for User Entity Instance: registers:\GEN_REG:2:VALD
 16. Parameter Settings for User Entity Instance: registers:\GEN_REG:3:REGX
 17. Parameter Settings for User Entity Instance: registers:\GEN_REG:3:VALD
 18. Parameter Settings for User Entity Instance: registers:\GEN_REG:4:REGX
 19. Parameter Settings for User Entity Instance: registers:\GEN_REG:4:VALD
 20. Parameter Settings for User Entity Instance: registers:\GEN_REG:5:REGX
 21. Parameter Settings for User Entity Instance: registers:\GEN_REG:5:VALD
 22. Parameter Settings for User Entity Instance: registers:\GEN_REG:6:REGX
 23. Parameter Settings for User Entity Instance: registers:\GEN_REG:6:VALD
 24. Parameter Settings for User Entity Instance: registers:\GEN_REG:7:REGX
 25. Parameter Settings for User Entity Instance: registers:\GEN_REG:7:VALD
 26. Parameter Settings for User Entity Instance: multiplexer:mux1
 27. Parameter Settings for User Entity Instance: multiplexer:mux2
 28. Parameter Settings for User Entity Instance: multiplexer:mux3
 29. Parameter Settings for User Entity Instance: multiplexer:mux4
 30. Port Connectivity Checks: "registers:\GEN_REG:7:REGX"
 31. Port Connectivity Checks: "registers:\GEN_REG:6:REGX"
 32. Port Connectivity Checks: "registers:\GEN_REG:5:REGX"
 33. Port Connectivity Checks: "registers:\GEN_REG:4:REGX"
 34. Port Connectivity Checks: "registers:\GEN_REG:3:REGX"
 35. Port Connectivity Checks: "registers:\GEN_REG:2:REGX"
 36. Port Connectivity Checks: "registers:\GEN_REG:1:REGX"
 37. Port Connectivity Checks: "registers:\GEN_REG:0:REGX"
 38. Post-Synthesis Netlist Statistics for Top Partition
 39. Elapsed Time Per Partition
 40. Analysis & Synthesis Messages



----------------
; Legal Notice ;
----------------
Copyright (C) 2016  Intel Corporation. All rights reserved.
Your use of Intel Corporation's design tools, logic functions 
and other software and tools, and its AMPP partner logic 
functions, and any output files from any of the foregoing 
(including device programming or simulation files), and any 
associated documentation or information are expressly subject 
to the terms and conditions of the Intel Program License 
Subscription Agreement, the Intel Quartus Prime License Agreement,
the Intel MegaCore Function License Agreement, or other 
applicable license agreement, including, without limitation, 
that your use is for the sole purpose of programming logic 
devices manufactured by Intel and sold by Intel or its 
authorized distributors.  Please refer to the applicable 
agreement for further details.



+----------------------------------------------------------------------------------+
; Analysis & Synthesis Summary                                                     ;
+------------------------------------+---------------------------------------------+
; Analysis & Synthesis Status        ; Successful - Wed Apr 26 14:31:32 2017       ;
; Quartus Prime Version              ; 16.1.0 Build 196 10/24/2016 SJ Lite Edition ;
; Revision Name                      ; ARF                                         ;
; Top-level Entity Name              ; ARF                                         ;
; Family                             ; Cyclone IV E                                ;
; Total logic elements               ; 16                                          ;
;     Total combinational functions  ; 8                                           ;
;     Dedicated logic registers      ; 16                                          ;
; Total registers                    ; 16                                          ;
; Total pins                         ; 182                                         ;
; Total virtual pins                 ; 0                                           ;
; Total memory bits                  ; 0                                           ;
; Embedded Multiplier 9-bit elements ; 0                                           ;
; Total PLLs                         ; 0                                           ;
+------------------------------------+---------------------------------------------+


+----------------------------------------------------------------------------------------------------------------------+
; Analysis & Synthesis Settings                                                                                        ;
+----------------------------------------------------------------------------+--------------------+--------------------+
; Option                                                                     ; Setting            ; Default Value      ;
+----------------------------------------------------------------------------+--------------------+--------------------+
; Top-level entity name                                                      ; ARF                ; ARF                ;
; Family name                                                                ; Cyclone IV E       ; Cyclone V          ;
; Maximum processors allowed for parallel compilation                        ; 2                  ;                    ;
; VHDL Show LMF Mapping Messages                                             ; Off                ;                    ;
; VHDL Version                                                               ; VHDL_2008          ; VHDL_1993          ;
; Use smart compilation                                                      ; Off                ; Off                ;
; Enable parallel Assembler and TimeQuest Timing Analyzer during compilation ; On                 ; On                 ;
; Enable compact report table                                                ; Off                ; Off                ;
; Restructure Multiplexers                                                   ; Auto               ; Auto               ;
; Create Debugging Nodes for IP Cores                                        ; Off                ; Off                ;
; Preserve fewer node names                                                  ; On                 ; On                 ;
; OpenCore Plus hardware evaluation                                          ; Enable             ; Enable             ;
; Verilog Version                                                            ; Verilog_2001       ; Verilog_2001       ;
; State Machine Processing                                                   ; Auto               ; Auto               ;
; Safe State Machine                                                         ; Off                ; Off                ;
; Extract Verilog State Machines                                             ; On                 ; On                 ;
; Extract VHDL State Machines                                                ; On                 ; On                 ;
; Ignore Verilog initial constructs                                          ; Off                ; Off                ;
; Iteration limit for constant Verilog loops                                 ; 5000               ; 5000               ;
; Iteration limit for non-constant Verilog loops                             ; 250                ; 250                ;
; Add Pass-Through Logic to Inferred RAMs                                    ; On                 ; On                 ;
; Infer RAMs from Raw Logic                                                  ; On                 ; On                 ;
; Parallel Synthesis                                                         ; On                 ; On                 ;
; DSP Block Balancing                                                        ; Auto               ; Auto               ;
; NOT Gate Push-Back                                                         ; On                 ; On                 ;
; Power-Up Don't Care                                                        ; On                 ; On                 ;
; Remove Redundant Logic Cells                                               ; Off                ; Off                ;
; Remove Duplicate Registers                                                 ; On                 ; On                 ;
; Ignore CARRY Buffers                                                       ; Off                ; Off                ;
; Ignore CASCADE Buffers                                                     ; Off                ; Off                ;
; Ignore GLOBAL Buffers                                                      ; Off                ; Off                ;
; Ignore ROW GLOBAL Buffers                                                  ; Off                ; Off                ;
; Ignore LCELL Buffers                                                       ; Off                ; Off                ;
; Ignore SOFT Buffers                                                        ; On                 ; On                 ;
; Limit AHDL Integers to 32 Bits                                             ; Off                ; Off                ;
; Optimization Technique                                                     ; Balanced           ; Balanced           ;
; Carry Chain Length                                                         ; 70                 ; 70                 ;
; Auto Carry Chains                                                          ; On                 ; On                 ;
; Auto Open-Drain Pins                                                       ; On                 ; On                 ;
; Perform WYSIWYG Primitive Resynthesis                                      ; Off                ; Off                ;
; Auto ROM Replacement                                                       ; On                 ; On                 ;
; Auto RAM Replacement                                                       ; On                 ; On                 ;
; Auto DSP Block Replacement                                                 ; On                 ; On                 ;
; Auto Shift Register Replacement                                            ; Auto               ; Auto               ;
; Allow Shift Register Merging across Hierarchies                            ; Auto               ; Auto               ;
; Auto Clock Enable Replacement                                              ; On                 ; On                 ;
; Strict RAM Replacement                                                     ; Off                ; Off                ;
; Allow Synchronous Control Signals                                          ; On                 ; On                 ;
; Force Use of Synchronous Clear Signals                                     ; Off                ; Off                ;
; Auto RAM Block Balancing                                                   ; On                 ; On                 ;
; Auto RAM to Logic Cell Conversion                                          ; Off                ; Off                ;
; Auto Resource Sharing                                                      ; Off                ; Off                ;
; Allow Any RAM Size For Recognition                                         ; Off                ; Off                ;
; Allow Any ROM Size For Recognition                                         ; Off                ; Off                ;
; Allow Any Shift Register Size For Recognition                              ; Off                ; Off                ;
; Use LogicLock Constraints during Resource Balancing                        ; On                 ; On                 ;
; Ignore translate_off and synthesis_off directives                          ; Off                ; Off                ;
; Timing-Driven Synthesis                                                    ; On                 ; On                 ;
; Report Parameter Settings                                                  ; On                 ; On                 ;
; Report Source Assignments                                                  ; On                 ; On                 ;
; Report Connectivity Checks                                                 ; On                 ; On                 ;
; Ignore Maximum Fan-Out Assignments                                         ; Off                ; Off                ;
; Synchronization Register Chain Length                                      ; 2                  ; 2                  ;
; PowerPlay Power Optimization During Synthesis                              ; Normal compilation ; Normal compilation ;
; HDL message level                                                          ; Level2             ; Level2             ;
; Suppress Register Optimization Related Messages                            ; Off                ; Off                ;
; Number of Removed Registers Reported in Synthesis Report                   ; 5000               ; 5000               ;
; Number of Swept Nodes Reported in Synthesis Report                         ; 5000               ; 5000               ;
; Number of Inverted Registers Reported in Synthesis Report                  ; 100                ; 100                ;
; Clock MUX Protection                                                       ; On                 ; On                 ;
; Auto Gated Clock Conversion                                                ; Off                ; Off                ;
; Block Design Naming                                                        ; Auto               ; Auto               ;
; SDC constraint protection                                                  ; Off                ; Off                ;
; Synthesis Effort                                                           ; Auto               ; Auto               ;
; Shift Register Replacement - Allow Asynchronous Clear Signal               ; On                 ; On                 ;
; Pre-Mapping Resynthesis Optimization                                       ; Off                ; Off                ;
; Analysis & Synthesis Message Level                                         ; Medium             ; Medium             ;
; Disable Register Merging Across Hierarchies                                ; Auto               ; Auto               ;
; Resource Aware Inference For Block RAM                                     ; On                 ; On                 ;
+----------------------------------------------------------------------------+--------------------+--------------------+


+------------------------------------------+
; Parallel Compilation                     ;
+----------------------------+-------------+
; Processors                 ; Number      ;
+----------------------------+-------------+
; Number detected on machine ; 4           ;
; Maximum allowed            ; 2           ;
;                            ;             ;
; Average used               ; 1.00        ;
; Maximum used               ; 2           ;
;                            ;             ;
; Usage by Processor         ; % Time Used ;
;     Processor 1            ; 100.0%      ;
;     Processor 2            ;   0.0%      ;
+----------------------------+-------------+


+--------------------------------------------------------------------------------------------------------------------------------------+
; Analysis & Synthesis Source Files Read                                                                                               ;
+----------------------------------+-----------------+-----------------+-----------------------------------------------------+---------+
; File Name with User-Entered Path ; Used in Netlist ; File Type       ; File Name with Absolute Path                        ; Library ;
+----------------------------------+-----------------+-----------------+-----------------------------------------------------+---------+
; ../ALL Code Files/components.vhd ; yes             ; User VHDL File  ; C:/Users/dell/Desktop/ALL Code Files/components.vhd ;         ;
; ../ALL Code Files/ARF.vhd        ; yes             ; User VHDL File  ; C:/Users/dell/Desktop/ALL Code Files/ARF.vhd        ;         ;
; ../DECODE/multiplexer.vhd        ; yes             ; User VHDL File  ; C:/Users/dell/Desktop/DECODE/multiplexer.vhd        ;         ;
; ../FETCH/registers.vhd           ; yes             ; User VHDL File  ; C:/Users/dell/Desktop/FETCH/registers.vhd           ;         ;
+----------------------------------+-----------------+-----------------+-----------------------------------------------------+---------+


+---------------------------------------------------------+
; Analysis & Synthesis Resource Usage Summary             ;
+---------------------------------------------+-----------+
; Resource                                    ; Usage     ;
+---------------------------------------------+-----------+
; Estimated Total logic elements              ; 16        ;
;                                             ;           ;
; Total combinational functions               ; 8         ;
; Logic element usage by number of LUT inputs ;           ;
;     -- 4 input functions                    ; 8         ;
;     -- 3 input functions                    ; 0         ;
;     -- <=2 input functions                  ; 0         ;
;                                             ;           ;
; Logic elements by mode                      ;           ;
;     -- normal mode                          ; 8         ;
;     -- arithmetic mode                      ; 0         ;
;                                             ;           ;
; Total registers                             ; 16        ;
;     -- Dedicated logic registers            ; 16        ;
;     -- I/O registers                        ; 0         ;
;                                             ;           ;
; I/O pins                                    ; 182       ;
;                                             ;           ;
; Embedded Multiplier 9-bit elements          ; 0         ;
;                                             ;           ;
; Maximum fan-out node                        ; clk~input ;
; Maximum fan-out                             ; 16        ;
; Total fan-out                               ; 254       ;
; Average fan-out                             ; 0.65      ;
+---------------------------------------------+-----------+


+-------------------------------------------------------------------------------------------------------------------------------------------------------------------------------------------------------------------------+
; Analysis & Synthesis Resource Utilization by Entity                                                                                                                                                                     ;
+--------------------------------+---------------------+---------------------------+-------------+--------------+---------+-----------+------+--------------+--------------------------------+-------------+--------------+
; Compilation Hierarchy Node     ; Combinational ALUTs ; Dedicated Logic Registers ; Memory Bits ; DSP Elements ; DSP 9x9 ; DSP 18x18 ; Pins ; Virtual Pins ; Full Hierarchy Name            ; Entity Name ; Library Name ;
+--------------------------------+---------------------+---------------------------+-------------+--------------+---------+-----------+------+--------------+--------------------------------+-------------+--------------+
; |ARF                           ; 8 (0)               ; 16 (0)                    ; 0           ; 0            ; 0       ; 0         ; 182  ; 0            ; |ARF                           ; ARF         ; work         ;
;    |registers:\GEN_REG:0:VALD| ; 1 (1)               ; 2 (2)                     ; 0           ; 0            ; 0       ; 0         ; 0    ; 0            ; |ARF|registers:\GEN_REG:0:VALD ; registers   ; work         ;
;    |registers:\GEN_REG:1:VALD| ; 1 (1)               ; 2 (2)                     ; 0           ; 0            ; 0       ; 0         ; 0    ; 0            ; |ARF|registers:\GEN_REG:1:VALD ; registers   ; work         ;
;    |registers:\GEN_REG:2:VALD| ; 1 (1)               ; 2 (2)                     ; 0           ; 0            ; 0       ; 0         ; 0    ; 0            ; |ARF|registers:\GEN_REG:2:VALD ; registers   ; work         ;
;    |registers:\GEN_REG:3:VALD| ; 1 (1)               ; 2 (2)                     ; 0           ; 0            ; 0       ; 0         ; 0    ; 0            ; |ARF|registers:\GEN_REG:3:VALD ; registers   ; work         ;
;    |registers:\GEN_REG:4:VALD| ; 1 (1)               ; 2 (2)                     ; 0           ; 0            ; 0       ; 0         ; 0    ; 0            ; |ARF|registers:\GEN_REG:4:VALD ; registers   ; work         ;
;    |registers:\GEN_REG:5:VALD| ; 1 (1)               ; 2 (2)                     ; 0           ; 0            ; 0       ; 0         ; 0    ; 0            ; |ARF|registers:\GEN_REG:5:VALD ; registers   ; work         ;
;    |registers:\GEN_REG:6:VALD| ; 1 (1)               ; 2 (2)                     ; 0           ; 0            ; 0       ; 0         ; 0    ; 0            ; |ARF|registers:\GEN_REG:6:VALD ; registers   ; work         ;
;    |registers:\GEN_REG:7:VALD| ; 1 (1)               ; 2 (2)                     ; 0           ; 0            ; 0       ; 0         ; 0    ; 0            ; |ARF|registers:\GEN_REG:7:VALD ; registers   ; work         ;
+--------------------------------+---------------------+---------------------------+-------------+--------------+---------+-----------+------+--------------+--------------------------------+-------------+--------------+
Note: For table entries with two numbers listed, the numbers in parentheses indicate the number of resources of the given type used by the specific entity alone. The numbers listed outside of parentheses indicate the total resources of the given type used by the specific entity and all of its sub-entities in the hierarchy.


+-----------------------------------------------------------------------------------------+
; Registers Removed During Synthesis                                                      ;
+-----------------------------------------+-----------------------------------------------+
; Register name                           ; Reason for Removal                            ;
+-----------------------------------------+-----------------------------------------------+
; registers:\GEN_REG:0:REGX|data[1..15]   ; Merged with registers:\GEN_REG:0:REGX|data[0] ;
; registers:\GEN_REG:0:REGX|output[0..15] ; Merged with registers:\GEN_REG:0:REGX|data[0] ;
; registers:\GEN_REG:1:REGX|data[0..15]   ; Merged with registers:\GEN_REG:0:REGX|data[0] ;
; registers:\GEN_REG:1:REGX|output[0..15] ; Merged with registers:\GEN_REG:0:REGX|data[0] ;
; registers:\GEN_REG:2:REGX|data[0..15]   ; Merged with registers:\GEN_REG:0:REGX|data[0] ;
; registers:\GEN_REG:2:REGX|output[0..15] ; Merged with registers:\GEN_REG:0:REGX|data[0] ;
; registers:\GEN_REG:3:REGX|data[0..15]   ; Merged with registers:\GEN_REG:0:REGX|data[0] ;
; registers:\GEN_REG:3:REGX|output[0..15] ; Merged with registers:\GEN_REG:0:REGX|data[0] ;
; registers:\GEN_REG:4:REGX|data[0..15]   ; Merged with registers:\GEN_REG:0:REGX|data[0] ;
; registers:\GEN_REG:4:REGX|output[0..15] ; Merged with registers:\GEN_REG:0:REGX|data[0] ;
; registers:\GEN_REG:5:REGX|data[0..15]   ; Merged with registers:\GEN_REG:0:REGX|data[0] ;
; registers:\GEN_REG:5:REGX|output[0..15] ; Merged with registers:\GEN_REG:0:REGX|data[0] ;
; registers:\GEN_REG:6:REGX|data[0..15]   ; Merged with registers:\GEN_REG:0:REGX|data[0] ;
; registers:\GEN_REG:6:REGX|output[0..15] ; Merged with registers:\GEN_REG:0:REGX|data[0] ;
; registers:\GEN_REG:7:REGX|data[0..15]   ; Merged with registers:\GEN_REG:0:REGX|data[0] ;
; registers:\GEN_REG:7:REGX|output[0..15] ; Merged with registers:\GEN_REG:0:REGX|data[0] ;
; registers:\GEN_REG:0:REGX|data[0]       ; Stuck at GND due to stuck port data_in        ;
; Total Number of Removed Registers = 256 ;                                               ;
+-----------------------------------------+-----------------------------------------------+


+------------------------------------------------------+
; General Register Statistics                          ;
+----------------------------------------------+-------+
; Statistic                                    ; Value ;
+----------------------------------------------+-------+
; Total registers                              ; 16    ;
; Number of registers using Synchronous Clear  ; 0     ;
; Number of registers using Synchronous Load   ; 0     ;
; Number of registers using Asynchronous Clear ; 0     ;
; Number of registers using Asynchronous Load  ; 0     ;
; Number of registers using Clock Enable       ; 0     ;
; Number of registers using Preset             ; 0     ;
+----------------------------------------------+-------+


+------------------------------------------------------------------------+
; Parameter Settings for User Entity Instance: registers:\GEN_REG:0:REGX ;
+----------------+-------+-----------------------------------------------+
; Parameter Name ; Value ; Type                                          ;
+----------------+-------+-----------------------------------------------+
; n              ; 16    ; Signed Integer                                ;
+----------------+-------+-----------------------------------------------+
Note: In order to hide this table in the UI and the text report file, please set the "Show Parameter Settings in Synthesis Report" option in "Analysis and Synthesis Settings -> More Settings" to "Off".


+------------------------------------------------------------------------+
; Parameter Settings for User Entity Instance: registers:\GEN_REG:0:VALD ;
+----------------+-------+-----------------------------------------------+
; Parameter Name ; Value ; Type                                          ;
+----------------+-------+-----------------------------------------------+
; n              ; 1     ; Signed Integer                                ;
+----------------+-------+-----------------------------------------------+
Note: In order to hide this table in the UI and the text report file, please set the "Show Parameter Settings in Synthesis Report" option in "Analysis and Synthesis Settings -> More Settings" to "Off".


+------------------------------------------------------------------------+
; Parameter Settings for User Entity Instance: registers:\GEN_REG:1:REGX ;
+----------------+-------+-----------------------------------------------+
; Parameter Name ; Value ; Type                                          ;
+----------------+-------+-----------------------------------------------+
; n              ; 16    ; Signed Integer                                ;
+----------------+-------+-----------------------------------------------+
Note: In order to hide this table in the UI and the text report file, please set the "Show Parameter Settings in Synthesis Report" option in "Analysis and Synthesis Settings -> More Settings" to "Off".


+------------------------------------------------------------------------+
; Parameter Settings for User Entity Instance: registers:\GEN_REG:1:VALD ;
+----------------+-------+-----------------------------------------------+
; Parameter Name ; Value ; Type                                          ;
+----------------+-------+-----------------------------------------------+
; n              ; 1     ; Signed Integer                                ;
+----------------+-------+-----------------------------------------------+
Note: In order to hide this table in the UI and the text report file, please set the "Show Parameter Settings in Synthesis Report" option in "Analysis and Synthesis Settings -> More Settings" to "Off".


+------------------------------------------------------------------------+
; Parameter Settings for User Entity Instance: registers:\GEN_REG:2:REGX ;
+----------------+-------+-----------------------------------------------+
; Parameter Name ; Value ; Type                                          ;
+----------------+-------+-----------------------------------------------+
; n              ; 16    ; Signed Integer                                ;
+----------------+-------+-----------------------------------------------+
Note: In order to hide this table in the UI and the text report file, please set the "Show Parameter Settings in Synthesis Report" option in "Analysis and Synthesis Settings -> More Settings" to "Off".


+------------------------------------------------------------------------+
; Parameter Settings for User Entity Instance: registers:\GEN_REG:2:VALD ;
+----------------+-------+-----------------------------------------------+
; Parameter Name ; Value ; Type                                          ;
+----------------+-------+-----------------------------------------------+
; n              ; 1     ; Signed Integer                                ;
+----------------+-------+-----------------------------------------------+
Note: In order to hide this table in the UI and the text report file, please set the "Show Parameter Settings in Synthesis Report" option in "Analysis and Synthesis Settings -> More Settings" to "Off".


+------------------------------------------------------------------------+
; Parameter Settings for User Entity Instance: registers:\GEN_REG:3:REGX ;
+----------------+-------+-----------------------------------------------+
; Parameter Name ; Value ; Type                                          ;
+----------------+-------+-----------------------------------------------+
; n              ; 16    ; Signed Integer                                ;
+----------------+-------+-----------------------------------------------+
Note: In order to hide this table in the UI and the text report file, please set the "Show Parameter Settings in Synthesis Report" option in "Analysis and Synthesis Settings -> More Settings" to "Off".


+------------------------------------------------------------------------+
; Parameter Settings for User Entity Instance: registers:\GEN_REG:3:VALD ;
+----------------+-------+-----------------------------------------------+
; Parameter Name ; Value ; Type                                          ;
+----------------+-------+-----------------------------------------------+
; n              ; 1     ; Signed Integer                                ;
+----------------+-------+-----------------------------------------------+
Note: In order to hide this table in the UI and the text report file, please set the "Show Parameter Settings in Synthesis Report" option in "Analysis and Synthesis Settings -> More Settings" to "Off".


+------------------------------------------------------------------------+
; Parameter Settings for User Entity Instance: registers:\GEN_REG:4:REGX ;
+----------------+-------+-----------------------------------------------+
; Parameter Name ; Value ; Type                                          ;
+----------------+-------+-----------------------------------------------+
; n              ; 16    ; Signed Integer                                ;
+----------------+-------+-----------------------------------------------+
Note: In order to hide this table in the UI and the text report file, please set the "Show Parameter Settings in Synthesis Report" option in "Analysis and Synthesis Settings -> More Settings" to "Off".


+------------------------------------------------------------------------+
; Parameter Settings for User Entity Instance: registers:\GEN_REG:4:VALD ;
+----------------+-------+-----------------------------------------------+
; Parameter Name ; Value ; Type                                          ;
+----------------+-------+-----------------------------------------------+
; n              ; 1     ; Signed Integer                                ;
+----------------+-------+-----------------------------------------------+
Note: In order to hide this table in the UI and the text report file, please set the "Show Parameter Settings in Synthesis Report" option in "Analysis and Synthesis Settings -> More Settings" to "Off".


+------------------------------------------------------------------------+
; Parameter Settings for User Entity Instance: registers:\GEN_REG:5:REGX ;
+----------------+-------+-----------------------------------------------+
; Parameter Name ; Value ; Type                                          ;
+----------------+-------+-----------------------------------------------+
; n              ; 16    ; Signed Integer                                ;
+----------------+-------+-----------------------------------------------+
Note: In order to hide this table in the UI and the text report file, please set the "Show Parameter Settings in Synthesis Report" option in "Analysis and Synthesis Settings -> More Settings" to "Off".


+------------------------------------------------------------------------+
; Parameter Settings for User Entity Instance: registers:\GEN_REG:5:VALD ;
+----------------+-------+-----------------------------------------------+
; Parameter Name ; Value ; Type                                          ;
+----------------+-------+-----------------------------------------------+
; n              ; 1     ; Signed Integer                                ;
+----------------+-------+-----------------------------------------------+
Note: In order to hide this table in the UI and the text report file, please set the "Show Parameter Settings in Synthesis Report" option in "Analysis and Synthesis Settings -> More Settings" to "Off".


+------------------------------------------------------------------------+
; Parameter Settings for User Entity Instance: registers:\GEN_REG:6:REGX ;
+----------------+-------+-----------------------------------------------+
; Parameter Name ; Value ; Type                                          ;
+----------------+-------+-----------------------------------------------+
; n              ; 16    ; Signed Integer                                ;
+----------------+-------+-----------------------------------------------+
Note: In order to hide this table in the UI and the text report file, please set the "Show Parameter Settings in Synthesis Report" option in "Analysis and Synthesis Settings -> More Settings" to "Off".


+------------------------------------------------------------------------+
; Parameter Settings for User Entity Instance: registers:\GEN_REG:6:VALD ;
+----------------+-------+-----------------------------------------------+
; Parameter Name ; Value ; Type                                          ;
+----------------+-------+-----------------------------------------------+
; n              ; 1     ; Signed Integer                                ;
+----------------+-------+-----------------------------------------------+
Note: In order to hide this table in the UI and the text report file, please set the "Show Parameter Settings in Synthesis Report" option in "Analysis and Synthesis Settings -> More Settings" to "Off".


+------------------------------------------------------------------------+
; Parameter Settings for User Entity Instance: registers:\GEN_REG:7:REGX ;
+----------------+-------+-----------------------------------------------+
; Parameter Name ; Value ; Type                                          ;
+----------------+-------+-----------------------------------------------+
; n              ; 16    ; Signed Integer                                ;
+----------------+-------+-----------------------------------------------+
Note: In order to hide this table in the UI and the text report file, please set the "Show Parameter Settings in Synthesis Report" option in "Analysis and Synthesis Settings -> More Settings" to "Off".


+------------------------------------------------------------------------+
; Parameter Settings for User Entity Instance: registers:\GEN_REG:7:VALD ;
+----------------+-------+-----------------------------------------------+
; Parameter Name ; Value ; Type                                          ;
+----------------+-------+-----------------------------------------------+
; n              ; 1     ; Signed Integer                                ;
+----------------+-------+-----------------------------------------------+
Note: In order to hide this table in the UI and the text report file, please set the "Show Parameter Settings in Synthesis Report" option in "Analysis and Synthesis Settings -> More Settings" to "Off".


+---------------------------------------------------------------+
; Parameter Settings for User Entity Instance: multiplexer:mux1 ;
+----------------+-------+--------------------------------------+
; Parameter Name ; Value ; Type                                 ;
+----------------+-------+--------------------------------------+
; x              ; 8     ; Signed Integer                       ;
; y              ; 16    ; Signed Integer                       ;
+----------------+-------+--------------------------------------+
Note: In order to hide this table in the UI and the text report file, please set the "Show Parameter Settings in Synthesis Report" option in "Analysis and Synthesis Settings -> More Settings" to "Off".


+---------------------------------------------------------------+
; Parameter Settings for User Entity Instance: multiplexer:mux2 ;
+----------------+-------+--------------------------------------+
; Parameter Name ; Value ; Type                                 ;
+----------------+-------+--------------------------------------+
; x              ; 8     ; Signed Integer                       ;
; y              ; 16    ; Signed Integer                       ;
+----------------+-------+--------------------------------------+
Note: In order to hide this table in the UI and the text report file, please set the "Show Parameter Settings in Synthesis Report" option in "Analysis and Synthesis Settings -> More Settings" to "Off".


+---------------------------------------------------------------+
; Parameter Settings for User Entity Instance: multiplexer:mux3 ;
+----------------+-------+--------------------------------------+
; Parameter Name ; Value ; Type                                 ;
+----------------+-------+--------------------------------------+
; x              ; 8     ; Signed Integer                       ;
; y              ; 16    ; Signed Integer                       ;
+----------------+-------+--------------------------------------+
Note: In order to hide this table in the UI and the text report file, please set the "Show Parameter Settings in Synthesis Report" option in "Analysis and Synthesis Settings -> More Settings" to "Off".


+---------------------------------------------------------------+
; Parameter Settings for User Entity Instance: multiplexer:mux4 ;
+----------------+-------+--------------------------------------+
; Parameter Name ; Value ; Type                                 ;
+----------------+-------+--------------------------------------+
; x              ; 8     ; Signed Integer                       ;
; y              ; 16    ; Signed Integer                       ;
+----------------+-------+--------------------------------------+
Note: In order to hide this table in the UI and the text report file, please set the "Show Parameter Settings in Synthesis Report" option in "Analysis and Synthesis Settings -> More Settings" to "Off".


+-------------------------------------------------------+
; Port Connectivity Checks: "registers:\GEN_REG:7:REGX" ;
+--------+-------+----------+---------------------------+
; Port   ; Type  ; Severity ; Details                   ;
+--------+-------+----------+---------------------------+
; input  ; Input ; Info     ; Stuck at GND              ;
; enable ; Input ; Info     ; Stuck at GND              ;
+--------+-------+----------+---------------------------+


+-------------------------------------------------------+
; Port Connectivity Checks: "registers:\GEN_REG:6:REGX" ;
+--------+-------+----------+---------------------------+
; Port   ; Type  ; Severity ; Details                   ;
+--------+-------+----------+---------------------------+
; input  ; Input ; Info     ; Stuck at GND              ;
; enable ; Input ; Info     ; Stuck at GND              ;
+--------+-------+----------+---------------------------+


+-------------------------------------------------------+
; Port Connectivity Checks: "registers:\GEN_REG:5:REGX" ;
+--------+-------+----------+---------------------------+
; Port   ; Type  ; Severity ; Details                   ;
+--------+-------+----------+---------------------------+
; input  ; Input ; Info     ; Stuck at GND              ;
; enable ; Input ; Info     ; Stuck at GND              ;
+--------+-------+----------+---------------------------+


+-------------------------------------------------------+
; Port Connectivity Checks: "registers:\GEN_REG:4:REGX" ;
+--------+-------+----------+---------------------------+
; Port   ; Type  ; Severity ; Details                   ;
+--------+-------+----------+---------------------------+
; input  ; Input ; Info     ; Stuck at GND              ;
; enable ; Input ; Info     ; Stuck at GND              ;
+--------+-------+----------+---------------------------+


+-------------------------------------------------------+
; Port Connectivity Checks: "registers:\GEN_REG:3:REGX" ;
+--------+-------+----------+---------------------------+
; Port   ; Type  ; Severity ; Details                   ;
+--------+-------+----------+---------------------------+
; input  ; Input ; Info     ; Stuck at GND              ;
; enable ; Input ; Info     ; Stuck at GND              ;
+--------+-------+----------+---------------------------+


+-------------------------------------------------------+
; Port Connectivity Checks: "registers:\GEN_REG:2:REGX" ;
+--------+-------+----------+---------------------------+
; Port   ; Type  ; Severity ; Details                   ;
+--------+-------+----------+---------------------------+
; input  ; Input ; Info     ; Stuck at GND              ;
; enable ; Input ; Info     ; Stuck at GND              ;
+--------+-------+----------+---------------------------+


+-------------------------------------------------------+
; Port Connectivity Checks: "registers:\GEN_REG:1:REGX" ;
+--------+-------+----------+---------------------------+
; Port   ; Type  ; Severity ; Details                   ;
+--------+-------+----------+---------------------------+
; input  ; Input ; Info     ; Stuck at GND              ;
; enable ; Input ; Info     ; Stuck at GND              ;
+--------+-------+----------+---------------------------+


+-------------------------------------------------------+
; Port Connectivity Checks: "registers:\GEN_REG:0:REGX" ;
+--------+-------+----------+---------------------------+
; Port   ; Type  ; Severity ; Details                   ;
+--------+-------+----------+---------------------------+
; input  ; Input ; Info     ; Stuck at GND              ;
; enable ; Input ; Info     ; Stuck at GND              ;
+--------+-------+----------+---------------------------+


+-----------------------------------------------------+
; Post-Synthesis Netlist Statistics for Top Partition ;
+-----------------------+-----------------------------+
; Type                  ; Count                       ;
+-----------------------+-----------------------------+
; boundary_port         ; 182                         ;
; cycloneiii_ff         ; 16                          ;
;     plain             ; 16                          ;
; cycloneiii_lcell_comb ; 9                           ;
;     normal            ; 9                           ;
;         0 data inputs ; 1                           ;
;         4 data inputs ; 8                           ;
;                       ;                             ;
; Max LUT depth         ; 1.00                        ;
; Average LUT depth     ; 0.77                        ;
+-----------------------+-----------------------------+


+-------------------------------+
; Elapsed Time Per Partition    ;
+----------------+--------------+
; Partition Name ; Elapsed Time ;
+----------------+--------------+
; Top            ; 00:00:00     ;
+----------------+--------------+


+-------------------------------+
; Analysis & Synthesis Messages ;
+-------------------------------+
Info: *******************************************************************
Info: Running Quartus Prime Analysis & Synthesis
    Info: Version 16.1.0 Build 196 10/24/2016 SJ Lite Edition
    Info: Processing started: Wed Apr 26 14:31:15 2017
Info: Command: quartus_map --read_settings_files=on --write_settings_files=off ARF -c ARF
Info (20032): Parallel compilation is enabled and will use up to 2 processors
Info (12021): Found 2 design units, including 1 entities, in source file /users/dell/desktop/all code files/demux.vhd
    Info (12022): Found design unit 1: demux-dm File: C:/Users/dell/Desktop/ALL Code Files/demux.vhd Line: 17
    Info (12023): Found entity 1: demux File: C:/Users/dell/Desktop/ALL Code Files/demux.vhd Line: 9
Info (12021): Found 1 design units, including 0 entities, in source file /users/dell/desktop/all code files/components.vhd
    Info (12022): Found design unit 1: components File: C:/Users/dell/Desktop/ALL Code Files/components.vhd Line: 5
Info (12021): Found 2 design units, including 1 entities, in source file /users/dell/desktop/all code files/arf.vhd
    Info (12022): Found design unit 1: ARF-files File: C:/Users/dell/Desktop/ALL Code Files/ARF.vhd Line: 40
    Info (12023): Found entity 1: ARF File: C:/Users/dell/Desktop/ALL Code Files/ARF.vhd Line: 8
Info (12021): Found 2 design units, including 1 entities, in source file /users/dell/desktop/decode/multiplexer.vhd
    Info (12022): Found design unit 1: multiplexer-m File: C:/Users/dell/Desktop/DECODE/multiplexer.vhd Line: 17
    Info (12023): Found entity 1: multiplexer File: C:/Users/dell/Desktop/DECODE/multiplexer.vhd Line: 9
Info (12021): Found 2 design units, including 1 entities, in source file /users/dell/desktop/fetch/registers.vhd
    Info (12022): Found design unit 1: registers-reg File: C:/Users/dell/Desktop/FETCH/registers.vhd Line: 13
    Info (12023): Found entity 1: registers File: C:/Users/dell/Desktop/FETCH/registers.vhd Line: 4
Info (12127): Elaborating entity "ARF" for the top level hierarchy
Warning (10492): VHDL Process Statement warning at ARF.vhd(103): signal "input3" is read inside the Process Statement but isn't in the Process Statement's sensitivity list File: C:/Users/dell/Desktop/ALL Code Files/ARF.vhd Line: 103
Warning (10492): VHDL Process Statement warning at ARF.vhd(103): signal "in_sel3" is read inside the Process Statement but isn't in the Process Statement's sensitivity list File: C:/Users/dell/Desktop/ALL Code Files/ARF.vhd Line: 103
Warning (10492): VHDL Process Statement warning at ARF.vhd(104): signal "input4" is read inside the Process Statement but isn't in the Process Statement's sensitivity list File: C:/Users/dell/Desktop/ALL Code Files/ARF.vhd Line: 104
Warning (10492): VHDL Process Statement warning at ARF.vhd(104): signal "in_sel4" is read inside the Process Statement but isn't in the Process Statement's sensitivity list File: C:/Users/dell/Desktop/ALL Code Files/ARF.vhd Line: 104
Warning (10492): VHDL Process Statement warning at ARF.vhd(112): signal "wren3" is read inside the Process Statement but isn't in the Process Statement's sensitivity list File: C:/Users/dell/Desktop/ALL Code Files/ARF.vhd Line: 112
Warning (10492): VHDL Process Statement warning at ARF.vhd(112): signal "in_sel3" is read inside the Process Statement but isn't in the Process Statement's sensitivity list File: C:/Users/dell/Desktop/ALL Code Files/ARF.vhd Line: 112
Warning (10492): VHDL Process Statement warning at ARF.vhd(113): signal "wren4" is read inside the Process Statement but isn't in the Process Statement's sensitivity list File: C:/Users/dell/Desktop/ALL Code Files/ARF.vhd Line: 113
Warning (10492): VHDL Process Statement warning at ARF.vhd(113): signal "in_sel4" is read inside the Process Statement but isn't in the Process Statement's sensitivity list File: C:/Users/dell/Desktop/ALL Code Files/ARF.vhd Line: 113
Info (12128): Elaborating entity "registers" for hierarchy "registers:\GEN_REG:0:REGX" File: C:/Users/dell/Desktop/ALL Code Files/ARF.vhd Line: 55
Info (12128): Elaborating entity "registers" for hierarchy "registers:\GEN_REG:0:VALD" File: C:/Users/dell/Desktop/ALL Code Files/ARF.vhd Line: 61
Info (12128): Elaborating entity "multiplexer" for hierarchy "multiplexer:mux1" File: C:/Users/dell/Desktop/ALL Code Files/ARF.vhd Line: 72
Warning (13024): Output pins are stuck at VCC or GND
    Warning (13410): Pin "output1[0]" is stuck at GND File: C:/Users/dell/Desktop/ALL Code Files/ARF.vhd Line: 29
    Warning (13410): Pin "output1[1]" is stuck at GND File: C:/Users/dell/Desktop/ALL Code Files/ARF.vhd Line: 29
    Warning (13410): Pin "output1[2]" is stuck at GND File: C:/Users/dell/Desktop/ALL Code Files/ARF.vhd Line: 29
    Warning (13410): Pin "output1[3]" is stuck at GND File: C:/Users/dell/Desktop/ALL Code Files/ARF.vhd Line: 29
    Warning (13410): Pin "output1[4]" is stuck at GND File: C:/Users/dell/Desktop/ALL Code Files/ARF.vhd Line: 29
    Warning (13410): Pin "output1[5]" is stuck at GND File: C:/Users/dell/Desktop/ALL Code Files/ARF.vhd Line: 29
    Warning (13410): Pin "output1[6]" is stuck at GND File: C:/Users/dell/Desktop/ALL Code Files/ARF.vhd Line: 29
    Warning (13410): Pin "output1[7]" is stuck at GND File: C:/Users/dell/Desktop/ALL Code Files/ARF.vhd Line: 29
    Warning (13410): Pin "output1[8]" is stuck at GND File: C:/Users/dell/Desktop/ALL Code Files/ARF.vhd Line: 29
    Warning (13410): Pin "output1[9]" is stuck at GND File: C:/Users/dell/Desktop/ALL Code Files/ARF.vhd Line: 29
    Warning (13410): Pin "output1[10]" is stuck at GND File: C:/Users/dell/Desktop/ALL Code Files/ARF.vhd Line: 29
    Warning (13410): Pin "output1[11]" is stuck at GND File: C:/Users/dell/Desktop/ALL Code Files/ARF.vhd Line: 29
    Warning (13410): Pin "output1[12]" is stuck at GND File: C:/Users/dell/Desktop/ALL Code Files/ARF.vhd Line: 29
    Warning (13410): Pin "output1[13]" is stuck at GND File: C:/Users/dell/Desktop/ALL Code Files/ARF.vhd Line: 29
    Warning (13410): Pin "output1[14]" is stuck at GND File: C:/Users/dell/Desktop/ALL Code Files/ARF.vhd Line: 29
    Warning (13410): Pin "output1[15]" is stuck at GND File: C:/Users/dell/Desktop/ALL Code Files/ARF.vhd Line: 29
    Warning (13410): Pin "output2[0]" is stuck at GND File: C:/Users/dell/Desktop/ALL Code Files/ARF.vhd Line: 30
    Warning (13410): Pin "output2[1]" is stuck at GND File: C:/Users/dell/Desktop/ALL Code Files/ARF.vhd Line: 30
    Warning (13410): Pin "output2[2]" is stuck at GND File: C:/Users/dell/Desktop/ALL Code Files/ARF.vhd Line: 30
    Warning (13410): Pin "output2[3]" is stuck at GND File: C:/Users/dell/Desktop/ALL Code Files/ARF.vhd Line: 30
    Warning (13410): Pin "output2[4]" is stuck at GND File: C:/Users/dell/Desktop/ALL Code Files/ARF.vhd Line: 30
    Warning (13410): Pin "output2[5]" is stuck at GND File: C:/Users/dell/Desktop/ALL Code Files/ARF.vhd Line: 30
    Warning (13410): Pin "output2[6]" is stuck at GND File: C:/Users/dell/Desktop/ALL Code Files/ARF.vhd Line: 30
    Warning (13410): Pin "output2[7]" is stuck at GND File: C:/Users/dell/Desktop/ALL Code Files/ARF.vhd Line: 30
    Warning (13410): Pin "output2[8]" is stuck at GND File: C:/Users/dell/Desktop/ALL Code Files/ARF.vhd Line: 30
    Warning (13410): Pin "output2[9]" is stuck at GND File: C:/Users/dell/Desktop/ALL Code Files/ARF.vhd Line: 30
    Warning (13410): Pin "output2[10]" is stuck at GND File: C:/Users/dell/Desktop/ALL Code Files/ARF.vhd Line: 30
    Warning (13410): Pin "output2[11]" is stuck at GND File: C:/Users/dell/Desktop/ALL Code Files/ARF.vhd Line: 30
    Warning (13410): Pin "output2[12]" is stuck at GND File: C:/Users/dell/Desktop/ALL Code Files/ARF.vhd Line: 30
    Warning (13410): Pin "output2[13]" is stuck at GND File: C:/Users/dell/Desktop/ALL Code Files/ARF.vhd Line: 30
    Warning (13410): Pin "output2[14]" is stuck at GND File: C:/Users/dell/Desktop/ALL Code Files/ARF.vhd Line: 30
    Warning (13410): Pin "output2[15]" is stuck at GND File: C:/Users/dell/Desktop/ALL Code Files/ARF.vhd Line: 30
    Warning (13410): Pin "output3[0]" is stuck at GND File: C:/Users/dell/Desktop/ALL Code Files/ARF.vhd Line: 31
    Warning (13410): Pin "output3[1]" is stuck at GND File: C:/Users/dell/Desktop/ALL Code Files/ARF.vhd Line: 31
    Warning (13410): Pin "output3[2]" is stuck at GND File: C:/Users/dell/Desktop/ALL Code Files/ARF.vhd Line: 31
    Warning (13410): Pin "output3[3]" is stuck at GND File: C:/Users/dell/Desktop/ALL Code Files/ARF.vhd Line: 31
    Warning (13410): Pin "output3[4]" is stuck at GND File: C:/Users/dell/Desktop/ALL Code Files/ARF.vhd Line: 31
    Warning (13410): Pin "output3[5]" is stuck at GND File: C:/Users/dell/Desktop/ALL Code Files/ARF.vhd Line: 31
    Warning (13410): Pin "output3[6]" is stuck at GND File: C:/Users/dell/Desktop/ALL Code Files/ARF.vhd Line: 31
    Warning (13410): Pin "output3[7]" is stuck at GND File: C:/Users/dell/Desktop/ALL Code Files/ARF.vhd Line: 31
    Warning (13410): Pin "output3[8]" is stuck at GND File: C:/Users/dell/Desktop/ALL Code Files/ARF.vhd Line: 31
    Warning (13410): Pin "output3[9]" is stuck at GND File: C:/Users/dell/Desktop/ALL Code Files/ARF.vhd Line: 31
    Warning (13410): Pin "output3[10]" is stuck at GND File: C:/Users/dell/Desktop/ALL Code Files/ARF.vhd Line: 31
    Warning (13410): Pin "output3[11]" is stuck at GND File: C:/Users/dell/Desktop/ALL Code Files/ARF.vhd Line: 31
    Warning (13410): Pin "output3[12]" is stuck at GND File: C:/Users/dell/Desktop/ALL Code Files/ARF.vhd Line: 31
    Warning (13410): Pin "output3[13]" is stuck at GND File: C:/Users/dell/Desktop/ALL Code Files/ARF.vhd Line: 31
    Warning (13410): Pin "output3[14]" is stuck at GND File: C:/Users/dell/Desktop/ALL Code Files/ARF.vhd Line: 31
    Warning (13410): Pin "output3[15]" is stuck at GND File: C:/Users/dell/Desktop/ALL Code Files/ARF.vhd Line: 31
    Warning (13410): Pin "output4[0]" is stuck at GND File: C:/Users/dell/Desktop/ALL Code Files/ARF.vhd Line: 32
    Warning (13410): Pin "output4[1]" is stuck at GND File: C:/Users/dell/Desktop/ALL Code Files/ARF.vhd Line: 32
    Warning (13410): Pin "output4[2]" is stuck at GND File: C:/Users/dell/Desktop/ALL Code Files/ARF.vhd Line: 32
    Warning (13410): Pin "output4[3]" is stuck at GND File: C:/Users/dell/Desktop/ALL Code Files/ARF.vhd Line: 32
    Warning (13410): Pin "output4[4]" is stuck at GND File: C:/Users/dell/Desktop/ALL Code Files/ARF.vhd Line: 32
    Warning (13410): Pin "output4[5]" is stuck at GND File: C:/Users/dell/Desktop/ALL Code Files/ARF.vhd Line: 32
    Warning (13410): Pin "output4[6]" is stuck at GND File: C:/Users/dell/Desktop/ALL Code Files/ARF.vhd Line: 32
    Warning (13410): Pin "output4[7]" is stuck at GND File: C:/Users/dell/Desktop/ALL Code Files/ARF.vhd Line: 32
    Warning (13410): Pin "output4[8]" is stuck at GND File: C:/Users/dell/Desktop/ALL Code Files/ARF.vhd Line: 32
    Warning (13410): Pin "output4[9]" is stuck at GND File: C:/Users/dell/Desktop/ALL Code Files/ARF.vhd Line: 32
    Warning (13410): Pin "output4[10]" is stuck at GND File: C:/Users/dell/Desktop/ALL Code Files/ARF.vhd Line: 32
    Warning (13410): Pin "output4[11]" is stuck at GND File: C:/Users/dell/Desktop/ALL Code Files/ARF.vhd Line: 32
    Warning (13410): Pin "output4[12]" is stuck at GND File: C:/Users/dell/Desktop/ALL Code Files/ARF.vhd Line: 32
    Warning (13410): Pin "output4[13]" is stuck at GND File: C:/Users/dell/Desktop/ALL Code Files/ARF.vhd Line: 32
    Warning (13410): Pin "output4[14]" is stuck at GND File: C:/Users/dell/Desktop/ALL Code Files/ARF.vhd Line: 32
    Warning (13410): Pin "output4[15]" is stuck at GND File: C:/Users/dell/Desktop/ALL Code Files/ARF.vhd Line: 32
Info (286030): Timing-Driven Synthesis is running
Info (16010): Generating hard_block partition "hard_block:auto_generated_inst"
    Info (16011): Adding 0 node(s), including 0 DDIO, 0 PLL, 0 transceiver and 0 LCELL
Warning (21074): Design contains 92 input pin(s) that do not drive logic
    Warning (15610): No output dependent on input pin "in_sel1[0]" File: C:/Users/dell/Desktop/ALL Code Files/ARF.vhd Line: 11
    Warning (15610): No output dependent on input pin "in_sel1[1]" File: C:/Users/dell/Desktop/ALL Code Files/ARF.vhd Line: 11
    Warning (15610): No output dependent on input pin "in_sel1[2]" File: C:/Users/dell/Desktop/ALL Code Files/ARF.vhd Line: 11
    Warning (15610): No output dependent on input pin "in_sel2[0]" File: C:/Users/dell/Desktop/ALL Code Files/ARF.vhd Line: 12
    Warning (15610): No output dependent on input pin "in_sel2[1]" File: C:/Users/dell/Desktop/ALL Code Files/ARF.vhd Line: 12
    Warning (15610): No output dependent on input pin "in_sel2[2]" File: C:/Users/dell/Desktop/ALL Code Files/ARF.vhd Line: 12
    Warning (15610): No output dependent on input pin "in_sel3[0]" File: C:/Users/dell/Desktop/ALL Code Files/ARF.vhd Line: 13
    Warning (15610): No output dependent on input pin "in_sel3[1]" File: C:/Users/dell/Desktop/ALL Code Files/ARF.vhd Line: 13
    Warning (15610): No output dependent on input pin "in_sel3[2]" File: C:/Users/dell/Desktop/ALL Code Files/ARF.vhd Line: 13
    Warning (15610): No output dependent on input pin "in_sel4[0]" File: C:/Users/dell/Desktop/ALL Code Files/ARF.vhd Line: 14
    Warning (15610): No output dependent on input pin "in_sel4[1]" File: C:/Users/dell/Desktop/ALL Code Files/ARF.vhd Line: 14
    Warning (15610): No output dependent on input pin "in_sel4[2]" File: C:/Users/dell/Desktop/ALL Code Files/ARF.vhd Line: 14
    Warning (15610): No output dependent on input pin "input1[0]" File: C:/Users/dell/Desktop/ALL Code Files/ARF.vhd Line: 15
    Warning (15610): No output dependent on input pin "input1[1]" File: C:/Users/dell/Desktop/ALL Code Files/ARF.vhd Line: 15
    Warning (15610): No output dependent on input pin "input1[2]" File: C:/Users/dell/Desktop/ALL Code Files/ARF.vhd Line: 15
    Warning (15610): No output dependent on input pin "input1[3]" File: C:/Users/dell/Desktop/ALL Code Files/ARF.vhd Line: 15
    Warning (15610): No output dependent on input pin "input1[4]" File: C:/Users/dell/Desktop/ALL Code Files/ARF.vhd Line: 15
    Warning (15610): No output dependent on input pin "input1[5]" File: C:/Users/dell/Desktop/ALL Code Files/ARF.vhd Line: 15
    Warning (15610): No output dependent on input pin "input1[6]" File: C:/Users/dell/Desktop/ALL Code Files/ARF.vhd Line: 15
    Warning (15610): No output dependent on input pin "input1[7]" File: C:/Users/dell/Desktop/ALL Code Files/ARF.vhd Line: 15
    Warning (15610): No output dependent on input pin "input1[8]" File: C:/Users/dell/Desktop/ALL Code Files/ARF.vhd Line: 15
    Warning (15610): No output dependent on input pin "input1[9]" File: C:/Users/dell/Desktop/ALL Code Files/ARF.vhd Line: 15
    Warning (15610): No output dependent on input pin "input1[10]" File: C:/Users/dell/Desktop/ALL Code Files/ARF.vhd Line: 15
    Warning (15610): No output dependent on input pin "input1[11]" File: C:/Users/dell/Desktop/ALL Code Files/ARF.vhd Line: 15
    Warning (15610): No output dependent on input pin "input1[12]" File: C:/Users/dell/Desktop/ALL Code Files/ARF.vhd Line: 15
    Warning (15610): No output dependent on input pin "input1[13]" File: C:/Users/dell/Desktop/ALL Code Files/ARF.vhd Line: 15
    Warning (15610): No output dependent on input pin "input1[14]" File: C:/Users/dell/Desktop/ALL Code Files/ARF.vhd Line: 15
    Warning (15610): No output dependent on input pin "input1[15]" File: C:/Users/dell/Desktop/ALL Code Files/ARF.vhd Line: 15
    Warning (15610): No output dependent on input pin "input2[0]" File: C:/Users/dell/Desktop/ALL Code Files/ARF.vhd Line: 16
    Warning (15610): No output dependent on input pin "input2[1]" File: C:/Users/dell/Desktop/ALL Code Files/ARF.vhd Line: 16
    Warning (15610): No output dependent on input pin "input2[2]" File: C:/Users/dell/Desktop/ALL Code Files/ARF.vhd Line: 16
    Warning (15610): No output dependent on input pin "input2[3]" File: C:/Users/dell/Desktop/ALL Code Files/ARF.vhd Line: 16
    Warning (15610): No output dependent on input pin "input2[4]" File: C:/Users/dell/Desktop/ALL Code Files/ARF.vhd Line: 16
    Warning (15610): No output dependent on input pin "input2[5]" File: C:/Users/dell/Desktop/ALL Code Files/ARF.vhd Line: 16
    Warning (15610): No output dependent on input pin "input2[6]" File: C:/Users/dell/Desktop/ALL Code Files/ARF.vhd Line: 16
    Warning (15610): No output dependent on input pin "input2[7]" File: C:/Users/dell/Desktop/ALL Code Files/ARF.vhd Line: 16
    Warning (15610): No output dependent on input pin "input2[8]" File: C:/Users/dell/Desktop/ALL Code Files/ARF.vhd Line: 16
    Warning (15610): No output dependent on input pin "input2[9]" File: C:/Users/dell/Desktop/ALL Code Files/ARF.vhd Line: 16
    Warning (15610): No output dependent on input pin "input2[10]" File: C:/Users/dell/Desktop/ALL Code Files/ARF.vhd Line: 16
    Warning (15610): No output dependent on input pin "input2[11]" File: C:/Users/dell/Desktop/ALL Code Files/ARF.vhd Line: 16
    Warning (15610): No output dependent on input pin "input2[12]" File: C:/Users/dell/Desktop/ALL Code Files/ARF.vhd Line: 16
    Warning (15610): No output dependent on input pin "input2[13]" File: C:/Users/dell/Desktop/ALL Code Files/ARF.vhd Line: 16
    Warning (15610): No output dependent on input pin "input2[14]" File: C:/Users/dell/Desktop/ALL Code Files/ARF.vhd Line: 16
    Warning (15610): No output dependent on input pin "input2[15]" File: C:/Users/dell/Desktop/ALL Code Files/ARF.vhd Line: 16
    Warning (15610): No output dependent on input pin "input3[0]" File: C:/Users/dell/Desktop/ALL Code Files/ARF.vhd Line: 17
    Warning (15610): No output dependent on input pin "input3[1]" File: C:/Users/dell/Desktop/ALL Code Files/ARF.vhd Line: 17
    Warning (15610): No output dependent on input pin "input3[2]" File: C:/Users/dell/Desktop/ALL Code Files/ARF.vhd Line: 17
    Warning (15610): No output dependent on input pin "input3[3]" File: C:/Users/dell/Desktop/ALL Code Files/ARF.vhd Line: 17
    Warning (15610): No output dependent on input pin "input3[4]" File: C:/Users/dell/Desktop/ALL Code Files/ARF.vhd Line: 17
    Warning (15610): No output dependent on input pin "input3[5]" File: C:/Users/dell/Desktop/ALL Code Files/ARF.vhd Line: 17
    Warning (15610): No output dependent on input pin "input3[6]" File: C:/Users/dell/Desktop/ALL Code Files/ARF.vhd Line: 17
    Warning (15610): No output dependent on input pin "input3[7]" File: C:/Users/dell/Desktop/ALL Code Files/ARF.vhd Line: 17
    Warning (15610): No output dependent on input pin "input3[8]" File: C:/Users/dell/Desktop/ALL Code Files/ARF.vhd Line: 17
    Warning (15610): No output dependent on input pin "input3[9]" File: C:/Users/dell/Desktop/ALL Code Files/ARF.vhd Line: 17
    Warning (15610): No output dependent on input pin "input3[10]" File: C:/Users/dell/Desktop/ALL Code Files/ARF.vhd Line: 17
    Warning (15610): No output dependent on input pin "input3[11]" File: C:/Users/dell/Desktop/ALL Code Files/ARF.vhd Line: 17
    Warning (15610): No output dependent on input pin "input3[12]" File: C:/Users/dell/Desktop/ALL Code Files/ARF.vhd Line: 17
    Warning (15610): No output dependent on input pin "input3[13]" File: C:/Users/dell/Desktop/ALL Code Files/ARF.vhd Line: 17
    Warning (15610): No output dependent on input pin "input3[14]" File: C:/Users/dell/Desktop/ALL Code Files/ARF.vhd Line: 17
    Warning (15610): No output dependent on input pin "input3[15]" File: C:/Users/dell/Desktop/ALL Code Files/ARF.vhd Line: 17
    Warning (15610): No output dependent on input pin "input4[0]" File: C:/Users/dell/Desktop/ALL Code Files/ARF.vhd Line: 18
    Warning (15610): No output dependent on input pin "input4[1]" File: C:/Users/dell/Desktop/ALL Code Files/ARF.vhd Line: 18
    Warning (15610): No output dependent on input pin "input4[2]" File: C:/Users/dell/Desktop/ALL Code Files/ARF.vhd Line: 18
    Warning (15610): No output dependent on input pin "input4[3]" File: C:/Users/dell/Desktop/ALL Code Files/ARF.vhd Line: 18
    Warning (15610): No output dependent on input pin "input4[4]" File: C:/Users/dell/Desktop/ALL Code Files/ARF.vhd Line: 18
    Warning (15610): No output dependent on input pin "input4[5]" File: C:/Users/dell/Desktop/ALL Code Files/ARF.vhd Line: 18
    Warning (15610): No output dependent on input pin "input4[6]" File: C:/Users/dell/Desktop/ALL Code Files/ARF.vhd Line: 18
    Warning (15610): No output dependent on input pin "input4[7]" File: C:/Users/dell/Desktop/ALL Code Files/ARF.vhd Line: 18
    Warning (15610): No output dependent on input pin "input4[8]" File: C:/Users/dell/Desktop/ALL Code Files/ARF.vhd Line: 18
    Warning (15610): No output dependent on input pin "input4[9]" File: C:/Users/dell/Desktop/ALL Code Files/ARF.vhd Line: 18
    Warning (15610): No output dependent on input pin "input4[10]" File: C:/Users/dell/Desktop/ALL Code Files/ARF.vhd Line: 18
    Warning (15610): No output dependent on input pin "input4[11]" File: C:/Users/dell/Desktop/ALL Code Files/ARF.vhd Line: 18
    Warning (15610): No output dependent on input pin "input4[12]" File: C:/Users/dell/Desktop/ALL Code Files/ARF.vhd Line: 18
    Warning (15610): No output dependent on input pin "input4[13]" File: C:/Users/dell/Desktop/ALL Code Files/ARF.vhd Line: 18
    Warning (15610): No output dependent on input pin "input4[14]" File: C:/Users/dell/Desktop/ALL Code Files/ARF.vhd Line: 18
    Warning (15610): No output dependent on input pin "input4[15]" File: C:/Users/dell/Desktop/ALL Code Files/ARF.vhd Line: 18
    Warning (15610): No output dependent on input pin "wren1" File: C:/Users/dell/Desktop/ALL Code Files/ARF.vhd Line: 19
    Warning (15610): No output dependent on input pin "wren2" File: C:/Users/dell/Desktop/ALL Code Files/ARF.vhd Line: 20
    Warning (15610): No output dependent on input pin "wren3" File: C:/Users/dell/Desktop/ALL Code Files/ARF.vhd Line: 21
    Warning (15610): No output dependent on input pin "wren4" File: C:/Users/dell/Desktop/ALL Code Files/ARF.vhd Line: 22
    Warning (15610): No output dependent on input pin "osel1[2]" File: C:/Users/dell/Desktop/ALL Code Files/ARF.vhd Line: 33
    Warning (15610): No output dependent on input pin "osel1[1]" File: C:/Users/dell/Desktop/ALL Code Files/ARF.vhd Line: 33
    Warning (15610): No output dependent on input pin "osel1[0]" File: C:/Users/dell/Desktop/ALL Code Files/ARF.vhd Line: 33
    Warning (15610): No output dependent on input pin "osel2[2]" File: C:/Users/dell/Desktop/ALL Code Files/ARF.vhd Line: 34
    Warning (15610): No output dependent on input pin "osel2[1]" File: C:/Users/dell/Desktop/ALL Code Files/ARF.vhd Line: 34
    Warning (15610): No output dependent on input pin "osel2[0]" File: C:/Users/dell/Desktop/ALL Code Files/ARF.vhd Line: 34
    Warning (15610): No output dependent on input pin "osel3[2]" File: C:/Users/dell/Desktop/ALL Code Files/ARF.vhd Line: 35
    Warning (15610): No output dependent on input pin "osel3[1]" File: C:/Users/dell/Desktop/ALL Code Files/ARF.vhd Line: 35
    Warning (15610): No output dependent on input pin "osel3[0]" File: C:/Users/dell/Desktop/ALL Code Files/ARF.vhd Line: 35
    Warning (15610): No output dependent on input pin "osel4[2]" File: C:/Users/dell/Desktop/ALL Code Files/ARF.vhd Line: 36
    Warning (15610): No output dependent on input pin "osel4[1]" File: C:/Users/dell/Desktop/ALL Code Files/ARF.vhd Line: 36
    Warning (15610): No output dependent on input pin "osel4[0]" File: C:/Users/dell/Desktop/ALL Code Files/ARF.vhd Line: 36
Info (21057): Implemented 206 device resources after synthesis - the final resource count might be different
    Info (21058): Implemented 110 input pins
    Info (21059): Implemented 72 output pins
    Info (21061): Implemented 24 logic cells
Info: Quartus Prime Analysis & Synthesis was successful. 0 errors, 166 warnings
    Info: Peak virtual memory: 675 megabytes
    Info: Processing ended: Wed Apr 26 14:31:32 2017
    Info: Elapsed time: 00:00:17
    Info: Total CPU time (on all processors): 00:00:35


