Analysis & Synthesis report for reservation_station
Fri May 05 10:15:13 2017
Quartus Prime Version 16.1.0 Build 196 10/24/2016 SJ Lite Edition


---------------------
; Table of Contents ;
---------------------
  1. Legal Notice
  2. Analysis & Synthesis Summary
  3. Analysis & Synthesis Settings
  4. Parallel Compilation
  5. Analysis & Synthesis Source Files Read
  6. Analysis & Synthesis Resource Usage Summary
  7. Analysis & Synthesis Resource Utilization by Entity
  8. General Register Statistics
  9. Parameter Settings for User Entity Instance: Top-level Entity: |reservation_station
 10. Parameter Settings for User Entity Instance: registers:\GEN_REG:0:BUSY
 11. Parameter Settings for User Entity Instance: registers:\GEN_REG:0:READY
 12. Parameter Settings for User Entity Instance: registers:\GEN_REG:0:REGX
 13. Parameter Settings for User Entity Instance: registers:\GEN_REG:1:BUSY
 14. Parameter Settings for User Entity Instance: registers:\GEN_REG:1:READY
 15. Parameter Settings for User Entity Instance: registers:\GEN_REG:1:REGX
 16. Parameter Settings for User Entity Instance: registers:\GEN_REG:2:BUSY
 17. Parameter Settings for User Entity Instance: registers:\GEN_REG:2:READY
 18. Parameter Settings for User Entity Instance: registers:\GEN_REG:2:REGX
 19. Parameter Settings for User Entity Instance: registers:\GEN_REG:3:BUSY
 20. Parameter Settings for User Entity Instance: registers:\GEN_REG:3:READY
 21. Parameter Settings for User Entity Instance: registers:\GEN_REG:3:REGX
 22. Parameter Settings for User Entity Instance: registers:\GEN_REG:4:BUSY
 23. Parameter Settings for User Entity Instance: registers:\GEN_REG:4:READY
 24. Parameter Settings for User Entity Instance: registers:\GEN_REG:4:REGX
 25. Parameter Settings for User Entity Instance: registers:\GEN_REG:5:BUSY
 26. Parameter Settings for User Entity Instance: registers:\GEN_REG:5:READY
 27. Parameter Settings for User Entity Instance: registers:\GEN_REG:5:REGX
 28. Parameter Settings for User Entity Instance: registers:\GEN_REG:6:BUSY
 29. Parameter Settings for User Entity Instance: registers:\GEN_REG:6:READY
 30. Parameter Settings for User Entity Instance: registers:\GEN_REG:6:REGX
 31. Parameter Settings for User Entity Instance: registers:\GEN_REG:7:BUSY
 32. Parameter Settings for User Entity Instance: registers:\GEN_REG:7:READY
 33. Parameter Settings for User Entity Instance: registers:\GEN_REG:7:REGX
 34. Post-Synthesis Netlist Statistics for Top Partition
 35. Elapsed Time Per Partition
 36. Analysis & Synthesis Messages



----------------
; Legal Notice ;
----------------
Copyright (C) 2016  Intel Corporation. All rights reserved.
Your use of Intel Corporation's design tools, logic functions 
and other software and tools, and its AMPP partner logic 
functions, and any output files from any of the foregoing 
(including device programming or simulation files), and any 
associated documentation or information are expressly subject 
to the terms and conditions of the Intel Program License 
Subscription Agreement, the Intel Quartus Prime License Agreement,
the Intel MegaCore Function License Agreement, or other 
applicable license agreement, including, without limitation, 
that your use is for the sole purpose of programming logic 
devices manufactured by Intel and sold by Intel or its 
authorized distributors.  Please refer to the applicable 
agreement for further details.



+----------------------------------------------------------------------------------+
; Analysis & Synthesis Summary                                                     ;
+------------------------------------+---------------------------------------------+
; Analysis & Synthesis Status        ; Successful - Fri May 05 10:15:13 2017       ;
; Quartus Prime Version              ; 16.1.0 Build 196 10/24/2016 SJ Lite Edition ;
; Revision Name                      ; reservation_station                         ;
; Top-level Entity Name              ; reservation_station                         ;
; Family                             ; Cyclone IV E                                ;
; Total logic elements               ; 272                                         ;
;     Total combinational functions  ; 16                                          ;
;     Dedicated logic registers      ; 272                                         ;
; Total registers                    ; 272                                         ;
; Total pins                         ; 570                                         ;
; Total virtual pins                 ; 0                                           ;
; Total memory bits                  ; 0                                           ;
; Embedded Multiplier 9-bit elements ; 0                                           ;
; Total PLLs                         ; 0                                           ;
+------------------------------------+---------------------------------------------+


+------------------------------------------------------------------------------------------------------------------------+
; Analysis & Synthesis Settings                                                                                          ;
+----------------------------------------------------------------------------+---------------------+---------------------+
; Option                                                                     ; Setting             ; Default Value       ;
+----------------------------------------------------------------------------+---------------------+---------------------+
; Top-level entity name                                                      ; reservation_station ; reservation_station ;
; Family name                                                                ; Cyclone IV E        ; Cyclone V           ;
; VHDL Show LMF Mapping Messages                                             ; Off                 ;                     ;
; VHDL Version                                                               ; VHDL_2008           ; VHDL_1993           ;
; Use smart compilation                                                      ; Off                 ; Off                 ;
; Enable parallel Assembler and TimeQuest Timing Analyzer during compilation ; On                  ; On                  ;
; Enable compact report table                                                ; Off                 ; Off                 ;
; Restructure Multiplexers                                                   ; Auto                ; Auto                ;
; Create Debugging Nodes for IP Cores                                        ; Off                 ; Off                 ;
; Preserve fewer node names                                                  ; On                  ; On                  ;
; OpenCore Plus hardware evaluation                                          ; Enable              ; Enable              ;
; Verilog Version                                                            ; Verilog_2001        ; Verilog_2001        ;
; State Machine Processing                                                   ; Auto                ; Auto                ;
; Safe State Machine                                                         ; Off                 ; Off                 ;
; Extract Verilog State Machines                                             ; On                  ; On                  ;
; Extract VHDL State Machines                                                ; On                  ; On                  ;
; Ignore Verilog initial constructs                                          ; Off                 ; Off                 ;
; Iteration limit for constant Verilog loops                                 ; 5000                ; 5000                ;
; Iteration limit for non-constant Verilog loops                             ; 250                 ; 250                 ;
; Add Pass-Through Logic to Inferred RAMs                                    ; On                  ; On                  ;
; Infer RAMs from Raw Logic                                                  ; On                  ; On                  ;
; Parallel Synthesis                                                         ; On                  ; On                  ;
; DSP Block Balancing                                                        ; Auto                ; Auto                ;
; NOT Gate Push-Back                                                         ; On                  ; On                  ;
; Power-Up Don't Care                                                        ; On                  ; On                  ;
; Remove Redundant Logic Cells                                               ; Off                 ; Off                 ;
; Remove Duplicate Registers                                                 ; On                  ; On                  ;
; Ignore CARRY Buffers                                                       ; Off                 ; Off                 ;
; Ignore CASCADE Buffers                                                     ; Off                 ; Off                 ;
; Ignore GLOBAL Buffers                                                      ; Off                 ; Off                 ;
; Ignore ROW GLOBAL Buffers                                                  ; Off                 ; Off                 ;
; Ignore LCELL Buffers                                                       ; Off                 ; Off                 ;
; Ignore SOFT Buffers                                                        ; On                  ; On                  ;
; Limit AHDL Integers to 32 Bits                                             ; Off                 ; Off                 ;
; Optimization Technique                                                     ; Balanced            ; Balanced            ;
; Carry Chain Length                                                         ; 70                  ; 70                  ;
; Auto Carry Chains                                                          ; On                  ; On                  ;
; Auto Open-Drain Pins                                                       ; On                  ; On                  ;
; Perform WYSIWYG Primitive Resynthesis                                      ; Off                 ; Off                 ;
; Auto ROM Replacement                                                       ; On                  ; On                  ;
; Auto RAM Replacement                                                       ; On                  ; On                  ;
; Auto DSP Block Replacement                                                 ; On                  ; On                  ;
; Auto Shift Register Replacement                                            ; Auto                ; Auto                ;
; Allow Shift Register Merging across Hierarchies                            ; Auto                ; Auto                ;
; Auto Clock Enable Replacement                                              ; On                  ; On                  ;
; Strict RAM Replacement                                                     ; Off                 ; Off                 ;
; Allow Synchronous Control Signals                                          ; On                  ; On                  ;
; Force Use of Synchronous Clear Signals                                     ; Off                 ; Off                 ;
; Auto RAM Block Balancing                                                   ; On                  ; On                  ;
; Auto RAM to Logic Cell Conversion                                          ; Off                 ; Off                 ;
; Auto Resource Sharing                                                      ; Off                 ; Off                 ;
; Allow Any RAM Size For Recognition                                         ; Off                 ; Off                 ;
; Allow Any ROM Size For Recognition                                         ; Off                 ; Off                 ;
; Allow Any Shift Register Size For Recognition                              ; Off                 ; Off                 ;
; Use LogicLock Constraints during Resource Balancing                        ; On                  ; On                  ;
; Ignore translate_off and synthesis_off directives                          ; Off                 ; Off                 ;
; Timing-Driven Synthesis                                                    ; On                  ; On                  ;
; Report Parameter Settings                                                  ; On                  ; On                  ;
; Report Source Assignments                                                  ; On                  ; On                  ;
; Report Connectivity Checks                                                 ; On                  ; On                  ;
; Ignore Maximum Fan-Out Assignments                                         ; Off                 ; Off                 ;
; Synchronization Register Chain Length                                      ; 2                   ; 2                   ;
; PowerPlay Power Optimization During Synthesis                              ; Normal compilation  ; Normal compilation  ;
; HDL message level                                                          ; Level2              ; Level2              ;
; Suppress Register Optimization Related Messages                            ; Off                 ; Off                 ;
; Number of Removed Registers Reported in Synthesis Report                   ; 5000                ; 5000                ;
; Number of Swept Nodes Reported in Synthesis Report                         ; 5000                ; 5000                ;
; Number of Inverted Registers Reported in Synthesis Report                  ; 100                 ; 100                 ;
; Clock MUX Protection                                                       ; On                  ; On                  ;
; Auto Gated Clock Conversion                                                ; Off                 ; Off                 ;
; Block Design Naming                                                        ; Auto                ; Auto                ;
; SDC constraint protection                                                  ; Off                 ; Off                 ;
; Synthesis Effort                                                           ; Auto                ; Auto                ;
; Shift Register Replacement - Allow Asynchronous Clear Signal               ; On                  ; On                  ;
; Pre-Mapping Resynthesis Optimization                                       ; Off                 ; Off                 ;
; Analysis & Synthesis Message Level                                         ; Medium              ; Medium              ;
; Disable Register Merging Across Hierarchies                                ; Auto                ; Auto                ;
; Resource Aware Inference For Block RAM                                     ; On                  ; On                  ;
+----------------------------------------------------------------------------+---------------------+---------------------+


+------------------------------------------+
; Parallel Compilation                     ;
+----------------------------+-------------+
; Processors                 ; Number      ;
+----------------------------+-------------+
; Number detected on machine ; 4           ;
; Maximum allowed            ; 2           ;
;                            ;             ;
; Average used               ; 1.00        ;
; Maximum used               ; 2           ;
;                            ;             ;
; Usage by Processor         ; % Time Used ;
;     Processor 1            ; 100.0%      ;
;     Processor 2            ;   0.0%      ;
+----------------------------+-------------+


+-----------------------------------------------------------------------------------------------------------------------------------------------------------------------------------------+
; Analysis & Synthesis Source Files Read                                                                                                                                                  ;
+-------------------------------------------+-----------------+-----------------+-----------------------------------------------------------------------------------------------+---------+
; File Name with User-Entered Path          ; Used in Netlist ; File Type       ; File Name with Absolute Path                                                                  ; Library ;
+-------------------------------------------+-----------------+-----------------+-----------------------------------------------------------------------------------------------+---------+
; ../ALL Code Files/reservation_station.vhd ; yes             ; User VHDL File  ; C:/Users/dell/Desktop/GIT/Superscalar Processor Deisgn/ALL Code Files/reservation_station.vhd ;         ;
; ../ALL Code Files/registers.vhd           ; yes             ; User VHDL File  ; C:/Users/dell/Desktop/GIT/Superscalar Processor Deisgn/ALL Code Files/registers.vhd           ;         ;
; ../ALL Code Files/components.vhd          ; yes             ; User VHDL File  ; C:/Users/dell/Desktop/GIT/Superscalar Processor Deisgn/ALL Code Files/components.vhd          ;         ;
+-------------------------------------------+-----------------+-----------------+-----------------------------------------------------------------------------------------------+---------+


+---------------------------------------------------------+
; Analysis & Synthesis Resource Usage Summary             ;
+---------------------------------------------+-----------+
; Resource                                    ; Usage     ;
+---------------------------------------------+-----------+
; Estimated Total logic elements              ; 272       ;
;                                             ;           ;
; Total combinational functions               ; 16        ;
; Logic element usage by number of LUT inputs ;           ;
;     -- 4 input functions                    ; 0         ;
;     -- 3 input functions                    ; 16        ;
;     -- <=2 input functions                  ; 0         ;
;                                             ;           ;
; Logic elements by mode                      ;           ;
;     -- normal mode                          ; 16        ;
;     -- arithmetic mode                      ; 0         ;
;                                             ;           ;
; Total registers                             ; 272       ;
;     -- Dedicated logic registers            ; 272       ;
;     -- I/O registers                        ; 0         ;
;                                             ;           ;
; I/O pins                                    ; 570       ;
;                                             ;           ;
; Embedded Multiplier 9-bit elements          ; 0         ;
;                                             ;           ;
; Maximum fan-out node                        ; clk~input ;
; Maximum fan-out                             ; 272       ;
; Total fan-out                               ; 1962      ;
; Average fan-out                             ; 1.37      ;
+---------------------------------------------+-----------+


+---------------------------------------------------------------------------------------------------------------------------------------------------------------------------------------------------------------------------------------------------+
; Analysis & Synthesis Resource Utilization by Entity                                                                                                                                                                                               ;
+---------------------------------+---------------------+---------------------------+-------------+--------------+---------+-----------+------+--------------+-------------------------------------------------+---------------------+--------------+
; Compilation Hierarchy Node      ; Combinational ALUTs ; Dedicated Logic Registers ; Memory Bits ; DSP Elements ; DSP 9x9 ; DSP 18x18 ; Pins ; Virtual Pins ; Full Hierarchy Name                             ; Entity Name         ; Library Name ;
+---------------------------------+---------------------+---------------------------+-------------+--------------+---------+-----------+------+--------------+-------------------------------------------------+---------------------+--------------+
; |reservation_station            ; 16 (0)              ; 272 (0)                   ; 0           ; 0            ; 0       ; 0         ; 570  ; 0            ; |reservation_station                            ; reservation_station ; work         ;
;    |registers:\GEN_REG:0:BUSY|  ; 1 (1)               ; 1 (1)                     ; 0           ; 0            ; 0       ; 0         ; 0    ; 0            ; |reservation_station|registers:\GEN_REG:0:BUSY  ; registers           ; work         ;
;    |registers:\GEN_REG:0:READY| ; 1 (1)               ; 1 (1)                     ; 0           ; 0            ; 0       ; 0         ; 0    ; 0            ; |reservation_station|registers:\GEN_REG:0:READY ; registers           ; work         ;
;    |registers:\GEN_REG:0:REGX|  ; 0 (0)               ; 32 (32)                   ; 0           ; 0            ; 0       ; 0         ; 0    ; 0            ; |reservation_station|registers:\GEN_REG:0:REGX  ; registers           ; work         ;
;    |registers:\GEN_REG:1:BUSY|  ; 1 (1)               ; 1 (1)                     ; 0           ; 0            ; 0       ; 0         ; 0    ; 0            ; |reservation_station|registers:\GEN_REG:1:BUSY  ; registers           ; work         ;
;    |registers:\GEN_REG:1:READY| ; 1 (1)               ; 1 (1)                     ; 0           ; 0            ; 0       ; 0         ; 0    ; 0            ; |reservation_station|registers:\GEN_REG:1:READY ; registers           ; work         ;
;    |registers:\GEN_REG:1:REGX|  ; 0 (0)               ; 32 (32)                   ; 0           ; 0            ; 0       ; 0         ; 0    ; 0            ; |reservation_station|registers:\GEN_REG:1:REGX  ; registers           ; work         ;
;    |registers:\GEN_REG:2:BUSY|  ; 1 (1)               ; 1 (1)                     ; 0           ; 0            ; 0       ; 0         ; 0    ; 0            ; |reservation_station|registers:\GEN_REG:2:BUSY  ; registers           ; work         ;
;    |registers:\GEN_REG:2:READY| ; 1 (1)               ; 1 (1)                     ; 0           ; 0            ; 0       ; 0         ; 0    ; 0            ; |reservation_station|registers:\GEN_REG:2:READY ; registers           ; work         ;
;    |registers:\GEN_REG:2:REGX|  ; 0 (0)               ; 32 (32)                   ; 0           ; 0            ; 0       ; 0         ; 0    ; 0            ; |reservation_station|registers:\GEN_REG:2:REGX  ; registers           ; work         ;
;    |registers:\GEN_REG:3:BUSY|  ; 1 (1)               ; 1 (1)                     ; 0           ; 0            ; 0       ; 0         ; 0    ; 0            ; |reservation_station|registers:\GEN_REG:3:BUSY  ; registers           ; work         ;
;    |registers:\GEN_REG:3:READY| ; 1 (1)               ; 1 (1)                     ; 0           ; 0            ; 0       ; 0         ; 0    ; 0            ; |reservation_station|registers:\GEN_REG:3:READY ; registers           ; work         ;
;    |registers:\GEN_REG:3:REGX|  ; 0 (0)               ; 32 (32)                   ; 0           ; 0            ; 0       ; 0         ; 0    ; 0            ; |reservation_station|registers:\GEN_REG:3:REGX  ; registers           ; work         ;
;    |registers:\GEN_REG:4:BUSY|  ; 1 (1)               ; 1 (1)                     ; 0           ; 0            ; 0       ; 0         ; 0    ; 0            ; |reservation_station|registers:\GEN_REG:4:BUSY  ; registers           ; work         ;
;    |registers:\GEN_REG:4:READY| ; 1 (1)               ; 1 (1)                     ; 0           ; 0            ; 0       ; 0         ; 0    ; 0            ; |reservation_station|registers:\GEN_REG:4:READY ; registers           ; work         ;
;    |registers:\GEN_REG:4:REGX|  ; 0 (0)               ; 32 (32)                   ; 0           ; 0            ; 0       ; 0         ; 0    ; 0            ; |reservation_station|registers:\GEN_REG:4:REGX  ; registers           ; work         ;
;    |registers:\GEN_REG:5:BUSY|  ; 1 (1)               ; 1 (1)                     ; 0           ; 0            ; 0       ; 0         ; 0    ; 0            ; |reservation_station|registers:\GEN_REG:5:BUSY  ; registers           ; work         ;
;    |registers:\GEN_REG:5:READY| ; 1 (1)               ; 1 (1)                     ; 0           ; 0            ; 0       ; 0         ; 0    ; 0            ; |reservation_station|registers:\GEN_REG:5:READY ; registers           ; work         ;
;    |registers:\GEN_REG:5:REGX|  ; 0 (0)               ; 32 (32)                   ; 0           ; 0            ; 0       ; 0         ; 0    ; 0            ; |reservation_station|registers:\GEN_REG:5:REGX  ; registers           ; work         ;
;    |registers:\GEN_REG:6:BUSY|  ; 1 (1)               ; 1 (1)                     ; 0           ; 0            ; 0       ; 0         ; 0    ; 0            ; |reservation_station|registers:\GEN_REG:6:BUSY  ; registers           ; work         ;
;    |registers:\GEN_REG:6:READY| ; 1 (1)               ; 1 (1)                     ; 0           ; 0            ; 0       ; 0         ; 0    ; 0            ; |reservation_station|registers:\GEN_REG:6:READY ; registers           ; work         ;
;    |registers:\GEN_REG:6:REGX|  ; 0 (0)               ; 32 (32)                   ; 0           ; 0            ; 0       ; 0         ; 0    ; 0            ; |reservation_station|registers:\GEN_REG:6:REGX  ; registers           ; work         ;
;    |registers:\GEN_REG:7:BUSY|  ; 1 (1)               ; 1 (1)                     ; 0           ; 0            ; 0       ; 0         ; 0    ; 0            ; |reservation_station|registers:\GEN_REG:7:BUSY  ; registers           ; work         ;
;    |registers:\GEN_REG:7:READY| ; 1 (1)               ; 1 (1)                     ; 0           ; 0            ; 0       ; 0         ; 0    ; 0            ; |reservation_station|registers:\GEN_REG:7:READY ; registers           ; work         ;
;    |registers:\GEN_REG:7:REGX|  ; 0 (0)               ; 32 (32)                   ; 0           ; 0            ; 0       ; 0         ; 0    ; 0            ; |reservation_station|registers:\GEN_REG:7:REGX  ; registers           ; work         ;
+---------------------------------+---------------------+---------------------------+-------------+--------------+---------+-----------+------+--------------+-------------------------------------------------+---------------------+--------------+
Note: For table entries with two numbers listed, the numbers in parentheses indicate the number of resources of the given type used by the specific entity alone. The numbers listed outside of parentheses indicate the total resources of the given type used by the specific entity and all of its sub-entities in the hierarchy.


+------------------------------------------------------+
; General Register Statistics                          ;
+----------------------------------------------+-------+
; Statistic                                    ; Value ;
+----------------------------------------------+-------+
; Total registers                              ; 272   ;
; Number of registers using Synchronous Clear  ; 0     ;
; Number of registers using Synchronous Load   ; 0     ;
; Number of registers using Asynchronous Clear ; 272   ;
; Number of registers using Asynchronous Load  ; 0     ;
; Number of registers using Clock Enable       ; 256   ;
; Number of registers using Preset             ; 0     ;
+----------------------------------------------+-------+


+-------------------------------------------------------------------------------------+
; Parameter Settings for User Entity Instance: Top-level Entity: |reservation_station ;
+----------------+-------+------------------------------------------------------------+
; Parameter Name ; Value ; Type                                                       ;
+----------------+-------+------------------------------------------------------------+
; N              ; 8     ; Signed Integer                                             ;
; X              ; 32    ; Signed Integer                                             ;
+----------------+-------+------------------------------------------------------------+
Note: In order to hide this table in the UI and the text report file, please set the "Show Parameter Settings in Synthesis Report" option in "Analysis and Synthesis Settings -> More Settings" to "Off".


+------------------------------------------------------------------------+
; Parameter Settings for User Entity Instance: registers:\GEN_REG:0:BUSY ;
+----------------+-------+-----------------------------------------------+
; Parameter Name ; Value ; Type                                          ;
+----------------+-------+-----------------------------------------------+
; n              ; 1     ; Signed Integer                                ;
+----------------+-------+-----------------------------------------------+
Note: In order to hide this table in the UI and the text report file, please set the "Show Parameter Settings in Synthesis Report" option in "Analysis and Synthesis Settings -> More Settings" to "Off".


+-------------------------------------------------------------------------+
; Parameter Settings for User Entity Instance: registers:\GEN_REG:0:READY ;
+----------------+-------+------------------------------------------------+
; Parameter Name ; Value ; Type                                           ;
+----------------+-------+------------------------------------------------+
; n              ; 1     ; Signed Integer                                 ;
+----------------+-------+------------------------------------------------+
Note: In order to hide this table in the UI and the text report file, please set the "Show Parameter Settings in Synthesis Report" option in "Analysis and Synthesis Settings -> More Settings" to "Off".


+------------------------------------------------------------------------+
; Parameter Settings for User Entity Instance: registers:\GEN_REG:0:REGX ;
+----------------+-------+-----------------------------------------------+
; Parameter Name ; Value ; Type                                          ;
+----------------+-------+-----------------------------------------------+
; n              ; 32    ; Signed Integer                                ;
+----------------+-------+-----------------------------------------------+
Note: In order to hide this table in the UI and the text report file, please set the "Show Parameter Settings in Synthesis Report" option in "Analysis and Synthesis Settings -> More Settings" to "Off".


+------------------------------------------------------------------------+
; Parameter Settings for User Entity Instance: registers:\GEN_REG:1:BUSY ;
+----------------+-------+-----------------------------------------------+
; Parameter Name ; Value ; Type                                          ;
+----------------+-------+-----------------------------------------------+
; n              ; 1     ; Signed Integer                                ;
+----------------+-------+-----------------------------------------------+
Note: In order to hide this table in the UI and the text report file, please set the "Show Parameter Settings in Synthesis Report" option in "Analysis and Synthesis Settings -> More Settings" to "Off".


+-------------------------------------------------------------------------+
; Parameter Settings for User Entity Instance: registers:\GEN_REG:1:READY ;
+----------------+-------+------------------------------------------------+
; Parameter Name ; Value ; Type                                           ;
+----------------+-------+------------------------------------------------+
; n              ; 1     ; Signed Integer                                 ;
+----------------+-------+------------------------------------------------+
Note: In order to hide this table in the UI and the text report file, please set the "Show Parameter Settings in Synthesis Report" option in "Analysis and Synthesis Settings -> More Settings" to "Off".


+------------------------------------------------------------------------+
; Parameter Settings for User Entity Instance: registers:\GEN_REG:1:REGX ;
+----------------+-------+-----------------------------------------------+
; Parameter Name ; Value ; Type                                          ;
+----------------+-------+-----------------------------------------------+
; n              ; 32    ; Signed Integer                                ;
+----------------+-------+-----------------------------------------------+
Note: In order to hide this table in the UI and the text report file, please set the "Show Parameter Settings in Synthesis Report" option in "Analysis and Synthesis Settings -> More Settings" to "Off".


+------------------------------------------------------------------------+
; Parameter Settings for User Entity Instance: registers:\GEN_REG:2:BUSY ;
+----------------+-------+-----------------------------------------------+
; Parameter Name ; Value ; Type                                          ;
+----------------+-------+-----------------------------------------------+
; n              ; 1     ; Signed Integer                                ;
+----------------+-------+-----------------------------------------------+
Note: In order to hide this table in the UI and the text report file, please set the "Show Parameter Settings in Synthesis Report" option in "Analysis and Synthesis Settings -> More Settings" to "Off".


+-------------------------------------------------------------------------+
; Parameter Settings for User Entity Instance: registers:\GEN_REG:2:READY ;
+----------------+-------+------------------------------------------------+
; Parameter Name ; Value ; Type                                           ;
+----------------+-------+------------------------------------------------+
; n              ; 1     ; Signed Integer                                 ;
+----------------+-------+------------------------------------------------+
Note: In order to hide this table in the UI and the text report file, please set the "Show Parameter Settings in Synthesis Report" option in "Analysis and Synthesis Settings -> More Settings" to "Off".


+------------------------------------------------------------------------+
; Parameter Settings for User Entity Instance: registers:\GEN_REG:2:REGX ;
+----------------+-------+-----------------------------------------------+
; Parameter Name ; Value ; Type                                          ;
+----------------+-------+-----------------------------------------------+
; n              ; 32    ; Signed Integer                                ;
+----------------+-------+-----------------------------------------------+
Note: In order to hide this table in the UI and the text report file, please set the "Show Parameter Settings in Synthesis Report" option in "Analysis and Synthesis Settings -> More Settings" to "Off".


+------------------------------------------------------------------------+
; Parameter Settings for User Entity Instance: registers:\GEN_REG:3:BUSY ;
+----------------+-------+-----------------------------------------------+
; Parameter Name ; Value ; Type                                          ;
+----------------+-------+-----------------------------------------------+
; n              ; 1     ; Signed Integer                                ;
+----------------+-------+-----------------------------------------------+
Note: In order to hide this table in the UI and the text report file, please set the "Show Parameter Settings in Synthesis Report" option in "Analysis and Synthesis Settings -> More Settings" to "Off".


+-------------------------------------------------------------------------+
; Parameter Settings for User Entity Instance: registers:\GEN_REG:3:READY ;
+----------------+-------+------------------------------------------------+
; Parameter Name ; Value ; Type                                           ;
+----------------+-------+------------------------------------------------+
; n              ; 1     ; Signed Integer                                 ;
+----------------+-------+------------------------------------------------+
Note: In order to hide this table in the UI and the text report file, please set the "Show Parameter Settings in Synthesis Report" option in "Analysis and Synthesis Settings -> More Settings" to "Off".


+------------------------------------------------------------------------+
; Parameter Settings for User Entity Instance: registers:\GEN_REG:3:REGX ;
+----------------+-------+-----------------------------------------------+
; Parameter Name ; Value ; Type                                          ;
+----------------+-------+-----------------------------------------------+
; n              ; 32    ; Signed Integer                                ;
+----------------+-------+-----------------------------------------------+
Note: In order to hide this table in the UI and the text report file, please set the "Show Parameter Settings in Synthesis Report" option in "Analysis and Synthesis Settings -> More Settings" to "Off".


+------------------------------------------------------------------------+
; Parameter Settings for User Entity Instance: registers:\GEN_REG:4:BUSY ;
+----------------+-------+-----------------------------------------------+
; Parameter Name ; Value ; Type                                          ;
+----------------+-------+-----------------------------------------------+
; n              ; 1     ; Signed Integer                                ;
+----------------+-------+-----------------------------------------------+
Note: In order to hide this table in the UI and the text report file, please set the "Show Parameter Settings in Synthesis Report" option in "Analysis and Synthesis Settings -> More Settings" to "Off".


+-------------------------------------------------------------------------+
; Parameter Settings for User Entity Instance: registers:\GEN_REG:4:READY ;
+----------------+-------+------------------------------------------------+
; Parameter Name ; Value ; Type                                           ;
+----------------+-------+------------------------------------------------+
; n              ; 1     ; Signed Integer                                 ;
+----------------+-------+------------------------------------------------+
Note: In order to hide this table in the UI and the text report file, please set the "Show Parameter Settings in Synthesis Report" option in "Analysis and Synthesis Settings -> More Settings" to "Off".


+------------------------------------------------------------------------+
; Parameter Settings for User Entity Instance: registers:\GEN_REG:4:REGX ;
+----------------+-------+-----------------------------------------------+
; Parameter Name ; Value ; Type                                          ;
+----------------+-------+-----------------------------------------------+
; n              ; 32    ; Signed Integer                                ;
+----------------+-------+-----------------------------------------------+
Note: In order to hide this table in the UI and the text report file, please set the "Show Parameter Settings in Synthesis Report" option in "Analysis and Synthesis Settings -> More Settings" to "Off".


+------------------------------------------------------------------------+
; Parameter Settings for User Entity Instance: registers:\GEN_REG:5:BUSY ;
+----------------+-------+-----------------------------------------------+
; Parameter Name ; Value ; Type                                          ;
+----------------+-------+-----------------------------------------------+
; n              ; 1     ; Signed Integer                                ;
+----------------+-------+-----------------------------------------------+
Note: In order to hide this table in the UI and the text report file, please set the "Show Parameter Settings in Synthesis Report" option in "Analysis and Synthesis Settings -> More Settings" to "Off".


+-------------------------------------------------------------------------+
; Parameter Settings for User Entity Instance: registers:\GEN_REG:5:READY ;
+----------------+-------+------------------------------------------------+
; Parameter Name ; Value ; Type                                           ;
+----------------+-------+------------------------------------------------+
; n              ; 1     ; Signed Integer                                 ;
+----------------+-------+------------------------------------------------+
Note: In order to hide this table in the UI and the text report file, please set the "Show Parameter Settings in Synthesis Report" option in "Analysis and Synthesis Settings -> More Settings" to "Off".


+------------------------------------------------------------------------+
; Parameter Settings for User Entity Instance: registers:\GEN_REG:5:REGX ;
+----------------+-------+-----------------------------------------------+
; Parameter Name ; Value ; Type                                          ;
+----------------+-------+-----------------------------------------------+
; n              ; 32    ; Signed Integer                                ;
+----------------+-------+-----------------------------------------------+
Note: In order to hide this table in the UI and the text report file, please set the "Show Parameter Settings in Synthesis Report" option in "Analysis and Synthesis Settings -> More Settings" to "Off".


+------------------------------------------------------------------------+
; Parameter Settings for User Entity Instance: registers:\GEN_REG:6:BUSY ;
+----------------+-------+-----------------------------------------------+
; Parameter Name ; Value ; Type                                          ;
+----------------+-------+-----------------------------------------------+
; n              ; 1     ; Signed Integer                                ;
+----------------+-------+-----------------------------------------------+
Note: In order to hide this table in the UI and the text report file, please set the "Show Parameter Settings in Synthesis Report" option in "Analysis and Synthesis Settings -> More Settings" to "Off".


+-------------------------------------------------------------------------+
; Parameter Settings for User Entity Instance: registers:\GEN_REG:6:READY ;
+----------------+-------+------------------------------------------------+
; Parameter Name ; Value ; Type                                           ;
+----------------+-------+------------------------------------------------+
; n              ; 1     ; Signed Integer                                 ;
+----------------+-------+------------------------------------------------+
Note: In order to hide this table in the UI and the text report file, please set the "Show Parameter Settings in Synthesis Report" option in "Analysis and Synthesis Settings -> More Settings" to "Off".


+------------------------------------------------------------------------+
; Parameter Settings for User Entity Instance: registers:\GEN_REG:6:REGX ;
+----------------+-------+-----------------------------------------------+
; Parameter Name ; Value ; Type                                          ;
+----------------+-------+-----------------------------------------------+
; n              ; 32    ; Signed Integer                                ;
+----------------+-------+-----------------------------------------------+
Note: In order to hide this table in the UI and the text report file, please set the "Show Parameter Settings in Synthesis Report" option in "Analysis and Synthesis Settings -> More Settings" to "Off".


+------------------------------------------------------------------------+
; Parameter Settings for User Entity Instance: registers:\GEN_REG:7:BUSY ;
+----------------+-------+-----------------------------------------------+
; Parameter Name ; Value ; Type                                          ;
+----------------+-------+-----------------------------------------------+
; n              ; 1     ; Signed Integer                                ;
+----------------+-------+-----------------------------------------------+
Note: In order to hide this table in the UI and the text report file, please set the "Show Parameter Settings in Synthesis Report" option in "Analysis and Synthesis Settings -> More Settings" to "Off".


+-------------------------------------------------------------------------+
; Parameter Settings for User Entity Instance: registers:\GEN_REG:7:READY ;
+----------------+-------+------------------------------------------------+
; Parameter Name ; Value ; Type                                           ;
+----------------+-------+------------------------------------------------+
; n              ; 1     ; Signed Integer                                 ;
+----------------+-------+------------------------------------------------+
Note: In order to hide this table in the UI and the text report file, please set the "Show Parameter Settings in Synthesis Report" option in "Analysis and Synthesis Settings -> More Settings" to "Off".


+------------------------------------------------------------------------+
; Parameter Settings for User Entity Instance: registers:\GEN_REG:7:REGX ;
+----------------+-------+-----------------------------------------------+
; Parameter Name ; Value ; Type                                          ;
+----------------+-------+-----------------------------------------------+
; n              ; 32    ; Signed Integer                                ;
+----------------+-------+-----------------------------------------------+
Note: In order to hide this table in the UI and the text report file, please set the "Show Parameter Settings in Synthesis Report" option in "Analysis and Synthesis Settings -> More Settings" to "Off".


+-----------------------------------------------------+
; Post-Synthesis Netlist Statistics for Top Partition ;
+-----------------------+-----------------------------+
; Type                  ; Count                       ;
+-----------------------+-----------------------------+
; boundary_port         ; 570                         ;
; cycloneiii_ff         ; 272                         ;
;     CLR               ; 16                          ;
;     ENA CLR           ; 256                         ;
; cycloneiii_lcell_comb ; 16                          ;
;     normal            ; 16                          ;
;         3 data inputs ; 16                          ;
;                       ;                             ;
; Max LUT depth         ; 1.00                        ;
; Average LUT depth     ; 0.11                        ;
+-----------------------+-----------------------------+


+-------------------------------+
; Elapsed Time Per Partition    ;
+----------------+--------------+
; Partition Name ; Elapsed Time ;
+----------------+--------------+
; Top            ; 00:00:00     ;
+----------------+--------------+


+-------------------------------+
; Analysis & Synthesis Messages ;
+-------------------------------+
Info: *******************************************************************
Info: Running Quartus Prime Analysis & Synthesis
    Info: Version 16.1.0 Build 196 10/24/2016 SJ Lite Edition
    Info: Processing started: Fri May 05 10:14:59 2017
Info: Command: quartus_map --read_settings_files=on --write_settings_files=off reservation_station -c reservation_station
Warning (18236): Number of processors has not been specified which may cause overloading on shared machines.  Set the global assignment NUM_PARALLEL_PROCESSORS in your QSF to an appropriate value for best performance.
Info (20030): Parallel compilation is enabled and will use 2 of the 2 processors detected
Info (12021): Found 2 design units, including 1 entities, in source file /users/dell/desktop/git/superscalar processor deisgn/all code files/reservation_station.vhd
    Info (12022): Found design unit 1: reservation_station-RS File: C:/Users/dell/Desktop/GIT/Superscalar Processor Deisgn/ALL Code Files/reservation_station.vhd Line: 24
    Info (12023): Found entity 1: reservation_station File: C:/Users/dell/Desktop/GIT/Superscalar Processor Deisgn/ALL Code Files/reservation_station.vhd Line: 8
Info (12021): Found 2 design units, including 1 entities, in source file /users/dell/desktop/git/superscalar processor deisgn/all code files/registers.vhd
    Info (12022): Found design unit 1: registers-reg File: C:/Users/dell/Desktop/GIT/Superscalar Processor Deisgn/ALL Code Files/registers.vhd Line: 13
    Info (12023): Found entity 1: registers File: C:/Users/dell/Desktop/GIT/Superscalar Processor Deisgn/ALL Code Files/registers.vhd Line: 4
Info (12021): Found 1 design units, including 0 entities, in source file /users/dell/desktop/git/superscalar processor deisgn/all code files/components.vhd
    Info (12022): Found design unit 1: components File: C:/Users/dell/Desktop/GIT/Superscalar Processor Deisgn/ALL Code Files/components.vhd Line: 5
Info (12127): Elaborating entity "reservation_station" for the top level hierarchy
Info (12128): Elaborating entity "registers" for hierarchy "registers:\GEN_REG:0:BUSY" File: C:/Users/dell/Desktop/GIT/Superscalar Processor Deisgn/ALL Code Files/reservation_station.vhd Line: 30
Warning (10492): VHDL Process Statement warning at registers.vhd(18): signal "reset" is read inside the Process Statement but isn't in the Process Statement's sensitivity list File: C:/Users/dell/Desktop/GIT/Superscalar Processor Deisgn/ALL Code Files/registers.vhd Line: 18
Info (12128): Elaborating entity "registers" for hierarchy "registers:\GEN_REG:0:REGX" File: C:/Users/dell/Desktop/GIT/Superscalar Processor Deisgn/ALL Code Files/reservation_station.vhd Line: 45
Warning (10492): VHDL Process Statement warning at registers.vhd(18): signal "reset" is read inside the Process Statement but isn't in the Process Statement's sensitivity list File: C:/Users/dell/Desktop/GIT/Superscalar Processor Deisgn/ALL Code Files/registers.vhd Line: 18
Info (286030): Timing-Driven Synthesis is running
Info (16010): Generating hard_block partition "hard_block:auto_generated_inst"
    Info (16011): Adding 0 node(s), including 0 DDIO, 0 PLL, 0 transceiver and 0 LCELL
Info (21057): Implemented 842 device resources after synthesis - the final resource count might be different
    Info (21058): Implemented 298 input pins
    Info (21059): Implemented 272 output pins
    Info (21061): Implemented 272 logic cells
Info: Quartus Prime Analysis & Synthesis was successful. 0 errors, 3 warnings
    Info: Peak virtual memory: 677 megabytes
    Info: Processing ended: Fri May 05 10:15:13 2017
    Info: Elapsed time: 00:00:14
    Info: Total CPU time (on all processors): 00:00:32


