Analysis & Synthesis report for rs_execute
Fri Jun 02 20:40:55 2017
Quartus Prime Version 17.0.0 Build 595 04/25/2017 SJ Lite Edition


---------------------
; Table of Contents ;
---------------------
  1. Legal Notice
  2. Analysis & Synthesis Summary
  3. Analysis & Synthesis Settings
  4. Parallel Compilation
  5. Analysis & Synthesis Messages



----------------
; Legal Notice ;
----------------
Copyright (C) 2017  Intel Corporation. All rights reserved.
Your use of Intel Corporation's design tools, logic functions 
and other software and tools, and its AMPP partner logic 
functions, and any output files from any of the foregoing 
(including device programming or simulation files), and any 
associated documentation or information are expressly subject 
to the terms and conditions of the Intel Program License 
Subscription Agreement, the Intel Quartus Prime License Agreement,
the Intel MegaCore Function License Agreement, or other 
applicable license agreement, including, without limitation, 
that your use is for the sole purpose of programming logic 
devices manufactured by Intel and sold by Intel or its 
authorized distributors.  Please refer to the applicable 
agreement for further details.



+----------------------------------------------------------------------------------+
; Analysis & Synthesis Summary                                                     ;
+------------------------------------+---------------------------------------------+
; Analysis & Synthesis Status        ; Failed - Fri Jun 02 20:40:55 2017           ;
; Quartus Prime Version              ; 17.0.0 Build 595 04/25/2017 SJ Lite Edition ;
; Revision Name                      ; rs_execute                                  ;
; Top-level Entity Name              ; rs_execute                                  ;
; Family                             ; Cyclone IV E                                ;
; Total logic elements               ; N/A until Partition Merge                   ;
;     Total combinational functions  ; N/A until Partition Merge                   ;
;     Dedicated logic registers      ; N/A until Partition Merge                   ;
; Total registers                    ; N/A until Partition Merge                   ;
; Total pins                         ; N/A until Partition Merge                   ;
; Total virtual pins                 ; N/A until Partition Merge                   ;
; Total memory bits                  ; N/A until Partition Merge                   ;
; Embedded Multiplier 9-bit elements ; N/A until Partition Merge                   ;
; Total PLLs                         ; N/A until Partition Merge                   ;
+------------------------------------+---------------------------------------------+


+----------------------------------------------------------------------------------------------------------------------+
; Analysis & Synthesis Settings                                                                                        ;
+----------------------------------------------------------------------------+--------------------+--------------------+
; Option                                                                     ; Setting            ; Default Value      ;
+----------------------------------------------------------------------------+--------------------+--------------------+
; Top-level entity name                                                      ; rs_execute         ; rs_execute         ;
; Family name                                                                ; Cyclone IV E       ; Cyclone V          ;
; VHDL Show LMF Mapping Messages                                             ; Off                ;                    ;
; VHDL Version                                                               ; VHDL_2008          ; VHDL_1993          ;
; Use smart compilation                                                      ; Off                ; Off                ;
; Enable parallel Assembler and TimeQuest Timing Analyzer during compilation ; On                 ; On                 ;
; Enable compact report table                                                ; Off                ; Off                ;
; Restructure Multiplexers                                                   ; Auto               ; Auto               ;
; Create Debugging Nodes for IP Cores                                        ; Off                ; Off                ;
; Preserve fewer node names                                                  ; On                 ; On                 ;
; OpenCore Plus hardware evaluation                                          ; Enable             ; Enable             ;
; Verilog Version                                                            ; Verilog_2001       ; Verilog_2001       ;
; State Machine Processing                                                   ; Auto               ; Auto               ;
; Safe State Machine                                                         ; Off                ; Off                ;
; Extract Verilog State Machines                                             ; On                 ; On                 ;
; Extract VHDL State Machines                                                ; On                 ; On                 ;
; Ignore Verilog initial constructs                                          ; Off                ; Off                ;
; Iteration limit for constant Verilog loops                                 ; 5000               ; 5000               ;
; Iteration limit for non-constant Verilog loops                             ; 250                ; 250                ;
; Add Pass-Through Logic to Inferred RAMs                                    ; On                 ; On                 ;
; Infer RAMs from Raw Logic                                                  ; On                 ; On                 ;
; Parallel Synthesis                                                         ; On                 ; On                 ;
; DSP Block Balancing                                                        ; Auto               ; Auto               ;
; NOT Gate Push-Back                                                         ; On                 ; On                 ;
; Power-Up Don't Care                                                        ; On                 ; On                 ;
; Remove Redundant Logic Cells                                               ; Off                ; Off                ;
; Remove Duplicate Registers                                                 ; On                 ; On                 ;
; Ignore CARRY Buffers                                                       ; Off                ; Off                ;
; Ignore CASCADE Buffers                                                     ; Off                ; Off                ;
; Ignore GLOBAL Buffers                                                      ; Off                ; Off                ;
; Ignore ROW GLOBAL Buffers                                                  ; Off                ; Off                ;
; Ignore LCELL Buffers                                                       ; Off                ; Off                ;
; Ignore SOFT Buffers                                                        ; On                 ; On                 ;
; Limit AHDL Integers to 32 Bits                                             ; Off                ; Off                ;
; Optimization Technique                                                     ; Balanced           ; Balanced           ;
; Carry Chain Length                                                         ; 70                 ; 70                 ;
; Auto Carry Chains                                                          ; On                 ; On                 ;
; Auto Open-Drain Pins                                                       ; On                 ; On                 ;
; Perform WYSIWYG Primitive Resynthesis                                      ; Off                ; Off                ;
; Auto ROM Replacement                                                       ; On                 ; On                 ;
; Auto RAM Replacement                                                       ; On                 ; On                 ;
; Auto DSP Block Replacement                                                 ; On                 ; On                 ;
; Auto Shift Register Replacement                                            ; Auto               ; Auto               ;
; Allow Shift Register Merging across Hierarchies                            ; Auto               ; Auto               ;
; Auto Clock Enable Replacement                                              ; On                 ; On                 ;
; Strict RAM Replacement                                                     ; Off                ; Off                ;
; Allow Synchronous Control Signals                                          ; On                 ; On                 ;
; Force Use of Synchronous Clear Signals                                     ; Off                ; Off                ;
; Auto RAM Block Balancing                                                   ; On                 ; On                 ;
; Auto RAM to Logic Cell Conversion                                          ; Off                ; Off                ;
; Auto Resource Sharing                                                      ; Off                ; Off                ;
; Allow Any RAM Size For Recognition                                         ; Off                ; Off                ;
; Allow Any ROM Size For Recognition                                         ; Off                ; Off                ;
; Allow Any Shift Register Size For Recognition                              ; Off                ; Off                ;
; Use LogicLock Constraints during Resource Balancing                        ; On                 ; On                 ;
; Ignore translate_off and synthesis_off directives                          ; Off                ; Off                ;
; Timing-Driven Synthesis                                                    ; On                 ; On                 ;
; Report Parameter Settings                                                  ; On                 ; On                 ;
; Report Source Assignments                                                  ; On                 ; On                 ;
; Report Connectivity Checks                                                 ; On                 ; On                 ;
; Ignore Maximum Fan-Out Assignments                                         ; Off                ; Off                ;
; Synchronization Register Chain Length                                      ; 2                  ; 2                  ;
; PowerPlay Power Optimization During Synthesis                              ; Normal compilation ; Normal compilation ;
; HDL message level                                                          ; Level2             ; Level2             ;
; Suppress Register Optimization Related Messages                            ; Off                ; Off                ;
; Number of Removed Registers Reported in Synthesis Report                   ; 5000               ; 5000               ;
; Number of Swept Nodes Reported in Synthesis Report                         ; 5000               ; 5000               ;
; Number of Inverted Registers Reported in Synthesis Report                  ; 100                ; 100                ;
; Clock MUX Protection                                                       ; On                 ; On                 ;
; Auto Gated Clock Conversion                                                ; Off                ; Off                ;
; Block Design Naming                                                        ; Auto               ; Auto               ;
; SDC constraint protection                                                  ; Off                ; Off                ;
; Synthesis Effort                                                           ; Auto               ; Auto               ;
; Shift Register Replacement - Allow Asynchronous Clear Signal               ; On                 ; On                 ;
; Pre-Mapping Resynthesis Optimization                                       ; Off                ; Off                ;
; Analysis & Synthesis Message Level                                         ; Medium             ; Medium             ;
; Disable Register Merging Across Hierarchies                                ; Auto               ; Auto               ;
; Resource Aware Inference For Block RAM                                     ; On                 ; On                 ;
+----------------------------------------------------------------------------+--------------------+--------------------+


+------------------------------------------+
; Parallel Compilation                     ;
+----------------------------+-------------+
; Processors                 ; Number      ;
+----------------------------+-------------+
; Number detected on machine ; 4           ;
; Maximum allowed            ; 2           ;
;                            ;             ;
; Average used               ; 1.00        ;
; Maximum used               ; 1           ;
;                            ;             ;
; Usage by Processor         ; % Time Used ;
;     Processor 1            ; 100.0%      ;
+----------------------------+-------------+


+-------------------------------+
; Analysis & Synthesis Messages ;
+-------------------------------+
Info: *******************************************************************
Info: Running Quartus Prime Analysis & Synthesis
    Info: Version 17.0.0 Build 595 04/25/2017 SJ Lite Edition
    Info: Processing started: Fri Jun 02 20:40:37 2017
Info: Command: quartus_map --read_settings_files=on --write_settings_files=off rs_execute -c rs_execute
Warning (18236): Number of processors has not been specified which may cause overloading on shared machines.  Set the global assignment NUM_PARALLEL_PROCESSORS in your QSF to an appropriate value for best performance.
Info (20030): Parallel compilation is enabled and will use 2 of the 2 processors detected
Info (12021): Found 2 design units, including 1 entities, in source file /users/dell/desktop/git/superscalar processor deisgn/all code files/dispatch_unit_bch.vhd
    Info (12022): Found design unit 1: dispatch_unit_bch-DU File: C:/Users/dell/Desktop/GIT/Superscalar Processor Deisgn/ALL Code Files/dispatch_unit_bch.vhd Line: 39
    Info (12023): Found entity 1: dispatch_unit_bch File: C:/Users/dell/Desktop/GIT/Superscalar Processor Deisgn/ALL Code Files/dispatch_unit_bch.vhd Line: 13
Info (12021): Found 2 design units, including 1 entities, in source file /users/dell/desktop/git/superscalar processor deisgn/all code files/dispatch_unit.vhd
    Info (12022): Found design unit 1: dispatch_unit-DU File: C:/Users/dell/Desktop/GIT/Superscalar Processor Deisgn/ALL Code Files/dispatch_unit.vhd Line: 40
    Info (12023): Found entity 1: dispatch_unit File: C:/Users/dell/Desktop/GIT/Superscalar Processor Deisgn/ALL Code Files/dispatch_unit.vhd Line: 13
Info (12021): Found 2 design units, including 1 entities, in source file /users/dell/desktop/git/superscalar processor deisgn/all code files/comparator.vhd
    Info (12022): Found design unit 1: comparator-Comp File: C:/Users/dell/Desktop/GIT/Superscalar Processor Deisgn/ALL Code Files/comparator.vhd Line: 22
    Info (12023): Found entity 1: comparator File: C:/Users/dell/Desktop/GIT/Superscalar Processor Deisgn/ALL Code Files/comparator.vhd Line: 8
Info (12021): Found 2 design units, including 1 entities, in source file /users/dell/desktop/git/superscalar processor deisgn/all code files/adds.vhd
    Info (12022): Found design unit 1: adds-files File: C:/Users/dell/Desktop/GIT/Superscalar Processor Deisgn/ALL Code Files/adds.vhd Line: 19
    Info (12023): Found entity 1: adds File: C:/Users/dell/Desktop/GIT/Superscalar Processor Deisgn/ALL Code Files/adds.vhd Line: 11
Info (12021): Found 2 design units, including 1 entities, in source file /users/dell/desktop/git/superscalar processor deisgn/all code files/execute_complete.vhd
    Info (12022): Found design unit 1: execute_complete-ex_comp File: C:/Users/dell/Desktop/GIT/Superscalar Processor Deisgn/ALL Code Files/execute_complete.vhd Line: 35
    Info (12023): Found entity 1: execute_complete File: C:/Users/dell/Desktop/GIT/Superscalar Processor Deisgn/ALL Code Files/execute_complete.vhd Line: 8
Info (12021): Found 2 design units, including 1 entities, in source file /users/dell/desktop/git/superscalar processor deisgn/all code files/update_unit.vhd
    Info (12022): Found design unit 1: update_unit-UU File: C:/Users/dell/Desktop/GIT/Superscalar Processor Deisgn/ALL Code Files/update_unit.vhd Line: 37
    Info (12023): Found entity 1: update_unit File: C:/Users/dell/Desktop/GIT/Superscalar Processor Deisgn/ALL Code Files/update_unit.vhd Line: 12
Info (12021): Found 2 design units, including 1 entities, in source file /users/dell/desktop/git/superscalar processor deisgn/all code files/reservation_station_complete.vhd
    Info (12022): Found design unit 1: reservation_station_complete-RS File: C:/Users/dell/Desktop/GIT/Superscalar Processor Deisgn/ALL Code Files/reservation_station_complete.vhd Line: 43
    Info (12023): Found entity 1: reservation_station_complete File: C:/Users/dell/Desktop/GIT/Superscalar Processor Deisgn/ALL Code Files/reservation_station_complete.vhd Line: 9
Info (12021): Found 2 design units, including 1 entities, in source file /users/dell/desktop/git/superscalar processor deisgn/all code files/reservation_station.vhd
    Info (12022): Found design unit 1: reservation_station-RS File: C:/Users/dell/Desktop/GIT/Superscalar Processor Deisgn/ALL Code Files/reservation_station.vhd Line: 33
    Info (12023): Found entity 1: reservation_station File: C:/Users/dell/Desktop/GIT/Superscalar Processor Deisgn/ALL Code Files/reservation_station.vhd Line: 10
Info (12021): Found 2 design units, including 1 entities, in source file /users/dell/desktop/git/superscalar processor deisgn/all code files/registers.vhd
    Info (12022): Found design unit 1: registers-reg File: C:/Users/dell/Desktop/GIT/Superscalar Processor Deisgn/ALL Code Files/registers.vhd Line: 13
    Info (12023): Found entity 1: registers File: C:/Users/dell/Desktop/GIT/Superscalar Processor Deisgn/ALL Code Files/registers.vhd Line: 4
Info (12021): Found 2 design units, including 1 entities, in source file /users/dell/desktop/git/superscalar processor deisgn/all code files/lst_unit.vhd
    Info (12022): Found design unit 1: lst_unit-lst_arch File: C:/Users/dell/Desktop/GIT/Superscalar Processor Deisgn/ALL Code Files/lst_unit.vhd Line: 17
    Info (12023): Found entity 1: lst_unit File: C:/Users/dell/Desktop/GIT/Superscalar Processor Deisgn/ALL Code Files/lst_unit.vhd Line: 8
Info (12021): Found 1 design units, including 0 entities, in source file /users/dell/desktop/git/superscalar processor deisgn/all code files/components.vhd
    Info (12022): Found design unit 1: components File: C:/Users/dell/Desktop/GIT/Superscalar Processor Deisgn/ALL Code Files/components.vhd Line: 5
Info (12021): Found 2 design units, including 1 entities, in source file /users/dell/desktop/git/superscalar processor deisgn/all code files/bch_unit.vhd
    Info (12022): Found design unit 1: bch_unit-bch_arch File: C:/Users/dell/Desktop/GIT/Superscalar Processor Deisgn/ALL Code Files/bch_unit.vhd Line: 17
    Info (12023): Found entity 1: bch_unit File: C:/Users/dell/Desktop/GIT/Superscalar Processor Deisgn/ALL Code Files/bch_unit.vhd Line: 8
Info (12021): Found 2 design units, including 1 entities, in source file /users/dell/desktop/git/superscalar processor deisgn/all code files/alu_unit.vhd
    Info (12022): Found design unit 1: alu_unit-alu_arch File: C:/Users/dell/Desktop/GIT/Superscalar Processor Deisgn/ALL Code Files/alu_unit.vhd Line: 22
    Info (12023): Found entity 1: alu_unit File: C:/Users/dell/Desktop/GIT/Superscalar Processor Deisgn/ALL Code Files/alu_unit.vhd Line: 13
Info (12021): Found 2 design units, including 1 entities, in source file /users/dell/desktop/git/superscalar processor deisgn/all code files/allocating_unit.vhd
    Info (12022): Found design unit 1: allocating_unit-AU File: C:/Users/dell/Desktop/GIT/Superscalar Processor Deisgn/ALL Code Files/allocating_unit.vhd Line: 83
    Info (12023): Found entity 1: allocating_unit File: C:/Users/dell/Desktop/GIT/Superscalar Processor Deisgn/ALL Code Files/allocating_unit.vhd Line: 25
Info (12021): Found 2 design units, including 1 entities, in source file /users/dell/desktop/git/superscalar processor deisgn/all code files/rs_execute.vhd
    Info (12022): Found design unit 1: rs_execute-RS_ex File: C:/Users/dell/Desktop/GIT/Superscalar Processor Deisgn/ALL Code Files/rs_execute.vhd Line: 24
    Info (12023): Found entity 1: rs_execute File: C:/Users/dell/Desktop/GIT/Superscalar Processor Deisgn/ALL Code Files/rs_execute.vhd Line: 6
Info (12127): Elaborating entity "rs_execute" for the top level hierarchy
Info (12128): Elaborating entity "reservation_station_complete" for hierarchy "reservation_station_complete:Reserv_Statn" File: C:/Users/dell/Desktop/GIT/Superscalar Processor Deisgn/ALL Code Files/rs_execute.vhd Line: 33
Warning (10036): Verilog HDL or VHDL warning at reservation_station_complete.vhd(70): object "ready_alu" assigned a value but never read File: C:/Users/dell/Desktop/GIT/Superscalar Processor Deisgn/ALL Code Files/reservation_station_complete.vhd Line: 70
Warning (10036): Verilog HDL or VHDL warning at reservation_station_complete.vhd(71): object "ready_bch" assigned a value but never read File: C:/Users/dell/Desktop/GIT/Superscalar Processor Deisgn/ALL Code Files/reservation_station_complete.vhd Line: 71
Warning (10036): Verilog HDL or VHDL warning at reservation_station_complete.vhd(72): object "ready_lst" assigned a value but never read File: C:/Users/dell/Desktop/GIT/Superscalar Processor Deisgn/ALL Code Files/reservation_station_complete.vhd Line: 72
Warning (10036): Verilog HDL or VHDL warning at reservation_station_complete.vhd(77): object "stall_out" assigned a value but never read File: C:/Users/dell/Desktop/GIT/Superscalar Processor Deisgn/ALL Code Files/reservation_station_complete.vhd Line: 77
Error (10384): VHDL assignment error at reservation_station_complete.vhd(90): index 43 is outside the range (40 downto 0) of object "alu_inst1_out" File: C:/Users/dell/Desktop/GIT/Superscalar Processor Deisgn/ALL Code Files/reservation_station_complete.vhd Line: 90
Error (12152): Can't elaborate user hierarchy "reservation_station_complete:Reserv_Statn" File: C:/Users/dell/Desktop/GIT/Superscalar Processor Deisgn/ALL Code Files/rs_execute.vhd Line: 33
Error: Quartus Prime Analysis & Synthesis was unsuccessful. 2 errors, 5 warnings
    Error: Peak virtual memory: 666 megabytes
    Error: Processing ended: Fri Jun 02 20:40:55 2017
    Error: Elapsed time: 00:00:18
    Error: Total CPU time (on all processors): 00:00:39


