Analysis & Synthesis report for decode
Sat May 27 20:56:38 2017
Quartus Prime Version 16.1.0 Build 196 10/24/2016 SJ Lite Edition


---------------------
; Table of Contents ;
---------------------
  1. Legal Notice
  2. Analysis & Synthesis Summary
  3. Analysis & Synthesis Settings
  4. Parallel Compilation
  5. Analysis & Synthesis Source Files Read
  6. Analysis & Synthesis Resource Usage Summary
  7. Analysis & Synthesis Resource Utilization by Entity
  8. Registers Removed During Synthesis
  9. General Register Statistics
 10. Multiplexer Restructuring Statistics (Restructuring Performed)
 11. Parameter Settings for User Entity Instance: registers:out_reg1
 12. Parameter Settings for User Entity Instance: registers:out_reg2
 13. Port Connectivity Checks: "registers:out_reg2"
 14. Port Connectivity Checks: "registers:out_reg1"
 15. Post-Synthesis Netlist Statistics for Top Partition
 16. Elapsed Time Per Partition
 17. Analysis & Synthesis Messages



----------------
; Legal Notice ;
----------------
Copyright (C) 2016  Intel Corporation. All rights reserved.
Your use of Intel Corporation's design tools, logic functions 
and other software and tools, and its AMPP partner logic 
functions, and any output files from any of the foregoing 
(including device programming or simulation files), and any 
associated documentation or information are expressly subject 
to the terms and conditions of the Intel Program License 
Subscription Agreement, the Intel Quartus Prime License Agreement,
the Intel MegaCore Function License Agreement, or other 
applicable license agreement, including, without limitation, 
that your use is for the sole purpose of programming logic 
devices manufactured by Intel and sold by Intel or its 
authorized distributors.  Please refer to the applicable 
agreement for further details.



+----------------------------------------------------------------------------------+
; Analysis & Synthesis Summary                                                     ;
+------------------------------------+---------------------------------------------+
; Analysis & Synthesis Status        ; Successful - Sat May 27 20:56:38 2017       ;
; Quartus Prime Version              ; 16.1.0 Build 196 10/24/2016 SJ Lite Edition ;
; Revision Name                      ; decode                                      ;
; Top-level Entity Name              ; decode                                      ;
; Family                             ; Cyclone IV E                                ;
; Total logic elements               ; 78                                          ;
;     Total combinational functions  ; 62                                          ;
;     Dedicated logic registers      ; 54                                          ;
; Total registers                    ; 54                                          ;
; Total pins                         ; 161                                         ;
; Total virtual pins                 ; 0                                           ;
; Total memory bits                  ; 0                                           ;
; Embedded Multiplier 9-bit elements ; 0                                           ;
; Total PLLs                         ; 0                                           ;
+------------------------------------+---------------------------------------------+


+----------------------------------------------------------------------------------------------------------------------+
; Analysis & Synthesis Settings                                                                                        ;
+----------------------------------------------------------------------------+--------------------+--------------------+
; Option                                                                     ; Setting            ; Default Value      ;
+----------------------------------------------------------------------------+--------------------+--------------------+
; Top-level entity name                                                      ; decode             ; decode             ;
; Family name                                                                ; Cyclone IV E       ; Cyclone V          ;
; Maximum processors allowed for parallel compilation                        ; 2                  ;                    ;
; VHDL Show LMF Mapping Messages                                             ; Off                ;                    ;
; VHDL Version                                                               ; VHDL_2008          ; VHDL_1993          ;
; Use smart compilation                                                      ; Off                ; Off                ;
; Enable parallel Assembler and TimeQuest Timing Analyzer during compilation ; On                 ; On                 ;
; Enable compact report table                                                ; Off                ; Off                ;
; Restructure Multiplexers                                                   ; Auto               ; Auto               ;
; Create Debugging Nodes for IP Cores                                        ; Off                ; Off                ;
; Preserve fewer node names                                                  ; On                 ; On                 ;
; OpenCore Plus hardware evaluation                                          ; Enable             ; Enable             ;
; Verilog Version                                                            ; Verilog_2001       ; Verilog_2001       ;
; State Machine Processing                                                   ; Auto               ; Auto               ;
; Safe State Machine                                                         ; Off                ; Off                ;
; Extract Verilog State Machines                                             ; On                 ; On                 ;
; Extract VHDL State Machines                                                ; On                 ; On                 ;
; Ignore Verilog initial constructs                                          ; Off                ; Off                ;
; Iteration limit for constant Verilog loops                                 ; 5000               ; 5000               ;
; Iteration limit for non-constant Verilog loops                             ; 250                ; 250                ;
; Add Pass-Through Logic to Inferred RAMs                                    ; On                 ; On                 ;
; Infer RAMs from Raw Logic                                                  ; On                 ; On                 ;
; Parallel Synthesis                                                         ; On                 ; On                 ;
; DSP Block Balancing                                                        ; Auto               ; Auto               ;
; NOT Gate Push-Back                                                         ; On                 ; On                 ;
; Power-Up Don't Care                                                        ; On                 ; On                 ;
; Remove Redundant Logic Cells                                               ; Off                ; Off                ;
; Remove Duplicate Registers                                                 ; On                 ; On                 ;
; Ignore CARRY Buffers                                                       ; Off                ; Off                ;
; Ignore CASCADE Buffers                                                     ; Off                ; Off                ;
; Ignore GLOBAL Buffers                                                      ; Off                ; Off                ;
; Ignore ROW GLOBAL Buffers                                                  ; Off                ; Off                ;
; Ignore LCELL Buffers                                                       ; Off                ; Off                ;
; Ignore SOFT Buffers                                                        ; On                 ; On                 ;
; Limit AHDL Integers to 32 Bits                                             ; Off                ; Off                ;
; Optimization Technique                                                     ; Balanced           ; Balanced           ;
; Carry Chain Length                                                         ; 70                 ; 70                 ;
; Auto Carry Chains                                                          ; On                 ; On                 ;
; Auto Open-Drain Pins                                                       ; On                 ; On                 ;
; Perform WYSIWYG Primitive Resynthesis                                      ; Off                ; Off                ;
; Auto ROM Replacement                                                       ; On                 ; On                 ;
; Auto RAM Replacement                                                       ; On                 ; On                 ;
; Auto DSP Block Replacement                                                 ; On                 ; On                 ;
; Auto Shift Register Replacement                                            ; Auto               ; Auto               ;
; Allow Shift Register Merging across Hierarchies                            ; Auto               ; Auto               ;
; Auto Clock Enable Replacement                                              ; On                 ; On                 ;
; Strict RAM Replacement                                                     ; Off                ; Off                ;
; Allow Synchronous Control Signals                                          ; On                 ; On                 ;
; Force Use of Synchronous Clear Signals                                     ; Off                ; Off                ;
; Auto RAM Block Balancing                                                   ; On                 ; On                 ;
; Auto RAM to Logic Cell Conversion                                          ; Off                ; Off                ;
; Auto Resource Sharing                                                      ; Off                ; Off                ;
; Allow Any RAM Size For Recognition                                         ; Off                ; Off                ;
; Allow Any ROM Size For Recognition                                         ; Off                ; Off                ;
; Allow Any Shift Register Size For Recognition                              ; Off                ; Off                ;
; Use LogicLock Constraints during Resource Balancing                        ; On                 ; On                 ;
; Ignore translate_off and synthesis_off directives                          ; Off                ; Off                ;
; Timing-Driven Synthesis                                                    ; On                 ; On                 ;
; Report Parameter Settings                                                  ; On                 ; On                 ;
; Report Source Assignments                                                  ; On                 ; On                 ;
; Report Connectivity Checks                                                 ; On                 ; On                 ;
; Ignore Maximum Fan-Out Assignments                                         ; Off                ; Off                ;
; Synchronization Register Chain Length                                      ; 2                  ; 2                  ;
; PowerPlay Power Optimization During Synthesis                              ; Normal compilation ; Normal compilation ;
; HDL message level                                                          ; Level2             ; Level2             ;
; Suppress Register Optimization Related Messages                            ; Off                ; Off                ;
; Number of Removed Registers Reported in Synthesis Report                   ; 5000               ; 5000               ;
; Number of Swept Nodes Reported in Synthesis Report                         ; 5000               ; 5000               ;
; Number of Inverted Registers Reported in Synthesis Report                  ; 100                ; 100                ;
; Clock MUX Protection                                                       ; On                 ; On                 ;
; Auto Gated Clock Conversion                                                ; Off                ; Off                ;
; Block Design Naming                                                        ; Auto               ; Auto               ;
; SDC constraint protection                                                  ; Off                ; Off                ;
; Synthesis Effort                                                           ; Auto               ; Auto               ;
; Shift Register Replacement - Allow Asynchronous Clear Signal               ; On                 ; On                 ;
; Pre-Mapping Resynthesis Optimization                                       ; Off                ; Off                ;
; Analysis & Synthesis Message Level                                         ; Medium             ; Medium             ;
; Disable Register Merging Across Hierarchies                                ; Auto               ; Auto               ;
; Resource Aware Inference For Block RAM                                     ; On                 ; On                 ;
+----------------------------------------------------------------------------+--------------------+--------------------+


+------------------------------------------+
; Parallel Compilation                     ;
+----------------------------+-------------+
; Processors                 ; Number      ;
+----------------------------+-------------+
; Number detected on machine ; 4           ;
; Maximum allowed            ; 2           ;
;                            ;             ;
; Average used               ; 1.00        ;
; Maximum used               ; 1           ;
;                            ;             ;
; Usage by Processor         ; % Time Used ;
;     Processor 1            ; 100.0%      ;
+----------------------------+-------------+


+-----------------------------------------------------------------------------------------------------------------------------------------------------------------------+
; Analysis & Synthesis Source Files Read                                                                                                                                ;
+----------------------------------+-----------------+-----------------+--------------------------------------------------------------------------------------+---------+
; File Name with User-Entered Path ; Used in Netlist ; File Type       ; File Name with Absolute Path                                                         ; Library ;
+----------------------------------+-----------------+-----------------+--------------------------------------------------------------------------------------+---------+
; ../ALL Code Files/registers.vhd  ; yes             ; User VHDL File  ; C:/Users/dell/Desktop/GIT/Superscalar Processor Deisgn/ALL Code Files/registers.vhd  ;         ;
; ../ALL Code Files/decode.vhd     ; yes             ; User VHDL File  ; C:/Users/dell/Desktop/GIT/Superscalar Processor Deisgn/ALL Code Files/decode.vhd     ;         ;
; ../ALL Code Files/components.vhd ; yes             ; User VHDL File  ; C:/Users/dell/Desktop/GIT/Superscalar Processor Deisgn/ALL Code Files/components.vhd ;         ;
+----------------------------------+-----------------+-----------------+--------------------------------------------------------------------------------------+---------+


+---------------------------------------------------------+
; Analysis & Synthesis Resource Usage Summary             ;
+---------------------------------------------+-----------+
; Resource                                    ; Usage     ;
+---------------------------------------------+-----------+
; Estimated Total logic elements              ; 78        ;
;                                             ;           ;
; Total combinational functions               ; 62        ;
; Logic element usage by number of LUT inputs ;           ;
;     -- 4 input functions                    ; 34        ;
;     -- 3 input functions                    ; 27        ;
;     -- <=2 input functions                  ; 1         ;
;                                             ;           ;
; Logic elements by mode                      ;           ;
;     -- normal mode                          ; 62        ;
;     -- arithmetic mode                      ; 0         ;
;                                             ;           ;
; Total registers                             ; 54        ;
;     -- Dedicated logic registers            ; 54        ;
;     -- I/O registers                        ; 0         ;
;                                             ;           ;
; I/O pins                                    ; 161       ;
;                                             ;           ;
; Embedded Multiplier 9-bit elements          ; 0         ;
;                                             ;           ;
; Maximum fan-out node                        ; clk~input ;
; Maximum fan-out                             ; 54        ;
; Total fan-out                               ; 654       ;
; Average fan-out                             ; 1.49      ;
+---------------------------------------------+-----------+


+-----------------------------------------------------------------------------------------------------------------------------------------------------------------------------------------------------------------+
; Analysis & Synthesis Resource Utilization by Entity                                                                                                                                                             ;
+----------------------------+---------------------+---------------------------+-------------+--------------+---------+-----------+------+--------------+----------------------------+-------------+--------------+
; Compilation Hierarchy Node ; Combinational ALUTs ; Dedicated Logic Registers ; Memory Bits ; DSP Elements ; DSP 9x9 ; DSP 18x18 ; Pins ; Virtual Pins ; Full Hierarchy Name        ; Entity Name ; Library Name ;
+----------------------------+---------------------+---------------------------+-------------+--------------+---------+-----------+------+--------------+----------------------------+-------------+--------------+
; |decode                    ; 62 (52)             ; 54 (0)                    ; 0           ; 0            ; 0       ; 0         ; 161  ; 0            ; |decode                    ; decode      ; work         ;
;    |registers:out_reg1|    ; 2 (2)               ; 27 (27)                   ; 0           ; 0            ; 0       ; 0         ; 0    ; 0            ; |decode|registers:out_reg1 ; registers   ; work         ;
;    |registers:out_reg2|    ; 8 (8)               ; 27 (27)                   ; 0           ; 0            ; 0       ; 0         ; 0    ; 0            ; |decode|registers:out_reg2 ; registers   ; work         ;
+----------------------------+---------------------+---------------------------+-------------+--------------+---------+-----------+------+--------------+----------------------------+-------------+--------------+
Note: For table entries with two numbers listed, the numbers in parentheses indicate the number of resources of the given type used by the specific entity alone. The numbers listed outside of parentheses indicate the total resources of the given type used by the specific entity and all of its sub-entities in the hierarchy.


+---------------------------------------------------------------------------------+
; Registers Removed During Synthesis                                              ;
+----------------------------------------+----------------------------------------+
; Register name                          ; Reason for Removal                     ;
+----------------------------------------+----------------------------------------+
; registers:out_reg2|data[7..15]         ; Stuck at GND due to stuck port data_in ;
; registers:out_reg1|data[7..15]         ; Stuck at GND due to stuck port data_in ;
; Total Number of Removed Registers = 18 ;                                        ;
+----------------------------------------+----------------------------------------+


+------------------------------------------------------+
; General Register Statistics                          ;
+----------------------------------------------+-------+
; Statistic                                    ; Value ;
+----------------------------------------------+-------+
; Total registers                              ; 54    ;
; Number of registers using Synchronous Clear  ; 0     ;
; Number of registers using Synchronous Load   ; 3     ;
; Number of registers using Asynchronous Clear ; 54    ;
; Number of registers using Asynchronous Load  ; 0     ;
; Number of registers using Clock Enable       ; 54    ;
; Number of registers using Preset             ; 0     ;
+----------------------------------------------+-------+


+---------------------------------------------------------------------------------------------------------------------------------------------------+
; Multiplexer Restructuring Statistics (Restructuring Performed)                                                                                    ;
+--------------------+-----------+---------------+----------------------+------------------------+------------+-------------------------------------+
; Multiplexer Inputs ; Bus Width ; Baseline Area ; Area if Restructured ; Saving if Restructured ; Registered ; Example Multiplexer Output          ;
+--------------------+-----------+---------------+----------------------+------------------------+------------+-------------------------------------+
; 3:1                ; 2 bits    ; 4 LEs         ; 4 LEs                ; 0 LEs                  ; Yes        ; |decode|registers:out_reg1|data[28] ;
; 3:1                ; 3 bits    ; 6 LEs         ; 3 LEs                ; 3 LEs                  ; Yes        ; |decode|registers:out_reg1|data[17] ;
; 3:1                ; 2 bits    ; 4 LEs         ; 4 LEs                ; 0 LEs                  ; Yes        ; |decode|registers:out_reg2|data[34] ;
; 3:1                ; 3 bits    ; 6 LEs         ; 3 LEs                ; 3 LEs                  ; Yes        ; |decode|registers:out_reg2|data[16] ;
; 4:1                ; 3 bits    ; 6 LEs         ; 6 LEs                ; 0 LEs                  ; Yes        ; |decode|registers:out_reg2|data[25] ;
; 4:1                ; 3 bits    ; 6 LEs         ; 6 LEs                ; 0 LEs                  ; Yes        ; |decode|registers:out_reg1|data[27] ;
; 7:1                ; 2 bits    ; 8 LEs         ; 4 LEs                ; 4 LEs                  ; Yes        ; |decode|registers:out_reg2|data[31] ;
; 3:1                ; 2 bits    ; 4 LEs         ; 4 LEs                ; 0 LEs                  ; No         ; |decode|reg1_in[29]                 ;
+--------------------+-----------+---------------+----------------------+------------------------+------------+-------------------------------------+


+-----------------------------------------------------------------+
; Parameter Settings for User Entity Instance: registers:out_reg1 ;
+----------------+-------+----------------------------------------+
; Parameter Name ; Value ; Type                                   ;
+----------------+-------+----------------------------------------+
; n              ; 36    ; Signed Integer                         ;
+----------------+-------+----------------------------------------+
Note: In order to hide this table in the UI and the text report file, please set the "Show Parameter Settings in Synthesis Report" option in "Analysis and Synthesis Settings -> More Settings" to "Off".


+-----------------------------------------------------------------+
; Parameter Settings for User Entity Instance: registers:out_reg2 ;
+----------------+-------+----------------------------------------+
; Parameter Name ; Value ; Type                                   ;
+----------------+-------+----------------------------------------+
; n              ; 36    ; Signed Integer                         ;
+----------------+-------+----------------------------------------+
Note: In order to hide this table in the UI and the text report file, please set the "Show Parameter Settings in Synthesis Report" option in "Analysis and Synthesis Settings -> More Settings" to "Off".


+------------------------------------------------+
; Port Connectivity Checks: "registers:out_reg2" ;
+--------------+-------+----------+--------------+
; Port         ; Type  ; Severity ; Details      ;
+--------------+-------+----------+--------------+
; input[15..7] ; Input ; Info     ; Stuck at GND ;
+--------------+-------+----------+--------------+


+------------------------------------------------+
; Port Connectivity Checks: "registers:out_reg1" ;
+--------------+-------+----------+--------------+
; Port         ; Type  ; Severity ; Details      ;
+--------------+-------+----------+--------------+
; input[15..7] ; Input ; Info     ; Stuck at GND ;
+--------------+-------+----------+--------------+


+-----------------------------------------------------+
; Post-Synthesis Netlist Statistics for Top Partition ;
+-----------------------+-----------------------------+
; Type                  ; Count                       ;
+-----------------------+-----------------------------+
; boundary_port         ; 161                         ;
; cycloneiii_ff         ; 54                          ;
;     ENA CLR           ; 51                          ;
;     ENA CLR SLD       ; 3                           ;
; cycloneiii_lcell_comb ; 63                          ;
;     normal            ; 63                          ;
;         0 data inputs ; 1                           ;
;         2 data inputs ; 1                           ;
;         3 data inputs ; 27                          ;
;         4 data inputs ; 34                          ;
;                       ;                             ;
; Max LUT depth         ; 4.00                        ;
; Average LUT depth     ; 1.33                        ;
+-----------------------+-----------------------------+


+-------------------------------+
; Elapsed Time Per Partition    ;
+----------------+--------------+
; Partition Name ; Elapsed Time ;
+----------------+--------------+
; Top            ; 00:00:00     ;
+----------------+--------------+


+-------------------------------+
; Analysis & Synthesis Messages ;
+-------------------------------+
Info: *******************************************************************
Info: Running Quartus Prime Analysis & Synthesis
    Info: Version 16.1.0 Build 196 10/24/2016 SJ Lite Edition
    Info: Processing started: Sat May 27 20:56:21 2017
Info: Command: quartus_map --read_settings_files=on --write_settings_files=off decode -c decode
Info (20032): Parallel compilation is enabled and will use up to 2 processors
Info (12021): Found 2 design units, including 1 entities, in source file /users/dell/desktop/git/superscalar processor deisgn/all code files/rob.vhd
    Info (12022): Found design unit 1: ROB-files File: C:/Users/dell/Desktop/GIT/Superscalar Processor Deisgn/ALL Code Files/ROB.vhd Line: 52
    Info (12023): Found entity 1: ROB File: C:/Users/dell/Desktop/GIT/Superscalar Processor Deisgn/ALL Code Files/ROB.vhd Line: 11
Info (12021): Found 2 design units, including 1 entities, in source file /users/dell/desktop/git/superscalar processor deisgn/all code files/registers.vhd
    Info (12022): Found design unit 1: registers-reg File: C:/Users/dell/Desktop/GIT/Superscalar Processor Deisgn/ALL Code Files/registers.vhd Line: 13
    Info (12023): Found entity 1: registers File: C:/Users/dell/Desktop/GIT/Superscalar Processor Deisgn/ALL Code Files/registers.vhd Line: 4
Info (12021): Found 2 design units, including 1 entities, in source file /users/dell/desktop/git/superscalar processor deisgn/all code files/multiplexer.vhd
    Info (12022): Found design unit 1: multiplexer-m File: C:/Users/dell/Desktop/GIT/Superscalar Processor Deisgn/ALL Code Files/multiplexer.vhd Line: 17
    Info (12023): Found entity 1: multiplexer File: C:/Users/dell/Desktop/GIT/Superscalar Processor Deisgn/ALL Code Files/multiplexer.vhd Line: 9
Info (12021): Found 2 design units, including 1 entities, in source file /users/dell/desktop/git/superscalar processor deisgn/all code files/demux.vhd
    Info (12022): Found design unit 1: demux-dm File: C:/Users/dell/Desktop/GIT/Superscalar Processor Deisgn/ALL Code Files/demux.vhd Line: 17
    Info (12023): Found entity 1: demux File: C:/Users/dell/Desktop/GIT/Superscalar Processor Deisgn/ALL Code Files/demux.vhd Line: 9
Info (12021): Found 2 design units, including 1 entities, in source file /users/dell/desktop/git/superscalar processor deisgn/all code files/decode.vhd
    Info (12022): Found design unit 1: decode-DEC File: C:/Users/dell/Desktop/GIT/Superscalar Processor Deisgn/ALL Code Files/decode.vhd Line: 34
    Info (12023): Found entity 1: decode File: C:/Users/dell/Desktop/GIT/Superscalar Processor Deisgn/ALL Code Files/decode.vhd Line: 9
Info (12021): Found 1 design units, including 0 entities, in source file /users/dell/desktop/git/superscalar processor deisgn/all code files/components.vhd
    Info (12022): Found design unit 1: components File: C:/Users/dell/Desktop/GIT/Superscalar Processor Deisgn/ALL Code Files/components.vhd Line: 5
Info (12021): Found 2 design units, including 1 entities, in source file /users/dell/desktop/git/superscalar processor deisgn/all code files/arf.vhd
    Info (12022): Found design unit 1: ARF-files File: C:/Users/dell/Desktop/GIT/Superscalar Processor Deisgn/ALL Code Files/ARF.vhd Line: 52
    Info (12023): Found entity 1: ARF File: C:/Users/dell/Desktop/GIT/Superscalar Processor Deisgn/ALL Code Files/ARF.vhd Line: 13
Info (12127): Elaborating entity "decode" for the top level hierarchy
Info (12128): Elaborating entity "registers" for hierarchy "registers:out_reg1" File: C:/Users/dell/Desktop/GIT/Superscalar Processor Deisgn/ALL Code Files/decode.vhd Line: 94
Warning (13024): Output pins are stuck at VCC or GND
    Warning (13410): Pin "REG1[7]" is stuck at GND File: C:/Users/dell/Desktop/GIT/Superscalar Processor Deisgn/ALL Code Files/decode.vhd Line: 28
    Warning (13410): Pin "REG1[8]" is stuck at GND File: C:/Users/dell/Desktop/GIT/Superscalar Processor Deisgn/ALL Code Files/decode.vhd Line: 28
    Warning (13410): Pin "REG1[9]" is stuck at GND File: C:/Users/dell/Desktop/GIT/Superscalar Processor Deisgn/ALL Code Files/decode.vhd Line: 28
    Warning (13410): Pin "REG1[10]" is stuck at GND File: C:/Users/dell/Desktop/GIT/Superscalar Processor Deisgn/ALL Code Files/decode.vhd Line: 28
    Warning (13410): Pin "REG1[11]" is stuck at GND File: C:/Users/dell/Desktop/GIT/Superscalar Processor Deisgn/ALL Code Files/decode.vhd Line: 28
    Warning (13410): Pin "REG1[12]" is stuck at GND File: C:/Users/dell/Desktop/GIT/Superscalar Processor Deisgn/ALL Code Files/decode.vhd Line: 28
    Warning (13410): Pin "REG1[13]" is stuck at GND File: C:/Users/dell/Desktop/GIT/Superscalar Processor Deisgn/ALL Code Files/decode.vhd Line: 28
    Warning (13410): Pin "REG1[14]" is stuck at GND File: C:/Users/dell/Desktop/GIT/Superscalar Processor Deisgn/ALL Code Files/decode.vhd Line: 28
    Warning (13410): Pin "REG1[15]" is stuck at GND File: C:/Users/dell/Desktop/GIT/Superscalar Processor Deisgn/ALL Code Files/decode.vhd Line: 28
    Warning (13410): Pin "REG2[7]" is stuck at GND File: C:/Users/dell/Desktop/GIT/Superscalar Processor Deisgn/ALL Code Files/decode.vhd Line: 29
    Warning (13410): Pin "REG2[8]" is stuck at GND File: C:/Users/dell/Desktop/GIT/Superscalar Processor Deisgn/ALL Code Files/decode.vhd Line: 29
    Warning (13410): Pin "REG2[9]" is stuck at GND File: C:/Users/dell/Desktop/GIT/Superscalar Processor Deisgn/ALL Code Files/decode.vhd Line: 29
    Warning (13410): Pin "REG2[10]" is stuck at GND File: C:/Users/dell/Desktop/GIT/Superscalar Processor Deisgn/ALL Code Files/decode.vhd Line: 29
    Warning (13410): Pin "REG2[11]" is stuck at GND File: C:/Users/dell/Desktop/GIT/Superscalar Processor Deisgn/ALL Code Files/decode.vhd Line: 29
    Warning (13410): Pin "REG2[12]" is stuck at GND File: C:/Users/dell/Desktop/GIT/Superscalar Processor Deisgn/ALL Code Files/decode.vhd Line: 29
    Warning (13410): Pin "REG2[13]" is stuck at GND File: C:/Users/dell/Desktop/GIT/Superscalar Processor Deisgn/ALL Code Files/decode.vhd Line: 29
    Warning (13410): Pin "REG2[14]" is stuck at GND File: C:/Users/dell/Desktop/GIT/Superscalar Processor Deisgn/ALL Code Files/decode.vhd Line: 29
    Warning (13410): Pin "REG2[15]" is stuck at GND File: C:/Users/dell/Desktop/GIT/Superscalar Processor Deisgn/ALL Code Files/decode.vhd Line: 29
Info (286030): Timing-Driven Synthesis is running
Info (16010): Generating hard_block partition "hard_block:auto_generated_inst"
    Info (16011): Adding 0 node(s), including 0 DDIO, 0 PLL, 0 transceiver and 0 LCELL
Warning (21074): Design contains 40 input pin(s) that do not drive logic
    Warning (15610): No output dependent on input pin "in_sel1[0]" File: C:/Users/dell/Desktop/GIT/Superscalar Processor Deisgn/ALL Code Files/decode.vhd Line: 20
    Warning (15610): No output dependent on input pin "in_sel1[1]" File: C:/Users/dell/Desktop/GIT/Superscalar Processor Deisgn/ALL Code Files/decode.vhd Line: 20
    Warning (15610): No output dependent on input pin "in_sel1[2]" File: C:/Users/dell/Desktop/GIT/Superscalar Processor Deisgn/ALL Code Files/decode.vhd Line: 20
    Warning (15610): No output dependent on input pin "in_sel2[0]" File: C:/Users/dell/Desktop/GIT/Superscalar Processor Deisgn/ALL Code Files/decode.vhd Line: 21
    Warning (15610): No output dependent on input pin "in_sel2[1]" File: C:/Users/dell/Desktop/GIT/Superscalar Processor Deisgn/ALL Code Files/decode.vhd Line: 21
    Warning (15610): No output dependent on input pin "in_sel2[2]" File: C:/Users/dell/Desktop/GIT/Superscalar Processor Deisgn/ALL Code Files/decode.vhd Line: 21
    Warning (15610): No output dependent on input pin "input1[0]" File: C:/Users/dell/Desktop/GIT/Superscalar Processor Deisgn/ALL Code Files/decode.vhd Line: 22
    Warning (15610): No output dependent on input pin "input1[1]" File: C:/Users/dell/Desktop/GIT/Superscalar Processor Deisgn/ALL Code Files/decode.vhd Line: 22
    Warning (15610): No output dependent on input pin "input1[2]" File: C:/Users/dell/Desktop/GIT/Superscalar Processor Deisgn/ALL Code Files/decode.vhd Line: 22
    Warning (15610): No output dependent on input pin "input1[3]" File: C:/Users/dell/Desktop/GIT/Superscalar Processor Deisgn/ALL Code Files/decode.vhd Line: 22
    Warning (15610): No output dependent on input pin "input1[4]" File: C:/Users/dell/Desktop/GIT/Superscalar Processor Deisgn/ALL Code Files/decode.vhd Line: 22
    Warning (15610): No output dependent on input pin "input1[5]" File: C:/Users/dell/Desktop/GIT/Superscalar Processor Deisgn/ALL Code Files/decode.vhd Line: 22
    Warning (15610): No output dependent on input pin "input1[6]" File: C:/Users/dell/Desktop/GIT/Superscalar Processor Deisgn/ALL Code Files/decode.vhd Line: 22
    Warning (15610): No output dependent on input pin "input1[7]" File: C:/Users/dell/Desktop/GIT/Superscalar Processor Deisgn/ALL Code Files/decode.vhd Line: 22
    Warning (15610): No output dependent on input pin "input1[8]" File: C:/Users/dell/Desktop/GIT/Superscalar Processor Deisgn/ALL Code Files/decode.vhd Line: 22
    Warning (15610): No output dependent on input pin "input1[9]" File: C:/Users/dell/Desktop/GIT/Superscalar Processor Deisgn/ALL Code Files/decode.vhd Line: 22
    Warning (15610): No output dependent on input pin "input1[10]" File: C:/Users/dell/Desktop/GIT/Superscalar Processor Deisgn/ALL Code Files/decode.vhd Line: 22
    Warning (15610): No output dependent on input pin "input1[11]" File: C:/Users/dell/Desktop/GIT/Superscalar Processor Deisgn/ALL Code Files/decode.vhd Line: 22
    Warning (15610): No output dependent on input pin "input1[12]" File: C:/Users/dell/Desktop/GIT/Superscalar Processor Deisgn/ALL Code Files/decode.vhd Line: 22
    Warning (15610): No output dependent on input pin "input1[13]" File: C:/Users/dell/Desktop/GIT/Superscalar Processor Deisgn/ALL Code Files/decode.vhd Line: 22
    Warning (15610): No output dependent on input pin "input1[14]" File: C:/Users/dell/Desktop/GIT/Superscalar Processor Deisgn/ALL Code Files/decode.vhd Line: 22
    Warning (15610): No output dependent on input pin "input1[15]" File: C:/Users/dell/Desktop/GIT/Superscalar Processor Deisgn/ALL Code Files/decode.vhd Line: 22
    Warning (15610): No output dependent on input pin "input2[0]" File: C:/Users/dell/Desktop/GIT/Superscalar Processor Deisgn/ALL Code Files/decode.vhd Line: 23
    Warning (15610): No output dependent on input pin "input2[1]" File: C:/Users/dell/Desktop/GIT/Superscalar Processor Deisgn/ALL Code Files/decode.vhd Line: 23
    Warning (15610): No output dependent on input pin "input2[2]" File: C:/Users/dell/Desktop/GIT/Superscalar Processor Deisgn/ALL Code Files/decode.vhd Line: 23
    Warning (15610): No output dependent on input pin "input2[3]" File: C:/Users/dell/Desktop/GIT/Superscalar Processor Deisgn/ALL Code Files/decode.vhd Line: 23
    Warning (15610): No output dependent on input pin "input2[4]" File: C:/Users/dell/Desktop/GIT/Superscalar Processor Deisgn/ALL Code Files/decode.vhd Line: 23
    Warning (15610): No output dependent on input pin "input2[5]" File: C:/Users/dell/Desktop/GIT/Superscalar Processor Deisgn/ALL Code Files/decode.vhd Line: 23
    Warning (15610): No output dependent on input pin "input2[6]" File: C:/Users/dell/Desktop/GIT/Superscalar Processor Deisgn/ALL Code Files/decode.vhd Line: 23
    Warning (15610): No output dependent on input pin "input2[7]" File: C:/Users/dell/Desktop/GIT/Superscalar Processor Deisgn/ALL Code Files/decode.vhd Line: 23
    Warning (15610): No output dependent on input pin "input2[8]" File: C:/Users/dell/Desktop/GIT/Superscalar Processor Deisgn/ALL Code Files/decode.vhd Line: 23
    Warning (15610): No output dependent on input pin "input2[9]" File: C:/Users/dell/Desktop/GIT/Superscalar Processor Deisgn/ALL Code Files/decode.vhd Line: 23
    Warning (15610): No output dependent on input pin "input2[10]" File: C:/Users/dell/Desktop/GIT/Superscalar Processor Deisgn/ALL Code Files/decode.vhd Line: 23
    Warning (15610): No output dependent on input pin "input2[11]" File: C:/Users/dell/Desktop/GIT/Superscalar Processor Deisgn/ALL Code Files/decode.vhd Line: 23
    Warning (15610): No output dependent on input pin "input2[12]" File: C:/Users/dell/Desktop/GIT/Superscalar Processor Deisgn/ALL Code Files/decode.vhd Line: 23
    Warning (15610): No output dependent on input pin "input2[13]" File: C:/Users/dell/Desktop/GIT/Superscalar Processor Deisgn/ALL Code Files/decode.vhd Line: 23
    Warning (15610): No output dependent on input pin "input2[14]" File: C:/Users/dell/Desktop/GIT/Superscalar Processor Deisgn/ALL Code Files/decode.vhd Line: 23
    Warning (15610): No output dependent on input pin "input2[15]" File: C:/Users/dell/Desktop/GIT/Superscalar Processor Deisgn/ALL Code Files/decode.vhd Line: 23
    Warning (15610): No output dependent on input pin "wren1" File: C:/Users/dell/Desktop/GIT/Superscalar Processor Deisgn/ALL Code Files/decode.vhd Line: 24
    Warning (15610): No output dependent on input pin "wren2" File: C:/Users/dell/Desktop/GIT/Superscalar Processor Deisgn/ALL Code Files/decode.vhd Line: 25
Info (21057): Implemented 242 device resources after synthesis - the final resource count might be different
    Info (21058): Implemented 89 input pins
    Info (21059): Implemented 72 output pins
    Info (21061): Implemented 81 logic cells
Info: Quartus Prime Analysis & Synthesis was successful. 0 errors, 60 warnings
    Info: Peak virtual memory: 669 megabytes
    Info: Processing ended: Sat May 27 20:56:38 2017
    Info: Elapsed time: 00:00:17
    Info: Total CPU time (on all processors): 00:00:37


