Analysis & Synthesis report for reorder_buffer
Tue Apr 25 00:35:51 2017
Quartus Prime Version 16.1.0 Build 196 10/24/2016 SJ Lite Edition


---------------------
; Table of Contents ;
---------------------
  1. Legal Notice
  2. Analysis & Synthesis Summary
  3. Analysis & Synthesis Settings
  4. Parallel Compilation
  5. Analysis & Synthesis Source Files Read
  6. Analysis & Synthesis Resource Usage Summary
  7. Analysis & Synthesis Resource Utilization by Entity
  8. Registers Removed During Synthesis
  9. General Register Statistics
 10. Parameter Settings for User Entity Instance: Top-level Entity: |reorder_buffer
 11. Parameter Settings for User Entity Instance: registers:\GEN_REG:0:REGX
 12. Parameter Settings for User Entity Instance: registers:\GEN_REG:1:REGX
 13. Parameter Settings for User Entity Instance: registers:\GEN_REG:2:REGX
 14. Parameter Settings for User Entity Instance: registers:\GEN_REG:3:REGX
 15. Parameter Settings for User Entity Instance: registers:\GEN_REG:4:REGX
 16. Parameter Settings for User Entity Instance: registers:\GEN_REG:5:REGX
 17. Parameter Settings for User Entity Instance: registers:\GEN_REG:6:REGX
 18. Parameter Settings for User Entity Instance: registers:\GEN_REG:7:REGX
 19. Parameter Settings for User Entity Instance: registers:\GEN_REG:8:REGX
 20. Parameter Settings for User Entity Instance: registers:\GEN_REG:9:REGX
 21. Parameter Settings for User Entity Instance: registers:\GEN_REG:10:REGX
 22. Parameter Settings for User Entity Instance: registers:\GEN_REG:11:REGX
 23. Parameter Settings for User Entity Instance: registers:\GEN_REG:12:REGX
 24. Parameter Settings for User Entity Instance: registers:\GEN_REG:13:REGX
 25. Parameter Settings for User Entity Instance: registers:\GEN_REG:14:REGX
 26. Parameter Settings for User Entity Instance: registers:\GEN_REG:15:REGX
 27. Parameter Settings for User Entity Instance: registers:\GEN_REG:16:REGX
 28. Parameter Settings for User Entity Instance: registers:\GEN_REG:17:REGX
 29. Parameter Settings for User Entity Instance: registers:\GEN_REG:18:REGX
 30. Parameter Settings for User Entity Instance: registers:\GEN_REG:19:REGX
 31. Parameter Settings for User Entity Instance: registers:\GEN_REG:20:REGX
 32. Parameter Settings for User Entity Instance: registers:\GEN_REG:21:REGX
 33. Parameter Settings for User Entity Instance: registers:\GEN_REG:22:REGX
 34. Parameter Settings for User Entity Instance: registers:\GEN_REG:23:REGX
 35. Parameter Settings for User Entity Instance: registers:\GEN_REG:24:REGX
 36. Parameter Settings for User Entity Instance: registers:\GEN_REG:25:REGX
 37. Parameter Settings for User Entity Instance: registers:\GEN_REG:26:REGX
 38. Parameter Settings for User Entity Instance: registers:\GEN_REG:27:REGX
 39. Parameter Settings for User Entity Instance: registers:\GEN_REG:28:REGX
 40. Parameter Settings for User Entity Instance: registers:\GEN_REG:29:REGX
 41. Parameter Settings for User Entity Instance: registers:\GEN_REG:30:REGX
 42. Parameter Settings for User Entity Instance: registers:\GEN_REG:31:REGX
 43. Parameter Settings for User Entity Instance: multiplexer:mux_def
 44. Port Connectivity Checks: "registers:\GEN_REG:31:REGX"
 45. Port Connectivity Checks: "registers:\GEN_REG:30:REGX"
 46. Port Connectivity Checks: "registers:\GEN_REG:29:REGX"
 47. Port Connectivity Checks: "registers:\GEN_REG:28:REGX"
 48. Port Connectivity Checks: "registers:\GEN_REG:27:REGX"
 49. Port Connectivity Checks: "registers:\GEN_REG:26:REGX"
 50. Port Connectivity Checks: "registers:\GEN_REG:25:REGX"
 51. Port Connectivity Checks: "registers:\GEN_REG:24:REGX"
 52. Port Connectivity Checks: "registers:\GEN_REG:23:REGX"
 53. Port Connectivity Checks: "registers:\GEN_REG:22:REGX"
 54. Port Connectivity Checks: "registers:\GEN_REG:21:REGX"
 55. Port Connectivity Checks: "registers:\GEN_REG:20:REGX"
 56. Port Connectivity Checks: "registers:\GEN_REG:19:REGX"
 57. Port Connectivity Checks: "registers:\GEN_REG:18:REGX"
 58. Port Connectivity Checks: "registers:\GEN_REG:17:REGX"
 59. Port Connectivity Checks: "registers:\GEN_REG:16:REGX"
 60. Port Connectivity Checks: "registers:\GEN_REG:15:REGX"
 61. Port Connectivity Checks: "registers:\GEN_REG:14:REGX"
 62. Port Connectivity Checks: "registers:\GEN_REG:13:REGX"
 63. Port Connectivity Checks: "registers:\GEN_REG:12:REGX"
 64. Port Connectivity Checks: "registers:\GEN_REG:11:REGX"
 65. Port Connectivity Checks: "registers:\GEN_REG:10:REGX"
 66. Port Connectivity Checks: "registers:\GEN_REG:9:REGX"
 67. Port Connectivity Checks: "registers:\GEN_REG:8:REGX"
 68. Port Connectivity Checks: "registers:\GEN_REG:7:REGX"
 69. Port Connectivity Checks: "registers:\GEN_REG:6:REGX"
 70. Port Connectivity Checks: "registers:\GEN_REG:5:REGX"
 71. Port Connectivity Checks: "registers:\GEN_REG:4:REGX"
 72. Port Connectivity Checks: "registers:\GEN_REG:3:REGX"
 73. Port Connectivity Checks: "registers:\GEN_REG:2:REGX"
 74. Port Connectivity Checks: "registers:\GEN_REG:1:REGX"
 75. Port Connectivity Checks: "registers:\GEN_REG:0:REGX"
 76. Post-Synthesis Netlist Statistics for Top Partition
 77. Elapsed Time Per Partition
 78. Analysis & Synthesis Messages



----------------
; Legal Notice ;
----------------
Copyright (C) 2016  Intel Corporation. All rights reserved.
Your use of Intel Corporation's design tools, logic functions 
and other software and tools, and its AMPP partner logic 
functions, and any output files from any of the foregoing 
(including device programming or simulation files), and any 
associated documentation or information are expressly subject 
to the terms and conditions of the Intel Program License 
Subscription Agreement, the Intel Quartus Prime License Agreement,
the Intel MegaCore Function License Agreement, or other 
applicable license agreement, including, without limitation, 
that your use is for the sole purpose of programming logic 
devices manufactured by Intel and sold by Intel or its 
authorized distributors.  Please refer to the applicable 
agreement for further details.



+----------------------------------------------------------------------------------+
; Analysis & Synthesis Summary                                                     ;
+------------------------------------+---------------------------------------------+
; Analysis & Synthesis Status        ; Successful - Tue Apr 25 00:35:51 2017       ;
; Quartus Prime Version              ; 16.1.0 Build 196 10/24/2016 SJ Lite Edition ;
; Revision Name                      ; reorder_buffer                              ;
; Top-level Entity Name              ; reorder_buffer                              ;
; Family                             ; Cyclone IV E                                ;
; Total logic elements               ; 0                                           ;
;     Total combinational functions  ; 0                                           ;
;     Dedicated logic registers      ; 0                                           ;
; Total registers                    ; 0                                           ;
; Total pins                         ; 58                                          ;
; Total virtual pins                 ; 0                                           ;
; Total memory bits                  ; 0                                           ;
; Embedded Multiplier 9-bit elements ; 0                                           ;
; Total PLLs                         ; 0                                           ;
+------------------------------------+---------------------------------------------+


+----------------------------------------------------------------------------------------------------------------------+
; Analysis & Synthesis Settings                                                                                        ;
+----------------------------------------------------------------------------+--------------------+--------------------+
; Option                                                                     ; Setting            ; Default Value      ;
+----------------------------------------------------------------------------+--------------------+--------------------+
; Top-level entity name                                                      ; reorder_buffer     ; reorder_buffer     ;
; Family name                                                                ; Cyclone IV E       ; Cyclone V          ;
; VHDL Show LMF Mapping Messages                                             ; Off                ;                    ;
; VHDL Version                                                               ; VHDL_2008          ; VHDL_1993          ;
; Use smart compilation                                                      ; Off                ; Off                ;
; Enable parallel Assembler and TimeQuest Timing Analyzer during compilation ; On                 ; On                 ;
; Enable compact report table                                                ; Off                ; Off                ;
; Restructure Multiplexers                                                   ; Auto               ; Auto               ;
; Create Debugging Nodes for IP Cores                                        ; Off                ; Off                ;
; Preserve fewer node names                                                  ; On                 ; On                 ;
; OpenCore Plus hardware evaluation                                          ; Enable             ; Enable             ;
; Verilog Version                                                            ; Verilog_2001       ; Verilog_2001       ;
; State Machine Processing                                                   ; Auto               ; Auto               ;
; Safe State Machine                                                         ; Off                ; Off                ;
; Extract Verilog State Machines                                             ; On                 ; On                 ;
; Extract VHDL State Machines                                                ; On                 ; On                 ;
; Ignore Verilog initial constructs                                          ; Off                ; Off                ;
; Iteration limit for constant Verilog loops                                 ; 5000               ; 5000               ;
; Iteration limit for non-constant Verilog loops                             ; 250                ; 250                ;
; Add Pass-Through Logic to Inferred RAMs                                    ; On                 ; On                 ;
; Infer RAMs from Raw Logic                                                  ; On                 ; On                 ;
; Parallel Synthesis                                                         ; On                 ; On                 ;
; DSP Block Balancing                                                        ; Auto               ; Auto               ;
; NOT Gate Push-Back                                                         ; On                 ; On                 ;
; Power-Up Don't Care                                                        ; On                 ; On                 ;
; Remove Redundant Logic Cells                                               ; Off                ; Off                ;
; Remove Duplicate Registers                                                 ; On                 ; On                 ;
; Ignore CARRY Buffers                                                       ; Off                ; Off                ;
; Ignore CASCADE Buffers                                                     ; Off                ; Off                ;
; Ignore GLOBAL Buffers                                                      ; Off                ; Off                ;
; Ignore ROW GLOBAL Buffers                                                  ; Off                ; Off                ;
; Ignore LCELL Buffers                                                       ; Off                ; Off                ;
; Ignore SOFT Buffers                                                        ; On                 ; On                 ;
; Limit AHDL Integers to 32 Bits                                             ; Off                ; Off                ;
; Optimization Technique                                                     ; Balanced           ; Balanced           ;
; Carry Chain Length                                                         ; 70                 ; 70                 ;
; Auto Carry Chains                                                          ; On                 ; On                 ;
; Auto Open-Drain Pins                                                       ; On                 ; On                 ;
; Perform WYSIWYG Primitive Resynthesis                                      ; Off                ; Off                ;
; Auto ROM Replacement                                                       ; On                 ; On                 ;
; Auto RAM Replacement                                                       ; On                 ; On                 ;
; Auto DSP Block Replacement                                                 ; On                 ; On                 ;
; Auto Shift Register Replacement                                            ; Auto               ; Auto               ;
; Allow Shift Register Merging across Hierarchies                            ; Auto               ; Auto               ;
; Auto Clock Enable Replacement                                              ; On                 ; On                 ;
; Strict RAM Replacement                                                     ; Off                ; Off                ;
; Allow Synchronous Control Signals                                          ; On                 ; On                 ;
; Force Use of Synchronous Clear Signals                                     ; Off                ; Off                ;
; Auto RAM Block Balancing                                                   ; On                 ; On                 ;
; Auto RAM to Logic Cell Conversion                                          ; Off                ; Off                ;
; Auto Resource Sharing                                                      ; Off                ; Off                ;
; Allow Any RAM Size For Recognition                                         ; Off                ; Off                ;
; Allow Any ROM Size For Recognition                                         ; Off                ; Off                ;
; Allow Any Shift Register Size For Recognition                              ; Off                ; Off                ;
; Use LogicLock Constraints during Resource Balancing                        ; On                 ; On                 ;
; Ignore translate_off and synthesis_off directives                          ; Off                ; Off                ;
; Timing-Driven Synthesis                                                    ; On                 ; On                 ;
; Report Parameter Settings                                                  ; On                 ; On                 ;
; Report Source Assignments                                                  ; On                 ; On                 ;
; Report Connectivity Checks                                                 ; On                 ; On                 ;
; Ignore Maximum Fan-Out Assignments                                         ; Off                ; Off                ;
; Synchronization Register Chain Length                                      ; 2                  ; 2                  ;
; PowerPlay Power Optimization During Synthesis                              ; Normal compilation ; Normal compilation ;
; HDL message level                                                          ; Level2             ; Level2             ;
; Suppress Register Optimization Related Messages                            ; Off                ; Off                ;
; Number of Removed Registers Reported in Synthesis Report                   ; 5000               ; 5000               ;
; Number of Swept Nodes Reported in Synthesis Report                         ; 5000               ; 5000               ;
; Number of Inverted Registers Reported in Synthesis Report                  ; 100                ; 100                ;
; Clock MUX Protection                                                       ; On                 ; On                 ;
; Auto Gated Clock Conversion                                                ; Off                ; Off                ;
; Block Design Naming                                                        ; Auto               ; Auto               ;
; SDC constraint protection                                                  ; Off                ; Off                ;
; Synthesis Effort                                                           ; Auto               ; Auto               ;
; Shift Register Replacement - Allow Asynchronous Clear Signal               ; On                 ; On                 ;
; Pre-Mapping Resynthesis Optimization                                       ; Off                ; Off                ;
; Analysis & Synthesis Message Level                                         ; Medium             ; Medium             ;
; Disable Register Merging Across Hierarchies                                ; Auto               ; Auto               ;
; Resource Aware Inference For Block RAM                                     ; On                 ; On                 ;
+----------------------------------------------------------------------------+--------------------+--------------------+


+------------------------------------------+
; Parallel Compilation                     ;
+----------------------------+-------------+
; Processors                 ; Number      ;
+----------------------------+-------------+
; Number detected on machine ; 4           ;
; Maximum allowed            ; 2           ;
;                            ;             ;
; Average used               ; 1.00        ;
; Maximum used               ; 1           ;
;                            ;             ;
; Usage by Processor         ; % Time Used ;
;     Processor 1            ; 100.0%      ;
+----------------------------+-------------+


+----------------------------------------------------------------------------------------------------------------------------------+
; Analysis & Synthesis Source Files Read                                                                                           ;
+----------------------------------+-----------------+-----------------+-------------------------------------------------+---------+
; File Name with User-Entered Path ; Used in Netlist ; File Type       ; File Name with Absolute Path                    ; Library ;
+----------------------------------+-----------------+-----------------+-------------------------------------------------+---------+
; multiplexer.vhd                  ; yes             ; User VHDL File  ; C:/Users/dell/Desktop/DECODE/multiplexer.vhd    ;         ;
; ../FETCH/registers.vhd           ; yes             ; User VHDL File  ; C:/Users/dell/Desktop/FETCH/registers.vhd       ;         ;
; reorder_buffer.vhd               ; yes             ; User VHDL File  ; C:/Users/dell/Desktop/DECODE/reorder_buffer.vhd ;         ;
; components.vhd                   ; yes             ; User VHDL File  ; C:/Users/dell/Desktop/DECODE/components.vhd     ;         ;
+----------------------------------+-----------------+-----------------+-------------------------------------------------+---------+


+--------------------------------------------------------+
; Analysis & Synthesis Resource Usage Summary            ;
+---------------------------------------------+----------+
; Resource                                    ; Usage    ;
+---------------------------------------------+----------+
;                                             ;          ;
; Total combinational functions               ; 0        ;
; Logic element usage by number of LUT inputs ;          ;
;     -- 4 input functions                    ; 0        ;
;     -- 3 input functions                    ; 0        ;
;     -- <=2 input functions                  ; 0        ;
;                                             ;          ;
; Logic elements by mode                      ;          ;
;     -- normal mode                          ; 0        ;
;     -- arithmetic mode                      ; 0        ;
;                                             ;          ;
; Total registers                             ; 0        ;
;     -- Dedicated logic registers            ; 0        ;
;     -- I/O registers                        ; 0        ;
;                                             ;          ;
; I/O pins                                    ; 58       ;
;                                             ;          ;
; Embedded Multiplier 9-bit elements          ; 0        ;
;                                             ;          ;
; Maximum fan-out node                        ; input[0] ;
; Maximum fan-out                             ; 1        ;
; Total fan-out                               ; 58       ;
; Average fan-out                             ; 0.50     ;
+---------------------------------------------+----------+


+-------------------------------------------------------------------------------------------------------------------------------------------------------------------------------------------------------------+
; Analysis & Synthesis Resource Utilization by Entity                                                                                                                                                         ;
+----------------------------+---------------------+---------------------------+-------------+--------------+---------+-----------+------+--------------+---------------------+----------------+--------------+
; Compilation Hierarchy Node ; Combinational ALUTs ; Dedicated Logic Registers ; Memory Bits ; DSP Elements ; DSP 9x9 ; DSP 18x18 ; Pins ; Virtual Pins ; Full Hierarchy Name ; Entity Name    ; Library Name ;
+----------------------------+---------------------+---------------------------+-------------+--------------+---------+-----------+------+--------------+---------------------+----------------+--------------+
; |reorder_buffer            ; 0 (0)               ; 0 (0)                     ; 0           ; 0            ; 0       ; 0         ; 58   ; 0            ; |reorder_buffer     ; reorder_buffer ; work         ;
+----------------------------+---------------------+---------------------------+-------------+--------------+---------+-----------+------+--------------+---------------------+----------------+--------------+
Note: For table entries with two numbers listed, the numbers in parentheses indicate the number of resources of the given type used by the specific entity alone. The numbers listed outside of parentheses indicate the total resources of the given type used by the specific entity and all of its sub-entities in the hierarchy.


+------------------------------------------------------------------------------------------+
; Registers Removed During Synthesis                                                       ;
+------------------------------------------+-----------------------------------------------+
; Register name                            ; Reason for Removal                            ;
+------------------------------------------+-----------------------------------------------+
; registers:\GEN_REG:0:REGX|data[1..21]    ; Merged with registers:\GEN_REG:0:REGX|data[0] ;
; registers:\GEN_REG:0:REGX|output[0..21]  ; Merged with registers:\GEN_REG:0:REGX|data[0] ;
; registers:\GEN_REG:10:REGX|data[0..21]   ; Merged with registers:\GEN_REG:0:REGX|data[0] ;
; registers:\GEN_REG:10:REGX|output[0..21] ; Merged with registers:\GEN_REG:0:REGX|data[0] ;
; registers:\GEN_REG:11:REGX|data[0..21]   ; Merged with registers:\GEN_REG:0:REGX|data[0] ;
; registers:\GEN_REG:11:REGX|output[0..21] ; Merged with registers:\GEN_REG:0:REGX|data[0] ;
; registers:\GEN_REG:12:REGX|data[0..21]   ; Merged with registers:\GEN_REG:0:REGX|data[0] ;
; registers:\GEN_REG:12:REGX|output[0..21] ; Merged with registers:\GEN_REG:0:REGX|data[0] ;
; registers:\GEN_REG:13:REGX|data[0..21]   ; Merged with registers:\GEN_REG:0:REGX|data[0] ;
; registers:\GEN_REG:13:REGX|output[0..21] ; Merged with registers:\GEN_REG:0:REGX|data[0] ;
; registers:\GEN_REG:14:REGX|data[0..21]   ; Merged with registers:\GEN_REG:0:REGX|data[0] ;
; registers:\GEN_REG:14:REGX|output[0..21] ; Merged with registers:\GEN_REG:0:REGX|data[0] ;
; registers:\GEN_REG:15:REGX|data[0..21]   ; Merged with registers:\GEN_REG:0:REGX|data[0] ;
; registers:\GEN_REG:15:REGX|output[0..21] ; Merged with registers:\GEN_REG:0:REGX|data[0] ;
; registers:\GEN_REG:16:REGX|data[0..21]   ; Merged with registers:\GEN_REG:0:REGX|data[0] ;
; registers:\GEN_REG:16:REGX|output[0..21] ; Merged with registers:\GEN_REG:0:REGX|data[0] ;
; registers:\GEN_REG:17:REGX|data[0..21]   ; Merged with registers:\GEN_REG:0:REGX|data[0] ;
; registers:\GEN_REG:17:REGX|output[0..21] ; Merged with registers:\GEN_REG:0:REGX|data[0] ;
; registers:\GEN_REG:18:REGX|data[0..21]   ; Merged with registers:\GEN_REG:0:REGX|data[0] ;
; registers:\GEN_REG:18:REGX|output[0..21] ; Merged with registers:\GEN_REG:0:REGX|data[0] ;
; registers:\GEN_REG:19:REGX|data[0..21]   ; Merged with registers:\GEN_REG:0:REGX|data[0] ;
; registers:\GEN_REG:19:REGX|output[0..21] ; Merged with registers:\GEN_REG:0:REGX|data[0] ;
; registers:\GEN_REG:1:REGX|data[0..21]    ; Merged with registers:\GEN_REG:0:REGX|data[0] ;
; registers:\GEN_REG:1:REGX|output[0..21]  ; Merged with registers:\GEN_REG:0:REGX|data[0] ;
; registers:\GEN_REG:20:REGX|data[0..21]   ; Merged with registers:\GEN_REG:0:REGX|data[0] ;
; registers:\GEN_REG:20:REGX|output[0..21] ; Merged with registers:\GEN_REG:0:REGX|data[0] ;
; registers:\GEN_REG:21:REGX|data[0..21]   ; Merged with registers:\GEN_REG:0:REGX|data[0] ;
; registers:\GEN_REG:21:REGX|output[0..21] ; Merged with registers:\GEN_REG:0:REGX|data[0] ;
; registers:\GEN_REG:22:REGX|data[0..21]   ; Merged with registers:\GEN_REG:0:REGX|data[0] ;
; registers:\GEN_REG:22:REGX|output[0..21] ; Merged with registers:\GEN_REG:0:REGX|data[0] ;
; registers:\GEN_REG:23:REGX|data[0..21]   ; Merged with registers:\GEN_REG:0:REGX|data[0] ;
; registers:\GEN_REG:23:REGX|output[0..21] ; Merged with registers:\GEN_REG:0:REGX|data[0] ;
; registers:\GEN_REG:24:REGX|data[0..21]   ; Merged with registers:\GEN_REG:0:REGX|data[0] ;
; registers:\GEN_REG:24:REGX|output[0..21] ; Merged with registers:\GEN_REG:0:REGX|data[0] ;
; registers:\GEN_REG:25:REGX|data[0..21]   ; Merged with registers:\GEN_REG:0:REGX|data[0] ;
; registers:\GEN_REG:25:REGX|output[0..21] ; Merged with registers:\GEN_REG:0:REGX|data[0] ;
; registers:\GEN_REG:26:REGX|data[0..21]   ; Merged with registers:\GEN_REG:0:REGX|data[0] ;
; registers:\GEN_REG:26:REGX|output[0..21] ; Merged with registers:\GEN_REG:0:REGX|data[0] ;
; registers:\GEN_REG:27:REGX|data[0..21]   ; Merged with registers:\GEN_REG:0:REGX|data[0] ;
; registers:\GEN_REG:27:REGX|output[0..21] ; Merged with registers:\GEN_REG:0:REGX|data[0] ;
; registers:\GEN_REG:28:REGX|data[0..21]   ; Merged with registers:\GEN_REG:0:REGX|data[0] ;
; registers:\GEN_REG:28:REGX|output[0..21] ; Merged with registers:\GEN_REG:0:REGX|data[0] ;
; registers:\GEN_REG:29:REGX|data[0..21]   ; Merged with registers:\GEN_REG:0:REGX|data[0] ;
; registers:\GEN_REG:29:REGX|output[0..21] ; Merged with registers:\GEN_REG:0:REGX|data[0] ;
; registers:\GEN_REG:2:REGX|data[0..21]    ; Merged with registers:\GEN_REG:0:REGX|data[0] ;
; registers:\GEN_REG:2:REGX|output[0..21]  ; Merged with registers:\GEN_REG:0:REGX|data[0] ;
; registers:\GEN_REG:30:REGX|data[0..21]   ; Merged with registers:\GEN_REG:0:REGX|data[0] ;
; registers:\GEN_REG:30:REGX|output[0..21] ; Merged with registers:\GEN_REG:0:REGX|data[0] ;
; registers:\GEN_REG:31:REGX|data[0..21]   ; Merged with registers:\GEN_REG:0:REGX|data[0] ;
; registers:\GEN_REG:31:REGX|output[0..21] ; Merged with registers:\GEN_REG:0:REGX|data[0] ;
; registers:\GEN_REG:3:REGX|data[0..21]    ; Merged with registers:\GEN_REG:0:REGX|data[0] ;
; registers:\GEN_REG:3:REGX|output[0..21]  ; Merged with registers:\GEN_REG:0:REGX|data[0] ;
; registers:\GEN_REG:4:REGX|data[0..21]    ; Merged with registers:\GEN_REG:0:REGX|data[0] ;
; registers:\GEN_REG:4:REGX|output[0..21]  ; Merged with registers:\GEN_REG:0:REGX|data[0] ;
; registers:\GEN_REG:5:REGX|data[0..21]    ; Merged with registers:\GEN_REG:0:REGX|data[0] ;
; registers:\GEN_REG:5:REGX|output[0..21]  ; Merged with registers:\GEN_REG:0:REGX|data[0] ;
; registers:\GEN_REG:6:REGX|data[0..21]    ; Merged with registers:\GEN_REG:0:REGX|data[0] ;
; registers:\GEN_REG:6:REGX|output[0..21]  ; Merged with registers:\GEN_REG:0:REGX|data[0] ;
; registers:\GEN_REG:7:REGX|data[0..21]    ; Merged with registers:\GEN_REG:0:REGX|data[0] ;
; registers:\GEN_REG:7:REGX|output[0..21]  ; Merged with registers:\GEN_REG:0:REGX|data[0] ;
; registers:\GEN_REG:8:REGX|data[0..21]    ; Merged with registers:\GEN_REG:0:REGX|data[0] ;
; registers:\GEN_REG:8:REGX|output[0..21]  ; Merged with registers:\GEN_REG:0:REGX|data[0] ;
; registers:\GEN_REG:9:REGX|data[0..21]    ; Merged with registers:\GEN_REG:0:REGX|data[0] ;
; registers:\GEN_REG:9:REGX|output[0..21]  ; Merged with registers:\GEN_REG:0:REGX|data[0] ;
; registers:\GEN_REG:0:REGX|data[0]        ; Stuck at GND due to stuck port data_in        ;
; Total Number of Removed Registers = 1408 ;                                               ;
+------------------------------------------+-----------------------------------------------+


+------------------------------------------------------+
; General Register Statistics                          ;
+----------------------------------------------+-------+
; Statistic                                    ; Value ;
+----------------------------------------------+-------+
; Total registers                              ; 0     ;
; Number of registers using Synchronous Clear  ; 0     ;
; Number of registers using Synchronous Load   ; 0     ;
; Number of registers using Asynchronous Clear ; 0     ;
; Number of registers using Asynchronous Load  ; 0     ;
; Number of registers using Clock Enable       ; 0     ;
; Number of registers using Preset             ; 0     ;
+----------------------------------------------+-------+


+--------------------------------------------------------------------------------+
; Parameter Settings for User Entity Instance: Top-level Entity: |reorder_buffer ;
+----------------+-------+-------------------------------------------------------+
; Parameter Name ; Value ; Type                                                  ;
+----------------+-------+-------------------------------------------------------+
; N              ; 32    ; Signed Integer                                        ;
+----------------+-------+-------------------------------------------------------+
Note: In order to hide this table in the UI and the text report file, please set the "Show Parameter Settings in Synthesis Report" option in "Analysis and Synthesis Settings -> More Settings" to "Off".


+------------------------------------------------------------------------+
; Parameter Settings for User Entity Instance: registers:\GEN_REG:0:REGX ;
+----------------+-------+-----------------------------------------------+
; Parameter Name ; Value ; Type                                          ;
+----------------+-------+-----------------------------------------------+
; n              ; 22    ; Signed Integer                                ;
+----------------+-------+-----------------------------------------------+
Note: In order to hide this table in the UI and the text report file, please set the "Show Parameter Settings in Synthesis Report" option in "Analysis and Synthesis Settings -> More Settings" to "Off".


+------------------------------------------------------------------------+
; Parameter Settings for User Entity Instance: registers:\GEN_REG:1:REGX ;
+----------------+-------+-----------------------------------------------+
; Parameter Name ; Value ; Type                                          ;
+----------------+-------+-----------------------------------------------+
; n              ; 22    ; Signed Integer                                ;
+----------------+-------+-----------------------------------------------+
Note: In order to hide this table in the UI and the text report file, please set the "Show Parameter Settings in Synthesis Report" option in "Analysis and Synthesis Settings -> More Settings" to "Off".


+------------------------------------------------------------------------+
; Parameter Settings for User Entity Instance: registers:\GEN_REG:2:REGX ;
+----------------+-------+-----------------------------------------------+
; Parameter Name ; Value ; Type                                          ;
+----------------+-------+-----------------------------------------------+
; n              ; 22    ; Signed Integer                                ;
+----------------+-------+-----------------------------------------------+
Note: In order to hide this table in the UI and the text report file, please set the "Show Parameter Settings in Synthesis Report" option in "Analysis and Synthesis Settings -> More Settings" to "Off".


+------------------------------------------------------------------------+
; Parameter Settings for User Entity Instance: registers:\GEN_REG:3:REGX ;
+----------------+-------+-----------------------------------------------+
; Parameter Name ; Value ; Type                                          ;
+----------------+-------+-----------------------------------------------+
; n              ; 22    ; Signed Integer                                ;
+----------------+-------+-----------------------------------------------+
Note: In order to hide this table in the UI and the text report file, please set the "Show Parameter Settings in Synthesis Report" option in "Analysis and Synthesis Settings -> More Settings" to "Off".


+------------------------------------------------------------------------+
; Parameter Settings for User Entity Instance: registers:\GEN_REG:4:REGX ;
+----------------+-------+-----------------------------------------------+
; Parameter Name ; Value ; Type                                          ;
+----------------+-------+-----------------------------------------------+
; n              ; 22    ; Signed Integer                                ;
+----------------+-------+-----------------------------------------------+
Note: In order to hide this table in the UI and the text report file, please set the "Show Parameter Settings in Synthesis Report" option in "Analysis and Synthesis Settings -> More Settings" to "Off".


+------------------------------------------------------------------------+
; Parameter Settings for User Entity Instance: registers:\GEN_REG:5:REGX ;
+----------------+-------+-----------------------------------------------+
; Parameter Name ; Value ; Type                                          ;
+----------------+-------+-----------------------------------------------+
; n              ; 22    ; Signed Integer                                ;
+----------------+-------+-----------------------------------------------+
Note: In order to hide this table in the UI and the text report file, please set the "Show Parameter Settings in Synthesis Report" option in "Analysis and Synthesis Settings -> More Settings" to "Off".


+------------------------------------------------------------------------+
; Parameter Settings for User Entity Instance: registers:\GEN_REG:6:REGX ;
+----------------+-------+-----------------------------------------------+
; Parameter Name ; Value ; Type                                          ;
+----------------+-------+-----------------------------------------------+
; n              ; 22    ; Signed Integer                                ;
+----------------+-------+-----------------------------------------------+
Note: In order to hide this table in the UI and the text report file, please set the "Show Parameter Settings in Synthesis Report" option in "Analysis and Synthesis Settings -> More Settings" to "Off".


+------------------------------------------------------------------------+
; Parameter Settings for User Entity Instance: registers:\GEN_REG:7:REGX ;
+----------------+-------+-----------------------------------------------+
; Parameter Name ; Value ; Type                                          ;
+----------------+-------+-----------------------------------------------+
; n              ; 22    ; Signed Integer                                ;
+----------------+-------+-----------------------------------------------+
Note: In order to hide this table in the UI and the text report file, please set the "Show Parameter Settings in Synthesis Report" option in "Analysis and Synthesis Settings -> More Settings" to "Off".


+------------------------------------------------------------------------+
; Parameter Settings for User Entity Instance: registers:\GEN_REG:8:REGX ;
+----------------+-------+-----------------------------------------------+
; Parameter Name ; Value ; Type                                          ;
+----------------+-------+-----------------------------------------------+
; n              ; 22    ; Signed Integer                                ;
+----------------+-------+-----------------------------------------------+
Note: In order to hide this table in the UI and the text report file, please set the "Show Parameter Settings in Synthesis Report" option in "Analysis and Synthesis Settings -> More Settings" to "Off".


+------------------------------------------------------------------------+
; Parameter Settings for User Entity Instance: registers:\GEN_REG:9:REGX ;
+----------------+-------+-----------------------------------------------+
; Parameter Name ; Value ; Type                                          ;
+----------------+-------+-----------------------------------------------+
; n              ; 22    ; Signed Integer                                ;
+----------------+-------+-----------------------------------------------+
Note: In order to hide this table in the UI and the text report file, please set the "Show Parameter Settings in Synthesis Report" option in "Analysis and Synthesis Settings -> More Settings" to "Off".


+-------------------------------------------------------------------------+
; Parameter Settings for User Entity Instance: registers:\GEN_REG:10:REGX ;
+----------------+-------+------------------------------------------------+
; Parameter Name ; Value ; Type                                           ;
+----------------+-------+------------------------------------------------+
; n              ; 22    ; Signed Integer                                 ;
+----------------+-------+------------------------------------------------+
Note: In order to hide this table in the UI and the text report file, please set the "Show Parameter Settings in Synthesis Report" option in "Analysis and Synthesis Settings -> More Settings" to "Off".


+-------------------------------------------------------------------------+
; Parameter Settings for User Entity Instance: registers:\GEN_REG:11:REGX ;
+----------------+-------+------------------------------------------------+
; Parameter Name ; Value ; Type                                           ;
+----------------+-------+------------------------------------------------+
; n              ; 22    ; Signed Integer                                 ;
+----------------+-------+------------------------------------------------+
Note: In order to hide this table in the UI and the text report file, please set the "Show Parameter Settings in Synthesis Report" option in "Analysis and Synthesis Settings -> More Settings" to "Off".


+-------------------------------------------------------------------------+
; Parameter Settings for User Entity Instance: registers:\GEN_REG:12:REGX ;
+----------------+-------+------------------------------------------------+
; Parameter Name ; Value ; Type                                           ;
+----------------+-------+------------------------------------------------+
; n              ; 22    ; Signed Integer                                 ;
+----------------+-------+------------------------------------------------+
Note: In order to hide this table in the UI and the text report file, please set the "Show Parameter Settings in Synthesis Report" option in "Analysis and Synthesis Settings -> More Settings" to "Off".


+-------------------------------------------------------------------------+
; Parameter Settings for User Entity Instance: registers:\GEN_REG:13:REGX ;
+----------------+-------+------------------------------------------------+
; Parameter Name ; Value ; Type                                           ;
+----------------+-------+------------------------------------------------+
; n              ; 22    ; Signed Integer                                 ;
+----------------+-------+------------------------------------------------+
Note: In order to hide this table in the UI and the text report file, please set the "Show Parameter Settings in Synthesis Report" option in "Analysis and Synthesis Settings -> More Settings" to "Off".


+-------------------------------------------------------------------------+
; Parameter Settings for User Entity Instance: registers:\GEN_REG:14:REGX ;
+----------------+-------+------------------------------------------------+
; Parameter Name ; Value ; Type                                           ;
+----------------+-------+------------------------------------------------+
; n              ; 22    ; Signed Integer                                 ;
+----------------+-------+------------------------------------------------+
Note: In order to hide this table in the UI and the text report file, please set the "Show Parameter Settings in Synthesis Report" option in "Analysis and Synthesis Settings -> More Settings" to "Off".


+-------------------------------------------------------------------------+
; Parameter Settings for User Entity Instance: registers:\GEN_REG:15:REGX ;
+----------------+-------+------------------------------------------------+
; Parameter Name ; Value ; Type                                           ;
+----------------+-------+------------------------------------------------+
; n              ; 22    ; Signed Integer                                 ;
+----------------+-------+------------------------------------------------+
Note: In order to hide this table in the UI and the text report file, please set the "Show Parameter Settings in Synthesis Report" option in "Analysis and Synthesis Settings -> More Settings" to "Off".


+-------------------------------------------------------------------------+
; Parameter Settings for User Entity Instance: registers:\GEN_REG:16:REGX ;
+----------------+-------+------------------------------------------------+
; Parameter Name ; Value ; Type                                           ;
+----------------+-------+------------------------------------------------+
; n              ; 22    ; Signed Integer                                 ;
+----------------+-------+------------------------------------------------+
Note: In order to hide this table in the UI and the text report file, please set the "Show Parameter Settings in Synthesis Report" option in "Analysis and Synthesis Settings -> More Settings" to "Off".


+-------------------------------------------------------------------------+
; Parameter Settings for User Entity Instance: registers:\GEN_REG:17:REGX ;
+----------------+-------+------------------------------------------------+
; Parameter Name ; Value ; Type                                           ;
+----------------+-------+------------------------------------------------+
; n              ; 22    ; Signed Integer                                 ;
+----------------+-------+------------------------------------------------+
Note: In order to hide this table in the UI and the text report file, please set the "Show Parameter Settings in Synthesis Report" option in "Analysis and Synthesis Settings -> More Settings" to "Off".


+-------------------------------------------------------------------------+
; Parameter Settings for User Entity Instance: registers:\GEN_REG:18:REGX ;
+----------------+-------+------------------------------------------------+
; Parameter Name ; Value ; Type                                           ;
+----------------+-------+------------------------------------------------+
; n              ; 22    ; Signed Integer                                 ;
+----------------+-------+------------------------------------------------+
Note: In order to hide this table in the UI and the text report file, please set the "Show Parameter Settings in Synthesis Report" option in "Analysis and Synthesis Settings -> More Settings" to "Off".


+-------------------------------------------------------------------------+
; Parameter Settings for User Entity Instance: registers:\GEN_REG:19:REGX ;
+----------------+-------+------------------------------------------------+
; Parameter Name ; Value ; Type                                           ;
+----------------+-------+------------------------------------------------+
; n              ; 22    ; Signed Integer                                 ;
+----------------+-------+------------------------------------------------+
Note: In order to hide this table in the UI and the text report file, please set the "Show Parameter Settings in Synthesis Report" option in "Analysis and Synthesis Settings -> More Settings" to "Off".


+-------------------------------------------------------------------------+
; Parameter Settings for User Entity Instance: registers:\GEN_REG:20:REGX ;
+----------------+-------+------------------------------------------------+
; Parameter Name ; Value ; Type                                           ;
+----------------+-------+------------------------------------------------+
; n              ; 22    ; Signed Integer                                 ;
+----------------+-------+------------------------------------------------+
Note: In order to hide this table in the UI and the text report file, please set the "Show Parameter Settings in Synthesis Report" option in "Analysis and Synthesis Settings -> More Settings" to "Off".


+-------------------------------------------------------------------------+
; Parameter Settings for User Entity Instance: registers:\GEN_REG:21:REGX ;
+----------------+-------+------------------------------------------------+
; Parameter Name ; Value ; Type                                           ;
+----------------+-------+------------------------------------------------+
; n              ; 22    ; Signed Integer                                 ;
+----------------+-------+------------------------------------------------+
Note: In order to hide this table in the UI and the text report file, please set the "Show Parameter Settings in Synthesis Report" option in "Analysis and Synthesis Settings -> More Settings" to "Off".


+-------------------------------------------------------------------------+
; Parameter Settings for User Entity Instance: registers:\GEN_REG:22:REGX ;
+----------------+-------+------------------------------------------------+
; Parameter Name ; Value ; Type                                           ;
+----------------+-------+------------------------------------------------+
; n              ; 22    ; Signed Integer                                 ;
+----------------+-------+------------------------------------------------+
Note: In order to hide this table in the UI and the text report file, please set the "Show Parameter Settings in Synthesis Report" option in "Analysis and Synthesis Settings -> More Settings" to "Off".


+-------------------------------------------------------------------------+
; Parameter Settings for User Entity Instance: registers:\GEN_REG:23:REGX ;
+----------------+-------+------------------------------------------------+
; Parameter Name ; Value ; Type                                           ;
+----------------+-------+------------------------------------------------+
; n              ; 22    ; Signed Integer                                 ;
+----------------+-------+------------------------------------------------+
Note: In order to hide this table in the UI and the text report file, please set the "Show Parameter Settings in Synthesis Report" option in "Analysis and Synthesis Settings -> More Settings" to "Off".


+-------------------------------------------------------------------------+
; Parameter Settings for User Entity Instance: registers:\GEN_REG:24:REGX ;
+----------------+-------+------------------------------------------------+
; Parameter Name ; Value ; Type                                           ;
+----------------+-------+------------------------------------------------+
; n              ; 22    ; Signed Integer                                 ;
+----------------+-------+------------------------------------------------+
Note: In order to hide this table in the UI and the text report file, please set the "Show Parameter Settings in Synthesis Report" option in "Analysis and Synthesis Settings -> More Settings" to "Off".


+-------------------------------------------------------------------------+
; Parameter Settings for User Entity Instance: registers:\GEN_REG:25:REGX ;
+----------------+-------+------------------------------------------------+
; Parameter Name ; Value ; Type                                           ;
+----------------+-------+------------------------------------------------+
; n              ; 22    ; Signed Integer                                 ;
+----------------+-------+------------------------------------------------+
Note: In order to hide this table in the UI and the text report file, please set the "Show Parameter Settings in Synthesis Report" option in "Analysis and Synthesis Settings -> More Settings" to "Off".


+-------------------------------------------------------------------------+
; Parameter Settings for User Entity Instance: registers:\GEN_REG:26:REGX ;
+----------------+-------+------------------------------------------------+
; Parameter Name ; Value ; Type                                           ;
+----------------+-------+------------------------------------------------+
; n              ; 22    ; Signed Integer                                 ;
+----------------+-------+------------------------------------------------+
Note: In order to hide this table in the UI and the text report file, please set the "Show Parameter Settings in Synthesis Report" option in "Analysis and Synthesis Settings -> More Settings" to "Off".


+-------------------------------------------------------------------------+
; Parameter Settings for User Entity Instance: registers:\GEN_REG:27:REGX ;
+----------------+-------+------------------------------------------------+
; Parameter Name ; Value ; Type                                           ;
+----------------+-------+------------------------------------------------+
; n              ; 22    ; Signed Integer                                 ;
+----------------+-------+------------------------------------------------+
Note: In order to hide this table in the UI and the text report file, please set the "Show Parameter Settings in Synthesis Report" option in "Analysis and Synthesis Settings -> More Settings" to "Off".


+-------------------------------------------------------------------------+
; Parameter Settings for User Entity Instance: registers:\GEN_REG:28:REGX ;
+----------------+-------+------------------------------------------------+
; Parameter Name ; Value ; Type                                           ;
+----------------+-------+------------------------------------------------+
; n              ; 22    ; Signed Integer                                 ;
+----------------+-------+------------------------------------------------+
Note: In order to hide this table in the UI and the text report file, please set the "Show Parameter Settings in Synthesis Report" option in "Analysis and Synthesis Settings -> More Settings" to "Off".


+-------------------------------------------------------------------------+
; Parameter Settings for User Entity Instance: registers:\GEN_REG:29:REGX ;
+----------------+-------+------------------------------------------------+
; Parameter Name ; Value ; Type                                           ;
+----------------+-------+------------------------------------------------+
; n              ; 22    ; Signed Integer                                 ;
+----------------+-------+------------------------------------------------+
Note: In order to hide this table in the UI and the text report file, please set the "Show Parameter Settings in Synthesis Report" option in "Analysis and Synthesis Settings -> More Settings" to "Off".


+-------------------------------------------------------------------------+
; Parameter Settings for User Entity Instance: registers:\GEN_REG:30:REGX ;
+----------------+-------+------------------------------------------------+
; Parameter Name ; Value ; Type                                           ;
+----------------+-------+------------------------------------------------+
; n              ; 22    ; Signed Integer                                 ;
+----------------+-------+------------------------------------------------+
Note: In order to hide this table in the UI and the text report file, please set the "Show Parameter Settings in Synthesis Report" option in "Analysis and Synthesis Settings -> More Settings" to "Off".


+-------------------------------------------------------------------------+
; Parameter Settings for User Entity Instance: registers:\GEN_REG:31:REGX ;
+----------------+-------+------------------------------------------------+
; Parameter Name ; Value ; Type                                           ;
+----------------+-------+------------------------------------------------+
; n              ; 22    ; Signed Integer                                 ;
+----------------+-------+------------------------------------------------+
Note: In order to hide this table in the UI and the text report file, please set the "Show Parameter Settings in Synthesis Report" option in "Analysis and Synthesis Settings -> More Settings" to "Off".


+------------------------------------------------------------------+
; Parameter Settings for User Entity Instance: multiplexer:mux_def ;
+----------------+-------+-----------------------------------------+
; Parameter Name ; Value ; Type                                    ;
+----------------+-------+-----------------------------------------+
; x              ; 32    ; Signed Integer                          ;
; y              ; 22    ; Signed Integer                          ;
+----------------+-------+-----------------------------------------+
Note: In order to hide this table in the UI and the text report file, please set the "Show Parameter Settings in Synthesis Report" option in "Analysis and Synthesis Settings -> More Settings" to "Off".


+--------------------------------------------------------+
; Port Connectivity Checks: "registers:\GEN_REG:31:REGX" ;
+--------+-------+----------+----------------------------+
; Port   ; Type  ; Severity ; Details                    ;
+--------+-------+----------+----------------------------+
; enable ; Input ; Info     ; Stuck at GND               ;
+--------+-------+----------+----------------------------+


+--------------------------------------------------------+
; Port Connectivity Checks: "registers:\GEN_REG:30:REGX" ;
+--------+-------+----------+----------------------------+
; Port   ; Type  ; Severity ; Details                    ;
+--------+-------+----------+----------------------------+
; enable ; Input ; Info     ; Stuck at GND               ;
+--------+-------+----------+----------------------------+


+--------------------------------------------------------+
; Port Connectivity Checks: "registers:\GEN_REG:29:REGX" ;
+--------+-------+----------+----------------------------+
; Port   ; Type  ; Severity ; Details                    ;
+--------+-------+----------+----------------------------+
; enable ; Input ; Info     ; Stuck at GND               ;
+--------+-------+----------+----------------------------+


+--------------------------------------------------------+
; Port Connectivity Checks: "registers:\GEN_REG:28:REGX" ;
+--------+-------+----------+----------------------------+
; Port   ; Type  ; Severity ; Details                    ;
+--------+-------+----------+----------------------------+
; enable ; Input ; Info     ; Stuck at GND               ;
+--------+-------+----------+----------------------------+


+--------------------------------------------------------+
; Port Connectivity Checks: "registers:\GEN_REG:27:REGX" ;
+--------+-------+----------+----------------------------+
; Port   ; Type  ; Severity ; Details                    ;
+--------+-------+----------+----------------------------+
; enable ; Input ; Info     ; Stuck at GND               ;
+--------+-------+----------+----------------------------+


+--------------------------------------------------------+
; Port Connectivity Checks: "registers:\GEN_REG:26:REGX" ;
+--------+-------+----------+----------------------------+
; Port   ; Type  ; Severity ; Details                    ;
+--------+-------+----------+----------------------------+
; enable ; Input ; Info     ; Stuck at GND               ;
+--------+-------+----------+----------------------------+


+--------------------------------------------------------+
; Port Connectivity Checks: "registers:\GEN_REG:25:REGX" ;
+--------+-------+----------+----------------------------+
; Port   ; Type  ; Severity ; Details                    ;
+--------+-------+----------+----------------------------+
; enable ; Input ; Info     ; Stuck at GND               ;
+--------+-------+----------+----------------------------+


+--------------------------------------------------------+
; Port Connectivity Checks: "registers:\GEN_REG:24:REGX" ;
+--------+-------+----------+----------------------------+
; Port   ; Type  ; Severity ; Details                    ;
+--------+-------+----------+----------------------------+
; enable ; Input ; Info     ; Stuck at GND               ;
+--------+-------+----------+----------------------------+


+--------------------------------------------------------+
; Port Connectivity Checks: "registers:\GEN_REG:23:REGX" ;
+--------+-------+----------+----------------------------+
; Port   ; Type  ; Severity ; Details                    ;
+--------+-------+----------+----------------------------+
; enable ; Input ; Info     ; Stuck at GND               ;
+--------+-------+----------+----------------------------+


+--------------------------------------------------------+
; Port Connectivity Checks: "registers:\GEN_REG:22:REGX" ;
+--------+-------+----------+----------------------------+
; Port   ; Type  ; Severity ; Details                    ;
+--------+-------+----------+----------------------------+
; enable ; Input ; Info     ; Stuck at GND               ;
+--------+-------+----------+----------------------------+


+--------------------------------------------------------+
; Port Connectivity Checks: "registers:\GEN_REG:21:REGX" ;
+--------+-------+----------+----------------------------+
; Port   ; Type  ; Severity ; Details                    ;
+--------+-------+----------+----------------------------+
; enable ; Input ; Info     ; Stuck at GND               ;
+--------+-------+----------+----------------------------+


+--------------------------------------------------------+
; Port Connectivity Checks: "registers:\GEN_REG:20:REGX" ;
+--------+-------+----------+----------------------------+
; Port   ; Type  ; Severity ; Details                    ;
+--------+-------+----------+----------------------------+
; enable ; Input ; Info     ; Stuck at GND               ;
+--------+-------+----------+----------------------------+


+--------------------------------------------------------+
; Port Connectivity Checks: "registers:\GEN_REG:19:REGX" ;
+--------+-------+----------+----------------------------+
; Port   ; Type  ; Severity ; Details                    ;
+--------+-------+----------+----------------------------+
; enable ; Input ; Info     ; Stuck at GND               ;
+--------+-------+----------+----------------------------+


+--------------------------------------------------------+
; Port Connectivity Checks: "registers:\GEN_REG:18:REGX" ;
+--------+-------+----------+----------------------------+
; Port   ; Type  ; Severity ; Details                    ;
+--------+-------+----------+----------------------------+
; enable ; Input ; Info     ; Stuck at GND               ;
+--------+-------+----------+----------------------------+


+--------------------------------------------------------+
; Port Connectivity Checks: "registers:\GEN_REG:17:REGX" ;
+--------+-------+----------+----------------------------+
; Port   ; Type  ; Severity ; Details                    ;
+--------+-------+----------+----------------------------+
; enable ; Input ; Info     ; Stuck at GND               ;
+--------+-------+----------+----------------------------+


+--------------------------------------------------------+
; Port Connectivity Checks: "registers:\GEN_REG:16:REGX" ;
+--------+-------+----------+----------------------------+
; Port   ; Type  ; Severity ; Details                    ;
+--------+-------+----------+----------------------------+
; enable ; Input ; Info     ; Stuck at GND               ;
+--------+-------+----------+----------------------------+


+--------------------------------------------------------+
; Port Connectivity Checks: "registers:\GEN_REG:15:REGX" ;
+--------+-------+----------+----------------------------+
; Port   ; Type  ; Severity ; Details                    ;
+--------+-------+----------+----------------------------+
; enable ; Input ; Info     ; Stuck at GND               ;
+--------+-------+----------+----------------------------+


+--------------------------------------------------------+
; Port Connectivity Checks: "registers:\GEN_REG:14:REGX" ;
+--------+-------+----------+----------------------------+
; Port   ; Type  ; Severity ; Details                    ;
+--------+-------+----------+----------------------------+
; enable ; Input ; Info     ; Stuck at GND               ;
+--------+-------+----------+----------------------------+


+--------------------------------------------------------+
; Port Connectivity Checks: "registers:\GEN_REG:13:REGX" ;
+--------+-------+----------+----------------------------+
; Port   ; Type  ; Severity ; Details                    ;
+--------+-------+----------+----------------------------+
; enable ; Input ; Info     ; Stuck at GND               ;
+--------+-------+----------+----------------------------+


+--------------------------------------------------------+
; Port Connectivity Checks: "registers:\GEN_REG:12:REGX" ;
+--------+-------+----------+----------------------------+
; Port   ; Type  ; Severity ; Details                    ;
+--------+-------+----------+----------------------------+
; enable ; Input ; Info     ; Stuck at GND               ;
+--------+-------+----------+----------------------------+


+--------------------------------------------------------+
; Port Connectivity Checks: "registers:\GEN_REG:11:REGX" ;
+--------+-------+----------+----------------------------+
; Port   ; Type  ; Severity ; Details                    ;
+--------+-------+----------+----------------------------+
; enable ; Input ; Info     ; Stuck at GND               ;
+--------+-------+----------+----------------------------+


+--------------------------------------------------------+
; Port Connectivity Checks: "registers:\GEN_REG:10:REGX" ;
+--------+-------+----------+----------------------------+
; Port   ; Type  ; Severity ; Details                    ;
+--------+-------+----------+----------------------------+
; enable ; Input ; Info     ; Stuck at GND               ;
+--------+-------+----------+----------------------------+


+-------------------------------------------------------+
; Port Connectivity Checks: "registers:\GEN_REG:9:REGX" ;
+--------+-------+----------+---------------------------+
; Port   ; Type  ; Severity ; Details                   ;
+--------+-------+----------+---------------------------+
; enable ; Input ; Info     ; Stuck at GND              ;
+--------+-------+----------+---------------------------+


+-------------------------------------------------------+
; Port Connectivity Checks: "registers:\GEN_REG:8:REGX" ;
+--------+-------+----------+---------------------------+
; Port   ; Type  ; Severity ; Details                   ;
+--------+-------+----------+---------------------------+
; enable ; Input ; Info     ; Stuck at GND              ;
+--------+-------+----------+---------------------------+


+-------------------------------------------------------+
; Port Connectivity Checks: "registers:\GEN_REG:7:REGX" ;
+--------+-------+----------+---------------------------+
; Port   ; Type  ; Severity ; Details                   ;
+--------+-------+----------+---------------------------+
; enable ; Input ; Info     ; Stuck at GND              ;
+--------+-------+----------+---------------------------+


+-------------------------------------------------------+
; Port Connectivity Checks: "registers:\GEN_REG:6:REGX" ;
+--------+-------+----------+---------------------------+
; Port   ; Type  ; Severity ; Details                   ;
+--------+-------+----------+---------------------------+
; enable ; Input ; Info     ; Stuck at GND              ;
+--------+-------+----------+---------------------------+


+-------------------------------------------------------+
; Port Connectivity Checks: "registers:\GEN_REG:5:REGX" ;
+--------+-------+----------+---------------------------+
; Port   ; Type  ; Severity ; Details                   ;
+--------+-------+----------+---------------------------+
; enable ; Input ; Info     ; Stuck at GND              ;
+--------+-------+----------+---------------------------+


+-------------------------------------------------------+
; Port Connectivity Checks: "registers:\GEN_REG:4:REGX" ;
+--------+-------+----------+---------------------------+
; Port   ; Type  ; Severity ; Details                   ;
+--------+-------+----------+---------------------------+
; enable ; Input ; Info     ; Stuck at GND              ;
+--------+-------+----------+---------------------------+


+-------------------------------------------------------+
; Port Connectivity Checks: "registers:\GEN_REG:3:REGX" ;
+--------+-------+----------+---------------------------+
; Port   ; Type  ; Severity ; Details                   ;
+--------+-------+----------+---------------------------+
; enable ; Input ; Info     ; Stuck at GND              ;
+--------+-------+----------+---------------------------+


+-------------------------------------------------------+
; Port Connectivity Checks: "registers:\GEN_REG:2:REGX" ;
+--------+-------+----------+---------------------------+
; Port   ; Type  ; Severity ; Details                   ;
+--------+-------+----------+---------------------------+
; enable ; Input ; Info     ; Stuck at GND              ;
+--------+-------+----------+---------------------------+


+-------------------------------------------------------+
; Port Connectivity Checks: "registers:\GEN_REG:1:REGX" ;
+--------+-------+----------+---------------------------+
; Port   ; Type  ; Severity ; Details                   ;
+--------+-------+----------+---------------------------+
; enable ; Input ; Info     ; Stuck at GND              ;
+--------+-------+----------+---------------------------+


+-------------------------------------------------------+
; Port Connectivity Checks: "registers:\GEN_REG:0:REGX" ;
+--------+-------+----------+---------------------------+
; Port   ; Type  ; Severity ; Details                   ;
+--------+-------+----------+---------------------------+
; enable ; Input ; Info     ; Stuck at GND              ;
+--------+-------+----------+---------------------------+


+-----------------------------------------------------+
; Post-Synthesis Netlist Statistics for Top Partition ;
+-----------------------+-----------------------------+
; Type                  ; Count                       ;
+-----------------------+-----------------------------+
; boundary_port         ; 58                          ;
; cycloneiii_lcell_comb ; 2                           ;
;     normal            ; 2                           ;
;         0 data inputs ; 2                           ;
;                       ;                             ;
; Max LUT depth         ; 0.00                        ;
; Average LUT depth     ; 0.00                        ;
+-----------------------+-----------------------------+


+-------------------------------+
; Elapsed Time Per Partition    ;
+----------------+--------------+
; Partition Name ; Elapsed Time ;
+----------------+--------------+
; Top            ; 00:00:00     ;
+----------------+--------------+


+-------------------------------+
; Analysis & Synthesis Messages ;
+-------------------------------+
Info: *******************************************************************
Info: Running Quartus Prime Analysis & Synthesis
    Info: Version 16.1.0 Build 196 10/24/2016 SJ Lite Edition
    Info: Processing started: Tue Apr 25 00:35:33 2017
Info: Command: quartus_map --read_settings_files=on --write_settings_files=off reorder_buffer -c reorder_buffer
Warning (18236): Number of processors has not been specified which may cause overloading on shared machines.  Set the global assignment NUM_PARALLEL_PROCESSORS in your QSF to an appropriate value for best performance.
Info (20030): Parallel compilation is enabled and will use 2 of the 2 processors detected
Info (12021): Found 2 design units, including 1 entities, in source file multiplexer.vhd
    Info (12022): Found design unit 1: multiplexer-m File: C:/Users/dell/Desktop/DECODE/multiplexer.vhd Line: 17
    Info (12023): Found entity 1: multiplexer File: C:/Users/dell/Desktop/DECODE/multiplexer.vhd Line: 9
Info (12021): Found 2 design units, including 1 entities, in source file /users/dell/desktop/fetch/registers.vhd
    Info (12022): Found design unit 1: registers-reg File: C:/Users/dell/Desktop/FETCH/registers.vhd Line: 13
    Info (12023): Found entity 1: registers File: C:/Users/dell/Desktop/FETCH/registers.vhd Line: 4
Info (12021): Found 2 design units, including 1 entities, in source file reorder_buffer.vhd
    Info (12022): Found design unit 1: reorder_buffer-ROB File: C:/Users/dell/Desktop/DECODE/reorder_buffer.vhd Line: 26
    Info (12023): Found entity 1: reorder_buffer File: C:/Users/dell/Desktop/DECODE/reorder_buffer.vhd Line: 9
Info (12021): Found 1 design units, including 0 entities, in source file components.vhd
    Info (12022): Found design unit 1: components File: C:/Users/dell/Desktop/DECODE/components.vhd Line: 5
Info (12127): Elaborating entity "reorder_buffer" for the top level hierarchy
Warning (10541): VHDL Signal Declaration warning at reorder_buffer.vhd(19): used implicit default value for signal "index2" because signal was never assigned a value or an explicit default value. Use of implicit default value may introduce unintended design optimizations. File: C:/Users/dell/Desktop/DECODE/reorder_buffer.vhd Line: 19
Warning (10541): VHDL Signal Declaration warning at reorder_buffer.vhd(27): used implicit default value for signal "write_pointer" because signal was never assigned a value or an explicit default value. Use of implicit default value may introduce unintended design optimizations. File: C:/Users/dell/Desktop/DECODE/reorder_buffer.vhd Line: 27
Warning (10541): VHDL Signal Declaration warning at reorder_buffer.vhd(28): used implicit default value for signal "read_pointer" because signal was never assigned a value or an explicit default value. Use of implicit default value may introduce unintended design optimizations. File: C:/Users/dell/Desktop/DECODE/reorder_buffer.vhd Line: 28
Info (12128): Elaborating entity "registers" for hierarchy "registers:\GEN_REG:0:REGX" File: C:/Users/dell/Desktop/DECODE/reorder_buffer.vhd Line: 56
Info (12128): Elaborating entity "multiplexer" for hierarchy "multiplexer:mux_def" File: C:/Users/dell/Desktop/DECODE/reorder_buffer.vhd Line: 66
Warning (13024): Output pins are stuck at VCC or GND
    Warning (13410): Pin "index1[0]" is stuck at GND File: C:/Users/dell/Desktop/DECODE/reorder_buffer.vhd Line: 18
    Warning (13410): Pin "index1[1]" is stuck at GND File: C:/Users/dell/Desktop/DECODE/reorder_buffer.vhd Line: 18
    Warning (13410): Pin "index1[2]" is stuck at GND File: C:/Users/dell/Desktop/DECODE/reorder_buffer.vhd Line: 18
    Warning (13410): Pin "index1[3]" is stuck at GND File: C:/Users/dell/Desktop/DECODE/reorder_buffer.vhd Line: 18
    Warning (13410): Pin "index1[4]" is stuck at GND File: C:/Users/dell/Desktop/DECODE/reorder_buffer.vhd Line: 18
    Warning (13410): Pin "index2[0]" is stuck at GND File: C:/Users/dell/Desktop/DECODE/reorder_buffer.vhd Line: 19
    Warning (13410): Pin "index2[1]" is stuck at GND File: C:/Users/dell/Desktop/DECODE/reorder_buffer.vhd Line: 19
    Warning (13410): Pin "index2[2]" is stuck at GND File: C:/Users/dell/Desktop/DECODE/reorder_buffer.vhd Line: 19
    Warning (13410): Pin "index2[3]" is stuck at GND File: C:/Users/dell/Desktop/DECODE/reorder_buffer.vhd Line: 19
    Warning (13410): Pin "index2[4]" is stuck at GND File: C:/Users/dell/Desktop/DECODE/reorder_buffer.vhd Line: 19
    Warning (13410): Pin "stall" is stuck at VCC File: C:/Users/dell/Desktop/DECODE/reorder_buffer.vhd Line: 21
    Warning (13410): Pin "output[0]" is stuck at GND File: C:/Users/dell/Desktop/DECODE/reorder_buffer.vhd Line: 22
    Warning (13410): Pin "output[1]" is stuck at GND File: C:/Users/dell/Desktop/DECODE/reorder_buffer.vhd Line: 22
    Warning (13410): Pin "output[2]" is stuck at GND File: C:/Users/dell/Desktop/DECODE/reorder_buffer.vhd Line: 22
    Warning (13410): Pin "output[3]" is stuck at GND File: C:/Users/dell/Desktop/DECODE/reorder_buffer.vhd Line: 22
    Warning (13410): Pin "output[4]" is stuck at GND File: C:/Users/dell/Desktop/DECODE/reorder_buffer.vhd Line: 22
    Warning (13410): Pin "output[5]" is stuck at GND File: C:/Users/dell/Desktop/DECODE/reorder_buffer.vhd Line: 22
    Warning (13410): Pin "output[6]" is stuck at GND File: C:/Users/dell/Desktop/DECODE/reorder_buffer.vhd Line: 22
    Warning (13410): Pin "output[7]" is stuck at GND File: C:/Users/dell/Desktop/DECODE/reorder_buffer.vhd Line: 22
    Warning (13410): Pin "output[8]" is stuck at GND File: C:/Users/dell/Desktop/DECODE/reorder_buffer.vhd Line: 22
    Warning (13410): Pin "output[9]" is stuck at GND File: C:/Users/dell/Desktop/DECODE/reorder_buffer.vhd Line: 22
    Warning (13410): Pin "output[10]" is stuck at GND File: C:/Users/dell/Desktop/DECODE/reorder_buffer.vhd Line: 22
    Warning (13410): Pin "output[11]" is stuck at GND File: C:/Users/dell/Desktop/DECODE/reorder_buffer.vhd Line: 22
    Warning (13410): Pin "output[12]" is stuck at GND File: C:/Users/dell/Desktop/DECODE/reorder_buffer.vhd Line: 22
    Warning (13410): Pin "output[13]" is stuck at GND File: C:/Users/dell/Desktop/DECODE/reorder_buffer.vhd Line: 22
    Warning (13410): Pin "output[14]" is stuck at GND File: C:/Users/dell/Desktop/DECODE/reorder_buffer.vhd Line: 22
    Warning (13410): Pin "output[15]" is stuck at GND File: C:/Users/dell/Desktop/DECODE/reorder_buffer.vhd Line: 22
    Warning (13410): Pin "output[16]" is stuck at GND File: C:/Users/dell/Desktop/DECODE/reorder_buffer.vhd Line: 22
    Warning (13410): Pin "output[17]" is stuck at GND File: C:/Users/dell/Desktop/DECODE/reorder_buffer.vhd Line: 22
    Warning (13410): Pin "output[18]" is stuck at GND File: C:/Users/dell/Desktop/DECODE/reorder_buffer.vhd Line: 22
    Warning (13410): Pin "output[19]" is stuck at GND File: C:/Users/dell/Desktop/DECODE/reorder_buffer.vhd Line: 22
    Warning (13410): Pin "output[20]" is stuck at GND File: C:/Users/dell/Desktop/DECODE/reorder_buffer.vhd Line: 22
    Warning (13410): Pin "output[21]" is stuck at GND File: C:/Users/dell/Desktop/DECODE/reorder_buffer.vhd Line: 22
Info (16010): Generating hard_block partition "hard_block:auto_generated_inst"
    Info (16011): Adding 0 node(s), including 0 DDIO, 0 PLL, 0 transceiver and 0 LCELL
Warning (21074): Design contains 25 input pin(s) that do not drive logic
    Warning (15610): No output dependent on input pin "input[0]" File: C:/Users/dell/Desktop/DECODE/reorder_buffer.vhd Line: 12
    Warning (15610): No output dependent on input pin "input[1]" File: C:/Users/dell/Desktop/DECODE/reorder_buffer.vhd Line: 12
    Warning (15610): No output dependent on input pin "input[2]" File: C:/Users/dell/Desktop/DECODE/reorder_buffer.vhd Line: 12
    Warning (15610): No output dependent on input pin "input[3]" File: C:/Users/dell/Desktop/DECODE/reorder_buffer.vhd Line: 12
    Warning (15610): No output dependent on input pin "input[4]" File: C:/Users/dell/Desktop/DECODE/reorder_buffer.vhd Line: 12
    Warning (15610): No output dependent on input pin "input[5]" File: C:/Users/dell/Desktop/DECODE/reorder_buffer.vhd Line: 12
    Warning (15610): No output dependent on input pin "input[6]" File: C:/Users/dell/Desktop/DECODE/reorder_buffer.vhd Line: 12
    Warning (15610): No output dependent on input pin "input[7]" File: C:/Users/dell/Desktop/DECODE/reorder_buffer.vhd Line: 12
    Warning (15610): No output dependent on input pin "input[8]" File: C:/Users/dell/Desktop/DECODE/reorder_buffer.vhd Line: 12
    Warning (15610): No output dependent on input pin "input[9]" File: C:/Users/dell/Desktop/DECODE/reorder_buffer.vhd Line: 12
    Warning (15610): No output dependent on input pin "input[10]" File: C:/Users/dell/Desktop/DECODE/reorder_buffer.vhd Line: 12
    Warning (15610): No output dependent on input pin "input[11]" File: C:/Users/dell/Desktop/DECODE/reorder_buffer.vhd Line: 12
    Warning (15610): No output dependent on input pin "input[12]" File: C:/Users/dell/Desktop/DECODE/reorder_buffer.vhd Line: 12
    Warning (15610): No output dependent on input pin "input[13]" File: C:/Users/dell/Desktop/DECODE/reorder_buffer.vhd Line: 12
    Warning (15610): No output dependent on input pin "input[14]" File: C:/Users/dell/Desktop/DECODE/reorder_buffer.vhd Line: 12
    Warning (15610): No output dependent on input pin "input[15]" File: C:/Users/dell/Desktop/DECODE/reorder_buffer.vhd Line: 12
    Warning (15610): No output dependent on input pin "input[16]" File: C:/Users/dell/Desktop/DECODE/reorder_buffer.vhd Line: 12
    Warning (15610): No output dependent on input pin "input[17]" File: C:/Users/dell/Desktop/DECODE/reorder_buffer.vhd Line: 12
    Warning (15610): No output dependent on input pin "input[18]" File: C:/Users/dell/Desktop/DECODE/reorder_buffer.vhd Line: 12
    Warning (15610): No output dependent on input pin "input[19]" File: C:/Users/dell/Desktop/DECODE/reorder_buffer.vhd Line: 12
    Warning (15610): No output dependent on input pin "input[20]" File: C:/Users/dell/Desktop/DECODE/reorder_buffer.vhd Line: 12
    Warning (15610): No output dependent on input pin "input[21]" File: C:/Users/dell/Desktop/DECODE/reorder_buffer.vhd Line: 12
    Warning (15610): No output dependent on input pin "wr_en" File: C:/Users/dell/Desktop/DECODE/reorder_buffer.vhd Line: 13
    Warning (15610): No output dependent on input pin "clk" File: C:/Users/dell/Desktop/DECODE/reorder_buffer.vhd Line: 15
    Warning (15610): No output dependent on input pin "reset" File: C:/Users/dell/Desktop/DECODE/reorder_buffer.vhd Line: 16
Info (21057): Implemented 58 device resources after synthesis - the final resource count might be different
    Info (21058): Implemented 25 input pins
    Info (21059): Implemented 33 output pins
Info: Quartus Prime Analysis & Synthesis was successful. 0 errors, 64 warnings
    Info: Peak virtual memory: 678 megabytes
    Info: Processing ended: Tue Apr 25 00:35:51 2017
    Info: Elapsed time: 00:00:18
    Info: Total CPU time (on all processors): 00:00:36


