Analysis & Synthesis report for final
Sat Jul 15 19:49:54 2017
Quartus Prime Version 17.0.1 Build 598 06/07/2017 SJ Lite Edition


---------------------
; Table of Contents ;
---------------------
  1. Legal Notice
  2. Analysis & Synthesis Summary
  3. Analysis & Synthesis Settings
  4. Parallel Compilation
  5. Analysis & Synthesis Messages



----------------
; Legal Notice ;
----------------
Copyright (C) 2017  Intel Corporation. All rights reserved.
Your use of Intel Corporation's design tools, logic functions 
and other software and tools, and its AMPP partner logic 
functions, and any output files from any of the foregoing 
(including device programming or simulation files), and any 
associated documentation or information are expressly subject 
to the terms and conditions of the Intel Program License 
Subscription Agreement, the Intel Quartus Prime License Agreement,
the Intel MegaCore Function License Agreement, or other 
applicable license agreement, including, without limitation, 
that your use is for the sole purpose of programming logic 
devices manufactured by Intel and sold by Intel or its 
authorized distributors.  Please refer to the applicable 
agreement for further details.



+----------------------------------------------------------------------------------+
; Analysis & Synthesis Summary                                                     ;
+------------------------------------+---------------------------------------------+
; Analysis & Synthesis Status        ; Failed - Sat Jul 15 19:49:54 2017           ;
; Quartus Prime Version              ; 17.0.1 Build 598 06/07/2017 SJ Lite Edition ;
; Revision Name                      ; final                                       ;
; Top-level Entity Name              ; final                                       ;
; Family                             ; Cyclone IV E                                ;
; Total logic elements               ; N/A until Partition Merge                   ;
;     Total combinational functions  ; N/A until Partition Merge                   ;
;     Dedicated logic registers      ; N/A until Partition Merge                   ;
; Total registers                    ; N/A until Partition Merge                   ;
; Total pins                         ; N/A until Partition Merge                   ;
; Total virtual pins                 ; N/A until Partition Merge                   ;
; Total memory bits                  ; N/A until Partition Merge                   ;
; Embedded Multiplier 9-bit elements ; N/A until Partition Merge                   ;
; Total PLLs                         ; N/A until Partition Merge                   ;
+------------------------------------+---------------------------------------------+


+----------------------------------------------------------------------------------------------------------------------+
; Analysis & Synthesis Settings                                                                                        ;
+----------------------------------------------------------------------------+--------------------+--------------------+
; Option                                                                     ; Setting            ; Default Value      ;
+----------------------------------------------------------------------------+--------------------+--------------------+
; Top-level entity name                                                      ; final              ; final              ;
; Family name                                                                ; Cyclone IV E       ; Cyclone V          ;
; Maximum processors allowed for parallel compilation                        ; 2                  ;                    ;
; VHDL Show LMF Mapping Messages                                             ; Off                ;                    ;
; VHDL Version                                                               ; VHDL_2008          ; VHDL_1993          ;
; Use smart compilation                                                      ; Off                ; Off                ;
; Enable parallel Assembler and TimeQuest Timing Analyzer during compilation ; On                 ; On                 ;
; Enable compact report table                                                ; Off                ; Off                ;
; Restructure Multiplexers                                                   ; Auto               ; Auto               ;
; Create Debugging Nodes for IP Cores                                        ; Off                ; Off                ;
; Preserve fewer node names                                                  ; On                 ; On                 ;
; OpenCore Plus hardware evaluation                                          ; Enable             ; Enable             ;
; Verilog Version                                                            ; Verilog_2001       ; Verilog_2001       ;
; State Machine Processing                                                   ; Auto               ; Auto               ;
; Safe State Machine                                                         ; Off                ; Off                ;
; Extract Verilog State Machines                                             ; On                 ; On                 ;
; Extract VHDL State Machines                                                ; On                 ; On                 ;
; Ignore Verilog initial constructs                                          ; Off                ; Off                ;
; Iteration limit for constant Verilog loops                                 ; 5000               ; 5000               ;
; Iteration limit for non-constant Verilog loops                             ; 250                ; 250                ;
; Add Pass-Through Logic to Inferred RAMs                                    ; On                 ; On                 ;
; Infer RAMs from Raw Logic                                                  ; On                 ; On                 ;
; Parallel Synthesis                                                         ; On                 ; On                 ;
; DSP Block Balancing                                                        ; Auto               ; Auto               ;
; NOT Gate Push-Back                                                         ; On                 ; On                 ;
; Power-Up Don't Care                                                        ; On                 ; On                 ;
; Remove Redundant Logic Cells                                               ; Off                ; Off                ;
; Remove Duplicate Registers                                                 ; On                 ; On                 ;
; Ignore CARRY Buffers                                                       ; Off                ; Off                ;
; Ignore CASCADE Buffers                                                     ; Off                ; Off                ;
; Ignore GLOBAL Buffers                                                      ; Off                ; Off                ;
; Ignore ROW GLOBAL Buffers                                                  ; Off                ; Off                ;
; Ignore LCELL Buffers                                                       ; Off                ; Off                ;
; Ignore SOFT Buffers                                                        ; On                 ; On                 ;
; Limit AHDL Integers to 32 Bits                                             ; Off                ; Off                ;
; Optimization Technique                                                     ; Balanced           ; Balanced           ;
; Carry Chain Length                                                         ; 70                 ; 70                 ;
; Auto Carry Chains                                                          ; On                 ; On                 ;
; Auto Open-Drain Pins                                                       ; On                 ; On                 ;
; Perform WYSIWYG Primitive Resynthesis                                      ; Off                ; Off                ;
; Auto ROM Replacement                                                       ; On                 ; On                 ;
; Auto RAM Replacement                                                       ; On                 ; On                 ;
; Auto DSP Block Replacement                                                 ; On                 ; On                 ;
; Auto Shift Register Replacement                                            ; Auto               ; Auto               ;
; Allow Shift Register Merging across Hierarchies                            ; Auto               ; Auto               ;
; Auto Clock Enable Replacement                                              ; On                 ; On                 ;
; Strict RAM Replacement                                                     ; Off                ; Off                ;
; Allow Synchronous Control Signals                                          ; On                 ; On                 ;
; Force Use of Synchronous Clear Signals                                     ; Off                ; Off                ;
; Auto RAM Block Balancing                                                   ; On                 ; On                 ;
; Auto RAM to Logic Cell Conversion                                          ; Off                ; Off                ;
; Auto Resource Sharing                                                      ; Off                ; Off                ;
; Allow Any RAM Size For Recognition                                         ; Off                ; Off                ;
; Allow Any ROM Size For Recognition                                         ; Off                ; Off                ;
; Allow Any Shift Register Size For Recognition                              ; Off                ; Off                ;
; Use LogicLock Constraints during Resource Balancing                        ; On                 ; On                 ;
; Ignore translate_off and synthesis_off directives                          ; Off                ; Off                ;
; Timing-Driven Synthesis                                                    ; On                 ; On                 ;
; Report Parameter Settings                                                  ; On                 ; On                 ;
; Report Source Assignments                                                  ; On                 ; On                 ;
; Report Connectivity Checks                                                 ; On                 ; On                 ;
; Ignore Maximum Fan-Out Assignments                                         ; Off                ; Off                ;
; Synchronization Register Chain Length                                      ; 2                  ; 2                  ;
; PowerPlay Power Optimization During Synthesis                              ; Normal compilation ; Normal compilation ;
; HDL message level                                                          ; Level2             ; Level2             ;
; Suppress Register Optimization Related Messages                            ; Off                ; Off                ;
; Number of Removed Registers Reported in Synthesis Report                   ; 5000               ; 5000               ;
; Number of Swept Nodes Reported in Synthesis Report                         ; 5000               ; 5000               ;
; Number of Inverted Registers Reported in Synthesis Report                  ; 100                ; 100                ;
; Clock MUX Protection                                                       ; On                 ; On                 ;
; Auto Gated Clock Conversion                                                ; Off                ; Off                ;
; Block Design Naming                                                        ; Auto               ; Auto               ;
; SDC constraint protection                                                  ; Off                ; Off                ;
; Synthesis Effort                                                           ; Auto               ; Auto               ;
; Shift Register Replacement - Allow Asynchronous Clear Signal               ; On                 ; On                 ;
; Pre-Mapping Resynthesis Optimization                                       ; Off                ; Off                ;
; Analysis & Synthesis Message Level                                         ; Medium             ; Medium             ;
; Disable Register Merging Across Hierarchies                                ; Auto               ; Auto               ;
; Resource Aware Inference For Block RAM                                     ; On                 ; On                 ;
+----------------------------------------------------------------------------+--------------------+--------------------+


+------------------------------------------+
; Parallel Compilation                     ;
+----------------------------+-------------+
; Processors                 ; Number      ;
+----------------------------+-------------+
; Number detected on machine ; 4           ;
; Maximum allowed            ; 2           ;
;                            ;             ;
; Average used               ; 1.00        ;
; Maximum used               ; 1           ;
;                            ;             ;
; Usage by Processor         ; % Time Used ;
;     Processor 1            ; 100.0%      ;
+----------------------------+-------------+


+-------------------------------+
; Analysis & Synthesis Messages ;
+-------------------------------+
Info: *******************************************************************
Info: Running Quartus Prime Analysis & Synthesis
    Info: Version 17.0.1 Build 598 06/07/2017 SJ Lite Edition
    Info: Processing started: Sat Jul 15 19:49:38 2017
Info: Command: quartus_map --read_settings_files=on --write_settings_files=off final -c final
Info (20032): Parallel compilation is enabled and will use up to 2 processors
Info (12021): Found 2 design units, including 1 entities, in source file /users/dell/desktop/git/superscalar processor deisgn/testbench.vhd
    Info (12022): Found design unit 1: testbench-Behave File: C:/Users/dell/Desktop/GIT/Superscalar Processor Deisgn/testbench.vhd Line: 10
    Info (12023): Found entity 1: testbench File: C:/Users/dell/Desktop/GIT/Superscalar Processor Deisgn/testbench.vhd Line: 6
Info (12021): Found 2 design units, including 1 entities, in source file /users/dell/desktop/git/superscalar processor deisgn/all code files/update_unit.vhd
    Info (12022): Found design unit 1: update_unit-UU File: C:/Users/dell/Desktop/GIT/Superscalar Processor Deisgn/ALL Code Files/update_unit.vhd Line: 38
    Info (12023): Found entity 1: update_unit File: C:/Users/dell/Desktop/GIT/Superscalar Processor Deisgn/ALL Code Files/update_unit.vhd Line: 12
Info (12021): Found 2 design units, including 1 entities, in source file /users/dell/desktop/git/superscalar processor deisgn/all code files/rs_execute.vhd
    Info (12022): Found design unit 1: rs_execute-RS_ex File: C:/Users/dell/Desktop/GIT/Superscalar Processor Deisgn/ALL Code Files/rs_execute.vhd Line: 24
    Info (12023): Found entity 1: rs_execute File: C:/Users/dell/Desktop/GIT/Superscalar Processor Deisgn/ALL Code Files/rs_execute.vhd Line: 6
Info (12021): Found 2 design units, including 1 entities, in source file /users/dell/desktop/git/superscalar processor deisgn/all code files/rrf.vhd
    Info (12022): Found design unit 1: RRF-files File: C:/Users/dell/Desktop/GIT/Superscalar Processor Deisgn/ALL Code Files/rrf.vhd Line: 22
    Info (12023): Found entity 1: RRF File: C:/Users/dell/Desktop/GIT/Superscalar Processor Deisgn/ALL Code Files/rrf.vhd Line: 10
Info (12021): Found 2 design units, including 1 entities, in source file /users/dell/desktop/git/superscalar processor deisgn/all code files/rob.vhd
    Info (12022): Found design unit 1: ROB-files File: C:/Users/dell/Desktop/GIT/Superscalar Processor Deisgn/ALL Code Files/ROB.vhd Line: 49
    Info (12023): Found entity 1: ROB File: C:/Users/dell/Desktop/GIT/Superscalar Processor Deisgn/ALL Code Files/ROB.vhd Line: 11
Info (12021): Found 2 design units, including 1 entities, in source file /users/dell/desktop/git/superscalar processor deisgn/all code files/reservation_station_complete.vhd
    Info (12022): Found design unit 1: reservation_station_complete-RS File: C:/Users/dell/Desktop/GIT/Superscalar Processor Deisgn/ALL Code Files/reservation_station_complete.vhd Line: 43
    Info (12023): Found entity 1: reservation_station_complete File: C:/Users/dell/Desktop/GIT/Superscalar Processor Deisgn/ALL Code Files/reservation_station_complete.vhd Line: 9
Info (12021): Found 2 design units, including 1 entities, in source file /users/dell/desktop/git/superscalar processor deisgn/all code files/reservation_station.vhd
    Info (12022): Found design unit 1: reservation_station-RS File: C:/Users/dell/Desktop/GIT/Superscalar Processor Deisgn/ALL Code Files/reservation_station.vhd Line: 33
    Info (12023): Found entity 1: reservation_station File: C:/Users/dell/Desktop/GIT/Superscalar Processor Deisgn/ALL Code Files/reservation_station.vhd Line: 10
Info (12021): Found 2 design units, including 1 entities, in source file /users/dell/desktop/git/superscalar processor deisgn/all code files/registers.vhd
    Info (12022): Found design unit 1: registers-reg File: C:/Users/dell/Desktop/GIT/Superscalar Processor Deisgn/ALL Code Files/registers.vhd Line: 13
    Info (12023): Found entity 1: registers File: C:/Users/dell/Desktop/GIT/Superscalar Processor Deisgn/ALL Code Files/registers.vhd Line: 4
Info (12021): Found 2 design units, including 1 entities, in source file /users/dell/desktop/git/superscalar processor deisgn/all code files/register_file.vhd
    Info (12022): Found design unit 1: register_file-rFile File: C:/Users/dell/Desktop/GIT/Superscalar Processor Deisgn/ALL Code Files/register_file.vhd Line: 49
    Info (12023): Found entity 1: register_file File: C:/Users/dell/Desktop/GIT/Superscalar Processor Deisgn/ALL Code Files/register_file.vhd Line: 8
Info (12021): Found 2 design units, including 1 entities, in source file /users/dell/desktop/git/superscalar processor deisgn/all code files/para_final.vhd
    Info (12022): Found design unit 1: para_final-pfinal File: C:/Users/dell/Desktop/GIT/Superscalar Processor Deisgn/ALL Code Files/para_final.vhd Line: 25
    Info (12023): Found entity 1: para_final File: C:/Users/dell/Desktop/GIT/Superscalar Processor Deisgn/ALL Code Files/para_final.vhd Line: 7
Info (12021): Found 2 design units, including 1 entities, in source file /users/dell/desktop/git/superscalar processor deisgn/all code files/nand_unit.vhd
    Info (12022): Found design unit 1: nand_unit-nand_arch File: C:/Users/dell/Desktop/GIT/Superscalar Processor Deisgn/ALL Code Files/nand_unit.vhd Line: 24
    Info (12023): Found entity 1: nand_unit File: C:/Users/dell/Desktop/GIT/Superscalar Processor Deisgn/ALL Code Files/nand_unit.vhd Line: 13
Info (12021): Found 2 design units, including 1 entities, in source file /users/dell/desktop/git/superscalar processor deisgn/all code files/mux8.vhd
    Info (12022): Found design unit 1: mux8-Behave File: C:/Users/dell/Desktop/GIT/Superscalar Processor Deisgn/ALL Code Files/mux8.vhd Line: 14
    Info (12023): Found entity 1: mux8 File: C:/Users/dell/Desktop/GIT/Superscalar Processor Deisgn/ALL Code Files/mux8.vhd Line: 7
Info (12021): Found 2 design units, including 1 entities, in source file /users/dell/desktop/git/superscalar processor deisgn/all code files/mux2.vhd
    Info (12022): Found design unit 1: mux2-Behave File: C:/Users/dell/Desktop/GIT/Superscalar Processor Deisgn/ALL Code Files/mux2.vhd Line: 11
    Info (12023): Found entity 1: mux2 File: C:/Users/dell/Desktop/GIT/Superscalar Processor Deisgn/ALL Code Files/mux2.vhd Line: 4
Info (12021): Found 2 design units, including 1 entities, in source file /users/dell/desktop/git/superscalar processor deisgn/all code files/multiplexer.vhd
    Info (12022): Found design unit 1: multiplexer-m File: C:/Users/dell/Desktop/GIT/Superscalar Processor Deisgn/ALL Code Files/multiplexer.vhd Line: 17
    Info (12023): Found entity 1: multiplexer File: C:/Users/dell/Desktop/GIT/Superscalar Processor Deisgn/ALL Code Files/multiplexer.vhd Line: 9
Info (12021): Found 2 design units, including 1 entities, in source file /users/dell/desktop/git/superscalar processor deisgn/all code files/lst_unit.vhd
    Info (12022): Found design unit 1: lst_unit-lst_arch File: C:/Users/dell/Desktop/GIT/Superscalar Processor Deisgn/ALL Code Files/lst_unit.vhd Line: 17
    Info (12023): Found entity 1: lst_unit File: C:/Users/dell/Desktop/GIT/Superscalar Processor Deisgn/ALL Code Files/lst_unit.vhd Line: 8
Info (12021): Found 2 design units, including 1 entities, in source file /users/dell/desktop/git/superscalar processor deisgn/all code files/instruction_memory.vhd
    Info (12022): Found design unit 1: instruction_memory-SYN File: C:/Users/dell/Desktop/GIT/Superscalar Processor Deisgn/ALL Code Files/instruction_memory.vhd Line: 59
    Info (12023): Found entity 1: instruction_memory File: C:/Users/dell/Desktop/GIT/Superscalar Processor Deisgn/ALL Code Files/instruction_memory.vhd Line: 43
Info (12021): Found 2 design units, including 1 entities, in source file /users/dell/desktop/git/superscalar processor deisgn/all code files/inc.vhd
    Info (12022): Found design unit 1: inc-SYN File: C:/Users/dell/Desktop/GIT/Superscalar Processor Deisgn/ALL Code Files/inc.vhd Line: 53
    Info (12023): Found entity 1: inc File: C:/Users/dell/Desktop/GIT/Superscalar Processor Deisgn/ALL Code Files/inc.vhd Line: 43
Info (12021): Found 2 design units, including 1 entities, in source file /users/dell/desktop/git/superscalar processor deisgn/all code files/fetch_decode_rf.vhd
    Info (12022): Found design unit 1: fetch_decode_rf-fd File: C:/Users/dell/Desktop/GIT/Superscalar Processor Deisgn/ALL Code Files/fetch_decode_rf.vhd Line: 43
    Info (12023): Found entity 1: fetch_decode_rf File: C:/Users/dell/Desktop/GIT/Superscalar Processor Deisgn/ALL Code Files/fetch_decode_rf.vhd Line: 7
Info (12021): Found 2 design units, including 1 entities, in source file /users/dell/desktop/git/superscalar processor deisgn/all code files/fetch_decode.vhd
    Info (12022): Found design unit 1: fetch_decode-fd File: C:/Users/dell/Desktop/GIT/Superscalar Processor Deisgn/ALL Code Files/fetch_decode.vhd Line: 20
    Info (12023): Found entity 1: fetch_decode File: C:/Users/dell/Desktop/GIT/Superscalar Processor Deisgn/ALL Code Files/fetch_decode.vhd Line: 7
Info (12021): Found 2 design units, including 1 entities, in source file /users/dell/desktop/git/superscalar processor deisgn/all code files/fetch.vhd
    Info (12022): Found design unit 1: fetch-fetching File: C:/Users/dell/Desktop/GIT/Superscalar Processor Deisgn/ALL Code Files/fetch.vhd Line: 22
    Info (12023): Found entity 1: fetch File: C:/Users/dell/Desktop/GIT/Superscalar Processor Deisgn/ALL Code Files/fetch.vhd Line: 8
Info (12021): Found 2 design units, including 1 entities, in source file /users/dell/desktop/git/superscalar processor deisgn/all code files/execute_complete.vhd
    Info (12022): Found design unit 1: execute_complete-ex_comp File: C:/Users/dell/Desktop/GIT/Superscalar Processor Deisgn/ALL Code Files/execute_complete.vhd Line: 35
    Info (12023): Found entity 1: execute_complete File: C:/Users/dell/Desktop/GIT/Superscalar Processor Deisgn/ALL Code Files/execute_complete.vhd Line: 8
Info (12021): Found 2 design units, including 1 entities, in source file /users/dell/desktop/git/superscalar processor deisgn/all code files/dispatch_unit_bch.vhd
    Info (12022): Found design unit 1: dispatch_unit_bch-DU File: C:/Users/dell/Desktop/GIT/Superscalar Processor Deisgn/ALL Code Files/dispatch_unit_bch.vhd Line: 39
    Info (12023): Found entity 1: dispatch_unit_bch File: C:/Users/dell/Desktop/GIT/Superscalar Processor Deisgn/ALL Code Files/dispatch_unit_bch.vhd Line: 13
Info (12021): Found 2 design units, including 1 entities, in source file /users/dell/desktop/git/superscalar processor deisgn/all code files/dispatch_unit.vhd
    Info (12022): Found design unit 1: dispatch_unit-DU File: C:/Users/dell/Desktop/GIT/Superscalar Processor Deisgn/ALL Code Files/dispatch_unit.vhd Line: 40
    Info (12023): Found entity 1: dispatch_unit File: C:/Users/dell/Desktop/GIT/Superscalar Processor Deisgn/ALL Code Files/dispatch_unit.vhd Line: 13
Info (12021): Found 2 design units, including 1 entities, in source file /users/dell/desktop/git/superscalar processor deisgn/all code files/demux.vhd
    Info (12022): Found design unit 1: demux-dm File: C:/Users/dell/Desktop/GIT/Superscalar Processor Deisgn/ALL Code Files/demux.vhd Line: 17
    Info (12023): Found entity 1: demux File: C:/Users/dell/Desktop/GIT/Superscalar Processor Deisgn/ALL Code Files/demux.vhd Line: 9
Info (12021): Found 2 design units, including 1 entities, in source file /users/dell/desktop/git/superscalar processor deisgn/all code files/decode.vhd
    Info (12022): Found design unit 1: decode-DEC File: C:/Users/dell/Desktop/GIT/Superscalar Processor Deisgn/ALL Code Files/decode.vhd Line: 36
    Info (12023): Found entity 1: decode File: C:/Users/dell/Desktop/GIT/Superscalar Processor Deisgn/ALL Code Files/decode.vhd Line: 9
Info (12021): Found 2 design units, including 1 entities, in source file /users/dell/desktop/git/superscalar processor deisgn/all code files/counter.vhd
    Info (12022): Found design unit 1: counter-SYN File: C:/Users/dell/Desktop/GIT/Superscalar Processor Deisgn/ALL Code Files/counter.vhd Line: 55
    Info (12023): Found entity 1: counter File: C:/Users/dell/Desktop/GIT/Superscalar Processor Deisgn/ALL Code Files/counter.vhd Line: 43
Info (12021): Found 1 design units, including 0 entities, in source file /users/dell/desktop/git/superscalar processor deisgn/all code files/components.vhd
    Info (12022): Found design unit 1: components File: C:/Users/dell/Desktop/GIT/Superscalar Processor Deisgn/ALL Code Files/components.vhd Line: 5
Info (12021): Found 2 design units, including 1 entities, in source file /users/dell/desktop/git/superscalar processor deisgn/all code files/complete.vhd
    Info (12022): Found design unit 1: complete-com File: C:/Users/dell/Desktop/GIT/Superscalar Processor Deisgn/ALL Code Files/complete.vhd Line: 32
    Info (12023): Found entity 1: complete File: C:/Users/dell/Desktop/GIT/Superscalar Processor Deisgn/ALL Code Files/complete.vhd Line: 7
Info (12021): Found 2 design units, including 1 entities, in source file /users/dell/desktop/git/superscalar processor deisgn/all code files/comparator.vhd
    Info (12022): Found design unit 1: comparator-Comp File: C:/Users/dell/Desktop/GIT/Superscalar Processor Deisgn/ALL Code Files/comparator.vhd Line: 22
    Info (12023): Found entity 1: comparator File: C:/Users/dell/Desktop/GIT/Superscalar Processor Deisgn/ALL Code Files/comparator.vhd Line: 8
Info (12021): Found 2 design units, including 1 entities, in source file /users/dell/desktop/git/superscalar processor deisgn/all code files/branch_predictor.vhd
    Info (12022): Found design unit 1: branch_predictor-BP File: C:/Users/dell/Desktop/GIT/Superscalar Processor Deisgn/ALL Code Files/branch_predictor.vhd Line: 11
    Info (12023): Found entity 1: branch_predictor File: C:/Users/dell/Desktop/GIT/Superscalar Processor Deisgn/ALL Code Files/branch_predictor.vhd Line: 4
Info (12021): Found 2 design units, including 1 entities, in source file /users/dell/desktop/git/superscalar processor deisgn/all code files/bch_unit.vhd
    Info (12022): Found design unit 1: bch_unit-bch_arch File: C:/Users/dell/Desktop/GIT/Superscalar Processor Deisgn/ALL Code Files/bch_unit.vhd Line: 29
    Info (12023): Found entity 1: bch_unit File: C:/Users/dell/Desktop/GIT/Superscalar Processor Deisgn/ALL Code Files/bch_unit.vhd Line: 20
Info (12021): Found 2 design units, including 1 entities, in source file /users/dell/desktop/git/superscalar processor deisgn/all code files/arf.vhd
    Info (12022): Found design unit 1: ARF-files File: C:/Users/dell/Desktop/GIT/Superscalar Processor Deisgn/ALL Code Files/ARF.vhd Line: 51
    Info (12023): Found entity 1: ARF File: C:/Users/dell/Desktop/GIT/Superscalar Processor Deisgn/ALL Code Files/ARF.vhd Line: 13
Info (12021): Found 2 design units, including 1 entities, in source file /users/dell/desktop/git/superscalar processor deisgn/all code files/alu_unit.vhd
    Info (12022): Found design unit 1: alu_unit-alu_arch File: C:/Users/dell/Desktop/GIT/Superscalar Processor Deisgn/ALL Code Files/alu_unit.vhd Line: 22
    Info (12023): Found entity 1: alu_unit File: C:/Users/dell/Desktop/GIT/Superscalar Processor Deisgn/ALL Code Files/alu_unit.vhd Line: 13
Info (12021): Found 2 design units, including 1 entities, in source file /users/dell/desktop/git/superscalar processor deisgn/all code files/allocating_unit.vhd
    Info (12022): Found design unit 1: allocating_unit-AU File: C:/Users/dell/Desktop/GIT/Superscalar Processor Deisgn/ALL Code Files/allocating_unit.vhd Line: 83
    Info (12023): Found entity 1: allocating_unit File: C:/Users/dell/Desktop/GIT/Superscalar Processor Deisgn/ALL Code Files/allocating_unit.vhd Line: 25
Info (12021): Found 2 design units, including 1 entities, in source file /users/dell/desktop/git/superscalar processor deisgn/all code files/adds.vhd
    Info (12022): Found design unit 1: adds-files File: C:/Users/dell/Desktop/GIT/Superscalar Processor Deisgn/ALL Code Files/adds.vhd Line: 18
    Info (12023): Found entity 1: adds File: C:/Users/dell/Desktop/GIT/Superscalar Processor Deisgn/ALL Code Files/adds.vhd Line: 10
Info (12021): Found 2 design units, including 1 entities, in source file /users/dell/desktop/git/superscalar processor deisgn/all code files/add_unit.vhd
    Info (12022): Found design unit 1: add_unit-add_arch File: C:/Users/dell/Desktop/GIT/Superscalar Processor Deisgn/ALL Code Files/add_unit.vhd Line: 24
    Info (12023): Found entity 1: add_unit File: C:/Users/dell/Desktop/GIT/Superscalar Processor Deisgn/ALL Code Files/add_unit.vhd Line: 13
Info (12021): Found 2 design units, including 1 entities, in source file /users/dell/desktop/git/superscalar processor deisgn/all code files/final.vhd
    Info (12022): Found design unit 1: final-fin File: C:/Users/dell/Desktop/GIT/Superscalar Processor Deisgn/ALL Code Files/final.vhd Line: 13
    Info (12023): Found entity 1: final File: C:/Users/dell/Desktop/GIT/Superscalar Processor Deisgn/ALL Code Files/final.vhd Line: 7
Info (12021): Found 2 design units, including 1 entities, in source file /users/dell/desktop/git/superscalar processor deisgn/all code files/registers1.vhd
    Info (12022): Found design unit 1: registers1-reg File: C:/Users/dell/Desktop/GIT/Superscalar Processor Deisgn/ALL Code Files/registers1.vhd Line: 13
    Info (12023): Found entity 1: registers1 File: C:/Users/dell/Desktop/GIT/Superscalar Processor Deisgn/ALL Code Files/registers1.vhd Line: 4
Info (12021): Found 2 design units, including 1 entities, in source file /users/dell/desktop/git/superscalar processor deisgn/all code files/registers3.vhd
    Info (12022): Found design unit 1: registers3-reg File: C:/Users/dell/Desktop/GIT/Superscalar Processor Deisgn/ALL Code Files/registers3.vhd Line: 13
    Info (12023): Found entity 1: registers3 File: C:/Users/dell/Desktop/GIT/Superscalar Processor Deisgn/ALL Code Files/registers3.vhd Line: 4
Info (12127): Elaborating entity "final" for the top level hierarchy
Info (12128): Elaborating entity "para_final" for hierarchy "para_final:PAR_FIN" File: C:/Users/dell/Desktop/GIT/Superscalar Processor Deisgn/ALL Code Files/final.vhd Line: 22
Warning (10036): Verilog HDL or VHDL warning at para_final.vhd(30): object "only_one_alu" assigned a value but never read File: C:/Users/dell/Desktop/GIT/Superscalar Processor Deisgn/ALL Code Files/para_final.vhd Line: 30
Warning (10036): Verilog HDL or VHDL warning at para_final.vhd(30): object "only_one_bch" assigned a value but never read File: C:/Users/dell/Desktop/GIT/Superscalar Processor Deisgn/ALL Code Files/para_final.vhd Line: 30
Warning (10036): Verilog HDL or VHDL warning at para_final.vhd(30): object "only_one_lst" assigned a value but never read File: C:/Users/dell/Desktop/GIT/Superscalar Processor Deisgn/ALL Code Files/para_final.vhd Line: 30
Info (12128): Elaborating entity "fetch_decode_rf" for hierarchy "para_final:PAR_FIN|fetch_decode_rf:F_D_RF" File: C:/Users/dell/Desktop/GIT/Superscalar Processor Deisgn/ALL Code Files/para_final.vhd Line: 39
Info (12128): Elaborating entity "fetch_decode" for hierarchy "para_final:PAR_FIN|fetch_decode_rf:F_D_RF|fetch_decode:fetch_dec_unit" File: C:/Users/dell/Desktop/GIT/Superscalar Processor Deisgn/ALL Code Files/fetch_decode_rf.vhd Line: 53
Info (12128): Elaborating entity "fetch" for hierarchy "para_final:PAR_FIN|fetch_decode_rf:F_D_RF|fetch_decode:fetch_dec_unit|fetch:fetch_unit" File: C:/Users/dell/Desktop/GIT/Superscalar Processor Deisgn/ALL Code Files/fetch_decode.vhd Line: 27
Warning (10036): Verilog HDL or VHDL warning at fetch.vhd(25): object "not_stall" assigned a value but never read File: C:/Users/dell/Desktop/GIT/Superscalar Processor Deisgn/ALL Code Files/fetch.vhd Line: 25
Info (12128): Elaborating entity "instruction_memory" for hierarchy "para_final:PAR_FIN|fetch_decode_rf:F_D_RF|fetch_decode:fetch_dec_unit|fetch:fetch_unit|instruction_memory:mem_map" File: C:/Users/dell/Desktop/GIT/Superscalar Processor Deisgn/ALL Code Files/fetch.vhd Line: 33
Info (12128): Elaborating entity "altsyncram" for hierarchy "para_final:PAR_FIN|fetch_decode_rf:F_D_RF|fetch_decode:fetch_dec_unit|fetch:fetch_unit|instruction_memory:mem_map|altsyncram:altsyncram_component" File: C:/Users/dell/Desktop/GIT/Superscalar Processor Deisgn/ALL Code Files/instruction_memory.vhd Line: 68
Info (12130): Elaborated megafunction instantiation "para_final:PAR_FIN|fetch_decode_rf:F_D_RF|fetch_decode:fetch_dec_unit|fetch:fetch_unit|instruction_memory:mem_map|altsyncram:altsyncram_component" File: C:/Users/dell/Desktop/GIT/Superscalar Processor Deisgn/ALL Code Files/instruction_memory.vhd Line: 68
Info (12133): Instantiated megafunction "para_final:PAR_FIN|fetch_decode_rf:F_D_RF|fetch_decode:fetch_dec_unit|fetch:fetch_unit|instruction_memory:mem_map|altsyncram:altsyncram_component" with the following parameter: File: C:/Users/dell/Desktop/GIT/Superscalar Processor Deisgn/ALL Code Files/instruction_memory.vhd Line: 68
    Info (12134): Parameter "address_aclr_a" = "UNUSED"
    Info (12134): Parameter "address_aclr_b" = "NONE"
    Info (12134): Parameter "address_reg_b" = "CLOCK0"
    Info (12134): Parameter "byte_size" = "8"
    Info (12134): Parameter "byteena_aclr_a" = "UNUSED"
    Info (12134): Parameter "byteena_aclr_b" = "NONE"
    Info (12134): Parameter "byteena_reg_b" = "CLOCK1"
    Info (12134): Parameter "clock_enable_core_a" = "USE_INPUT_CLKEN"
    Info (12134): Parameter "clock_enable_core_b" = "USE_INPUT_CLKEN"
    Info (12134): Parameter "clock_enable_input_a" = "BYPASS"
    Info (12134): Parameter "clock_enable_input_b" = "BYPASS"
    Info (12134): Parameter "clock_enable_output_a" = "BYPASS"
    Info (12134): Parameter "clock_enable_output_b" = "BYPASS"
    Info (12134): Parameter "intended_device_family" = "Cyclone IV E"
    Info (12134): Parameter "ecc_pipeline_stage_enabled" = "FALSE"
    Info (12134): Parameter "enable_ecc" = "FALSE"
    Info (12134): Parameter "implement_in_les" = "OFF"
    Info (12134): Parameter "indata_aclr_a" = "UNUSED"
    Info (12134): Parameter "indata_aclr_b" = "NONE"
    Info (12134): Parameter "indata_reg_b" = "CLOCK0"
    Info (12134): Parameter "init_file" = "instruction.hex"
    Info (12134): Parameter "init_file_layout" = "PORT_A"
    Info (12134): Parameter "maximum_depth" = "0"
    Info (12134): Parameter "numwords_a" = "128"
    Info (12134): Parameter "numwords_b" = "128"
    Info (12134): Parameter "operation_mode" = "BIDIR_DUAL_PORT"
    Info (12134): Parameter "outdata_aclr_a" = "NONE"
    Info (12134): Parameter "outdata_aclr_b" = "NONE"
    Info (12134): Parameter "outdata_reg_a" = "UNREGISTERED"
    Info (12134): Parameter "outdata_reg_b" = "UNREGISTERED"
    Info (12134): Parameter "power_up_uninitialized" = "FALSE"
    Info (12134): Parameter "ram_block_type" = "AUTO"
    Info (12134): Parameter "rdcontrol_aclr_b" = "NONE"
    Info (12134): Parameter "rdcontrol_reg_b" = "CLOCK1"
    Info (12134): Parameter "read_during_write_mode_mixed_ports" = "DONT_CARE"
    Info (12134): Parameter "read_during_write_mode_port_a" = "NEW_DATA_WITH_NBE_READ"
    Info (12134): Parameter "read_during_write_mode_port_b" = "NEW_DATA_WITH_NBE_READ"
    Info (12134): Parameter "stratixiv_m144k_allow_dual_clocks" = "ON"
    Info (12134): Parameter "width_a" = "16"
    Info (12134): Parameter "width_b" = "16"
    Info (12134): Parameter "width_byteena_a" = "1"
    Info (12134): Parameter "width_byteena_b" = "1"
    Info (12134): Parameter "width_eccstatus" = "3"
    Info (12134): Parameter "widthad_a" = "7"
    Info (12134): Parameter "widthad_b" = "7"
    Info (12134): Parameter "wrcontrol_aclr_a" = "UNUSED"
    Info (12134): Parameter "wrcontrol_aclr_b" = "NONE"
    Info (12134): Parameter "wrcontrol_wraddress_reg_b" = "CLOCK0"
    Info (12134): Parameter "lpm_hint" = "UNUSED"
    Info (12134): Parameter "lpm_type" = "altsyncram"
Info (12021): Found 1 design units, including 1 entities, in source file db/altsyncram_0vt3.tdf
    Info (12023): Found entity 1: altsyncram_0vt3 File: C:/Users/dell/Desktop/GIT/Superscalar Processor Deisgn/Final/db/altsyncram_0vt3.tdf Line: 28
Info (12128): Elaborating entity "altsyncram_0vt3" for hierarchy "para_final:PAR_FIN|fetch_decode_rf:F_D_RF|fetch_decode:fetch_dec_unit|fetch:fetch_unit|instruction_memory:mem_map|altsyncram:altsyncram_component|altsyncram_0vt3:auto_generated" File: c:/intelfpga_lite/17.0/quartus/libraries/megafunctions/altsyncram.tdf Line: 792
Info (12128): Elaborating entity "mux2" for hierarchy "para_final:PAR_FIN|fetch_decode_rf:F_D_RF|fetch_decode:fetch_dec_unit|fetch:fetch_unit|mux2:mux" File: C:/Users/dell/Desktop/GIT/Superscalar Processor Deisgn/ALL Code Files/fetch.vhd Line: 43
Info (12128): Elaborating entity "inc" for hierarchy "para_final:PAR_FIN|fetch_decode_rf:F_D_RF|fetch_decode:fetch_dec_unit|fetch:fetch_unit|inc:adder" File: C:/Users/dell/Desktop/GIT/Superscalar Processor Deisgn/ALL Code Files/fetch.vhd Line: 48
Info (12128): Elaborating entity "parallel_add" for hierarchy "para_final:PAR_FIN|fetch_decode_rf:F_D_RF|fetch_decode:fetch_dec_unit|fetch:fetch_unit|inc:adder|parallel_add:parallel_add_component" File: C:/Users/dell/Desktop/GIT/Superscalar Processor Deisgn/ALL Code Files/inc.vhd Line: 81
Info (12130): Elaborated megafunction instantiation "para_final:PAR_FIN|fetch_decode_rf:F_D_RF|fetch_decode:fetch_dec_unit|fetch:fetch_unit|inc:adder|parallel_add:parallel_add_component" File: C:/Users/dell/Desktop/GIT/Superscalar Processor Deisgn/ALL Code Files/inc.vhd Line: 81
Info (12133): Instantiated megafunction "para_final:PAR_FIN|fetch_decode_rf:F_D_RF|fetch_decode:fetch_dec_unit|fetch:fetch_unit|inc:adder|parallel_add:parallel_add_component" with the following parameter: File: C:/Users/dell/Desktop/GIT/Superscalar Processor Deisgn/ALL Code Files/inc.vhd Line: 81
    Info (12134): Parameter "width" = "7"
    Info (12134): Parameter "size" = "2"
    Info (12134): Parameter "widthr" = "7"
    Info (12134): Parameter "shift" = "0"
    Info (12134): Parameter "msw_subtract" = "NO"
    Info (12134): Parameter "representation" = "UNSIGNED"
    Info (12134): Parameter "pipeline" = "0"
    Info (12134): Parameter "result_alignment" = "LSB"
    Info (12134): Parameter "lpm_hint" = "UNUSED"
    Info (12134): Parameter "lpm_type" = "parallel_add"
Info (12021): Found 1 design units, including 1 entities, in source file db/par_add_fse.tdf
    Info (12023): Found entity 1: par_add_fse File: C:/Users/dell/Desktop/GIT/Superscalar Processor Deisgn/Final/db/par_add_fse.tdf Line: 25
Info (12128): Elaborating entity "par_add_fse" for hierarchy "para_final:PAR_FIN|fetch_decode_rf:F_D_RF|fetch_decode:fetch_dec_unit|fetch:fetch_unit|inc:adder|parallel_add:parallel_add_component|par_add_fse:auto_generated" File: c:/intelfpga_lite/17.0/quartus/libraries/megafunctions/parallel_add.tdf Line: 148
Info (12128): Elaborating entity "registers" for hierarchy "para_final:PAR_FIN|fetch_decode_rf:F_D_RF|fetch_decode:fetch_dec_unit|fetch:fetch_unit|registers:pc1_reg" File: C:/Users/dell/Desktop/GIT/Superscalar Processor Deisgn/ALL Code Files/fetch.vhd Line: 56
Info (12128): Elaborating entity "registers1" for hierarchy "para_final:PAR_FIN|fetch_decode_rf:F_D_RF|fetch_decode:fetch_dec_unit|fetch:fetch_unit|registers1:pc2_reg" File: C:/Users/dell/Desktop/GIT/Superscalar Processor Deisgn/ALL Code Files/fetch.vhd Line: 63
Info (12128): Elaborating entity "branch_predictor" for hierarchy "para_final:PAR_FIN|fetch_decode_rf:F_D_RF|fetch_decode:fetch_dec_unit|fetch:fetch_unit|branch_predictor:BP" File: C:/Users/dell/Desktop/GIT/Superscalar Processor Deisgn/ALL Code Files/fetch.vhd Line: 70
Info (12128): Elaborating entity "decode" for hierarchy "para_final:PAR_FIN|fetch_decode_rf:F_D_RF|fetch_decode:fetch_dec_unit|decode:decode_unt" File: C:/Users/dell/Desktop/GIT/Superscalar Processor Deisgn/ALL Code Files/fetch_decode.vhd Line: 36
Info (12128): Elaborating entity "registers" for hierarchy "para_final:PAR_FIN|fetch_decode_rf:F_D_RF|fetch_decode:fetch_dec_unit|decode:decode_unt|registers:out_reg1" File: C:/Users/dell/Desktop/GIT/Superscalar Processor Deisgn/ALL Code Files/decode.vhd Line: 99
Info (12128): Elaborating entity "registers" for hierarchy "para_final:PAR_FIN|fetch_decode_rf:F_D_RF|fetch_decode:fetch_dec_unit|decode:decode_unt|registers:out_reg_1" File: C:/Users/dell/Desktop/GIT/Superscalar Processor Deisgn/ALL Code Files/decode.vhd Line: 111
Info (12128): Elaborating entity "register_file" for hierarchy "para_final:PAR_FIN|fetch_decode_rf:F_D_RF|register_file:reg_file" File: C:/Users/dell/Desktop/GIT/Superscalar Processor Deisgn/ALL Code Files/fetch_decode_rf.vhd Line: 63
Info (12128): Elaborating entity "registers" for hierarchy "para_final:PAR_FIN|fetch_decode_rf:F_D_RF|register_file:reg_file|registers:data_reg1" File: C:/Users/dell/Desktop/GIT/Superscalar Processor Deisgn/ALL Code Files/register_file.vhd Line: 83
Info (12128): Elaborating entity "ARF" for hierarchy "para_final:PAR_FIN|fetch_decode_rf:F_D_RF|register_file:reg_file|ARF:ar_file" File: C:/Users/dell/Desktop/GIT/Superscalar Processor Deisgn/ALL Code Files/register_file.vhd Line: 189
Info (12128): Elaborating entity "registers" for hierarchy "para_final:PAR_FIN|fetch_decode_rf:F_D_RF|register_file:reg_file|ARF:ar_file|registers:\GEN_REG:0:REGX" File: C:/Users/dell/Desktop/GIT/Superscalar Processor Deisgn/ALL Code Files/ARF.vhd Line: 67
Info (12128): Elaborating entity "registers1" for hierarchy "para_final:PAR_FIN|fetch_decode_rf:F_D_RF|register_file:reg_file|ARF:ar_file|registers1:\GEN_REG:0:VALD" File: C:/Users/dell/Desktop/GIT/Superscalar Processor Deisgn/ALL Code Files/ARF.vhd Line: 73
Info (12128): Elaborating entity "multiplexer" for hierarchy "para_final:PAR_FIN|fetch_decode_rf:F_D_RF|register_file:reg_file|ARF:ar_file|multiplexer:mux1" File: C:/Users/dell/Desktop/GIT/Superscalar Processor Deisgn/ALL Code Files/ARF.vhd Line: 84
Info (12128): Elaborating entity "ROB" for hierarchy "para_final:PAR_FIN|fetch_decode_rf:F_D_RF|register_file:reg_file|ROB:reorder" File: C:/Users/dell/Desktop/GIT/Superscalar Processor Deisgn/ALL Code Files/register_file.vhd Line: 271
Info (12128): Elaborating entity "registers" for hierarchy "para_final:PAR_FIN|fetch_decode_rf:F_D_RF|register_file:reg_file|ROB:reorder|registers:\GEN_REG:0:INSTRUCTION_TYPE" File: C:/Users/dell/Desktop/GIT/Superscalar Processor Deisgn/ALL Code Files/ROB.vhd Line: 72
Info (12128): Elaborating entity "registers" for hierarchy "para_final:PAR_FIN|fetch_decode_rf:F_D_RF|register_file:reg_file|ROB:reorder|registers:\GEN_REG:0:R_AFFECTED" File: C:/Users/dell/Desktop/GIT/Superscalar Processor Deisgn/ALL Code Files/ROB.vhd Line: 96
Info (12128): Elaborating entity "registers" for hierarchy "para_final:PAR_FIN|fetch_decode_rf:F_D_RF|register_file:reg_file|ROB:reorder|registers:top_pointer" File: C:/Users/dell/Desktop/GIT/Superscalar Processor Deisgn/ALL Code Files/ROB.vhd Line: 123
Info (12128): Elaborating entity "adds" for hierarchy "para_final:PAR_FIN|fetch_decode_rf:F_D_RF|register_file:reg_file|ROB:reorder|adds:adder0" File: C:/Users/dell/Desktop/GIT/Superscalar Processor Deisgn/ALL Code Files/ROB.vhd Line: 295
Info (12128): Elaborating entity "rs_execute" for hierarchy "para_final:PAR_FIN|rs_execute:RS_EX" File: C:/Users/dell/Desktop/GIT/Superscalar Processor Deisgn/ALL Code Files/para_final.vhd Line: 60
Info (12128): Elaborating entity "reservation_station_complete" for hierarchy "para_final:PAR_FIN|rs_execute:RS_EX|reservation_station_complete:Reserv_Statn" File: C:/Users/dell/Desktop/GIT/Superscalar Processor Deisgn/ALL Code Files/rs_execute.vhd Line: 33
Warning (10036): Verilog HDL or VHDL warning at reservation_station_complete.vhd(70): object "ready_alu" assigned a value but never read File: C:/Users/dell/Desktop/GIT/Superscalar Processor Deisgn/ALL Code Files/reservation_station_complete.vhd Line: 70
Warning (10036): Verilog HDL or VHDL warning at reservation_station_complete.vhd(71): object "ready_bch" assigned a value but never read File: C:/Users/dell/Desktop/GIT/Superscalar Processor Deisgn/ALL Code Files/reservation_station_complete.vhd Line: 71
Warning (10036): Verilog HDL or VHDL warning at reservation_station_complete.vhd(72): object "ready_lst" assigned a value but never read File: C:/Users/dell/Desktop/GIT/Superscalar Processor Deisgn/ALL Code Files/reservation_station_complete.vhd Line: 72
Warning (10036): Verilog HDL or VHDL warning at reservation_station_complete.vhd(77): object "stall_out" assigned a value but never read File: C:/Users/dell/Desktop/GIT/Superscalar Processor Deisgn/ALL Code Files/reservation_station_complete.vhd Line: 77
Info (12128): Elaborating entity "allocating_unit" for hierarchy "para_final:PAR_FIN|rs_execute:RS_EX|reservation_station_complete:Reserv_Statn|allocating_unit:ALLOC_UNIT" File: C:/Users/dell/Desktop/GIT/Superscalar Processor Deisgn/ALL Code Files/reservation_station_complete.vhd Line: 210
Info (12128): Elaborating entity "adds" for hierarchy "para_final:PAR_FIN|rs_execute:RS_EX|reservation_station_complete:Reserv_Statn|allocating_unit:ALLOC_UNIT|adds:adder0" File: C:/Users/dell/Desktop/GIT/Superscalar Processor Deisgn/ALL Code Files/allocating_unit.vhd Line: 212
Info (12128): Elaborating entity "adds" for hierarchy "para_final:PAR_FIN|rs_execute:RS_EX|reservation_station_complete:Reserv_Statn|allocating_unit:ALLOC_UNIT|adds:adder4" File: C:/Users/dell/Desktop/GIT/Superscalar Processor Deisgn/ALL Code Files/allocating_unit.vhd Line: 228
Info (12128): Elaborating entity "reservation_station" for hierarchy "para_final:PAR_FIN|rs_execute:RS_EX|reservation_station_complete:Reserv_Statn|reservation_station:RESRV_ALU" File: C:/Users/dell/Desktop/GIT/Superscalar Processor Deisgn/ALL Code Files/reservation_station_complete.vhd Line: 258
Info (12128): Elaborating entity "registers" for hierarchy "para_final:PAR_FIN|rs_execute:RS_EX|reservation_station_complete:Reserv_Statn|reservation_station:RESRV_ALU|registers:\GEN_REG:0:REGX" File: C:/Users/dell/Desktop/GIT/Superscalar Processor Deisgn/ALL Code Files/reservation_station.vhd Line: 65
Info (12128): Elaborating entity "reservation_station" for hierarchy "para_final:PAR_FIN|rs_execute:RS_EX|reservation_station_complete:Reserv_Statn|reservation_station:RESRV_BCH" File: C:/Users/dell/Desktop/GIT/Superscalar Processor Deisgn/ALL Code Files/reservation_station_complete.vhd Line: 274
Info (12128): Elaborating entity "dispatch_unit" for hierarchy "para_final:PAR_FIN|rs_execute:RS_EX|reservation_station_complete:Reserv_Statn|dispatch_unit:DISPATCH_ALU" File: C:/Users/dell/Desktop/GIT/Superscalar Processor Deisgn/ALL Code Files/reservation_station_complete.vhd Line: 307
Info (12128): Elaborating entity "registers1" for hierarchy "para_final:PAR_FIN|rs_execute:RS_EX|reservation_station_complete:Reserv_Statn|dispatch_unit:DISPATCH_ALU|registers1:bottom_pointer" File: C:/Users/dell/Desktop/GIT/Superscalar Processor Deisgn/ALL Code Files/dispatch_unit.vhd Line: 75
Info (12128): Elaborating entity "dispatch_unit_bch" for hierarchy "para_final:PAR_FIN|rs_execute:RS_EX|reservation_station_complete:Reserv_Statn|dispatch_unit_bch:DISPATCH_BCH" File: C:/Users/dell/Desktop/GIT/Superscalar Processor Deisgn/ALL Code Files/reservation_station_complete.vhd Line: 329
Info (12128): Elaborating entity "update_unit" for hierarchy "para_final:PAR_FIN|rs_execute:RS_EX|reservation_station_complete:Reserv_Statn|update_unit:UPDATE_ALU" File: C:/Users/dell/Desktop/GIT/Superscalar Processor Deisgn/ALL Code Files/reservation_station_complete.vhd Line: 370
Info (12128): Elaborating entity "comparator" for hierarchy "para_final:PAR_FIN|rs_execute:RS_EX|reservation_station_complete:Reserv_Statn|update_unit:UPDATE_ALU|comparator:comparator1" File: C:/Users/dell/Desktop/GIT/Superscalar Processor Deisgn/ALL Code Files/update_unit.vhd Line: 44
Info (12128): Elaborating entity "update_unit" for hierarchy "para_final:PAR_FIN|rs_execute:RS_EX|reservation_station_complete:Reserv_Statn|update_unit:UPDATE_BCH" File: C:/Users/dell/Desktop/GIT/Superscalar Processor Deisgn/ALL Code Files/reservation_station_complete.vhd Line: 382
Info (12128): Elaborating entity "comparator" for hierarchy "para_final:PAR_FIN|rs_execute:RS_EX|reservation_station_complete:Reserv_Statn|update_unit:UPDATE_BCH|comparator:comparator1" File: C:/Users/dell/Desktop/GIT/Superscalar Processor Deisgn/ALL Code Files/update_unit.vhd Line: 44
Info (12128): Elaborating entity "execute_complete" for hierarchy "para_final:PAR_FIN|rs_execute:RS_EX|execute_complete:execute_units" File: C:/Users/dell/Desktop/GIT/Superscalar Processor Deisgn/ALL Code Files/rs_execute.vhd Line: 51
Info (12128): Elaborating entity "alu_unit" for hierarchy "para_final:PAR_FIN|rs_execute:RS_EX|execute_complete:execute_units|alu_unit:alu_unit1" File: C:/Users/dell/Desktop/GIT/Superscalar Processor Deisgn/ALL Code Files/execute_complete.vhd Line: 41
Info (12128): Elaborating entity "add_unit" for hierarchy "para_final:PAR_FIN|rs_execute:RS_EX|execute_complete:execute_units|alu_unit:alu_unit1|add_unit:Adding_unit" File: C:/Users/dell/Desktop/GIT/Superscalar Processor Deisgn/ALL Code Files/alu_unit.vhd Line: 32
Info (12128): Elaborating entity "nand_unit" for hierarchy "para_final:PAR_FIN|rs_execute:RS_EX|execute_complete:execute_units|alu_unit:alu_unit1|nand_unit:Nanding_unit" File: C:/Users/dell/Desktop/GIT/Superscalar Processor Deisgn/ALL Code Files/alu_unit.vhd Line: 39
Info (12128): Elaborating entity "registers" for hierarchy "para_final:PAR_FIN|rs_execute:RS_EX|execute_complete:execute_units|alu_unit:alu_unit1|registers:reg_out" File: C:/Users/dell/Desktop/GIT/Superscalar Processor Deisgn/ALL Code Files/alu_unit.vhd Line: 76
Info (12128): Elaborating entity "bch_unit" for hierarchy "para_final:PAR_FIN|rs_execute:RS_EX|execute_complete:execute_units|bch_unit:bch_unit0" File: C:/Users/dell/Desktop/GIT/Superscalar Processor Deisgn/ALL Code Files/execute_complete.vhd Line: 51
Error (10442): VHDL Process Statement error at bch_unit.vhd(55): Process Statement must contain either a sensitivity list or a Wait Statement File: C:/Users/dell/Desktop/GIT/Superscalar Processor Deisgn/ALL Code Files/bch_unit.vhd Line: 55
Error (12152): Can't elaborate user hierarchy "para_final:PAR_FIN|rs_execute:RS_EX|execute_complete:execute_units|bch_unit:bch_unit0" File: C:/Users/dell/Desktop/GIT/Superscalar Processor Deisgn/ALL Code Files/execute_complete.vhd Line: 51
Error: Quartus Prime Analysis & Synthesis was unsuccessful. 2 errors, 8 warnings
    Error: Peak virtual memory: 717 megabytes
    Error: Processing ended: Sat Jul 15 19:49:54 2017
    Error: Elapsed time: 00:00:16
    Error: Total CPU time (on all processors): 00:00:33


