Analysis & Synthesis report for fetch
Wed May 24 07:00:35 2017
Quartus Prime Version 16.1.0 Build 196 10/24/2016 SJ Lite Edition


---------------------
; Table of Contents ;
---------------------
  1. Legal Notice
  2. Analysis & Synthesis Summary
  3. Analysis & Synthesis Settings
  4. Parallel Compilation
  5. Analysis & Synthesis Source Files Read
  6. Analysis & Synthesis Resource Usage Summary
  7. Analysis & Synthesis Resource Utilization by Entity
  8. Analysis & Synthesis RAM Summary
  9. Registers Removed During Synthesis
 10. Removed Registers Triggering Further Register Optimizations
 11. General Register Statistics
 12. Source assignments for instruction_memory:mem_map|altsyncram:altsyncram_component|altsyncram_0vt3:auto_generated
 13. Parameter Settings for User Entity Instance: instruction_memory:mem_map|altsyncram:altsyncram_component
 14. Parameter Settings for User Entity Instance: mux2:mux
 15. Parameter Settings for User Entity Instance: inc:adder|parallel_add:parallel_add_component
 16. Parameter Settings for User Entity Instance: inc:adder1|parallel_add:parallel_add_component
 17. Parameter Settings for User Entity Instance: registers:reg1
 18. Parameter Settings for User Entity Instance: registers:reg2
 19. Parameter Settings for User Entity Instance: registers:pc_reg
 20. Parameter Settings for User Entity Instance: registers:pc1_reg
 21. Parameter Settings for User Entity Instance: registers:pc2_reg
 22. altsyncram Parameter Settings by Entity Instance
 23. Port Connectivity Checks: "inc:adder1"
 24. Port Connectivity Checks: "inc:adder"
 25. Port Connectivity Checks: "instruction_memory:mem_map"
 26. Post-Synthesis Netlist Statistics for Top Partition
 27. Elapsed Time Per Partition
 28. Analysis & Synthesis Messages



----------------
; Legal Notice ;
----------------
Copyright (C) 2016  Intel Corporation. All rights reserved.
Your use of Intel Corporation's design tools, logic functions 
and other software and tools, and its AMPP partner logic 
functions, and any output files from any of the foregoing 
(including device programming or simulation files), and any 
associated documentation or information are expressly subject 
to the terms and conditions of the Intel Program License 
Subscription Agreement, the Intel Quartus Prime License Agreement,
the Intel MegaCore Function License Agreement, or other 
applicable license agreement, including, without limitation, 
that your use is for the sole purpose of programming logic 
devices manufactured by Intel and sold by Intel or its 
authorized distributors.  Please refer to the applicable 
agreement for further details.



+----------------------------------------------------------------------------------+
; Analysis & Synthesis Summary                                                     ;
+------------------------------------+---------------------------------------------+
; Analysis & Synthesis Status        ; Successful - Wed May 24 07:00:35 2017       ;
; Quartus Prime Version              ; 16.1.0 Build 196 10/24/2016 SJ Lite Edition ;
; Revision Name                      ; fetch                                       ;
; Top-level Entity Name              ; fetch                                       ;
; Family                             ; Cyclone IV E                                ;
; Total logic elements               ; 55                                          ;
;     Total combinational functions  ; 11                                          ;
;     Dedicated logic registers      ; 51                                          ;
; Total registers                    ; 51                                          ;
; Total pins                         ; 49                                          ;
; Total virtual pins                 ; 0                                           ;
; Total memory bits                  ; 2,048                                       ;
; Embedded Multiplier 9-bit elements ; 0                                           ;
; Total PLLs                         ; 0                                           ;
+------------------------------------+---------------------------------------------+


+----------------------------------------------------------------------------------------------------------------------+
; Analysis & Synthesis Settings                                                                                        ;
+----------------------------------------------------------------------------+--------------------+--------------------+
; Option                                                                     ; Setting            ; Default Value      ;
+----------------------------------------------------------------------------+--------------------+--------------------+
; Top-level entity name                                                      ; fetch              ; fetch              ;
; Family name                                                                ; Cyclone IV E       ; Cyclone V          ;
; Maximum processors allowed for parallel compilation                        ; 2                  ;                    ;
; VHDL Show LMF Mapping Messages                                             ; Off                ;                    ;
; VHDL Version                                                               ; VHDL_2008          ; VHDL_1993          ;
; Use smart compilation                                                      ; Off                ; Off                ;
; Enable parallel Assembler and TimeQuest Timing Analyzer during compilation ; On                 ; On                 ;
; Enable compact report table                                                ; Off                ; Off                ;
; Restructure Multiplexers                                                   ; Auto               ; Auto               ;
; Create Debugging Nodes for IP Cores                                        ; Off                ; Off                ;
; Preserve fewer node names                                                  ; On                 ; On                 ;
; OpenCore Plus hardware evaluation                                          ; Enable             ; Enable             ;
; Verilog Version                                                            ; Verilog_2001       ; Verilog_2001       ;
; State Machine Processing                                                   ; Auto               ; Auto               ;
; Safe State Machine                                                         ; Off                ; Off                ;
; Extract Verilog State Machines                                             ; On                 ; On                 ;
; Extract VHDL State Machines                                                ; On                 ; On                 ;
; Ignore Verilog initial constructs                                          ; Off                ; Off                ;
; Iteration limit for constant Verilog loops                                 ; 5000               ; 5000               ;
; Iteration limit for non-constant Verilog loops                             ; 250                ; 250                ;
; Add Pass-Through Logic to Inferred RAMs                                    ; On                 ; On                 ;
; Infer RAMs from Raw Logic                                                  ; On                 ; On                 ;
; Parallel Synthesis                                                         ; On                 ; On                 ;
; DSP Block Balancing                                                        ; Auto               ; Auto               ;
; NOT Gate Push-Back                                                         ; On                 ; On                 ;
; Power-Up Don't Care                                                        ; On                 ; On                 ;
; Remove Redundant Logic Cells                                               ; Off                ; Off                ;
; Remove Duplicate Registers                                                 ; On                 ; On                 ;
; Ignore CARRY Buffers                                                       ; Off                ; Off                ;
; Ignore CASCADE Buffers                                                     ; Off                ; Off                ;
; Ignore GLOBAL Buffers                                                      ; Off                ; Off                ;
; Ignore ROW GLOBAL Buffers                                                  ; Off                ; Off                ;
; Ignore LCELL Buffers                                                       ; Off                ; Off                ;
; Ignore SOFT Buffers                                                        ; On                 ; On                 ;
; Limit AHDL Integers to 32 Bits                                             ; Off                ; Off                ;
; Optimization Technique                                                     ; Balanced           ; Balanced           ;
; Carry Chain Length                                                         ; 70                 ; 70                 ;
; Auto Carry Chains                                                          ; On                 ; On                 ;
; Auto Open-Drain Pins                                                       ; On                 ; On                 ;
; Perform WYSIWYG Primitive Resynthesis                                      ; Off                ; Off                ;
; Auto ROM Replacement                                                       ; On                 ; On                 ;
; Auto RAM Replacement                                                       ; On                 ; On                 ;
; Auto DSP Block Replacement                                                 ; On                 ; On                 ;
; Auto Shift Register Replacement                                            ; Auto               ; Auto               ;
; Allow Shift Register Merging across Hierarchies                            ; Auto               ; Auto               ;
; Auto Clock Enable Replacement                                              ; On                 ; On                 ;
; Strict RAM Replacement                                                     ; Off                ; Off                ;
; Allow Synchronous Control Signals                                          ; On                 ; On                 ;
; Force Use of Synchronous Clear Signals                                     ; Off                ; Off                ;
; Auto RAM Block Balancing                                                   ; On                 ; On                 ;
; Auto RAM to Logic Cell Conversion                                          ; Off                ; Off                ;
; Auto Resource Sharing                                                      ; Off                ; Off                ;
; Allow Any RAM Size For Recognition                                         ; Off                ; Off                ;
; Allow Any ROM Size For Recognition                                         ; Off                ; Off                ;
; Allow Any Shift Register Size For Recognition                              ; Off                ; Off                ;
; Use LogicLock Constraints during Resource Balancing                        ; On                 ; On                 ;
; Ignore translate_off and synthesis_off directives                          ; Off                ; Off                ;
; Timing-Driven Synthesis                                                    ; On                 ; On                 ;
; Report Parameter Settings                                                  ; On                 ; On                 ;
; Report Source Assignments                                                  ; On                 ; On                 ;
; Report Connectivity Checks                                                 ; On                 ; On                 ;
; Ignore Maximum Fan-Out Assignments                                         ; Off                ; Off                ;
; Synchronization Register Chain Length                                      ; 2                  ; 2                  ;
; PowerPlay Power Optimization During Synthesis                              ; Normal compilation ; Normal compilation ;
; HDL message level                                                          ; Level2             ; Level2             ;
; Suppress Register Optimization Related Messages                            ; Off                ; Off                ;
; Number of Removed Registers Reported in Synthesis Report                   ; 5000               ; 5000               ;
; Number of Swept Nodes Reported in Synthesis Report                         ; 5000               ; 5000               ;
; Number of Inverted Registers Reported in Synthesis Report                  ; 100                ; 100                ;
; Clock MUX Protection                                                       ; On                 ; On                 ;
; Auto Gated Clock Conversion                                                ; Off                ; Off                ;
; Block Design Naming                                                        ; Auto               ; Auto               ;
; SDC constraint protection                                                  ; Off                ; Off                ;
; Synthesis Effort                                                           ; Auto               ; Auto               ;
; Shift Register Replacement - Allow Asynchronous Clear Signal               ; On                 ; On                 ;
; Pre-Mapping Resynthesis Optimization                                       ; Off                ; Off                ;
; Analysis & Synthesis Message Level                                         ; Medium             ; Medium             ;
; Disable Register Merging Across Hierarchies                                ; Auto               ; Auto               ;
; Resource Aware Inference For Block RAM                                     ; On                 ; On                 ;
+----------------------------------------------------------------------------+--------------------+--------------------+


+------------------------------------------+
; Parallel Compilation                     ;
+----------------------------+-------------+
; Processors                 ; Number      ;
+----------------------------+-------------+
; Number detected on machine ; 4           ;
; Maximum allowed            ; 2           ;
;                            ;             ;
; Average used               ; 1.00        ;
; Maximum used               ; 2           ;
;                            ;             ;
; Usage by Processor         ; % Time Used ;
;     Processor 1            ; 100.0%      ;
;     Processor 2            ;   0.0%      ;
+----------------------------+-------------+


+----------------------------------------------------------------------------------------------------------------------------------------------------------------------------------------------------+
; Analysis & Synthesis Source Files Read                                                                                                                                                             ;
+------------------------------------------+-----------------+------------------------------+----------------------------------------------------------------------------------------------+---------+
; File Name with User-Entered Path         ; Used in Netlist ; File Type                    ; File Name with Absolute Path                                                                 ; Library ;
+------------------------------------------+-----------------+------------------------------+----------------------------------------------------------------------------------------------+---------+
; ../ALL Code Files/registers.vhd          ; yes             ; User VHDL File               ; C:/Users/dell/Desktop/GIT/Superscalar Processor Deisgn/ALL Code Files/registers.vhd          ;         ;
; ../ALL Code Files/instruction_memory.vhd ; yes             ; User Wizard-Generated File   ; C:/Users/dell/Desktop/GIT/Superscalar Processor Deisgn/ALL Code Files/instruction_memory.vhd ;         ;
; ../ALL Code Files/inc.vhd                ; yes             ; User Wizard-Generated File   ; C:/Users/dell/Desktop/GIT/Superscalar Processor Deisgn/ALL Code Files/inc.vhd                ;         ;
; ../ALL Code Files/fetch.vhd              ; yes             ; User VHDL File               ; C:/Users/dell/Desktop/GIT/Superscalar Processor Deisgn/ALL Code Files/fetch.vhd              ;         ;
; ../ALL Code Files/components.vhd         ; yes             ; User VHDL File               ; C:/Users/dell/Desktop/GIT/Superscalar Processor Deisgn/ALL Code Files/components.vhd         ;         ;
; ../ALL Code Files/branch_predictor.vhd   ; yes             ; User VHDL File               ; C:/Users/dell/Desktop/GIT/Superscalar Processor Deisgn/ALL Code Files/branch_predictor.vhd   ;         ;
; ../ALL Code Files/mux2.vhd               ; yes             ; User VHDL File               ; C:/Users/dell/Desktop/GIT/Superscalar Processor Deisgn/ALL Code Files/mux2.vhd               ;         ;
; altsyncram.tdf                           ; yes             ; Megafunction                 ; c:/intelfpga_lite/16.1/quartus/libraries/megafunctions/altsyncram.tdf                        ;         ;
; stratix_ram_block.inc                    ; yes             ; Megafunction                 ; c:/intelfpga_lite/16.1/quartus/libraries/megafunctions/stratix_ram_block.inc                 ;         ;
; lpm_mux.inc                              ; yes             ; Megafunction                 ; c:/intelfpga_lite/16.1/quartus/libraries/megafunctions/lpm_mux.inc                           ;         ;
; lpm_decode.inc                           ; yes             ; Megafunction                 ; c:/intelfpga_lite/16.1/quartus/libraries/megafunctions/lpm_decode.inc                        ;         ;
; aglobal161.inc                           ; yes             ; Megafunction                 ; c:/intelfpga_lite/16.1/quartus/libraries/megafunctions/aglobal161.inc                        ;         ;
; a_rdenreg.inc                            ; yes             ; Megafunction                 ; c:/intelfpga_lite/16.1/quartus/libraries/megafunctions/a_rdenreg.inc                         ;         ;
; altrom.inc                               ; yes             ; Megafunction                 ; c:/intelfpga_lite/16.1/quartus/libraries/megafunctions/altrom.inc                            ;         ;
; altram.inc                               ; yes             ; Megafunction                 ; c:/intelfpga_lite/16.1/quartus/libraries/megafunctions/altram.inc                            ;         ;
; altdpram.inc                             ; yes             ; Megafunction                 ; c:/intelfpga_lite/16.1/quartus/libraries/megafunctions/altdpram.inc                          ;         ;
; db/altsyncram_0vt3.tdf                   ; yes             ; Auto-Generated Megafunction  ; C:/Users/dell/Desktop/GIT/Superscalar Processor Deisgn/FETCH/db/altsyncram_0vt3.tdf          ;         ;
; parallel_add.tdf                         ; yes             ; Megafunction                 ; c:/intelfpga_lite/16.1/quartus/libraries/megafunctions/parallel_add.tdf                      ;         ;
; pcpa_add.inc                             ; yes             ; Megafunction                 ; c:/intelfpga_lite/16.1/quartus/libraries/megafunctions/pcpa_add.inc                          ;         ;
; csa_add.inc                              ; yes             ; Megafunction                 ; c:/intelfpga_lite/16.1/quartus/libraries/megafunctions/csa_add.inc                           ;         ;
; altshift.inc                             ; yes             ; Megafunction                 ; c:/intelfpga_lite/16.1/quartus/libraries/megafunctions/altshift.inc                          ;         ;
; db/par_add_fse.tdf                       ; yes             ; Auto-Generated Megafunction  ; C:/Users/dell/Desktop/GIT/Superscalar Processor Deisgn/FETCH/db/par_add_fse.tdf              ;         ;
+------------------------------------------+-----------------+------------------------------+----------------------------------------------------------------------------------------------+---------+


+---------------------------------------------------------+
; Analysis & Synthesis Resource Usage Summary             ;
+---------------------------------------------+-----------+
; Resource                                    ; Usage     ;
+---------------------------------------------+-----------+
; Estimated Total logic elements              ; 55        ;
;                                             ;           ;
; Total combinational functions               ; 11        ;
; Logic element usage by number of LUT inputs ;           ;
;     -- 4 input functions                    ; 3         ;
;     -- 3 input functions                    ; 2         ;
;     -- <=2 input functions                  ; 6         ;
;                                             ;           ;
; Logic elements by mode                      ;           ;
;     -- normal mode                          ; 11        ;
;     -- arithmetic mode                      ; 0         ;
;                                             ;           ;
; Total registers                             ; 51        ;
;     -- Dedicated logic registers            ; 51        ;
;     -- I/O registers                        ; 0         ;
;                                             ;           ;
; I/O pins                                    ; 49        ;
; Total memory bits                           ; 2048      ;
;                                             ;           ;
; Embedded Multiplier 9-bit elements          ; 0         ;
;                                             ;           ;
; Maximum fan-out node                        ; clk~input ;
; Maximum fan-out                             ; 67        ;
; Total fan-out                               ; 546       ;
; Average fan-out                             ; 3.10      ;
+---------------------------------------------+-----------+


+---------------------------------------------------------------------------------------------------------------------------------------------------------------------------------------------------------------------------------------------------------------------------------------------------------------+
; Analysis & Synthesis Resource Utilization by Entity                                                                                                                                                                                                                                                           ;
+---------------------------------------------+---------------------+---------------------------+-------------+--------------+---------+-----------+------+--------------+--------------------------------------------------------------------------------------------------+--------------------+--------------+
; Compilation Hierarchy Node                  ; Combinational ALUTs ; Dedicated Logic Registers ; Memory Bits ; DSP Elements ; DSP 9x9 ; DSP 18x18 ; Pins ; Virtual Pins ; Full Hierarchy Name                                                                              ; Entity Name        ; Library Name ;
+---------------------------------------------+---------------------+---------------------------+-------------+--------------+---------+-----------+------+--------------+--------------------------------------------------------------------------------------------------+--------------------+--------------+
; |fetch                                      ; 11 (1)              ; 51 (0)                    ; 2048        ; 0            ; 0       ; 0         ; 49   ; 0            ; |fetch                                                                                           ; fetch              ; work         ;
;    |inc:adder|                              ; 7 (0)               ; 0 (0)                     ; 0           ; 0            ; 0       ; 0         ; 0    ; 0            ; |fetch|inc:adder                                                                                 ; inc                ; work         ;
;       |parallel_add:parallel_add_component| ; 7 (0)               ; 0 (0)                     ; 0           ; 0            ; 0       ; 0         ; 0    ; 0            ; |fetch|inc:adder|parallel_add:parallel_add_component                                             ; parallel_add       ; work         ;
;          |par_add_fse:auto_generated|       ; 7 (7)               ; 0 (0)                     ; 0           ; 0            ; 0       ; 0         ; 0    ; 0            ; |fetch|inc:adder|parallel_add:parallel_add_component|par_add_fse:auto_generated                  ; par_add_fse        ; work         ;
;    |instruction_memory:mem_map|             ; 0 (0)               ; 0 (0)                     ; 2048        ; 0            ; 0       ; 0         ; 0    ; 0            ; |fetch|instruction_memory:mem_map                                                                ; instruction_memory ; work         ;
;       |altsyncram:altsyncram_component|     ; 0 (0)               ; 0 (0)                     ; 2048        ; 0            ; 0       ; 0         ; 0    ; 0            ; |fetch|instruction_memory:mem_map|altsyncram:altsyncram_component                                ; altsyncram         ; work         ;
;          |altsyncram_0vt3:auto_generated|   ; 0 (0)               ; 0 (0)                     ; 2048        ; 0            ; 0       ; 0         ; 0    ; 0            ; |fetch|instruction_memory:mem_map|altsyncram:altsyncram_component|altsyncram_0vt3:auto_generated ; altsyncram_0vt3    ; work         ;
;    |registers:pc1_reg|                      ; 0 (0)               ; 7 (7)                     ; 0           ; 0            ; 0       ; 0         ; 0    ; 0            ; |fetch|registers:pc1_reg                                                                         ; registers          ; work         ;
;    |registers:pc2_reg|                      ; 1 (1)               ; 6 (6)                     ; 0           ; 0            ; 0       ; 0         ; 0    ; 0            ; |fetch|registers:pc2_reg                                                                         ; registers          ; work         ;
;    |registers:pc_reg|                       ; 2 (2)               ; 6 (6)                     ; 0           ; 0            ; 0       ; 0         ; 0    ; 0            ; |fetch|registers:pc_reg                                                                          ; registers          ; work         ;
;    |registers:reg1|                         ; 0 (0)               ; 16 (16)                   ; 0           ; 0            ; 0       ; 0         ; 0    ; 0            ; |fetch|registers:reg1                                                                            ; registers          ; work         ;
;    |registers:reg2|                         ; 0 (0)               ; 16 (16)                   ; 0           ; 0            ; 0       ; 0         ; 0    ; 0            ; |fetch|registers:reg2                                                                            ; registers          ; work         ;
+---------------------------------------------+---------------------+---------------------------+-------------+--------------+---------+-----------+------+--------------+--------------------------------------------------------------------------------------------------+--------------------+--------------+
Note: For table entries with two numbers listed, the numbers in parentheses indicate the number of resources of the given type used by the specific entity alone. The numbers listed outside of parentheses indicate the total resources of the given type used by the specific entity and all of its sub-entities in the hierarchy.


+--------------------------------------------------------------------------------------------------------------------------------------------------------------------------------------------------------+
; Analysis & Synthesis RAM Summary                                                                                                                                                                       ;
+------------------------------------------------------------------------------------------------------+------+----------------+--------------+--------------+--------------+--------------+------+------+
; Name                                                                                                 ; Type ; Mode           ; Port A Depth ; Port A Width ; Port B Depth ; Port B Width ; Size ; MIF  ;
+------------------------------------------------------------------------------------------------------+------+----------------+--------------+--------------+--------------+--------------+------+------+
; instruction_memory:mem_map|altsyncram:altsyncram_component|altsyncram_0vt3:auto_generated|ALTSYNCRAM ; AUTO ; True Dual Port ; 128          ; 16           ; 128          ; 16           ; 2048 ; None ;
+------------------------------------------------------------------------------------------------------+------+----------------+--------------+--------------+--------------+--------------+------+------+


+--------------------------------------------------------------------------------+
; Registers Removed During Synthesis                                             ;
+---------------------------------------+----------------------------------------+
; Register name                         ; Reason for Removal                     ;
+---------------------------------------+----------------------------------------+
; registers:pc_reg|data[0]              ; Stuck at GND due to stuck port data_in ;
; registers:pc2_reg|data[0]             ; Stuck at GND due to stuck port data_in ;
; Total Number of Removed Registers = 2 ;                                        ;
+---------------------------------------+----------------------------------------+


+-----------------------------------------------------------------------------------------------+
; Removed Registers Triggering Further Register Optimizations                                   ;
+--------------------------+---------------------------+----------------------------------------+
; Register name            ; Reason for Removal        ; Registers Removed due to This Register ;
+--------------------------+---------------------------+----------------------------------------+
; registers:pc_reg|data[0] ; Stuck at GND              ; registers:pc2_reg|data[0]              ;
;                          ; due to stuck port data_in ;                                        ;
+--------------------------+---------------------------+----------------------------------------+


+------------------------------------------------------+
; General Register Statistics                          ;
+----------------------------------------------+-------+
; Statistic                                    ; Value ;
+----------------------------------------------+-------+
; Total registers                              ; 51    ;
; Number of registers using Synchronous Clear  ; 0     ;
; Number of registers using Synchronous Load   ; 0     ;
; Number of registers using Asynchronous Clear ; 51    ;
; Number of registers using Asynchronous Load  ; 0     ;
; Number of registers using Clock Enable       ; 51    ;
; Number of registers using Preset             ; 0     ;
+----------------------------------------------+-------+


+------------------------------------------------------------------------------------------------------------------+
; Source assignments for instruction_memory:mem_map|altsyncram:altsyncram_component|altsyncram_0vt3:auto_generated ;
+---------------------------------+--------------------+------+----------------------------------------------------+
; Assignment                      ; Value              ; From ; To                                                 ;
+---------------------------------+--------------------+------+----------------------------------------------------+
; OPTIMIZE_POWER_DURING_SYNTHESIS ; NORMAL_COMPILATION ; -    ; -                                                  ;
+---------------------------------+--------------------+------+----------------------------------------------------+


+---------------------------------------------------------------------------------------------------------+
; Parameter Settings for User Entity Instance: instruction_memory:mem_map|altsyncram:altsyncram_component ;
+------------------------------------+------------------------+-------------------------------------------+
; Parameter Name                     ; Value                  ; Type                                      ;
+------------------------------------+------------------------+-------------------------------------------+
; BYTE_SIZE_BLOCK                    ; 8                      ; Untyped                                   ;
; AUTO_CARRY_CHAINS                  ; ON                     ; AUTO_CARRY                                ;
; IGNORE_CARRY_BUFFERS               ; OFF                    ; IGNORE_CARRY                              ;
; AUTO_CASCADE_CHAINS                ; ON                     ; AUTO_CASCADE                              ;
; IGNORE_CASCADE_BUFFERS             ; OFF                    ; IGNORE_CASCADE                            ;
; WIDTH_BYTEENA                      ; 1                      ; Untyped                                   ;
; OPERATION_MODE                     ; BIDIR_DUAL_PORT        ; Untyped                                   ;
; WIDTH_A                            ; 16                     ; Signed Integer                            ;
; WIDTHAD_A                          ; 7                      ; Signed Integer                            ;
; NUMWORDS_A                         ; 128                    ; Signed Integer                            ;
; OUTDATA_REG_A                      ; UNREGISTERED           ; Untyped                                   ;
; ADDRESS_ACLR_A                     ; NONE                   ; Untyped                                   ;
; OUTDATA_ACLR_A                     ; NONE                   ; Untyped                                   ;
; WRCONTROL_ACLR_A                   ; NONE                   ; Untyped                                   ;
; INDATA_ACLR_A                      ; NONE                   ; Untyped                                   ;
; BYTEENA_ACLR_A                     ; NONE                   ; Untyped                                   ;
; WIDTH_B                            ; 16                     ; Signed Integer                            ;
; WIDTHAD_B                          ; 7                      ; Signed Integer                            ;
; NUMWORDS_B                         ; 128                    ; Signed Integer                            ;
; INDATA_REG_B                       ; CLOCK0                 ; Untyped                                   ;
; WRCONTROL_WRADDRESS_REG_B          ; CLOCK0                 ; Untyped                                   ;
; RDCONTROL_REG_B                    ; CLOCK1                 ; Untyped                                   ;
; ADDRESS_REG_B                      ; CLOCK0                 ; Untyped                                   ;
; OUTDATA_REG_B                      ; UNREGISTERED           ; Untyped                                   ;
; BYTEENA_REG_B                      ; CLOCK1                 ; Untyped                                   ;
; INDATA_ACLR_B                      ; NONE                   ; Untyped                                   ;
; WRCONTROL_ACLR_B                   ; NONE                   ; Untyped                                   ;
; ADDRESS_ACLR_B                     ; NONE                   ; Untyped                                   ;
; OUTDATA_ACLR_B                     ; NONE                   ; Untyped                                   ;
; RDCONTROL_ACLR_B                   ; NONE                   ; Untyped                                   ;
; BYTEENA_ACLR_B                     ; NONE                   ; Untyped                                   ;
; WIDTH_BYTEENA_A                    ; 1                      ; Signed Integer                            ;
; WIDTH_BYTEENA_B                    ; 1                      ; Signed Integer                            ;
; RAM_BLOCK_TYPE                     ; AUTO                   ; Untyped                                   ;
; BYTE_SIZE                          ; 8                      ; Signed Integer                            ;
; READ_DURING_WRITE_MODE_MIXED_PORTS ; DONT_CARE              ; Untyped                                   ;
; READ_DURING_WRITE_MODE_PORT_A      ; NEW_DATA_WITH_NBE_READ ; Untyped                                   ;
; READ_DURING_WRITE_MODE_PORT_B      ; NEW_DATA_WITH_NBE_READ ; Untyped                                   ;
; INIT_FILE                          ; instruction.hex        ; Untyped                                   ;
; INIT_FILE_LAYOUT                   ; PORT_A                 ; Untyped                                   ;
; MAXIMUM_DEPTH                      ; 0                      ; Signed Integer                            ;
; CLOCK_ENABLE_INPUT_A               ; BYPASS                 ; Untyped                                   ;
; CLOCK_ENABLE_INPUT_B               ; BYPASS                 ; Untyped                                   ;
; CLOCK_ENABLE_OUTPUT_A              ; BYPASS                 ; Untyped                                   ;
; CLOCK_ENABLE_OUTPUT_B              ; BYPASS                 ; Untyped                                   ;
; CLOCK_ENABLE_CORE_A                ; USE_INPUT_CLKEN        ; Untyped                                   ;
; CLOCK_ENABLE_CORE_B                ; USE_INPUT_CLKEN        ; Untyped                                   ;
; ENABLE_ECC                         ; FALSE                  ; Untyped                                   ;
; ECC_PIPELINE_STAGE_ENABLED         ; FALSE                  ; Untyped                                   ;
; WIDTH_ECCSTATUS                    ; 3                      ; Signed Integer                            ;
; DEVICE_FAMILY                      ; Cyclone IV E           ; Untyped                                   ;
; CBXI_PARAMETER                     ; altsyncram_0vt3        ; Untyped                                   ;
+------------------------------------+------------------------+-------------------------------------------+
Note: In order to hide this table in the UI and the text report file, please set the "Show Parameter Settings in Synthesis Report" option in "Analysis and Synthesis Settings -> More Settings" to "Off".


+-------------------------------------------------------+
; Parameter Settings for User Entity Instance: mux2:mux ;
+----------------+-------+------------------------------+
; Parameter Name ; Value ; Type                         ;
+----------------+-------+------------------------------+
; n              ; 7     ; Signed Integer               ;
+----------------+-------+------------------------------+
Note: In order to hide this table in the UI and the text report file, please set the "Show Parameter Settings in Synthesis Report" option in "Analysis and Synthesis Settings -> More Settings" to "Off".


+--------------------------------------------------------------------------------------------+
; Parameter Settings for User Entity Instance: inc:adder|parallel_add:parallel_add_component ;
+------------------------+--------------+----------------------------------------------------+
; Parameter Name         ; Value        ; Type                                               ;
+------------------------+--------------+----------------------------------------------------+
; width                  ; 7            ; Signed Integer                                     ;
; size                   ; 2            ; Signed Integer                                     ;
; WIDTHR                 ; 7            ; Signed Integer                                     ;
; SHIFT                  ; 0            ; Signed Integer                                     ;
; REPRESENTATION         ; UNSIGNED     ; Untyped                                            ;
; PIPELINE               ; 0            ; Signed Integer                                     ;
; MSW_SUBTRACT           ; NO           ; Untyped                                            ;
; DEVICE_FAMILY          ; Cyclone IV E ; Untyped                                            ;
; CARRY_CHAIN            ; MANUAL       ; Untyped                                            ;
; CBXI_PARAMETER         ; par_add_fse  ; Untyped                                            ;
; AUTO_CARRY_CHAINS      ; ON           ; AUTO_CARRY                                         ;
; IGNORE_CARRY_BUFFERS   ; OFF          ; IGNORE_CARRY                                       ;
; AUTO_CASCADE_CHAINS    ; ON           ; AUTO_CASCADE                                       ;
; IGNORE_CASCADE_BUFFERS ; OFF          ; IGNORE_CASCADE                                     ;
+------------------------+--------------+----------------------------------------------------+
Note: In order to hide this table in the UI and the text report file, please set the "Show Parameter Settings in Synthesis Report" option in "Analysis and Synthesis Settings -> More Settings" to "Off".


+---------------------------------------------------------------------------------------------+
; Parameter Settings for User Entity Instance: inc:adder1|parallel_add:parallel_add_component ;
+------------------------+--------------+-----------------------------------------------------+
; Parameter Name         ; Value        ; Type                                                ;
+------------------------+--------------+-----------------------------------------------------+
; width                  ; 7            ; Signed Integer                                      ;
; size                   ; 2            ; Signed Integer                                      ;
; WIDTHR                 ; 7            ; Signed Integer                                      ;
; SHIFT                  ; 0            ; Signed Integer                                      ;
; REPRESENTATION         ; UNSIGNED     ; Untyped                                             ;
; PIPELINE               ; 0            ; Signed Integer                                      ;
; MSW_SUBTRACT           ; NO           ; Untyped                                             ;
; DEVICE_FAMILY          ; Cyclone IV E ; Untyped                                             ;
; CARRY_CHAIN            ; MANUAL       ; Untyped                                             ;
; CBXI_PARAMETER         ; par_add_fse  ; Untyped                                             ;
; AUTO_CARRY_CHAINS      ; ON           ; AUTO_CARRY                                          ;
; IGNORE_CARRY_BUFFERS   ; OFF          ; IGNORE_CARRY                                        ;
; AUTO_CASCADE_CHAINS    ; ON           ; AUTO_CASCADE                                        ;
; IGNORE_CASCADE_BUFFERS ; OFF          ; IGNORE_CASCADE                                      ;
+------------------------+--------------+-----------------------------------------------------+
Note: In order to hide this table in the UI and the text report file, please set the "Show Parameter Settings in Synthesis Report" option in "Analysis and Synthesis Settings -> More Settings" to "Off".


+-------------------------------------------------------------+
; Parameter Settings for User Entity Instance: registers:reg1 ;
+----------------+-------+------------------------------------+
; Parameter Name ; Value ; Type                               ;
+----------------+-------+------------------------------------+
; n              ; 16    ; Signed Integer                     ;
+----------------+-------+------------------------------------+
Note: In order to hide this table in the UI and the text report file, please set the "Show Parameter Settings in Synthesis Report" option in "Analysis and Synthesis Settings -> More Settings" to "Off".


+-------------------------------------------------------------+
; Parameter Settings for User Entity Instance: registers:reg2 ;
+----------------+-------+------------------------------------+
; Parameter Name ; Value ; Type                               ;
+----------------+-------+------------------------------------+
; n              ; 16    ; Signed Integer                     ;
+----------------+-------+------------------------------------+
Note: In order to hide this table in the UI and the text report file, please set the "Show Parameter Settings in Synthesis Report" option in "Analysis and Synthesis Settings -> More Settings" to "Off".


+---------------------------------------------------------------+
; Parameter Settings for User Entity Instance: registers:pc_reg ;
+----------------+-------+--------------------------------------+
; Parameter Name ; Value ; Type                                 ;
+----------------+-------+--------------------------------------+
; n              ; 7     ; Signed Integer                       ;
+----------------+-------+--------------------------------------+
Note: In order to hide this table in the UI and the text report file, please set the "Show Parameter Settings in Synthesis Report" option in "Analysis and Synthesis Settings -> More Settings" to "Off".


+----------------------------------------------------------------+
; Parameter Settings for User Entity Instance: registers:pc1_reg ;
+----------------+-------+---------------------------------------+
; Parameter Name ; Value ; Type                                  ;
+----------------+-------+---------------------------------------+
; n              ; 7     ; Signed Integer                        ;
+----------------+-------+---------------------------------------+
Note: In order to hide this table in the UI and the text report file, please set the "Show Parameter Settings in Synthesis Report" option in "Analysis and Synthesis Settings -> More Settings" to "Off".


+----------------------------------------------------------------+
; Parameter Settings for User Entity Instance: registers:pc2_reg ;
+----------------+-------+---------------------------------------+
; Parameter Name ; Value ; Type                                  ;
+----------------+-------+---------------------------------------+
; n              ; 7     ; Signed Integer                        ;
+----------------+-------+---------------------------------------+
Note: In order to hide this table in the UI and the text report file, please set the "Show Parameter Settings in Synthesis Report" option in "Analysis and Synthesis Settings -> More Settings" to "Off".


+--------------------------------------------------------------------------------------------------------+
; altsyncram Parameter Settings by Entity Instance                                                       ;
+-------------------------------------------+------------------------------------------------------------+
; Name                                      ; Value                                                      ;
+-------------------------------------------+------------------------------------------------------------+
; Number of entity instances                ; 1                                                          ;
; Entity Instance                           ; instruction_memory:mem_map|altsyncram:altsyncram_component ;
;     -- OPERATION_MODE                     ; BIDIR_DUAL_PORT                                            ;
;     -- WIDTH_A                            ; 16                                                         ;
;     -- NUMWORDS_A                         ; 128                                                        ;
;     -- OUTDATA_REG_A                      ; UNREGISTERED                                               ;
;     -- WIDTH_B                            ; 16                                                         ;
;     -- NUMWORDS_B                         ; 128                                                        ;
;     -- ADDRESS_REG_B                      ; CLOCK0                                                     ;
;     -- OUTDATA_REG_B                      ; UNREGISTERED                                               ;
;     -- RAM_BLOCK_TYPE                     ; AUTO                                                       ;
;     -- READ_DURING_WRITE_MODE_MIXED_PORTS ; DONT_CARE                                                  ;
+-------------------------------------------+------------------------------------------------------------+


+------------------------------------------------+
; Port Connectivity Checks: "inc:adder1"         ;
+--------------+-------+----------+--------------+
; Port         ; Type  ; Severity ; Details      ;
+--------------+-------+----------+--------------+
; data1x[6..1] ; Input ; Info     ; Stuck at GND ;
; data1x[0]    ; Input ; Info     ; Stuck at VCC ;
+--------------+-------+----------+--------------+


+------------------------------------------------+
; Port Connectivity Checks: "inc:adder"          ;
+--------------+-------+----------+--------------+
; Port         ; Type  ; Severity ; Details      ;
+--------------+-------+----------+--------------+
; data1x[6..1] ; Input ; Info     ; Stuck at GND ;
; data1x[0]    ; Input ; Info     ; Stuck at VCC ;
+--------------+-------+----------+--------------+


+--------------------------------------------------------+
; Port Connectivity Checks: "instruction_memory:mem_map" ;
+--------+-------+----------+----------------------------+
; Port   ; Type  ; Severity ; Details                    ;
+--------+-------+----------+----------------------------+
; data_a ; Input ; Info     ; Stuck at GND               ;
; data_b ; Input ; Info     ; Stuck at GND               ;
; wren_a ; Input ; Info     ; Stuck at GND               ;
; wren_b ; Input ; Info     ; Stuck at GND               ;
+--------+-------+----------+----------------------------+


+-----------------------------------------------------+
; Post-Synthesis Netlist Statistics for Top Partition ;
+-----------------------+-----------------------------+
; Type                  ; Count                       ;
+-----------------------+-----------------------------+
; boundary_port         ; 49                          ;
; cycloneiii_ff         ; 51                          ;
;     ENA CLR           ; 51                          ;
; cycloneiii_lcell_comb ; 11                          ;
;     normal            ; 11                          ;
;         0 data inputs ; 1                           ;
;         1 data inputs ; 3                           ;
;         2 data inputs ; 2                           ;
;         3 data inputs ; 2                           ;
;         4 data inputs ; 3                           ;
; cycloneiii_ram_block  ; 16                          ;
;                       ;                             ;
; Max LUT depth         ; 2.00                        ;
; Average LUT depth     ; 0.25                        ;
+-----------------------+-----------------------------+


+-------------------------------+
; Elapsed Time Per Partition    ;
+----------------+--------------+
; Partition Name ; Elapsed Time ;
+----------------+--------------+
; Top            ; 00:00:01     ;
+----------------+--------------+


+-------------------------------+
; Analysis & Synthesis Messages ;
+-------------------------------+
Info: *******************************************************************
Info: Running Quartus Prime Analysis & Synthesis
    Info: Version 16.1.0 Build 196 10/24/2016 SJ Lite Edition
    Info: Processing started: Wed May 24 07:00:18 2017
Info: Command: quartus_map --read_settings_files=on --write_settings_files=off fetch -c fetch
Info (20032): Parallel compilation is enabled and will use up to 2 processors
Info (12021): Found 2 design units, including 1 entities, in source file /users/dell/desktop/git/superscalar processor deisgn/all code files/registers.vhd
    Info (12022): Found design unit 1: registers-reg File: C:/Users/dell/Desktop/GIT/Superscalar Processor Deisgn/ALL Code Files/registers.vhd Line: 13
    Info (12023): Found entity 1: registers File: C:/Users/dell/Desktop/GIT/Superscalar Processor Deisgn/ALL Code Files/registers.vhd Line: 4
Info (12021): Found 2 design units, including 1 entities, in source file /users/dell/desktop/git/superscalar processor deisgn/all code files/instruction_memory.vhd
    Info (12022): Found design unit 1: instruction_memory-SYN File: C:/Users/dell/Desktop/GIT/Superscalar Processor Deisgn/ALL Code Files/instruction_memory.vhd Line: 59
    Info (12023): Found entity 1: instruction_memory File: C:/Users/dell/Desktop/GIT/Superscalar Processor Deisgn/ALL Code Files/instruction_memory.vhd Line: 43
Info (12021): Found 2 design units, including 1 entities, in source file /users/dell/desktop/git/superscalar processor deisgn/all code files/inc.vhd
    Info (12022): Found design unit 1: inc-SYN File: C:/Users/dell/Desktop/GIT/Superscalar Processor Deisgn/ALL Code Files/inc.vhd Line: 53
    Info (12023): Found entity 1: inc File: C:/Users/dell/Desktop/GIT/Superscalar Processor Deisgn/ALL Code Files/inc.vhd Line: 43
Info (12021): Found 2 design units, including 1 entities, in source file /users/dell/desktop/git/superscalar processor deisgn/all code files/fetch.vhd
    Info (12022): Found design unit 1: fetch-fetching File: C:/Users/dell/Desktop/GIT/Superscalar Processor Deisgn/ALL Code Files/fetch.vhd Line: 16
    Info (12023): Found entity 1: fetch File: C:/Users/dell/Desktop/GIT/Superscalar Processor Deisgn/ALL Code Files/fetch.vhd Line: 8
Info (12021): Found 1 design units, including 0 entities, in source file /users/dell/desktop/git/superscalar processor deisgn/all code files/components.vhd
    Info (12022): Found design unit 1: components File: C:/Users/dell/Desktop/GIT/Superscalar Processor Deisgn/ALL Code Files/components.vhd Line: 5
Info (12021): Found 2 design units, including 1 entities, in source file /users/dell/desktop/git/superscalar processor deisgn/all code files/branch_predictor.vhd
    Info (12022): Found design unit 1: branch_predictor-BP File: C:/Users/dell/Desktop/GIT/Superscalar Processor Deisgn/ALL Code Files/branch_predictor.vhd Line: 11
    Info (12023): Found entity 1: branch_predictor File: C:/Users/dell/Desktop/GIT/Superscalar Processor Deisgn/ALL Code Files/branch_predictor.vhd Line: 4
Info (12021): Found 2 design units, including 1 entities, in source file /users/dell/desktop/git/superscalar processor deisgn/all code files/mux2.vhd
    Info (12022): Found design unit 1: mux2-Behave File: C:/Users/dell/Desktop/GIT/Superscalar Processor Deisgn/ALL Code Files/mux2.vhd Line: 11
    Info (12023): Found entity 1: mux2 File: C:/Users/dell/Desktop/GIT/Superscalar Processor Deisgn/ALL Code Files/mux2.vhd Line: 4
Info (12127): Elaborating entity "fetch" for the top level hierarchy
Info (12128): Elaborating entity "instruction_memory" for hierarchy "instruction_memory:mem_map" File: C:/Users/dell/Desktop/GIT/Superscalar Processor Deisgn/ALL Code Files/fetch.vhd Line: 25
Info (12128): Elaborating entity "altsyncram" for hierarchy "instruction_memory:mem_map|altsyncram:altsyncram_component" File: C:/Users/dell/Desktop/GIT/Superscalar Processor Deisgn/ALL Code Files/instruction_memory.vhd Line: 68
Info (12130): Elaborated megafunction instantiation "instruction_memory:mem_map|altsyncram:altsyncram_component" File: C:/Users/dell/Desktop/GIT/Superscalar Processor Deisgn/ALL Code Files/instruction_memory.vhd Line: 68
Info (12133): Instantiated megafunction "instruction_memory:mem_map|altsyncram:altsyncram_component" with the following parameter: File: C:/Users/dell/Desktop/GIT/Superscalar Processor Deisgn/ALL Code Files/instruction_memory.vhd Line: 68
    Info (12134): Parameter "address_aclr_a" = "UNUSED"
    Info (12134): Parameter "address_aclr_b" = "NONE"
    Info (12134): Parameter "address_reg_b" = "CLOCK0"
    Info (12134): Parameter "byte_size" = "8"
    Info (12134): Parameter "byteena_aclr_a" = "UNUSED"
    Info (12134): Parameter "byteena_aclr_b" = "NONE"
    Info (12134): Parameter "byteena_reg_b" = "CLOCK1"
    Info (12134): Parameter "clock_enable_core_a" = "USE_INPUT_CLKEN"
    Info (12134): Parameter "clock_enable_core_b" = "USE_INPUT_CLKEN"
    Info (12134): Parameter "clock_enable_input_a" = "BYPASS"
    Info (12134): Parameter "clock_enable_input_b" = "BYPASS"
    Info (12134): Parameter "clock_enable_output_a" = "BYPASS"
    Info (12134): Parameter "clock_enable_output_b" = "BYPASS"
    Info (12134): Parameter "intended_device_family" = "Cyclone IV E"
    Info (12134): Parameter "ecc_pipeline_stage_enabled" = "FALSE"
    Info (12134): Parameter "enable_ecc" = "FALSE"
    Info (12134): Parameter "implement_in_les" = "OFF"
    Info (12134): Parameter "indata_aclr_a" = "UNUSED"
    Info (12134): Parameter "indata_aclr_b" = "NONE"
    Info (12134): Parameter "indata_reg_b" = "CLOCK0"
    Info (12134): Parameter "init_file" = "instruction.hex"
    Info (12134): Parameter "init_file_layout" = "PORT_A"
    Info (12134): Parameter "maximum_depth" = "0"
    Info (12134): Parameter "numwords_a" = "128"
    Info (12134): Parameter "numwords_b" = "128"
    Info (12134): Parameter "operation_mode" = "BIDIR_DUAL_PORT"
    Info (12134): Parameter "outdata_aclr_a" = "NONE"
    Info (12134): Parameter "outdata_aclr_b" = "NONE"
    Info (12134): Parameter "outdata_reg_a" = "UNREGISTERED"
    Info (12134): Parameter "outdata_reg_b" = "UNREGISTERED"
    Info (12134): Parameter "power_up_uninitialized" = "FALSE"
    Info (12134): Parameter "ram_block_type" = "AUTO"
    Info (12134): Parameter "rdcontrol_aclr_b" = "NONE"
    Info (12134): Parameter "rdcontrol_reg_b" = "CLOCK1"
    Info (12134): Parameter "read_during_write_mode_mixed_ports" = "DONT_CARE"
    Info (12134): Parameter "read_during_write_mode_port_a" = "NEW_DATA_WITH_NBE_READ"
    Info (12134): Parameter "read_during_write_mode_port_b" = "NEW_DATA_WITH_NBE_READ"
    Info (12134): Parameter "stratixiv_m144k_allow_dual_clocks" = "ON"
    Info (12134): Parameter "width_a" = "16"
    Info (12134): Parameter "width_b" = "16"
    Info (12134): Parameter "width_byteena_a" = "1"
    Info (12134): Parameter "width_byteena_b" = "1"
    Info (12134): Parameter "width_eccstatus" = "3"
    Info (12134): Parameter "widthad_a" = "7"
    Info (12134): Parameter "widthad_b" = "7"
    Info (12134): Parameter "wrcontrol_aclr_a" = "UNUSED"
    Info (12134): Parameter "wrcontrol_aclr_b" = "NONE"
    Info (12134): Parameter "wrcontrol_wraddress_reg_b" = "CLOCK0"
    Info (12134): Parameter "lpm_hint" = "UNUSED"
    Info (12134): Parameter "lpm_type" = "altsyncram"
Info (12021): Found 1 design units, including 1 entities, in source file db/altsyncram_0vt3.tdf
    Info (12023): Found entity 1: altsyncram_0vt3 File: C:/Users/dell/Desktop/GIT/Superscalar Processor Deisgn/FETCH/db/altsyncram_0vt3.tdf Line: 28
Info (12128): Elaborating entity "altsyncram_0vt3" for hierarchy "instruction_memory:mem_map|altsyncram:altsyncram_component|altsyncram_0vt3:auto_generated" File: c:/intelfpga_lite/16.1/quartus/libraries/megafunctions/altsyncram.tdf Line: 792
Info (12128): Elaborating entity "mux2" for hierarchy "mux2:mux" File: C:/Users/dell/Desktop/GIT/Superscalar Processor Deisgn/ALL Code Files/fetch.vhd Line: 35
Info (12128): Elaborating entity "inc" for hierarchy "inc:adder" File: C:/Users/dell/Desktop/GIT/Superscalar Processor Deisgn/ALL Code Files/fetch.vhd Line: 40
Info (12128): Elaborating entity "parallel_add" for hierarchy "inc:adder|parallel_add:parallel_add_component" File: C:/Users/dell/Desktop/GIT/Superscalar Processor Deisgn/ALL Code Files/inc.vhd Line: 81
Info (12130): Elaborated megafunction instantiation "inc:adder|parallel_add:parallel_add_component" File: C:/Users/dell/Desktop/GIT/Superscalar Processor Deisgn/ALL Code Files/inc.vhd Line: 81
Info (12133): Instantiated megafunction "inc:adder|parallel_add:parallel_add_component" with the following parameter: File: C:/Users/dell/Desktop/GIT/Superscalar Processor Deisgn/ALL Code Files/inc.vhd Line: 81
    Info (12134): Parameter "width" = "7"
    Info (12134): Parameter "size" = "2"
    Info (12134): Parameter "widthr" = "7"
    Info (12134): Parameter "shift" = "0"
    Info (12134): Parameter "msw_subtract" = "NO"
    Info (12134): Parameter "representation" = "UNSIGNED"
    Info (12134): Parameter "pipeline" = "0"
    Info (12134): Parameter "result_alignment" = "LSB"
    Info (12134): Parameter "lpm_hint" = "UNUSED"
    Info (12134): Parameter "lpm_type" = "parallel_add"
Info (12021): Found 1 design units, including 1 entities, in source file db/par_add_fse.tdf
    Info (12023): Found entity 1: par_add_fse File: C:/Users/dell/Desktop/GIT/Superscalar Processor Deisgn/FETCH/db/par_add_fse.tdf Line: 25
Info (12128): Elaborating entity "par_add_fse" for hierarchy "inc:adder|parallel_add:parallel_add_component|par_add_fse:auto_generated" File: c:/intelfpga_lite/16.1/quartus/libraries/megafunctions/parallel_add.tdf Line: 148
Info (12128): Elaborating entity "registers" for hierarchy "registers:reg1" File: C:/Users/dell/Desktop/GIT/Superscalar Processor Deisgn/ALL Code Files/fetch.vhd Line: 47
Info (12128): Elaborating entity "registers" for hierarchy "registers:pc_reg" File: C:/Users/dell/Desktop/GIT/Superscalar Processor Deisgn/ALL Code Files/fetch.vhd Line: 59
Info (12128): Elaborating entity "branch_predictor" for hierarchy "branch_predictor:BP" File: C:/Users/dell/Desktop/GIT/Superscalar Processor Deisgn/ALL Code Files/fetch.vhd Line: 77
Info (13014): Ignored 28 buffer(s)
    Info (13019): Ignored 28 SOFT buffer(s)
Warning (13024): Output pins are stuck at VCC or GND
    Warning (13410): Pin "inst2[16]" is stuck at GND File: C:/Users/dell/Desktop/GIT/Superscalar Processor Deisgn/ALL Code Files/fetch.vhd Line: 13
Info (286030): Timing-Driven Synthesis is running
Info (16010): Generating hard_block partition "hard_block:auto_generated_inst"
    Info (16011): Adding 0 node(s), including 0 DDIO, 0 PLL, 0 transceiver and 0 LCELL
Info (21057): Implemented 125 device resources after synthesis - the final resource count might be different
    Info (21058): Implemented 3 input pins
    Info (21059): Implemented 46 output pins
    Info (21061): Implemented 60 logic cells
    Info (21064): Implemented 16 RAM segments
Info: Quartus Prime Analysis & Synthesis was successful. 0 errors, 2 warnings
    Info: Peak virtual memory: 695 megabytes
    Info: Processing ended: Wed May 24 07:00:35 2017
    Info: Elapsed time: 00:00:17
    Info: Total CPU time (on all processors): 00:00:34


